[2024-09-26T09:39:31.532+0000] {taskinstance.py:1087} INFO - Dependencies all met for <TaskInstance: get_cases_data.download_data scheduled__2022-12-26T00:00:00+00:00 [queued]>
[2024-09-26T09:39:31.548+0000] {taskinstance.py:1087} INFO - Dependencies all met for <TaskInstance: get_cases_data.download_data scheduled__2022-12-26T00:00:00+00:00 [queued]>
[2024-09-26T09:39:31.548+0000] {taskinstance.py:1283} INFO - 
--------------------------------------------------------------------------------
[2024-09-26T09:39:31.549+0000] {taskinstance.py:1284} INFO - Starting attempt 1 of 1
[2024-09-26T09:39:31.549+0000] {taskinstance.py:1285} INFO - 
--------------------------------------------------------------------------------
[2024-09-26T09:39:31.577+0000] {taskinstance.py:1304} INFO - Executing <Task(BashOperator): download_data> on 2022-12-26 00:00:00+00:00
[2024-09-26T09:39:31.598+0000] {standard_task_runner.py:55} INFO - Started process 1514 to run task
[2024-09-26T09:39:31.626+0000] {standard_task_runner.py:82} INFO - Running: ['***', 'tasks', 'run', 'get_cases_data', 'download_data', 'scheduled__2022-12-26T00:00:00+00:00', '--job-id', '15', '--raw', '--subdir', 'DAGS_FOLDER/get_cases_data.py', '--cfg-path', '/tmp/tmp34dn9odt']
[2024-09-26T09:39:31.636+0000] {standard_task_runner.py:83} INFO - Job 15: Subtask download_data
[2024-09-26T09:39:31.843+0000] {task_command.py:389} INFO - Running <TaskInstance: get_cases_data.download_data scheduled__2022-12-26T00:00:00+00:00 [running]> on host 3d66d2a77c1d
[2024-09-26T09:39:31.947+0000] {logging_mixin.py:137} WARNING - /home/***/.local/lib/python3.7/site-packages/***/utils/context.py:205 AirflowContextDeprecationWarning: Accessing 'execution_date' from the template is deprecated and will be removed in a future version. Please use 'data_interval_start' or 'logical_date' instead.
[2024-09-26T09:39:32.064+0000] {taskinstance.py:1513} INFO - Exporting the following env vars:
AIRFLOW_CTX_DAG_OWNER=***
AIRFLOW_CTX_DAG_ID=get_cases_data
AIRFLOW_CTX_TASK_ID=download_data
AIRFLOW_CTX_EXECUTION_DATE=2022-12-26T00:00:00+00:00
AIRFLOW_CTX_TRY_NUMBER=1
AIRFLOW_CTX_DAG_RUN_ID=scheduled__2022-12-26T00:00:00+00:00
[2024-09-26T09:39:32.065+0000] {subprocess.py:63} INFO - Tmp dir root location: 
 /tmp
[2024-09-26T09:39:32.066+0000] {subprocess.py:75} INFO - Running command: ['/bin/bash', '-c', 'curl -sSL --create-dirs -o /usr/share/covid_data/raw/2022/12/26/ita_cases_20221226.csv https://raw.githubusercontent.com/pcm-dpc/COVID-19/master/dati-andamento-nazionale/dpc-covid19-ita-andamento-nazionale-20221226.csv']
[2024-09-26T09:39:32.126+0000] {subprocess.py:86} INFO - Output:
[2024-09-26T09:39:32.347+0000] {subprocess.py:97} INFO - Command exited with return code 0
[2024-09-26T09:39:32.405+0000] {taskinstance.py:1327} INFO - Marking task as SUCCESS. dag_id=get_cases_data, task_id=download_data, execution_date=20221226T000000, start_date=20240926T093931, end_date=20240926T093932
[2024-09-26T09:39:32.476+0000] {local_task_job.py:159} INFO - Task exited with return code 0
[2024-09-26T09:39:32.523+0000] {taskinstance.py:2582} INFO - 1 downstream tasks scheduled from follow-on schedule check
[2024-09-30T11:28:52.970+0000] {taskinstance.py:1087} INFO - Dependencies all met for <TaskInstance: get_cases_data.download_data scheduled__2022-12-26T00:00:00+00:00 [queued]>
[2024-09-30T11:28:52.994+0000] {taskinstance.py:1087} INFO - Dependencies all met for <TaskInstance: get_cases_data.download_data scheduled__2022-12-26T00:00:00+00:00 [queued]>
[2024-09-30T11:28:52.994+0000] {taskinstance.py:1283} INFO - 
--------------------------------------------------------------------------------
[2024-09-30T11:28:52.995+0000] {taskinstance.py:1284} INFO - Starting attempt 1 of 1
[2024-09-30T11:28:52.995+0000] {taskinstance.py:1285} INFO - 
--------------------------------------------------------------------------------
[2024-09-30T11:28:53.030+0000] {taskinstance.py:1304} INFO - Executing <Task(BashOperator): download_data> on 2022-12-26 00:00:00+00:00
[2024-09-30T11:28:53.045+0000] {standard_task_runner.py:55} INFO - Started process 2237 to run task
[2024-09-30T11:28:53.054+0000] {standard_task_runner.py:82} INFO - Running: ['***', 'tasks', 'run', 'get_cases_data', 'download_data', 'scheduled__2022-12-26T00:00:00+00:00', '--job-id', '21', '--raw', '--subdir', 'DAGS_FOLDER/get_cases_data.py', '--cfg-path', '/tmp/tmp31c02ei3']
[2024-09-30T11:28:53.057+0000] {standard_task_runner.py:83} INFO - Job 21: Subtask download_data
[2024-09-30T11:28:53.195+0000] {task_command.py:389} INFO - Running <TaskInstance: get_cases_data.download_data scheduled__2022-12-26T00:00:00+00:00 [running]> on host 774e6edce74f
[2024-09-30T11:28:53.282+0000] {logging_mixin.py:137} WARNING - /home/***/.local/lib/python3.7/site-packages/***/utils/context.py:205 AirflowContextDeprecationWarning: Accessing 'execution_date' from the template is deprecated and will be removed in a future version. Please use 'data_interval_start' or 'logical_date' instead.
[2024-09-30T11:28:53.366+0000] {taskinstance.py:1513} INFO - Exporting the following env vars:
AIRFLOW_CTX_DAG_OWNER=***
AIRFLOW_CTX_DAG_ID=get_cases_data
AIRFLOW_CTX_TASK_ID=download_data
AIRFLOW_CTX_EXECUTION_DATE=2022-12-26T00:00:00+00:00
AIRFLOW_CTX_TRY_NUMBER=1
AIRFLOW_CTX_DAG_RUN_ID=scheduled__2022-12-26T00:00:00+00:00
[2024-09-30T11:28:53.367+0000] {subprocess.py:63} INFO - Tmp dir root location: 
 /tmp
[2024-09-30T11:28:53.368+0000] {subprocess.py:75} INFO - Running command: ['/bin/bash', '-c', 'curl -sSL --create-dirs -o /usr/share/covid_data/raw/2022/12/26/ita_cases_20221226.csv https://raw.githubusercontent.com/pcm-dpc/COVID-19/master/dati-andamento-nazionale/dpc-covid19-ita-andamento-nazionale-20221226.csv']
[2024-09-30T11:28:53.407+0000] {subprocess.py:86} INFO - Output:
[2024-09-30T11:28:53.671+0000] {subprocess.py:97} INFO - Command exited with return code 0
[2024-09-30T11:28:53.726+0000] {taskinstance.py:1327} INFO - Marking task as SUCCESS. dag_id=get_cases_data, task_id=download_data, execution_date=20221226T000000, start_date=20240930T112852, end_date=20240930T112853
[2024-09-30T11:28:53.793+0000] {local_task_job.py:159} INFO - Task exited with return code 0
[2024-09-30T11:28:53.855+0000] {taskinstance.py:2582} INFO - 1 downstream tasks scheduled from follow-on schedule check
