[2024-09-26T09:40:30.166+0000] {taskinstance.py:1087} INFO - Dependencies all met for <TaskInstance: get_cases_data.download_data scheduled__2022-12-30T00:00:00+00:00 [queued]>
[2024-09-26T09:40:30.182+0000] {taskinstance.py:1087} INFO - Dependencies all met for <TaskInstance: get_cases_data.download_data scheduled__2022-12-30T00:00:00+00:00 [queued]>
[2024-09-26T09:40:30.182+0000] {taskinstance.py:1283} INFO - 
--------------------------------------------------------------------------------
[2024-09-26T09:40:30.182+0000] {taskinstance.py:1284} INFO - Starting attempt 1 of 1
[2024-09-26T09:40:30.182+0000] {taskinstance.py:1285} INFO - 
--------------------------------------------------------------------------------
[2024-09-26T09:40:30.209+0000] {taskinstance.py:1304} INFO - Executing <Task(BashOperator): download_data> on 2022-12-30 00:00:00+00:00
[2024-09-26T09:40:30.220+0000] {standard_task_runner.py:55} INFO - Started process 2244 to run task
[2024-09-26T09:40:30.225+0000] {standard_task_runner.py:82} INFO - Running: ['***', 'tasks', 'run', 'get_cases_data', 'download_data', 'scheduled__2022-12-30T00:00:00+00:00', '--job-id', '23', '--raw', '--subdir', 'DAGS_FOLDER/get_cases_data.py', '--cfg-path', '/tmp/tmpnm3rntew']
[2024-09-26T09:40:30.228+0000] {standard_task_runner.py:83} INFO - Job 23: Subtask download_data
[2024-09-26T09:40:30.332+0000] {task_command.py:389} INFO - Running <TaskInstance: get_cases_data.download_data scheduled__2022-12-30T00:00:00+00:00 [running]> on host 3d66d2a77c1d
[2024-09-26T09:40:30.405+0000] {logging_mixin.py:137} WARNING - /home/***/.local/lib/python3.7/site-packages/***/utils/context.py:205 AirflowContextDeprecationWarning: Accessing 'execution_date' from the template is deprecated and will be removed in a future version. Please use 'data_interval_start' or 'logical_date' instead.
[2024-09-26T09:40:30.496+0000] {taskinstance.py:1513} INFO - Exporting the following env vars:
AIRFLOW_CTX_DAG_OWNER=***
AIRFLOW_CTX_DAG_ID=get_cases_data
AIRFLOW_CTX_TASK_ID=download_data
AIRFLOW_CTX_EXECUTION_DATE=2022-12-30T00:00:00+00:00
AIRFLOW_CTX_TRY_NUMBER=1
AIRFLOW_CTX_DAG_RUN_ID=scheduled__2022-12-30T00:00:00+00:00
[2024-09-26T09:40:30.497+0000] {subprocess.py:63} INFO - Tmp dir root location: 
 /tmp
[2024-09-26T09:40:30.500+0000] {subprocess.py:75} INFO - Running command: ['/bin/bash', '-c', 'curl -sSL --create-dirs -o /usr/share/covid_data/raw/2022/12/30/ita_cases_20221230.csv https://raw.githubusercontent.com/pcm-dpc/COVID-19/master/dati-andamento-nazionale/dpc-covid19-ita-andamento-nazionale-20221230.csv']
[2024-09-26T09:40:30.533+0000] {subprocess.py:86} INFO - Output:
[2024-09-26T09:40:30.800+0000] {subprocess.py:97} INFO - Command exited with return code 0
[2024-09-26T09:40:30.870+0000] {taskinstance.py:1327} INFO - Marking task as SUCCESS. dag_id=get_cases_data, task_id=download_data, execution_date=20221230T000000, start_date=20240926T094030, end_date=20240926T094030
[2024-09-26T09:40:30.963+0000] {local_task_job.py:159} INFO - Task exited with return code 0
[2024-09-26T09:40:31.025+0000] {taskinstance.py:2582} INFO - 1 downstream tasks scheduled from follow-on schedule check
[2024-09-30T11:31:07.511+0000] {taskinstance.py:1087} INFO - Dependencies all met for <TaskInstance: get_cases_data.download_data scheduled__2022-12-30T00:00:00+00:00 [queued]>
[2024-09-30T11:31:07.532+0000] {taskinstance.py:1087} INFO - Dependencies all met for <TaskInstance: get_cases_data.download_data scheduled__2022-12-30T00:00:00+00:00 [queued]>
[2024-09-30T11:31:07.532+0000] {taskinstance.py:1283} INFO - 
--------------------------------------------------------------------------------
[2024-09-30T11:31:07.532+0000] {taskinstance.py:1284} INFO - Starting attempt 1 of 1
[2024-09-30T11:31:07.533+0000] {taskinstance.py:1285} INFO - 
--------------------------------------------------------------------------------
[2024-09-30T11:31:07.557+0000] {taskinstance.py:1304} INFO - Executing <Task(BashOperator): download_data> on 2022-12-30 00:00:00+00:00
[2024-09-30T11:31:07.572+0000] {standard_task_runner.py:55} INFO - Started process 3515 to run task
[2024-09-30T11:31:07.578+0000] {standard_task_runner.py:82} INFO - Running: ['***', 'tasks', 'run', 'get_cases_data', 'download_data', 'scheduled__2022-12-30T00:00:00+00:00', '--job-id', '32', '--raw', '--subdir', 'DAGS_FOLDER/get_cases_data.py', '--cfg-path', '/tmp/tmp1_uzrke8']
[2024-09-30T11:31:07.580+0000] {standard_task_runner.py:83} INFO - Job 32: Subtask download_data
[2024-09-30T11:31:07.714+0000] {task_command.py:389} INFO - Running <TaskInstance: get_cases_data.download_data scheduled__2022-12-30T00:00:00+00:00 [running]> on host 774e6edce74f
[2024-09-30T11:31:07.811+0000] {logging_mixin.py:137} WARNING - /home/***/.local/lib/python3.7/site-packages/***/utils/context.py:205 AirflowContextDeprecationWarning: Accessing 'execution_date' from the template is deprecated and will be removed in a future version. Please use 'data_interval_start' or 'logical_date' instead.
[2024-09-30T11:31:07.889+0000] {taskinstance.py:1513} INFO - Exporting the following env vars:
AIRFLOW_CTX_DAG_OWNER=***
AIRFLOW_CTX_DAG_ID=get_cases_data
AIRFLOW_CTX_TASK_ID=download_data
AIRFLOW_CTX_EXECUTION_DATE=2022-12-30T00:00:00+00:00
AIRFLOW_CTX_TRY_NUMBER=1
AIRFLOW_CTX_DAG_RUN_ID=scheduled__2022-12-30T00:00:00+00:00
[2024-09-30T11:31:07.890+0000] {subprocess.py:63} INFO - Tmp dir root location: 
 /tmp
[2024-09-30T11:31:07.895+0000] {subprocess.py:75} INFO - Running command: ['/bin/bash', '-c', 'curl -sSL --create-dirs -o /usr/share/covid_data/raw/2022/12/30/ita_cases_20221230.csv https://raw.githubusercontent.com/pcm-dpc/COVID-19/master/dati-andamento-nazionale/dpc-covid19-ita-andamento-nazionale-20221230.csv']
[2024-09-30T11:31:07.929+0000] {subprocess.py:86} INFO - Output:
[2024-09-30T11:31:08.213+0000] {subprocess.py:97} INFO - Command exited with return code 0
[2024-09-30T11:31:08.273+0000] {taskinstance.py:1327} INFO - Marking task as SUCCESS. dag_id=get_cases_data, task_id=download_data, execution_date=20221230T000000, start_date=20240930T113107, end_date=20240930T113108
[2024-09-30T11:31:08.320+0000] {local_task_job.py:159} INFO - Task exited with return code 0
[2024-09-30T11:31:08.378+0000] {taskinstance.py:2582} INFO - 1 downstream tasks scheduled from follow-on schedule check
