[2024-09-30T11:26:08.837+0000] {taskinstance.py:1087} INFO - Dependencies all met for <TaskInstance: get_cases_data.save_to_warehouse scheduled__2022-12-20T00:00:00+00:00 [queued]>
[2024-09-30T11:26:08.862+0000] {taskinstance.py:1087} INFO - Dependencies all met for <TaskInstance: get_cases_data.save_to_warehouse scheduled__2022-12-20T00:00:00+00:00 [queued]>
[2024-09-30T11:26:08.862+0000] {taskinstance.py:1283} INFO - 
--------------------------------------------------------------------------------
[2024-09-30T11:26:08.862+0000] {taskinstance.py:1284} INFO - Starting attempt 1 of 1
[2024-09-30T11:26:08.863+0000] {taskinstance.py:1285} INFO - 
--------------------------------------------------------------------------------
[2024-09-30T11:26:08.892+0000] {taskinstance.py:1304} INFO - Executing <Task(SparkSubmitOperator): save_to_warehouse> on 2022-12-20 00:00:00+00:00
[2024-09-30T11:26:08.911+0000] {standard_task_runner.py:55} INFO - Started process 614 to run task
[2024-09-30T11:26:08.921+0000] {standard_task_runner.py:82} INFO - Running: ['***', 'tasks', 'run', 'get_cases_data', 'save_to_warehouse', 'scheduled__2022-12-20T00:00:00+00:00', '--job-id', '9', '--raw', '--subdir', 'DAGS_FOLDER/get_cases_data.py', '--cfg-path', '/tmp/tmpdo68l2g9']
[2024-09-30T11:26:08.925+0000] {standard_task_runner.py:83} INFO - Job 9: Subtask save_to_warehouse
[2024-09-30T11:26:09.239+0000] {task_command.py:389} INFO - Running <TaskInstance: get_cases_data.save_to_warehouse scheduled__2022-12-20T00:00:00+00:00 [running]> on host 774e6edce74f
[2024-09-30T11:26:09.609+0000] {taskinstance.py:1513} INFO - Exporting the following env vars:
AIRFLOW_CTX_DAG_OWNER=***
AIRFLOW_CTX_DAG_ID=get_cases_data
AIRFLOW_CTX_TASK_ID=save_to_warehouse
AIRFLOW_CTX_EXECUTION_DATE=2022-12-20T00:00:00+00:00
AIRFLOW_CTX_TRY_NUMBER=1
AIRFLOW_CTX_DAG_RUN_ID=scheduled__2022-12-20T00:00:00+00:00
[2024-09-30T11:26:09.618+0000] {base.py:73} INFO - Using connection ID 'spark_connection' for task execution.
[2024-09-30T11:26:09.620+0000] {spark_submit.py:339} INFO - Spark-Submit cmd: spark-submit --master spark://spark-master:7077 --name save_to_warehouse --verbose /usr/local/spark/app/save_to_warehouse.py
[2024-09-30T11:26:14.238+0000] {spark_submit.py:490} INFO - Using properties file: null
[2024-09-30T11:26:14.439+0000] {spark_submit.py:490} INFO - WARNING: An illegal reflective access operation has occurred
[2024-09-30T11:26:14.439+0000] {spark_submit.py:490} INFO - WARNING: Illegal reflective access by org.apache.spark.unsafe.Platform (file:/home/***/.local/lib/python3.7/site-packages/pyspark/jars/spark-unsafe_2.12-3.1.3.jar) to constructor java.nio.DirectByteBuffer(long,int)
[2024-09-30T11:26:14.439+0000] {spark_submit.py:490} INFO - WARNING: Please consider reporting this to the maintainers of org.apache.spark.unsafe.Platform
[2024-09-30T11:26:14.440+0000] {spark_submit.py:490} INFO - WARNING: Use --illegal-access=warn to enable warnings of further illegal reflective access operations
[2024-09-30T11:26:14.441+0000] {spark_submit.py:490} INFO - WARNING: All illegal access operations will be denied in a future release
[2024-09-30T11:26:14.528+0000] {spark_submit.py:490} INFO - Parsed arguments:
[2024-09-30T11:26:14.529+0000] {spark_submit.py:490} INFO - master                  spark://spark-master:7077
[2024-09-30T11:26:14.529+0000] {spark_submit.py:490} INFO - deployMode              null
[2024-09-30T11:26:14.529+0000] {spark_submit.py:490} INFO - executorMemory          null
[2024-09-30T11:26:14.529+0000] {spark_submit.py:490} INFO - executorCores           null
[2024-09-30T11:26:14.529+0000] {spark_submit.py:490} INFO - totalExecutorCores      null
[2024-09-30T11:26:14.529+0000] {spark_submit.py:490} INFO - propertiesFile          null
[2024-09-30T11:26:14.529+0000] {spark_submit.py:490} INFO - driverMemory            null
[2024-09-30T11:26:14.529+0000] {spark_submit.py:490} INFO - driverCores             null
[2024-09-30T11:26:14.529+0000] {spark_submit.py:490} INFO - driverExtraClassPath    null
[2024-09-30T11:26:14.530+0000] {spark_submit.py:490} INFO - driverExtraLibraryPath  null
[2024-09-30T11:26:14.530+0000] {spark_submit.py:490} INFO - driverExtraJavaOptions  null
[2024-09-30T11:26:14.530+0000] {spark_submit.py:490} INFO - supervise               false
[2024-09-30T11:26:14.530+0000] {spark_submit.py:490} INFO - queue                   null
[2024-09-30T11:26:14.530+0000] {spark_submit.py:490} INFO - numExecutors            null
[2024-09-30T11:26:14.530+0000] {spark_submit.py:490} INFO - files                   null
[2024-09-30T11:26:14.530+0000] {spark_submit.py:490} INFO - pyFiles                 null
[2024-09-30T11:26:14.530+0000] {spark_submit.py:490} INFO - archives                null
[2024-09-30T11:26:14.531+0000] {spark_submit.py:490} INFO - mainClass               null
[2024-09-30T11:26:14.531+0000] {spark_submit.py:490} INFO - primaryResource         file:/usr/local/spark/app/save_to_warehouse.py
[2024-09-30T11:26:14.531+0000] {spark_submit.py:490} INFO - name                    save_to_warehouse
[2024-09-30T11:26:14.531+0000] {spark_submit.py:490} INFO - childArgs               []
[2024-09-30T11:26:14.531+0000] {spark_submit.py:490} INFO - jars                    null
[2024-09-30T11:26:14.531+0000] {spark_submit.py:490} INFO - packages                null
[2024-09-30T11:26:14.535+0000] {spark_submit.py:490} INFO - packagesExclusions      null
[2024-09-30T11:26:14.535+0000] {spark_submit.py:490} INFO - repositories            null
[2024-09-30T11:26:14.535+0000] {spark_submit.py:490} INFO - verbose                 true
[2024-09-30T11:26:14.535+0000] {spark_submit.py:490} INFO - 
[2024-09-30T11:26:14.535+0000] {spark_submit.py:490} INFO - Spark properties used, including those specified through
[2024-09-30T11:26:14.535+0000] {spark_submit.py:490} INFO - --conf and those from the properties file null:
[2024-09-30T11:26:14.536+0000] {spark_submit.py:490} INFO - 
[2024-09-30T11:26:14.536+0000] {spark_submit.py:490} INFO - 
[2024-09-30T11:26:14.536+0000] {spark_submit.py:490} INFO - 
[2024-09-30T11:26:15.206+0000] {spark_submit.py:490} INFO - 24/09/30 11:26:15 WARN NativeCodeLoader: Unable to load native-hadoop library for your platform... using builtin-java classes where applicable
[2024-09-30T11:26:15.761+0000] {spark_submit.py:490} INFO - Main class:
[2024-09-30T11:26:15.762+0000] {spark_submit.py:490} INFO - org.apache.spark.deploy.PythonRunner
[2024-09-30T11:26:15.764+0000] {spark_submit.py:490} INFO - Arguments:
[2024-09-30T11:26:15.764+0000] {spark_submit.py:490} INFO - file:/usr/local/spark/app/save_to_warehouse.py
[2024-09-30T11:26:15.764+0000] {spark_submit.py:490} INFO - null
[2024-09-30T11:26:15.773+0000] {spark_submit.py:490} INFO - Spark config:
[2024-09-30T11:26:15.774+0000] {spark_submit.py:490} INFO - (spark.app.name,save_to_warehouse)
[2024-09-30T11:26:15.774+0000] {spark_submit.py:490} INFO - (spark.master,spark://spark-master:7077)
[2024-09-30T11:26:15.774+0000] {spark_submit.py:490} INFO - (spark.submit.pyFiles,)
[2024-09-30T11:26:15.774+0000] {spark_submit.py:490} INFO - (spark.submit.deployMode,client)
[2024-09-30T11:26:15.774+0000] {spark_submit.py:490} INFO - Classpath elements:
[2024-09-30T11:26:15.774+0000] {spark_submit.py:490} INFO - 
[2024-09-30T11:26:15.775+0000] {spark_submit.py:490} INFO - 
[2024-09-30T11:26:15.775+0000] {spark_submit.py:490} INFO - 
[2024-09-30T11:26:17.244+0000] {spark_submit.py:490} INFO - Using Spark's default log4j profile: org/apache/spark/log4j-defaults.properties
[2024-09-30T11:26:17.260+0000] {spark_submit.py:490} INFO - 24/09/30 11:26:17 INFO SparkContext: Running Spark version 3.1.3
[2024-09-30T11:26:17.355+0000] {spark_submit.py:490} INFO - 24/09/30 11:26:17 INFO ResourceUtils: ==============================================================
[2024-09-30T11:26:17.356+0000] {spark_submit.py:490} INFO - 24/09/30 11:26:17 INFO ResourceUtils: No custom resources configured for spark.driver.
[2024-09-30T11:26:17.356+0000] {spark_submit.py:490} INFO - 24/09/30 11:26:17 INFO ResourceUtils: ==============================================================
[2024-09-30T11:26:17.356+0000] {spark_submit.py:490} INFO - 24/09/30 11:26:17 INFO SparkContext: Submitted application: save_to_warehouse
[2024-09-30T11:26:17.405+0000] {spark_submit.py:490} INFO - 24/09/30 11:26:17 INFO ResourceProfile: Default ResourceProfile created, executor resources: Map(cores -> name: cores, amount: 1, script: , vendor: , memory -> name: memory, amount: 1024, script: , vendor: , offHeap -> name: offHeap, amount: 0, script: , vendor: ), task resources: Map(cpus -> name: cpus, amount: 1.0)
[2024-09-30T11:26:17.428+0000] {spark_submit.py:490} INFO - 24/09/30 11:26:17 INFO ResourceProfile: Limiting resource is cpu
[2024-09-30T11:26:17.429+0000] {spark_submit.py:490} INFO - 24/09/30 11:26:17 INFO ResourceProfileManager: Added ResourceProfile id: 0
[2024-09-30T11:26:17.565+0000] {spark_submit.py:490} INFO - 24/09/30 11:26:17 INFO SecurityManager: Changing view acls to: default
[2024-09-30T11:26:17.565+0000] {spark_submit.py:490} INFO - 24/09/30 11:26:17 INFO SecurityManager: Changing modify acls to: default
[2024-09-30T11:26:17.565+0000] {spark_submit.py:490} INFO - 24/09/30 11:26:17 INFO SecurityManager: Changing view acls groups to:
[2024-09-30T11:26:17.568+0000] {spark_submit.py:490} INFO - 24/09/30 11:26:17 INFO SecurityManager: Changing modify acls groups to:
[2024-09-30T11:26:17.568+0000] {spark_submit.py:490} INFO - 24/09/30 11:26:17 INFO SecurityManager: SecurityManager: authentication disabled; ui acls disabled; users  with view permissions: Set(default); groups with view permissions: Set(); users  with modify permissions: Set(default); groups with modify permissions: Set()
[2024-09-30T11:26:18.026+0000] {spark_submit.py:490} INFO - 24/09/30 11:26:18 INFO Utils: Successfully started service 'sparkDriver' on port 45851.
[2024-09-30T11:26:18.074+0000] {spark_submit.py:490} INFO - 24/09/30 11:26:18 INFO SparkEnv: Registering MapOutputTracker
[2024-09-30T11:26:18.118+0000] {spark_submit.py:490} INFO - 24/09/30 11:26:18 INFO SparkEnv: Registering BlockManagerMaster
[2024-09-30T11:26:18.157+0000] {spark_submit.py:490} INFO - 24/09/30 11:26:18 INFO BlockManagerMasterEndpoint: Using org.apache.spark.storage.DefaultTopologyMapper for getting topology information
[2024-09-30T11:26:18.158+0000] {spark_submit.py:490} INFO - 24/09/30 11:26:18 INFO BlockManagerMasterEndpoint: BlockManagerMasterEndpoint up
[2024-09-30T11:26:18.165+0000] {spark_submit.py:490} INFO - 24/09/30 11:26:18 INFO SparkEnv: Registering BlockManagerMasterHeartbeat
[2024-09-30T11:26:18.187+0000] {spark_submit.py:490} INFO - 24/09/30 11:26:18 INFO DiskBlockManager: Created local directory at /tmp/blockmgr-57a67911-65ff-4f6d-9616-7cfe6907192b
[2024-09-30T11:26:18.220+0000] {spark_submit.py:490} INFO - 24/09/30 11:26:18 INFO MemoryStore: MemoryStore started with capacity 434.4 MiB
[2024-09-30T11:26:18.247+0000] {spark_submit.py:490} INFO - 24/09/30 11:26:18 INFO SparkEnv: Registering OutputCommitCoordinator
[2024-09-30T11:26:18.663+0000] {spark_submit.py:490} INFO - 24/09/30 11:26:18 INFO Utils: Successfully started service 'SparkUI' on port 4040.
[2024-09-30T11:26:18.795+0000] {spark_submit.py:490} INFO - 24/09/30 11:26:18 INFO SparkUI: Bound SparkUI to 0.0.0.0, and started at http://774e6edce74f:4040
[2024-09-30T11:26:19.208+0000] {spark_submit.py:490} INFO - 24/09/30 11:26:19 INFO StandaloneAppClient$ClientEndpoint: Connecting to master spark://spark-master:7077...
[2024-09-30T11:26:19.333+0000] {spark_submit.py:490} INFO - 24/09/30 11:26:19 INFO TransportClientFactory: Successfully created connection to spark-master/172.18.0.5:7077 after 76 ms (0 ms spent in bootstraps)
[2024-09-30T11:26:19.542+0000] {spark_submit.py:490} INFO - 24/09/30 11:26:19 INFO StandaloneSchedulerBackend: Connected to Spark cluster with app ID app-20240930112619-0003
[2024-09-30T11:26:19.553+0000] {spark_submit.py:490} INFO - 24/09/30 11:26:19 INFO Utils: Successfully started service 'org.apache.spark.network.netty.NettyBlockTransferService' on port 38171.
[2024-09-30T11:26:19.554+0000] {spark_submit.py:490} INFO - 24/09/30 11:26:19 INFO NettyBlockTransferService: Server created on 774e6edce74f:38171
[2024-09-30T11:26:19.558+0000] {spark_submit.py:490} INFO - 24/09/30 11:26:19 INFO BlockManager: Using org.apache.spark.storage.RandomBlockReplicationPolicy for block replication policy
[2024-09-30T11:26:19.574+0000] {spark_submit.py:490} INFO - 24/09/30 11:26:19 INFO BlockManagerMaster: Registering BlockManager BlockManagerId(driver, 774e6edce74f, 38171, None)
[2024-09-30T11:26:19.581+0000] {spark_submit.py:490} INFO - 24/09/30 11:26:19 INFO BlockManagerMasterEndpoint: Registering block manager 774e6edce74f:38171 with 434.4 MiB RAM, BlockManagerId(driver, 774e6edce74f, 38171, None)
[2024-09-30T11:26:19.583+0000] {spark_submit.py:490} INFO - 24/09/30 11:26:19 INFO BlockManagerMaster: Registered BlockManager BlockManagerId(driver, 774e6edce74f, 38171, None)
[2024-09-30T11:26:19.586+0000] {spark_submit.py:490} INFO - 24/09/30 11:26:19 INFO BlockManager: Initialized BlockManager: BlockManagerId(driver, 774e6edce74f, 38171, None)
[2024-09-30T11:26:20.023+0000] {spark_submit.py:490} INFO - 24/09/30 11:26:20 INFO StandaloneSchedulerBackend: SchedulerBackend is ready for scheduling beginning after reached minRegisteredResourcesRatio: 0.0
[2024-09-30T11:26:20.596+0000] {spark_submit.py:490} INFO - 24/09/30 11:26:20 INFO SharedState: Setting hive.metastore.warehouse.dir ('null') to the value of spark.sql.warehouse.dir ('/user/hive/warehouse').
[2024-09-30T11:26:20.596+0000] {spark_submit.py:490} INFO - 24/09/30 11:26:20 INFO SharedState: Warehouse path is '/user/hive/warehouse'.
[2024-09-30T11:26:23.327+0000] {spark_submit.py:490} INFO - 24/09/30 11:26:23 INFO InMemoryFileIndex: It took 167 ms to list leaf files for 1 paths.
[2024-09-30T11:26:24.201+0000] {spark_submit.py:490} INFO - 24/09/30 11:26:24 INFO SparkContext: Starting job: parquet at NativeMethodAccessorImpl.java:0
[2024-09-30T11:26:24.257+0000] {spark_submit.py:490} INFO - 24/09/30 11:26:24 INFO DAGScheduler: Got job 0 (parquet at NativeMethodAccessorImpl.java:0) with 1 output partitions
[2024-09-30T11:26:24.257+0000] {spark_submit.py:490} INFO - 24/09/30 11:26:24 INFO DAGScheduler: Final stage: ResultStage 0 (parquet at NativeMethodAccessorImpl.java:0)
[2024-09-30T11:26:24.260+0000] {spark_submit.py:490} INFO - 24/09/30 11:26:24 INFO DAGScheduler: Parents of final stage: List()
[2024-09-30T11:26:24.261+0000] {spark_submit.py:490} INFO - 24/09/30 11:26:24 INFO DAGScheduler: Missing parents: List()
[2024-09-30T11:26:24.282+0000] {spark_submit.py:490} INFO - 24/09/30 11:26:24 INFO DAGScheduler: Submitting ResultStage 0 (MapPartitionsRDD[1] at parquet at NativeMethodAccessorImpl.java:0), which has no missing parents
[2024-09-30T11:26:24.513+0000] {spark_submit.py:490} INFO - 24/09/30 11:26:24 INFO MemoryStore: Block broadcast_0 stored as values in memory (estimated size 84.0 KiB, free 434.3 MiB)
[2024-09-30T11:26:24.600+0000] {spark_submit.py:490} INFO - 24/09/30 11:26:24 INFO MemoryStore: Block broadcast_0_piece0 stored as bytes in memory (estimated size 29.8 KiB, free 434.3 MiB)
[2024-09-30T11:26:24.608+0000] {spark_submit.py:490} INFO - 24/09/30 11:26:24 INFO BlockManagerInfo: Added broadcast_0_piece0 in memory on 774e6edce74f:38171 (size: 29.8 KiB, free: 434.4 MiB)
[2024-09-30T11:26:24.625+0000] {spark_submit.py:490} INFO - 24/09/30 11:26:24 INFO SparkContext: Created broadcast 0 from broadcast at DAGScheduler.scala:1433
[2024-09-30T11:26:24.658+0000] {spark_submit.py:490} INFO - 24/09/30 11:26:24 INFO DAGScheduler: Submitting 1 missing tasks from ResultStage 0 (MapPartitionsRDD[1] at parquet at NativeMethodAccessorImpl.java:0) (first 15 tasks are for partitions Vector(0))
[2024-09-30T11:26:24.660+0000] {spark_submit.py:490} INFO - 24/09/30 11:26:24 INFO TaskSchedulerImpl: Adding task set 0.0 with 1 tasks resource profile 0
[2024-09-30T11:26:39.691+0000] {spark_submit.py:490} INFO - 24/09/30 11:26:39 WARN TaskSchedulerImpl: Initial job has not accepted any resources; check your cluster UI to ensure that workers are registered and have sufficient resources
[2024-09-30T11:26:41.824+0000] {spark_submit.py:490} INFO - 24/09/30 11:26:41 INFO StandaloneAppClient$ClientEndpoint: Executor added: app-20240930112619-0003/0 on worker-20240930112313-172.18.0.7-33165 (172.18.0.7:33165) with 4 core(s)
[2024-09-30T11:26:41.826+0000] {spark_submit.py:490} INFO - 24/09/30 11:26:41 INFO StandaloneSchedulerBackend: Granted executor ID app-20240930112619-0003/0 on hostPort 172.18.0.7:33165 with 4 core(s), 1024.0 MiB RAM
[2024-09-30T11:26:41.929+0000] {spark_submit.py:490} INFO - 24/09/30 11:26:41 INFO StandaloneAppClient$ClientEndpoint: Executor updated: app-20240930112619-0003/0 is now RUNNING
[2024-09-30T11:26:45.857+0000] {spark_submit.py:490} INFO - 24/09/30 11:26:45 INFO CoarseGrainedSchedulerBackend$DriverEndpoint: Registered executor NettyRpcEndpointRef(spark-client://Executor) (172.18.0.7:33012) with ID 0,  ResourceProfileId 0
[2024-09-30T11:26:46.294+0000] {spark_submit.py:490} INFO - 24/09/30 11:26:46 INFO BlockManagerMasterEndpoint: Registering block manager 172.18.0.7:43655 with 434.4 MiB RAM, BlockManagerId(0, 172.18.0.7, 43655, None)
[2024-09-30T11:26:46.432+0000] {spark_submit.py:490} INFO - 24/09/30 11:26:46 INFO TaskSetManager: Starting task 0.0 in stage 0.0 (TID 0) (172.18.0.7, executor 0, partition 0, PROCESS_LOCAL, 4732 bytes) taskResourceAssignments Map()
[2024-09-30T11:26:46.989+0000] {spark_submit.py:490} INFO - 24/09/30 11:26:46 INFO BlockManagerInfo: Added broadcast_0_piece0 in memory on 172.18.0.7:43655 (size: 29.8 KiB, free: 434.4 MiB)
[2024-09-30T11:26:49.085+0000] {spark_submit.py:490} INFO - 24/09/30 11:26:49 INFO TaskSetManager: Finished task 0.0 in stage 0.0 (TID 0) in 2679 ms on 172.18.0.7 (executor 0) (1/1)
[2024-09-30T11:26:49.096+0000] {spark_submit.py:490} INFO - 24/09/30 11:26:49 INFO TaskSchedulerImpl: Removed TaskSet 0.0, whose tasks have all completed, from pool
[2024-09-30T11:26:49.105+0000] {spark_submit.py:490} INFO - 24/09/30 11:26:49 INFO DAGScheduler: ResultStage 0 (parquet at NativeMethodAccessorImpl.java:0) finished in 24.792 s
[2024-09-30T11:26:49.116+0000] {spark_submit.py:490} INFO - 24/09/30 11:26:49 INFO DAGScheduler: Job 0 is finished. Cancelling potential speculative or zombie tasks for this job
[2024-09-30T11:26:49.117+0000] {spark_submit.py:490} INFO - 24/09/30 11:26:49 INFO TaskSchedulerImpl: Killing all running tasks in stage 0: Stage finished
[2024-09-30T11:26:49.125+0000] {spark_submit.py:490} INFO - 24/09/30 11:26:49 INFO DAGScheduler: Job 0 finished: parquet at NativeMethodAccessorImpl.java:0, took 24.922654 s
[2024-09-30T11:26:49.868+0000] {spark_submit.py:490} INFO - 24/09/30 11:26:49 INFO BlockManagerInfo: Removed broadcast_0_piece0 on 774e6edce74f:38171 in memory (size: 29.8 KiB, free: 434.4 MiB)
[2024-09-30T11:26:49.870+0000] {spark_submit.py:490} INFO - 24/09/30 11:26:49 INFO BlockManagerInfo: Removed broadcast_0_piece0 on 172.18.0.7:43655 in memory (size: 29.8 KiB, free: 434.4 MiB)
[2024-09-30T11:26:51.592+0000] {spark_submit.py:490} INFO - 24/09/30 11:26:51 INFO HiveConf: Found configuration file null
[2024-09-30T11:26:51.612+0000] {spark_submit.py:490} INFO - 24/09/30 11:26:51 INFO HiveUtils: Initializing HiveMetastoreConnection version 2.3.7 using Spark classes.
[2024-09-30T11:26:52.380+0000] {spark_submit.py:490} INFO - 24/09/30 11:26:52 INFO SessionState: Created HDFS directory: hdfs://namenode:8020/opt/hive/scratch_dir/default
[2024-09-30T11:26:52.397+0000] {spark_submit.py:490} INFO - 24/09/30 11:26:52 INFO SessionState: Created local directory: /tmp/default
[2024-09-30T11:26:52.416+0000] {spark_submit.py:490} INFO - 24/09/30 11:26:52 INFO SessionState: Created HDFS directory: hdfs://namenode:8020/opt/hive/scratch_dir/default/2cc2319b-2e84-4439-a589-cbbd53c82b1f
[2024-09-30T11:26:52.432+0000] {spark_submit.py:490} INFO - 24/09/30 11:26:52 INFO SessionState: Created local directory: /tmp/default/2cc2319b-2e84-4439-a589-cbbd53c82b1f
[2024-09-30T11:26:52.449+0000] {spark_submit.py:490} INFO - 24/09/30 11:26:52 INFO SessionState: Created HDFS directory: hdfs://namenode:8020/opt/hive/scratch_dir/default/2cc2319b-2e84-4439-a589-cbbd53c82b1f/_tmp_space.db
[2024-09-30T11:26:52.462+0000] {spark_submit.py:490} INFO - 24/09/30 11:26:52 INFO HiveClientImpl: Warehouse location for Hive client (version 2.3.7) is /user/hive/warehouse
[2024-09-30T11:26:53.298+0000] {spark_submit.py:490} INFO - 24/09/30 11:26:53 INFO metastore: Trying to connect to metastore with URI thrift://hive-metastore:9083
[2024-09-30T11:26:53.340+0000] {spark_submit.py:490} INFO - 24/09/30 11:26:53 INFO metastore: Opened a connection to metastore, current connections: 1
[2024-09-30T11:26:53.391+0000] {spark_submit.py:490} INFO - 24/09/30 11:26:53 INFO metastore: Connected to metastore.
[2024-09-30T11:26:55.283+0000] {spark_submit.py:490} INFO - 24/09/30 11:26:55 INFO DataSourceStrategy: Pruning directories with:
[2024-09-30T11:26:55.287+0000] {spark_submit.py:490} INFO - 24/09/30 11:26:55 INFO FileSourceStrategy: Pushed Filters:
[2024-09-30T11:26:55.288+0000] {spark_submit.py:490} INFO - 24/09/30 11:26:55 INFO FileSourceStrategy: Post-Scan Filters:
[2024-09-30T11:26:55.292+0000] {spark_submit.py:490} INFO - 24/09/30 11:26:55 INFO FileSourceStrategy: Output Data Schema: struct<collection_id: string, new_positive_cases: int, collection_date: timestamp ... 1 more fields>
[2024-09-30T11:26:55.448+0000] {spark_submit.py:490} INFO - 24/09/30 11:26:55 INFO ParquetFileFormat: Using default output committer for Parquet: org.apache.parquet.hadoop.ParquetOutputCommitter
[2024-09-30T11:26:55.497+0000] {spark_submit.py:490} INFO - 24/09/30 11:26:55 INFO FileOutputCommitter: File Output Committer Algorithm version is 1
[2024-09-30T11:26:55.498+0000] {spark_submit.py:490} INFO - 24/09/30 11:26:55 INFO FileOutputCommitter: FileOutputCommitter skip cleanup _temporary folders under output directory:false, ignore cleanup failures: false
[2024-09-30T11:26:55.499+0000] {spark_submit.py:490} INFO - 24/09/30 11:26:55 INFO SQLHadoopMapReduceCommitProtocol: Using user defined output committer class org.apache.parquet.hadoop.ParquetOutputCommitter
[2024-09-30T11:26:55.500+0000] {spark_submit.py:490} INFO - 24/09/30 11:26:55 INFO FileOutputCommitter: File Output Committer Algorithm version is 1
[2024-09-30T11:26:55.500+0000] {spark_submit.py:490} INFO - 24/09/30 11:26:55 INFO FileOutputCommitter: FileOutputCommitter skip cleanup _temporary folders under output directory:false, ignore cleanup failures: false
[2024-09-30T11:26:55.501+0000] {spark_submit.py:490} INFO - 24/09/30 11:26:55 INFO SQLHadoopMapReduceCommitProtocol: Using output committer class org.apache.parquet.hadoop.ParquetOutputCommitter
[2024-09-30T11:26:55.996+0000] {spark_submit.py:490} INFO - 24/09/30 11:26:55 INFO CodeGenerator: Code generated in 302.240411 ms
[2024-09-30T11:26:56.024+0000] {spark_submit.py:490} INFO - 24/09/30 11:26:56 INFO MemoryStore: Block broadcast_1 stored as values in memory (estimated size 177.0 KiB, free 434.2 MiB)
[2024-09-30T11:26:56.039+0000] {spark_submit.py:490} INFO - 24/09/30 11:26:56 INFO MemoryStore: Block broadcast_1_piece0 stored as bytes in memory (estimated size 28.3 KiB, free 434.2 MiB)
[2024-09-30T11:26:56.040+0000] {spark_submit.py:490} INFO - 24/09/30 11:26:56 INFO BlockManagerInfo: Added broadcast_1_piece0 in memory on 774e6edce74f:38171 (size: 28.3 KiB, free: 434.4 MiB)
[2024-09-30T11:26:56.041+0000] {spark_submit.py:490} INFO - 24/09/30 11:26:56 INFO SparkContext: Created broadcast 1 from saveAsTable at NativeMethodAccessorImpl.java:0
[2024-09-30T11:26:56.057+0000] {spark_submit.py:490} INFO - 24/09/30 11:26:56 INFO FileSourceScanExec: Planning scan with bin packing, max size: 4194304 bytes, open cost is considered as scanning 4194304 bytes.
[2024-09-30T11:26:56.140+0000] {spark_submit.py:490} INFO - 24/09/30 11:26:56 INFO SparkContext: Starting job: saveAsTable at NativeMethodAccessorImpl.java:0
[2024-09-30T11:26:56.141+0000] {spark_submit.py:490} INFO - 24/09/30 11:26:56 INFO DAGScheduler: Got job 1 (saveAsTable at NativeMethodAccessorImpl.java:0) with 1 output partitions
[2024-09-30T11:26:56.142+0000] {spark_submit.py:490} INFO - 24/09/30 11:26:56 INFO DAGScheduler: Final stage: ResultStage 1 (saveAsTable at NativeMethodAccessorImpl.java:0)
[2024-09-30T11:26:56.142+0000] {spark_submit.py:490} INFO - 24/09/30 11:26:56 INFO DAGScheduler: Parents of final stage: List()
[2024-09-30T11:26:56.142+0000] {spark_submit.py:490} INFO - 24/09/30 11:26:56 INFO DAGScheduler: Missing parents: List()
[2024-09-30T11:26:56.143+0000] {spark_submit.py:490} INFO - 24/09/30 11:26:56 INFO DAGScheduler: Submitting ResultStage 1 (MapPartitionsRDD[10] at saveAsTable at NativeMethodAccessorImpl.java:0), which has no missing parents
[2024-09-30T11:26:56.226+0000] {spark_submit.py:490} INFO - 24/09/30 11:26:56 INFO MemoryStore: Block broadcast_2 stored as values in memory (estimated size 182.8 KiB, free 434.0 MiB)
[2024-09-30T11:26:56.234+0000] {spark_submit.py:490} INFO - 24/09/30 11:26:56 INFO MemoryStore: Block broadcast_2_piece0 stored as bytes in memory (estimated size 65.6 KiB, free 434.0 MiB)
[2024-09-30T11:26:56.236+0000] {spark_submit.py:490} INFO - 24/09/30 11:26:56 INFO BlockManagerInfo: Added broadcast_2_piece0 in memory on 774e6edce74f:38171 (size: 65.6 KiB, free: 434.3 MiB)
[2024-09-30T11:26:56.237+0000] {spark_submit.py:490} INFO - 24/09/30 11:26:56 INFO SparkContext: Created broadcast 2 from broadcast at DAGScheduler.scala:1433
[2024-09-30T11:26:56.238+0000] {spark_submit.py:490} INFO - 24/09/30 11:26:56 INFO DAGScheduler: Submitting 1 missing tasks from ResultStage 1 (MapPartitionsRDD[10] at saveAsTable at NativeMethodAccessorImpl.java:0) (first 15 tasks are for partitions Vector(0))
[2024-09-30T11:26:56.239+0000] {spark_submit.py:490} INFO - 24/09/30 11:26:56 INFO TaskSchedulerImpl: Adding task set 1.0 with 1 tasks resource profile 0
[2024-09-30T11:26:56.251+0000] {spark_submit.py:490} INFO - 24/09/30 11:26:56 INFO TaskSetManager: Starting task 0.0 in stage 1.0 (TID 1) (172.18.0.7, executor 0, partition 0, ANY, 5048 bytes) taskResourceAssignments Map()
[2024-09-30T11:26:56.313+0000] {spark_submit.py:490} INFO - 24/09/30 11:26:56 INFO BlockManagerInfo: Added broadcast_2_piece0 in memory on 172.18.0.7:43655 (size: 65.6 KiB, free: 434.3 MiB)
[2024-09-30T11:26:57.556+0000] {spark_submit.py:490} INFO - 24/09/30 11:26:57 INFO BlockManagerInfo: Added broadcast_1_piece0 in memory on 172.18.0.7:43655 (size: 28.3 KiB, free: 434.3 MiB)
[2024-09-30T11:26:58.675+0000] {spark_submit.py:490} INFO - 24/09/30 11:26:58 INFO TaskSetManager: Finished task 0.0 in stage 1.0 (TID 1) in 2432 ms on 172.18.0.7 (executor 0) (1/1)
[2024-09-30T11:26:58.676+0000] {spark_submit.py:490} INFO - 24/09/30 11:26:58 INFO TaskSchedulerImpl: Removed TaskSet 1.0, whose tasks have all completed, from pool
[2024-09-30T11:26:58.678+0000] {spark_submit.py:490} INFO - 24/09/30 11:26:58 INFO DAGScheduler: ResultStage 1 (saveAsTable at NativeMethodAccessorImpl.java:0) finished in 2.526 s
[2024-09-30T11:26:58.678+0000] {spark_submit.py:490} INFO - 24/09/30 11:26:58 INFO DAGScheduler: Job 1 is finished. Cancelling potential speculative or zombie tasks for this job
[2024-09-30T11:26:58.678+0000] {spark_submit.py:490} INFO - 24/09/30 11:26:58 INFO TaskSchedulerImpl: Killing all running tasks in stage 1: Stage finished
[2024-09-30T11:26:58.680+0000] {spark_submit.py:490} INFO - 24/09/30 11:26:58 INFO DAGScheduler: Job 1 finished: saveAsTable at NativeMethodAccessorImpl.java:0, took 2.539178 s
[2024-09-30T11:26:58.790+0000] {spark_submit.py:490} INFO - 24/09/30 11:26:58 INFO FileFormatWriter: Write Job 0e6f9334-97b2-478b-b52a-3a0505d0f67e committed.
[2024-09-30T11:26:58.795+0000] {spark_submit.py:490} INFO - 24/09/30 11:26:58 INFO FileFormatWriter: Finished processing stats for write job 0e6f9334-97b2-478b-b52a-3a0505d0f67e.
[2024-09-30T11:26:58.836+0000] {spark_submit.py:490} INFO - 24/09/30 11:26:58 INFO InMemoryFileIndex: It took 17 ms to list leaf files for 1 paths.
[2024-09-30T11:26:58.895+0000] {spark_submit.py:490} INFO - 24/09/30 11:26:58 INFO HiveExternalCatalog: Persisting file based data source table `default`.`cases` into Hive metastore in Hive compatible format.
[2024-09-30T11:26:58.956+0000] {spark_submit.py:490} INFO - 24/09/30 11:26:58 INFO SQLStdHiveAccessController: Created SQLStdHiveAccessController for session context : HiveAuthzSessionContext [sessionString=2cc2319b-2e84-4439-a589-cbbd53c82b1f, clientType=HIVECLI]
[2024-09-30T11:26:58.958+0000] {spark_submit.py:490} INFO - 24/09/30 11:26:58 WARN SessionState: METASTORE_FILTER_HOOK will be ignored, since hive.security.authorization.manager is set to instance of HiveAuthorizerFactory.
[2024-09-30T11:26:58.959+0000] {spark_submit.py:490} INFO - 24/09/30 11:26:58 INFO metastore: Mestastore configuration hive.metastore.filter.hook changed from org.apache.hadoop.hive.metastore.DefaultMetaStoreFilterHookImpl to org.apache.hadoop.hive.ql.security.authorization.plugin.AuthorizationMetaStoreFilterHook
[2024-09-30T11:26:58.966+0000] {spark_submit.py:490} INFO - 24/09/30 11:26:58 INFO metastore: Closed a connection to metastore, current connections: 0
[2024-09-30T11:26:58.968+0000] {spark_submit.py:490} INFO - 24/09/30 11:26:58 INFO metastore: Trying to connect to metastore with URI thrift://hive-metastore:9083
[2024-09-30T11:26:58.969+0000] {spark_submit.py:490} INFO - 24/09/30 11:26:58 INFO metastore: Opened a connection to metastore, current connections: 1
[2024-09-30T11:26:58.971+0000] {spark_submit.py:490} INFO - 24/09/30 11:26:58 INFO metastore: Connected to metastore.
[2024-09-30T11:26:59.013+0000] {spark_submit.py:490} INFO - 24/09/30 11:26:59 INFO metastore: Trying to connect to metastore with URI thrift://hive-metastore:9083
[2024-09-30T11:26:59.013+0000] {spark_submit.py:490} INFO - 24/09/30 11:26:59 INFO metastore: Opened a connection to metastore, current connections: 2
[2024-09-30T11:26:59.015+0000] {spark_submit.py:490} INFO - 24/09/30 11:26:59 INFO metastore: Connected to metastore.
[2024-09-30T11:26:59.620+0000] {spark_submit.py:490} INFO - 24/09/30 11:26:59 INFO AlterTableRecoverPartitionsCommand: Recover all the partitions in hdfs://namenode:8020/opt/hive/data/warehouse/cases
[2024-09-30T11:26:59.639+0000] {spark_submit.py:490} INFO - 24/09/30 11:26:59 INFO AlterTableRecoverPartitionsCommand: Found 1 partitions in hdfs://namenode:8020/opt/hive/data/warehouse/cases
[2024-09-30T11:26:59.645+0000] {spark_submit.py:490} INFO - 24/09/30 11:26:59 INFO AlterTableRecoverPartitionsCommand: Finished to gather the fast stats for all 1 partitions.
[2024-09-30T11:27:00.396+0000] {spark_submit.py:490} INFO - 24/09/30 11:27:00 INFO AlterTableRecoverPartitionsCommand: Recovered all partitions (1).
[2024-09-30T11:27:00.499+0000] {spark_submit.py:490} INFO - 24/09/30 11:27:00 INFO SparkContext: Invoking stop() from shutdown hook
[2024-09-30T11:27:00.515+0000] {spark_submit.py:490} INFO - 24/09/30 11:27:00 INFO SparkUI: Stopped Spark web UI at http://774e6edce74f:4040
[2024-09-30T11:27:00.522+0000] {spark_submit.py:490} INFO - 24/09/30 11:27:00 INFO StandaloneSchedulerBackend: Shutting down all executors
[2024-09-30T11:27:00.523+0000] {spark_submit.py:490} INFO - 24/09/30 11:27:00 INFO CoarseGrainedSchedulerBackend$DriverEndpoint: Asking each executor to shut down
[2024-09-30T11:27:00.618+0000] {spark_submit.py:490} INFO - 24/09/30 11:27:00 INFO MapOutputTrackerMasterEndpoint: MapOutputTrackerMasterEndpoint stopped!
[2024-09-30T11:27:00.656+0000] {spark_submit.py:490} INFO - 24/09/30 11:27:00 INFO MemoryStore: MemoryStore cleared
[2024-09-30T11:27:00.657+0000] {spark_submit.py:490} INFO - 24/09/30 11:27:00 INFO BlockManager: BlockManager stopped
[2024-09-30T11:27:00.663+0000] {spark_submit.py:490} INFO - 24/09/30 11:27:00 INFO BlockManagerMaster: BlockManagerMaster stopped
[2024-09-30T11:27:00.671+0000] {spark_submit.py:490} INFO - 24/09/30 11:27:00 INFO OutputCommitCoordinator$OutputCommitCoordinatorEndpoint: OutputCommitCoordinator stopped!
[2024-09-30T11:27:00.734+0000] {spark_submit.py:490} INFO - 24/09/30 11:27:00 INFO SparkContext: Successfully stopped SparkContext
[2024-09-30T11:27:00.734+0000] {spark_submit.py:490} INFO - 24/09/30 11:27:00 INFO ShutdownHookManager: Shutdown hook called
[2024-09-30T11:27:00.735+0000] {spark_submit.py:490} INFO - 24/09/30 11:27:00 INFO ShutdownHookManager: Deleting directory /tmp/spark-a4c64397-2bd9-424e-87ed-ce4181933ca7/pyspark-6f52fb7e-eb8a-4ee8-b39a-c24d907d3b91
[2024-09-30T11:27:00.745+0000] {spark_submit.py:490} INFO - 24/09/30 11:27:00 INFO ShutdownHookManager: Deleting directory /tmp/spark-42d34c80-06de-42c7-9a16-9f9c2724816e
[2024-09-30T11:27:00.752+0000] {spark_submit.py:490} INFO - 24/09/30 11:27:00 INFO ShutdownHookManager: Deleting directory /tmp/spark-a4c64397-2bd9-424e-87ed-ce4181933ca7
[2024-09-30T11:27:01.027+0000] {taskinstance.py:1327} INFO - Marking task as SUCCESS. dag_id=get_cases_data, task_id=save_to_warehouse, execution_date=20221220T000000, start_date=20240930T112608, end_date=20240930T112701
[2024-09-30T11:27:01.117+0000] {local_task_job.py:159} INFO - Task exited with return code 0
[2024-09-30T11:27:01.160+0000] {taskinstance.py:2582} INFO - 1 downstream tasks scheduled from follow-on schedule check
