[2024-09-30T11:37:30.977+0000] {taskinstance.py:1087} INFO - Dependencies all met for <TaskInstance: get_cases_data.save_to_warehouse scheduled__2023-01-08T00:00:00+00:00 [queued]>
[2024-09-30T11:37:30.999+0000] {taskinstance.py:1087} INFO - Dependencies all met for <TaskInstance: get_cases_data.save_to_warehouse scheduled__2023-01-08T00:00:00+00:00 [queued]>
[2024-09-30T11:37:31.000+0000] {taskinstance.py:1283} INFO - 
--------------------------------------------------------------------------------
[2024-09-30T11:37:31.001+0000] {taskinstance.py:1284} INFO - Starting attempt 1 of 1
[2024-09-30T11:37:31.001+0000] {taskinstance.py:1285} INFO - 
--------------------------------------------------------------------------------
[2024-09-30T11:37:31.032+0000] {taskinstance.py:1304} INFO - Executing <Task(SparkSubmitOperator): save_to_warehouse> on 2023-01-08 00:00:00+00:00
[2024-09-30T11:37:31.046+0000] {standard_task_runner.py:55} INFO - Started process 7406 to run task
[2024-09-30T11:37:31.052+0000] {standard_task_runner.py:82} INFO - Running: ['***', 'tasks', 'run', 'get_cases_data', 'save_to_warehouse', 'scheduled__2023-01-08T00:00:00+00:00', '--job-id', '64', '--raw', '--subdir', 'DAGS_FOLDER/get_cases_data.py', '--cfg-path', '/tmp/tmpy9nntstq']
[2024-09-30T11:37:31.054+0000] {standard_task_runner.py:83} INFO - Job 64: Subtask save_to_warehouse
[2024-09-30T11:37:31.184+0000] {task_command.py:389} INFO - Running <TaskInstance: get_cases_data.save_to_warehouse scheduled__2023-01-08T00:00:00+00:00 [running]> on host 774e6edce74f
[2024-09-30T11:37:31.381+0000] {taskinstance.py:1513} INFO - Exporting the following env vars:
AIRFLOW_CTX_DAG_OWNER=***
AIRFLOW_CTX_DAG_ID=get_cases_data
AIRFLOW_CTX_TASK_ID=save_to_warehouse
AIRFLOW_CTX_EXECUTION_DATE=2023-01-08T00:00:00+00:00
AIRFLOW_CTX_TRY_NUMBER=1
AIRFLOW_CTX_DAG_RUN_ID=scheduled__2023-01-08T00:00:00+00:00
[2024-09-30T11:37:31.386+0000] {base.py:73} INFO - Using connection ID 'spark_connection' for task execution.
[2024-09-30T11:37:31.388+0000] {spark_submit.py:339} INFO - Spark-Submit cmd: spark-submit --master spark://spark-master:7077 --name save_to_warehouse --verbose /usr/local/spark/app/save_to_warehouse.py
[2024-09-30T11:37:33.660+0000] {spark_submit.py:490} INFO - Using properties file: null
[2024-09-30T11:37:33.957+0000] {spark_submit.py:490} INFO - WARNING: An illegal reflective access operation has occurred
[2024-09-30T11:37:33.959+0000] {spark_submit.py:490} INFO - WARNING: Illegal reflective access by org.apache.spark.unsafe.Platform (file:/home/***/.local/lib/python3.7/site-packages/pyspark/jars/spark-unsafe_2.12-3.1.3.jar) to constructor java.nio.DirectByteBuffer(long,int)
[2024-09-30T11:37:33.959+0000] {spark_submit.py:490} INFO - WARNING: Please consider reporting this to the maintainers of org.apache.spark.unsafe.Platform
[2024-09-30T11:37:33.959+0000] {spark_submit.py:490} INFO - WARNING: Use --illegal-access=warn to enable warnings of further illegal reflective access operations
[2024-09-30T11:37:33.963+0000] {spark_submit.py:490} INFO - WARNING: All illegal access operations will be denied in a future release
[2024-09-30T11:37:34.243+0000] {spark_submit.py:490} INFO - Parsed arguments:
[2024-09-30T11:37:34.244+0000] {spark_submit.py:490} INFO - master                  spark://spark-master:7077
[2024-09-30T11:37:34.244+0000] {spark_submit.py:490} INFO - deployMode              null
[2024-09-30T11:37:34.244+0000] {spark_submit.py:490} INFO - executorMemory          null
[2024-09-30T11:37:34.251+0000] {spark_submit.py:490} INFO - executorCores           null
[2024-09-30T11:37:34.251+0000] {spark_submit.py:490} INFO - totalExecutorCores      null
[2024-09-30T11:37:34.251+0000] {spark_submit.py:490} INFO - propertiesFile          null
[2024-09-30T11:37:34.251+0000] {spark_submit.py:490} INFO - driverMemory            null
[2024-09-30T11:37:34.251+0000] {spark_submit.py:490} INFO - driverCores             null
[2024-09-30T11:37:34.251+0000] {spark_submit.py:490} INFO - driverExtraClassPath    null
[2024-09-30T11:37:34.251+0000] {spark_submit.py:490} INFO - driverExtraLibraryPath  null
[2024-09-30T11:37:34.252+0000] {spark_submit.py:490} INFO - driverExtraJavaOptions  null
[2024-09-30T11:37:34.252+0000] {spark_submit.py:490} INFO - supervise               false
[2024-09-30T11:37:34.252+0000] {spark_submit.py:490} INFO - queue                   null
[2024-09-30T11:37:34.252+0000] {spark_submit.py:490} INFO - numExecutors            null
[2024-09-30T11:37:34.252+0000] {spark_submit.py:490} INFO - files                   null
[2024-09-30T11:37:34.252+0000] {spark_submit.py:490} INFO - pyFiles                 null
[2024-09-30T11:37:34.254+0000] {spark_submit.py:490} INFO - archives                null
[2024-09-30T11:37:34.254+0000] {spark_submit.py:490} INFO - mainClass               null
[2024-09-30T11:37:34.255+0000] {spark_submit.py:490} INFO - primaryResource         file:/usr/local/spark/app/save_to_warehouse.py
[2024-09-30T11:37:34.255+0000] {spark_submit.py:490} INFO - name                    save_to_warehouse
[2024-09-30T11:37:34.257+0000] {spark_submit.py:490} INFO - childArgs               []
[2024-09-30T11:37:34.258+0000] {spark_submit.py:490} INFO - jars                    null
[2024-09-30T11:37:34.258+0000] {spark_submit.py:490} INFO - packages                null
[2024-09-30T11:37:34.258+0000] {spark_submit.py:490} INFO - packagesExclusions      null
[2024-09-30T11:37:34.258+0000] {spark_submit.py:490} INFO - repositories            null
[2024-09-30T11:37:34.258+0000] {spark_submit.py:490} INFO - verbose                 true
[2024-09-30T11:37:34.258+0000] {spark_submit.py:490} INFO - 
[2024-09-30T11:37:34.258+0000] {spark_submit.py:490} INFO - Spark properties used, including those specified through
[2024-09-30T11:37:34.258+0000] {spark_submit.py:490} INFO - --conf and those from the properties file null:
[2024-09-30T11:37:34.259+0000] {spark_submit.py:490} INFO - 
[2024-09-30T11:37:34.259+0000] {spark_submit.py:490} INFO - 
[2024-09-30T11:37:34.259+0000] {spark_submit.py:490} INFO - 
[2024-09-30T11:37:35.016+0000] {spark_submit.py:490} INFO - 24/09/30 11:37:35 WARN NativeCodeLoader: Unable to load native-hadoop library for your platform... using builtin-java classes where applicable
[2024-09-30T11:37:35.381+0000] {spark_submit.py:490} INFO - Main class:
[2024-09-30T11:37:35.381+0000] {spark_submit.py:490} INFO - org.apache.spark.deploy.PythonRunner
[2024-09-30T11:37:35.381+0000] {spark_submit.py:490} INFO - Arguments:
[2024-09-30T11:37:35.381+0000] {spark_submit.py:490} INFO - file:/usr/local/spark/app/save_to_warehouse.py
[2024-09-30T11:37:35.381+0000] {spark_submit.py:490} INFO - null
[2024-09-30T11:37:35.390+0000] {spark_submit.py:490} INFO - Spark config:
[2024-09-30T11:37:35.392+0000] {spark_submit.py:490} INFO - (spark.app.name,save_to_warehouse)
[2024-09-30T11:37:35.392+0000] {spark_submit.py:490} INFO - (spark.master,spark://spark-master:7077)
[2024-09-30T11:37:35.392+0000] {spark_submit.py:490} INFO - (spark.submit.pyFiles,)
[2024-09-30T11:37:35.392+0000] {spark_submit.py:490} INFO - (spark.submit.deployMode,client)
[2024-09-30T11:37:35.393+0000] {spark_submit.py:490} INFO - Classpath elements:
[2024-09-30T11:37:35.393+0000] {spark_submit.py:490} INFO - 
[2024-09-30T11:37:35.393+0000] {spark_submit.py:490} INFO - 
[2024-09-30T11:37:35.393+0000] {spark_submit.py:490} INFO - 
[2024-09-30T11:37:36.851+0000] {spark_submit.py:490} INFO - Using Spark's default log4j profile: org/apache/spark/log4j-defaults.properties
[2024-09-30T11:37:36.869+0000] {spark_submit.py:490} INFO - 24/09/30 11:37:36 INFO SparkContext: Running Spark version 3.1.3
[2024-09-30T11:37:36.945+0000] {spark_submit.py:490} INFO - 24/09/30 11:37:36 INFO ResourceUtils: ==============================================================
[2024-09-30T11:37:36.945+0000] {spark_submit.py:490} INFO - 24/09/30 11:37:36 INFO ResourceUtils: No custom resources configured for spark.driver.
[2024-09-30T11:37:36.945+0000] {spark_submit.py:490} INFO - 24/09/30 11:37:36 INFO ResourceUtils: ==============================================================
[2024-09-30T11:37:36.946+0000] {spark_submit.py:490} INFO - 24/09/30 11:37:36 INFO SparkContext: Submitted application: save_to_warehouse
[2024-09-30T11:37:36.985+0000] {spark_submit.py:490} INFO - 24/09/30 11:37:36 INFO ResourceProfile: Default ResourceProfile created, executor resources: Map(cores -> name: cores, amount: 1, script: , vendor: , memory -> name: memory, amount: 1024, script: , vendor: , offHeap -> name: offHeap, amount: 0, script: , vendor: ), task resources: Map(cpus -> name: cpus, amount: 1.0)
[2024-09-30T11:37:37.007+0000] {spark_submit.py:490} INFO - 24/09/30 11:37:37 INFO ResourceProfile: Limiting resource is cpu
[2024-09-30T11:37:37.008+0000] {spark_submit.py:490} INFO - 24/09/30 11:37:37 INFO ResourceProfileManager: Added ResourceProfile id: 0
[2024-09-30T11:37:37.129+0000] {spark_submit.py:490} INFO - 24/09/30 11:37:37 INFO SecurityManager: Changing view acls to: default
[2024-09-30T11:37:37.129+0000] {spark_submit.py:490} INFO - 24/09/30 11:37:37 INFO SecurityManager: Changing modify acls to: default
[2024-09-30T11:37:37.129+0000] {spark_submit.py:490} INFO - 24/09/30 11:37:37 INFO SecurityManager: Changing view acls groups to:
[2024-09-30T11:37:37.129+0000] {spark_submit.py:490} INFO - 24/09/30 11:37:37 INFO SecurityManager: Changing modify acls groups to:
[2024-09-30T11:37:37.130+0000] {spark_submit.py:490} INFO - 24/09/30 11:37:37 INFO SecurityManager: SecurityManager: authentication disabled; ui acls disabled; users  with view permissions: Set(default); groups with view permissions: Set(); users  with modify permissions: Set(default); groups with modify permissions: Set()
[2024-09-30T11:37:37.721+0000] {spark_submit.py:490} INFO - 24/09/30 11:37:37 INFO Utils: Successfully started service 'sparkDriver' on port 37081.
[2024-09-30T11:37:37.776+0000] {spark_submit.py:490} INFO - 24/09/30 11:37:37 INFO SparkEnv: Registering MapOutputTracker
[2024-09-30T11:37:37.819+0000] {spark_submit.py:490} INFO - 24/09/30 11:37:37 INFO SparkEnv: Registering BlockManagerMaster
[2024-09-30T11:37:37.895+0000] {spark_submit.py:490} INFO - 24/09/30 11:37:37 INFO BlockManagerMasterEndpoint: Using org.apache.spark.storage.DefaultTopologyMapper for getting topology information
[2024-09-30T11:37:37.897+0000] {spark_submit.py:490} INFO - 24/09/30 11:37:37 INFO BlockManagerMasterEndpoint: BlockManagerMasterEndpoint up
[2024-09-30T11:37:37.905+0000] {spark_submit.py:490} INFO - 24/09/30 11:37:37 INFO SparkEnv: Registering BlockManagerMasterHeartbeat
[2024-09-30T11:37:37.937+0000] {spark_submit.py:490} INFO - 24/09/30 11:37:37 INFO DiskBlockManager: Created local directory at /tmp/blockmgr-0d10b7ad-7fdd-40d7-95bc-eb2247b13010
[2024-09-30T11:37:37.977+0000] {spark_submit.py:490} INFO - 24/09/30 11:37:37 INFO MemoryStore: MemoryStore started with capacity 434.4 MiB
[2024-09-30T11:37:38.011+0000] {spark_submit.py:490} INFO - 24/09/30 11:37:38 INFO SparkEnv: Registering OutputCommitCoordinator
[2024-09-30T11:37:38.492+0000] {spark_submit.py:490} INFO - 24/09/30 11:37:38 WARN Utils: Service 'SparkUI' could not bind on port 4040. Attempting port 4041.
[2024-09-30T11:37:38.492+0000] {spark_submit.py:490} INFO - 24/09/30 11:37:38 WARN Utils: Service 'SparkUI' could not bind on port 4041. Attempting port 4042.
[2024-09-30T11:37:38.511+0000] {spark_submit.py:490} INFO - 24/09/30 11:37:38 INFO Utils: Successfully started service 'SparkUI' on port 4042.
[2024-09-30T11:37:38.624+0000] {spark_submit.py:490} INFO - 24/09/30 11:37:38 INFO SparkUI: Bound SparkUI to 0.0.0.0, and started at http://774e6edce74f:4042
[2024-09-30T11:37:39.118+0000] {spark_submit.py:490} INFO - 24/09/30 11:37:39 INFO StandaloneAppClient$ClientEndpoint: Connecting to master spark://spark-master:7077...
[2024-09-30T11:37:39.240+0000] {spark_submit.py:490} INFO - 24/09/30 11:37:39 INFO TransportClientFactory: Successfully created connection to spark-master/172.18.0.5:7077 after 78 ms (0 ms spent in bootstraps)
[2024-09-30T11:37:39.564+0000] {spark_submit.py:490} INFO - 24/09/30 11:37:39 INFO StandaloneSchedulerBackend: Connected to Spark cluster with app ID app-20240930113739-0040
[2024-09-30T11:37:39.580+0000] {spark_submit.py:490} INFO - 24/09/30 11:37:39 INFO Utils: Successfully started service 'org.apache.spark.network.netty.NettyBlockTransferService' on port 46477.
[2024-09-30T11:37:39.581+0000] {spark_submit.py:490} INFO - 24/09/30 11:37:39 INFO NettyBlockTransferService: Server created on 774e6edce74f:46477
[2024-09-30T11:37:39.585+0000] {spark_submit.py:490} INFO - 24/09/30 11:37:39 INFO BlockManager: Using org.apache.spark.storage.RandomBlockReplicationPolicy for block replication policy
[2024-09-30T11:37:39.597+0000] {spark_submit.py:490} INFO - 24/09/30 11:37:39 INFO BlockManagerMaster: Registering BlockManager BlockManagerId(driver, 774e6edce74f, 46477, None)
[2024-09-30T11:37:39.602+0000] {spark_submit.py:490} INFO - 24/09/30 11:37:39 INFO BlockManagerMasterEndpoint: Registering block manager 774e6edce74f:46477 with 434.4 MiB RAM, BlockManagerId(driver, 774e6edce74f, 46477, None)
[2024-09-30T11:37:39.606+0000] {spark_submit.py:490} INFO - 24/09/30 11:37:39 INFO BlockManagerMaster: Registered BlockManager BlockManagerId(driver, 774e6edce74f, 46477, None)
[2024-09-30T11:37:39.607+0000] {spark_submit.py:490} INFO - 24/09/30 11:37:39 INFO BlockManager: Initialized BlockManager: BlockManagerId(driver, 774e6edce74f, 46477, None)
[2024-09-30T11:37:40.062+0000] {spark_submit.py:490} INFO - 24/09/30 11:37:40 INFO StandaloneSchedulerBackend: SchedulerBackend is ready for scheduling beginning after reached minRegisteredResourcesRatio: 0.0
[2024-09-30T11:37:40.598+0000] {spark_submit.py:490} INFO - 24/09/30 11:37:40 INFO SharedState: Setting hive.metastore.warehouse.dir ('null') to the value of spark.sql.warehouse.dir ('/user/hive/warehouse').
[2024-09-30T11:37:40.599+0000] {spark_submit.py:490} INFO - 24/09/30 11:37:40 INFO SharedState: Warehouse path is '/user/hive/warehouse'.
[2024-09-30T11:37:43.446+0000] {spark_submit.py:490} INFO - 24/09/30 11:37:43 INFO InMemoryFileIndex: It took 122 ms to list leaf files for 1 paths.
[2024-09-30T11:37:44.252+0000] {spark_submit.py:490} INFO - 24/09/30 11:37:44 INFO SparkContext: Starting job: parquet at NativeMethodAccessorImpl.java:0
[2024-09-30T11:37:44.273+0000] {spark_submit.py:490} INFO - 24/09/30 11:37:44 INFO DAGScheduler: Got job 0 (parquet at NativeMethodAccessorImpl.java:0) with 1 output partitions
[2024-09-30T11:37:44.273+0000] {spark_submit.py:490} INFO - 24/09/30 11:37:44 INFO DAGScheduler: Final stage: ResultStage 0 (parquet at NativeMethodAccessorImpl.java:0)
[2024-09-30T11:37:44.275+0000] {spark_submit.py:490} INFO - 24/09/30 11:37:44 INFO DAGScheduler: Parents of final stage: List()
[2024-09-30T11:37:44.276+0000] {spark_submit.py:490} INFO - 24/09/30 11:37:44 INFO DAGScheduler: Missing parents: List()
[2024-09-30T11:37:44.283+0000] {spark_submit.py:490} INFO - 24/09/30 11:37:44 INFO DAGScheduler: Submitting ResultStage 0 (MapPartitionsRDD[1] at parquet at NativeMethodAccessorImpl.java:0), which has no missing parents
[2024-09-30T11:37:44.395+0000] {spark_submit.py:490} INFO - 24/09/30 11:37:44 INFO MemoryStore: Block broadcast_0 stored as values in memory (estimated size 84.0 KiB, free 434.3 MiB)
[2024-09-30T11:37:44.449+0000] {spark_submit.py:490} INFO - 24/09/30 11:37:44 INFO MemoryStore: Block broadcast_0_piece0 stored as bytes in memory (estimated size 29.8 KiB, free 434.3 MiB)
[2024-09-30T11:37:44.453+0000] {spark_submit.py:490} INFO - 24/09/30 11:37:44 INFO BlockManagerInfo: Added broadcast_0_piece0 in memory on 774e6edce74f:46477 (size: 29.8 KiB, free: 434.4 MiB)
[2024-09-30T11:37:44.460+0000] {spark_submit.py:490} INFO - 24/09/30 11:37:44 INFO SparkContext: Created broadcast 0 from broadcast at DAGScheduler.scala:1433
[2024-09-30T11:37:44.493+0000] {spark_submit.py:490} INFO - 24/09/30 11:37:44 INFO DAGScheduler: Submitting 1 missing tasks from ResultStage 0 (MapPartitionsRDD[1] at parquet at NativeMethodAccessorImpl.java:0) (first 15 tasks are for partitions Vector(0))
[2024-09-30T11:37:44.494+0000] {spark_submit.py:490} INFO - 24/09/30 11:37:44 INFO TaskSchedulerImpl: Adding task set 0.0 with 1 tasks resource profile 0
[2024-09-30T11:37:59.531+0000] {spark_submit.py:490} INFO - 24/09/30 11:37:59 WARN TaskSchedulerImpl: Initial job has not accepted any resources; check your cluster UI to ensure that workers are registered and have sufficient resources
[2024-09-30T11:38:05.507+0000] {spark_submit.py:490} INFO - 24/09/30 11:38:05 INFO StandaloneAppClient$ClientEndpoint: Executor added: app-20240930113739-0040/0 on worker-20240930112313-172.18.0.7-33165 (172.18.0.7:33165) with 4 core(s)
[2024-09-30T11:38:05.508+0000] {spark_submit.py:490} INFO - 24/09/30 11:38:05 INFO StandaloneSchedulerBackend: Granted executor ID app-20240930113739-0040/0 on hostPort 172.18.0.7:33165 with 4 core(s), 1024.0 MiB RAM
[2024-09-30T11:38:05.615+0000] {spark_submit.py:490} INFO - 24/09/30 11:38:05 INFO StandaloneAppClient$ClientEndpoint: Executor updated: app-20240930113739-0040/0 is now RUNNING
[2024-09-30T11:38:09.206+0000] {spark_submit.py:490} INFO - 24/09/30 11:38:09 INFO CoarseGrainedSchedulerBackend$DriverEndpoint: Registered executor NettyRpcEndpointRef(spark-client://Executor) (172.18.0.7:56902) with ID 0,  ResourceProfileId 0
[2024-09-30T11:38:09.432+0000] {spark_submit.py:490} INFO - 24/09/30 11:38:09 INFO BlockManagerMasterEndpoint: Registering block manager 172.18.0.7:40065 with 434.4 MiB RAM, BlockManagerId(0, 172.18.0.7, 40065, None)
[2024-09-30T11:38:09.535+0000] {spark_submit.py:490} INFO - 24/09/30 11:38:09 INFO TaskSetManager: Starting task 0.0 in stage 0.0 (TID 0) (172.18.0.7, executor 0, partition 0, PROCESS_LOCAL, 4732 bytes) taskResourceAssignments Map()
[2024-09-30T11:38:09.933+0000] {spark_submit.py:490} INFO - 24/09/30 11:38:09 INFO BlockManagerInfo: Added broadcast_0_piece0 in memory on 172.18.0.7:40065 (size: 29.8 KiB, free: 434.4 MiB)
[2024-09-30T11:38:11.767+0000] {spark_submit.py:490} INFO - 24/09/30 11:38:11 INFO TaskSetManager: Finished task 0.0 in stage 0.0 (TID 0) in 2247 ms on 172.18.0.7 (executor 0) (1/1)
[2024-09-30T11:38:11.768+0000] {spark_submit.py:490} INFO - 24/09/30 11:38:11 INFO TaskSchedulerImpl: Removed TaskSet 0.0, whose tasks have all completed, from pool
[2024-09-30T11:38:11.782+0000] {spark_submit.py:490} INFO - 24/09/30 11:38:11 INFO DAGScheduler: ResultStage 0 (parquet at NativeMethodAccessorImpl.java:0) finished in 27.472 s
[2024-09-30T11:38:11.783+0000] {spark_submit.py:490} INFO - 24/09/30 11:38:11 INFO DAGScheduler: Job 0 is finished. Cancelling potential speculative or zombie tasks for this job
[2024-09-30T11:38:11.783+0000] {spark_submit.py:490} INFO - 24/09/30 11:38:11 INFO TaskSchedulerImpl: Killing all running tasks in stage 0: Stage finished
[2024-09-30T11:38:11.805+0000] {spark_submit.py:490} INFO - 24/09/30 11:38:11 INFO DAGScheduler: Job 0 finished: parquet at NativeMethodAccessorImpl.java:0, took 27.537951 s
[2024-09-30T11:38:12.153+0000] {spark_submit.py:490} INFO - 24/09/30 11:38:12 INFO BlockManagerInfo: Removed broadcast_0_piece0 on 774e6edce74f:46477 in memory (size: 29.8 KiB, free: 434.4 MiB)
[2024-09-30T11:38:12.182+0000] {spark_submit.py:490} INFO - 24/09/30 11:38:12 INFO BlockManagerInfo: Removed broadcast_0_piece0 on 172.18.0.7:40065 in memory (size: 29.8 KiB, free: 434.4 MiB)
[2024-09-30T11:38:14.103+0000] {spark_submit.py:490} INFO - 24/09/30 11:38:14 INFO HiveConf: Found configuration file null
[2024-09-30T11:38:14.120+0000] {spark_submit.py:490} INFO - 24/09/30 11:38:14 INFO HiveUtils: Initializing HiveMetastoreConnection version 2.3.7 using Spark classes.
[2024-09-30T11:38:14.806+0000] {spark_submit.py:490} INFO - 24/09/30 11:38:14 INFO SessionState: Created HDFS directory: hdfs://namenode:8020/opt/hive/scratch_dir/default/5056e819-8032-4f72-9495-805e4a1b6be5
[2024-09-30T11:38:14.830+0000] {spark_submit.py:490} INFO - 24/09/30 11:38:14 INFO SessionState: Created local directory: /tmp/default/5056e819-8032-4f72-9495-805e4a1b6be5
[2024-09-30T11:38:14.846+0000] {spark_submit.py:490} INFO - 24/09/30 11:38:14 INFO SessionState: Created HDFS directory: hdfs://namenode:8020/opt/hive/scratch_dir/default/5056e819-8032-4f72-9495-805e4a1b6be5/_tmp_space.db
[2024-09-30T11:38:14.890+0000] {spark_submit.py:490} INFO - 24/09/30 11:38:14 INFO HiveClientImpl: Warehouse location for Hive client (version 2.3.7) is /user/hive/warehouse
[2024-09-30T11:38:15.736+0000] {spark_submit.py:490} INFO - 24/09/30 11:38:15 INFO metastore: Trying to connect to metastore with URI thrift://hive-metastore:9083
[2024-09-30T11:38:15.770+0000] {spark_submit.py:490} INFO - 24/09/30 11:38:15 INFO metastore: Opened a connection to metastore, current connections: 1
[2024-09-30T11:38:15.808+0000] {spark_submit.py:490} INFO - 24/09/30 11:38:15 INFO metastore: Connected to metastore.
[2024-09-30T11:38:17.506+0000] {spark_submit.py:490} INFO - 24/09/30 11:38:17 INFO CodeGenerator: Code generated in 457.217766 ms
[2024-09-30T11:38:18.254+0000] {spark_submit.py:490} INFO - 24/09/30 11:38:18 INFO CodeGenerator: Code generated in 28.077747 ms
[2024-09-30T11:38:18.334+0000] {spark_submit.py:490} INFO - 24/09/30 11:38:18 INFO SparkContext: Starting job: hasNext at NativeMethodAccessorImpl.java:0
[2024-09-30T11:38:18.339+0000] {spark_submit.py:490} INFO - 24/09/30 11:38:18 INFO DAGScheduler: Got job 1 (hasNext at NativeMethodAccessorImpl.java:0) with 1 output partitions
[2024-09-30T11:38:18.340+0000] {spark_submit.py:490} INFO - 24/09/30 11:38:18 INFO DAGScheduler: Final stage: ResultStage 1 (hasNext at NativeMethodAccessorImpl.java:0)
[2024-09-30T11:38:18.340+0000] {spark_submit.py:490} INFO - 24/09/30 11:38:18 INFO DAGScheduler: Parents of final stage: List()
[2024-09-30T11:38:18.340+0000] {spark_submit.py:490} INFO - 24/09/30 11:38:18 INFO DAGScheduler: Missing parents: List()
[2024-09-30T11:38:18.348+0000] {spark_submit.py:490} INFO - 24/09/30 11:38:18 INFO DAGScheduler: Submitting ResultStage 1 (MapPartitionsRDD[5] at toLocalIterator at NativeMethodAccessorImpl.java:0), which has no missing parents
[2024-09-30T11:38:18.369+0000] {spark_submit.py:490} INFO - 24/09/30 11:38:18 INFO MemoryStore: Block broadcast_1 stored as values in memory (estimated size 4.6 KiB, free 434.4 MiB)
[2024-09-30T11:38:18.374+0000] {spark_submit.py:490} INFO - 24/09/30 11:38:18 INFO MemoryStore: Block broadcast_1_piece0 stored as bytes in memory (estimated size 2.5 KiB, free 434.4 MiB)
[2024-09-30T11:38:18.378+0000] {spark_submit.py:490} INFO - 24/09/30 11:38:18 INFO BlockManagerInfo: Added broadcast_1_piece0 in memory on 774e6edce74f:46477 (size: 2.5 KiB, free: 434.4 MiB)
[2024-09-30T11:38:18.380+0000] {spark_submit.py:490} INFO - 24/09/30 11:38:18 INFO SparkContext: Created broadcast 1 from broadcast at DAGScheduler.scala:1433
[2024-09-30T11:38:18.382+0000] {spark_submit.py:490} INFO - 24/09/30 11:38:18 INFO DAGScheduler: Submitting 1 missing tasks from ResultStage 1 (MapPartitionsRDD[5] at toLocalIterator at NativeMethodAccessorImpl.java:0) (first 15 tasks are for partitions Vector(0))
[2024-09-30T11:38:18.383+0000] {spark_submit.py:490} INFO - 24/09/30 11:38:18 INFO TaskSchedulerImpl: Adding task set 1.0 with 1 tasks resource profile 0
[2024-09-30T11:38:18.398+0000] {spark_submit.py:490} INFO - 24/09/30 11:38:18 INFO TaskSetManager: Starting task 0.0 in stage 1.0 (TID 1) (172.18.0.7, executor 0, partition 0, PROCESS_LOCAL, 4713 bytes) taskResourceAssignments Map()
[2024-09-30T11:38:18.520+0000] {spark_submit.py:490} INFO - 24/09/30 11:38:18 INFO BlockManagerInfo: Added broadcast_1_piece0 in memory on 172.18.0.7:40065 (size: 2.5 KiB, free: 434.4 MiB)
[2024-09-30T11:38:18.695+0000] {spark_submit.py:490} INFO - 24/09/30 11:38:18 INFO TaskSetManager: Finished task 0.0 in stage 1.0 (TID 1) in 303 ms on 172.18.0.7 (executor 0) (1/1)
[2024-09-30T11:38:18.696+0000] {spark_submit.py:490} INFO - 24/09/30 11:38:18 INFO TaskSchedulerImpl: Removed TaskSet 1.0, whose tasks have all completed, from pool
[2024-09-30T11:38:18.705+0000] {spark_submit.py:490} INFO - 24/09/30 11:38:18 INFO DAGScheduler: ResultStage 1 (hasNext at NativeMethodAccessorImpl.java:0) finished in 0.346 s
[2024-09-30T11:38:18.706+0000] {spark_submit.py:490} INFO - 24/09/30 11:38:18 INFO DAGScheduler: Job 1 is finished. Cancelling potential speculative or zombie tasks for this job
[2024-09-30T11:38:18.706+0000] {spark_submit.py:490} INFO - 24/09/30 11:38:18 INFO TaskSchedulerImpl: Killing all running tasks in stage 1: Stage finished
[2024-09-30T11:38:18.706+0000] {spark_submit.py:490} INFO - 24/09/30 11:38:18 INFO DAGScheduler: Job 1 finished: hasNext at NativeMethodAccessorImpl.java:0, took 0.368382 s
[2024-09-30T11:38:18.780+0000] {spark_submit.py:490} INFO - 24/09/30 11:38:18 INFO CodeGenerator: Code generated in 41.556056 ms
[2024-09-30T11:38:19.388+0000] {spark_submit.py:490} INFO - 24/09/30 11:38:19 INFO DataSourceStrategy: Pruning directories with:
[2024-09-30T11:38:19.391+0000] {spark_submit.py:490} INFO - 24/09/30 11:38:19 INFO FileSourceStrategy: Pushed Filters:
[2024-09-30T11:38:19.392+0000] {spark_submit.py:490} INFO - 24/09/30 11:38:19 INFO FileSourceStrategy: Post-Scan Filters:
[2024-09-30T11:38:19.397+0000] {spark_submit.py:490} INFO - 24/09/30 11:38:19 INFO FileSourceStrategy: Output Data Schema: struct<collection_id: string, new_positive_cases: int, collection_date: timestamp ... 1 more fields>
[2024-09-30T11:38:19.574+0000] {spark_submit.py:490} INFO - 24/09/30 11:38:19 INFO ParquetFileFormat: Using default output committer for Parquet: org.apache.parquet.hadoop.ParquetOutputCommitter
[2024-09-30T11:38:19.614+0000] {spark_submit.py:490} INFO - 24/09/30 11:38:19 INFO FileOutputCommitter: File Output Committer Algorithm version is 1
[2024-09-30T11:38:19.614+0000] {spark_submit.py:490} INFO - 24/09/30 11:38:19 INFO FileOutputCommitter: FileOutputCommitter skip cleanup _temporary folders under output directory:false, ignore cleanup failures: false
[2024-09-30T11:38:19.616+0000] {spark_submit.py:490} INFO - 24/09/30 11:38:19 INFO SQLHadoopMapReduceCommitProtocol: Using user defined output committer class org.apache.parquet.hadoop.ParquetOutputCommitter
[2024-09-30T11:38:19.617+0000] {spark_submit.py:490} INFO - 24/09/30 11:38:19 INFO FileOutputCommitter: File Output Committer Algorithm version is 1
[2024-09-30T11:38:19.617+0000] {spark_submit.py:490} INFO - 24/09/30 11:38:19 INFO FileOutputCommitter: FileOutputCommitter skip cleanup _temporary folders under output directory:false, ignore cleanup failures: false
[2024-09-30T11:38:19.619+0000] {spark_submit.py:490} INFO - 24/09/30 11:38:19 INFO SQLHadoopMapReduceCommitProtocol: Using output committer class org.apache.parquet.hadoop.ParquetOutputCommitter
[2024-09-30T11:38:19.713+0000] {spark_submit.py:490} INFO - 24/09/30 11:38:19 INFO CodeGenerator: Code generated in 45.064478 ms
[2024-09-30T11:38:19.764+0000] {spark_submit.py:490} INFO - 24/09/30 11:38:19 INFO MemoryStore: Block broadcast_2 stored as values in memory (estimated size 177.0 KiB, free 434.2 MiB)
[2024-09-30T11:38:19.793+0000] {spark_submit.py:490} INFO - 24/09/30 11:38:19 INFO MemoryStore: Block broadcast_2_piece0 stored as bytes in memory (estimated size 28.3 KiB, free 434.2 MiB)
[2024-09-30T11:38:19.800+0000] {spark_submit.py:490} INFO - 24/09/30 11:38:19 INFO BlockManagerInfo: Added broadcast_2_piece0 in memory on 774e6edce74f:46477 (size: 28.3 KiB, free: 434.4 MiB)
[2024-09-30T11:38:19.800+0000] {spark_submit.py:490} INFO - 24/09/30 11:38:19 INFO SparkContext: Created broadcast 2 from saveAsTable at NativeMethodAccessorImpl.java:0
[2024-09-30T11:38:19.819+0000] {spark_submit.py:490} INFO - 24/09/30 11:38:19 INFO FileSourceScanExec: Planning scan with bin packing, max size: 4194304 bytes, open cost is considered as scanning 4194304 bytes.
[2024-09-30T11:38:19.924+0000] {spark_submit.py:490} INFO - 24/09/30 11:38:19 INFO SparkContext: Starting job: saveAsTable at NativeMethodAccessorImpl.java:0
[2024-09-30T11:38:19.944+0000] {spark_submit.py:490} INFO - 24/09/30 11:38:19 INFO DAGScheduler: Got job 2 (saveAsTable at NativeMethodAccessorImpl.java:0) with 1 output partitions
[2024-09-30T11:38:19.944+0000] {spark_submit.py:490} INFO - 24/09/30 11:38:19 INFO DAGScheduler: Final stage: ResultStage 2 (saveAsTable at NativeMethodAccessorImpl.java:0)
[2024-09-30T11:38:19.945+0000] {spark_submit.py:490} INFO - 24/09/30 11:38:19 INFO DAGScheduler: Parents of final stage: List()
[2024-09-30T11:38:19.951+0000] {spark_submit.py:490} INFO - 24/09/30 11:38:19 INFO DAGScheduler: Missing parents: List()
[2024-09-30T11:38:19.964+0000] {spark_submit.py:490} INFO - 24/09/30 11:38:19 INFO DAGScheduler: Submitting ResultStage 2 (MapPartitionsRDD[10] at saveAsTable at NativeMethodAccessorImpl.java:0), which has no missing parents
[2024-09-30T11:38:20.085+0000] {spark_submit.py:490} INFO - 24/09/30 11:38:20 INFO MemoryStore: Block broadcast_3 stored as values in memory (estimated size 182.8 KiB, free 434.0 MiB)
[2024-09-30T11:38:20.093+0000] {spark_submit.py:490} INFO - 24/09/30 11:38:20 INFO MemoryStore: Block broadcast_3_piece0 stored as bytes in memory (estimated size 65.6 KiB, free 433.9 MiB)
[2024-09-30T11:38:20.099+0000] {spark_submit.py:490} INFO - 24/09/30 11:38:20 INFO BlockManagerInfo: Added broadcast_3_piece0 in memory on 774e6edce74f:46477 (size: 65.6 KiB, free: 434.3 MiB)
[2024-09-30T11:38:20.102+0000] {spark_submit.py:490} INFO - 24/09/30 11:38:20 INFO SparkContext: Created broadcast 3 from broadcast at DAGScheduler.scala:1433
[2024-09-30T11:38:20.105+0000] {spark_submit.py:490} INFO - 24/09/30 11:38:20 INFO DAGScheduler: Submitting 1 missing tasks from ResultStage 2 (MapPartitionsRDD[10] at saveAsTable at NativeMethodAccessorImpl.java:0) (first 15 tasks are for partitions Vector(0))
[2024-09-30T11:38:20.105+0000] {spark_submit.py:490} INFO - 24/09/30 11:38:20 INFO TaskSchedulerImpl: Adding task set 2.0 with 1 tasks resource profile 0
[2024-09-30T11:38:20.122+0000] {spark_submit.py:490} INFO - 24/09/30 11:38:20 INFO TaskSetManager: Starting task 0.0 in stage 2.0 (TID 2) (172.18.0.7, executor 0, partition 0, ANY, 5048 bytes) taskResourceAssignments Map()
[2024-09-30T11:38:20.225+0000] {spark_submit.py:490} INFO - 24/09/30 11:38:20 INFO BlockManagerInfo: Added broadcast_3_piece0 in memory on 172.18.0.7:40065 (size: 65.6 KiB, free: 434.3 MiB)
[2024-09-30T11:38:22.568+0000] {spark_submit.py:490} INFO - 24/09/30 11:38:22 INFO BlockManagerInfo: Added broadcast_2_piece0 in memory on 172.18.0.7:40065 (size: 28.3 KiB, free: 434.3 MiB)
[2024-09-30T11:38:24.344+0000] {spark_submit.py:490} INFO - 24/09/30 11:38:24 INFO TaskSetManager: Finished task 0.0 in stage 2.0 (TID 2) in 4228 ms on 172.18.0.7 (executor 0) (1/1)
[2024-09-30T11:38:24.345+0000] {spark_submit.py:490} INFO - 24/09/30 11:38:24 INFO TaskSchedulerImpl: Removed TaskSet 2.0, whose tasks have all completed, from pool
[2024-09-30T11:38:24.353+0000] {spark_submit.py:490} INFO - 24/09/30 11:38:24 INFO DAGScheduler: ResultStage 2 (saveAsTable at NativeMethodAccessorImpl.java:0) finished in 4.369 s
[2024-09-30T11:38:24.353+0000] {spark_submit.py:490} INFO - 24/09/30 11:38:24 INFO DAGScheduler: Job 2 is finished. Cancelling potential speculative or zombie tasks for this job
[2024-09-30T11:38:24.354+0000] {spark_submit.py:490} INFO - 24/09/30 11:38:24 INFO TaskSchedulerImpl: Killing all running tasks in stage 2: Stage finished
[2024-09-30T11:38:24.359+0000] {spark_submit.py:490} INFO - 24/09/30 11:38:24 INFO DAGScheduler: Job 2 finished: saveAsTable at NativeMethodAccessorImpl.java:0, took 4.433511 s
[2024-09-30T11:38:24.457+0000] {spark_submit.py:490} INFO - 24/09/30 11:38:24 INFO FileFormatWriter: Write Job d25773d9-009c-4ed2-996c-d5af75eb8331 committed.
[2024-09-30T11:38:24.463+0000] {spark_submit.py:490} INFO - 24/09/30 11:38:24 INFO FileFormatWriter: Finished processing stats for write job d25773d9-009c-4ed2-996c-d5af75eb8331.
[2024-09-30T11:38:24.556+0000] {spark_submit.py:490} INFO - 24/09/30 11:38:24 INFO BlockManagerInfo: Removed broadcast_1_piece0 on 774e6edce74f:46477 in memory (size: 2.5 KiB, free: 434.3 MiB)
[2024-09-30T11:38:24.562+0000] {spark_submit.py:490} INFO - 24/09/30 11:38:24 INFO BlockManagerInfo: Removed broadcast_1_piece0 on 172.18.0.7:40065 in memory (size: 2.5 KiB, free: 434.3 MiB)
[2024-09-30T11:38:24.577+0000] {spark_submit.py:490} INFO - 24/09/30 11:38:24 INFO InMemoryFileIndex: It took 23 ms to list leaf files for 1 paths.
[2024-09-30T11:38:24.599+0000] {spark_submit.py:490} INFO - 24/09/30 11:38:24 INFO BlockManagerInfo: Removed broadcast_3_piece0 on 774e6edce74f:46477 in memory (size: 65.6 KiB, free: 434.4 MiB)
[2024-09-30T11:38:24.602+0000] {spark_submit.py:490} INFO - 24/09/30 11:38:24 INFO BlockManagerInfo: Removed broadcast_3_piece0 on 172.18.0.7:40065 in memory (size: 65.6 KiB, free: 434.4 MiB)
[2024-09-30T11:38:24.633+0000] {spark_submit.py:490} INFO - 24/09/30 11:38:24 INFO HiveExternalCatalog: Persisting file based data source table `default`.`cases` into Hive metastore in Hive compatible format.
[2024-09-30T11:38:24.652+0000] {spark_submit.py:490} INFO - 24/09/30 11:38:24 INFO SQLStdHiveAccessController: Created SQLStdHiveAccessController for session context : HiveAuthzSessionContext [sessionString=5056e819-8032-4f72-9495-805e4a1b6be5, clientType=HIVECLI]
[2024-09-30T11:38:24.654+0000] {spark_submit.py:490} INFO - 24/09/30 11:38:24 WARN SessionState: METASTORE_FILTER_HOOK will be ignored, since hive.security.authorization.manager is set to instance of HiveAuthorizerFactory.
[2024-09-30T11:38:24.655+0000] {spark_submit.py:490} INFO - 24/09/30 11:38:24 INFO metastore: Mestastore configuration hive.metastore.filter.hook changed from org.apache.hadoop.hive.metastore.DefaultMetaStoreFilterHookImpl to org.apache.hadoop.hive.ql.security.authorization.plugin.AuthorizationMetaStoreFilterHook
[2024-09-30T11:38:24.661+0000] {spark_submit.py:490} INFO - 24/09/30 11:38:24 INFO metastore: Closed a connection to metastore, current connections: 0
[2024-09-30T11:38:24.663+0000] {spark_submit.py:490} INFO - 24/09/30 11:38:24 INFO metastore: Trying to connect to metastore with URI thrift://hive-metastore:9083
[2024-09-30T11:38:24.663+0000] {spark_submit.py:490} INFO - 24/09/30 11:38:24 INFO metastore: Opened a connection to metastore, current connections: 1
[2024-09-30T11:38:24.665+0000] {spark_submit.py:490} INFO - 24/09/30 11:38:24 INFO metastore: Connected to metastore.
[2024-09-30T11:38:24.704+0000] {spark_submit.py:490} INFO - 24/09/30 11:38:24 INFO metastore: Trying to connect to metastore with URI thrift://hive-metastore:9083
[2024-09-30T11:38:24.705+0000] {spark_submit.py:490} INFO - 24/09/30 11:38:24 INFO metastore: Opened a connection to metastore, current connections: 2
[2024-09-30T11:38:24.706+0000] {spark_submit.py:490} INFO - 24/09/30 11:38:24 INFO metastore: Connected to metastore.
[2024-09-30T11:38:24.804+0000] {spark_submit.py:490} INFO - 24/09/30 11:38:24 INFO AlterTableRecoverPartitionsCommand: Recover all the partitions in hdfs://namenode:8020/opt/hive/data/warehouse/cases
[2024-09-30T11:38:24.826+0000] {spark_submit.py:490} INFO - 24/09/30 11:38:24 INFO AlterTableRecoverPartitionsCommand: Found 1 partitions in hdfs://namenode:8020/opt/hive/data/warehouse/cases
[2024-09-30T11:38:24.833+0000] {spark_submit.py:490} INFO - 24/09/30 11:38:24 INFO AlterTableRecoverPartitionsCommand: Finished to gather the fast stats for all 1 partitions.
[2024-09-30T11:38:25.194+0000] {spark_submit.py:490} INFO - 24/09/30 11:38:25 INFO AlterTableRecoverPartitionsCommand: Recovered all partitions (1).
[2024-09-30T11:38:25.306+0000] {spark_submit.py:490} INFO - 24/09/30 11:38:25 INFO SparkContext: Invoking stop() from shutdown hook
[2024-09-30T11:38:25.328+0000] {spark_submit.py:490} INFO - 24/09/30 11:38:25 INFO SparkUI: Stopped Spark web UI at http://774e6edce74f:4042
[2024-09-30T11:38:25.334+0000] {spark_submit.py:490} INFO - 24/09/30 11:38:25 INFO StandaloneSchedulerBackend: Shutting down all executors
[2024-09-30T11:38:25.335+0000] {spark_submit.py:490} INFO - 24/09/30 11:38:25 INFO CoarseGrainedSchedulerBackend$DriverEndpoint: Asking each executor to shut down
[2024-09-30T11:38:25.409+0000] {spark_submit.py:490} INFO - 24/09/30 11:38:25 INFO MapOutputTrackerMasterEndpoint: MapOutputTrackerMasterEndpoint stopped!
[2024-09-30T11:38:25.487+0000] {spark_submit.py:490} INFO - 24/09/30 11:38:25 INFO MemoryStore: MemoryStore cleared
[2024-09-30T11:38:25.497+0000] {spark_submit.py:490} INFO - 24/09/30 11:38:25 INFO BlockManager: BlockManager stopped
[2024-09-30T11:38:25.510+0000] {spark_submit.py:490} INFO - 24/09/30 11:38:25 INFO BlockManagerMaster: BlockManagerMaster stopped
[2024-09-30T11:38:25.521+0000] {spark_submit.py:490} INFO - 24/09/30 11:38:25 INFO OutputCommitCoordinator$OutputCommitCoordinatorEndpoint: OutputCommitCoordinator stopped!
[2024-09-30T11:38:25.580+0000] {spark_submit.py:490} INFO - 24/09/30 11:38:25 INFO SparkContext: Successfully stopped SparkContext
[2024-09-30T11:38:25.588+0000] {spark_submit.py:490} INFO - 24/09/30 11:38:25 INFO ShutdownHookManager: Shutdown hook called
[2024-09-30T11:38:25.590+0000] {spark_submit.py:490} INFO - 24/09/30 11:38:25 INFO ShutdownHookManager: Deleting directory /tmp/spark-c0338bd3-d9ae-464a-af93-dc716079d5b0
[2024-09-30T11:38:25.603+0000] {spark_submit.py:490} INFO - 24/09/30 11:38:25 INFO ShutdownHookManager: Deleting directory /tmp/spark-c0338bd3-d9ae-464a-af93-dc716079d5b0/pyspark-6db97a79-bbeb-4f33-8eab-70eb95030e0f
[2024-09-30T11:38:25.626+0000] {spark_submit.py:490} INFO - 24/09/30 11:38:25 INFO ShutdownHookManager: Deleting directory /tmp/spark-cd4f45bc-a145-45a1-83b9-2c16942215a2
[2024-09-30T11:38:26.092+0000] {taskinstance.py:1327} INFO - Marking task as SUCCESS. dag_id=get_cases_data, task_id=save_to_warehouse, execution_date=20230108T000000, start_date=20240930T113730, end_date=20240930T113826
[2024-09-30T11:38:26.184+0000] {local_task_job.py:159} INFO - Task exited with return code 0
[2024-09-30T11:38:26.243+0000] {taskinstance.py:2582} INFO - 1 downstream tasks scheduled from follow-on schedule check
