[2024-09-26T09:40:14.137+0000] {taskinstance.py:1087} INFO - Dependencies all met for <TaskInstance: get_cases_data.download_data scheduled__2022-12-29T00:00:00+00:00 [queued]>
[2024-09-26T09:40:14.157+0000] {taskinstance.py:1087} INFO - Dependencies all met for <TaskInstance: get_cases_data.download_data scheduled__2022-12-29T00:00:00+00:00 [queued]>
[2024-09-26T09:40:14.157+0000] {taskinstance.py:1283} INFO - 
--------------------------------------------------------------------------------
[2024-09-26T09:40:14.157+0000] {taskinstance.py:1284} INFO - Starting attempt 1 of 1
[2024-09-26T09:40:14.157+0000] {taskinstance.py:1285} INFO - 
--------------------------------------------------------------------------------
[2024-09-26T09:40:14.198+0000] {taskinstance.py:1304} INFO - Executing <Task(BashOperator): download_data> on 2022-12-29 00:00:00+00:00
[2024-09-26T09:40:14.212+0000] {standard_task_runner.py:55} INFO - Started process 2065 to run task
[2024-09-26T09:40:14.218+0000] {standard_task_runner.py:82} INFO - Running: ['***', 'tasks', 'run', 'get_cases_data', 'download_data', 'scheduled__2022-12-29T00:00:00+00:00', '--job-id', '21', '--raw', '--subdir', 'DAGS_FOLDER/get_cases_data.py', '--cfg-path', '/tmp/tmph0v0on5j']
[2024-09-26T09:40:14.220+0000] {standard_task_runner.py:83} INFO - Job 21: Subtask download_data
[2024-09-26T09:40:14.360+0000] {task_command.py:389} INFO - Running <TaskInstance: get_cases_data.download_data scheduled__2022-12-29T00:00:00+00:00 [running]> on host 3d66d2a77c1d
[2024-09-26T09:40:14.455+0000] {logging_mixin.py:137} WARNING - /home/***/.local/lib/python3.7/site-packages/***/utils/context.py:205 AirflowContextDeprecationWarning: Accessing 'execution_date' from the template is deprecated and will be removed in a future version. Please use 'data_interval_start' or 'logical_date' instead.
[2024-09-26T09:40:14.528+0000] {taskinstance.py:1513} INFO - Exporting the following env vars:
AIRFLOW_CTX_DAG_OWNER=***
AIRFLOW_CTX_DAG_ID=get_cases_data
AIRFLOW_CTX_TASK_ID=download_data
AIRFLOW_CTX_EXECUTION_DATE=2022-12-29T00:00:00+00:00
AIRFLOW_CTX_TRY_NUMBER=1
AIRFLOW_CTX_DAG_RUN_ID=scheduled__2022-12-29T00:00:00+00:00
[2024-09-26T09:40:14.530+0000] {subprocess.py:63} INFO - Tmp dir root location: 
 /tmp
[2024-09-26T09:40:14.531+0000] {subprocess.py:75} INFO - Running command: ['/bin/bash', '-c', 'curl -sSL --create-dirs -o /usr/share/covid_data/raw/2022/12/29/ita_cases_20221229.csv https://raw.githubusercontent.com/pcm-dpc/COVID-19/master/dati-andamento-nazionale/dpc-covid19-ita-andamento-nazionale-20221229.csv']
[2024-09-26T09:40:14.556+0000] {subprocess.py:86} INFO - Output:
[2024-09-26T09:40:14.785+0000] {subprocess.py:97} INFO - Command exited with return code 0
[2024-09-26T09:40:14.836+0000] {taskinstance.py:1327} INFO - Marking task as SUCCESS. dag_id=get_cases_data, task_id=download_data, execution_date=20221229T000000, start_date=20240926T094014, end_date=20240926T094014
[2024-09-26T09:40:14.919+0000] {local_task_job.py:159} INFO - Task exited with return code 0
[2024-09-26T09:40:15.070+0000] {taskinstance.py:2582} INFO - 0 downstream tasks scheduled from follow-on schedule check
[2024-09-30T11:30:46.070+0000] {taskinstance.py:1087} INFO - Dependencies all met for <TaskInstance: get_cases_data.download_data scheduled__2022-12-29T00:00:00+00:00 [queued]>
[2024-09-30T11:30:46.094+0000] {taskinstance.py:1087} INFO - Dependencies all met for <TaskInstance: get_cases_data.download_data scheduled__2022-12-29T00:00:00+00:00 [queued]>
[2024-09-30T11:30:46.094+0000] {taskinstance.py:1283} INFO - 
--------------------------------------------------------------------------------
[2024-09-30T11:30:46.095+0000] {taskinstance.py:1284} INFO - Starting attempt 1 of 1
[2024-09-30T11:30:46.095+0000] {taskinstance.py:1285} INFO - 
--------------------------------------------------------------------------------
[2024-09-30T11:30:46.131+0000] {taskinstance.py:1304} INFO - Executing <Task(BashOperator): download_data> on 2022-12-29 00:00:00+00:00
[2024-09-30T11:30:46.147+0000] {standard_task_runner.py:55} INFO - Started process 3330 to run task
[2024-09-30T11:30:46.152+0000] {standard_task_runner.py:82} INFO - Running: ['***', 'tasks', 'run', 'get_cases_data', 'download_data', 'scheduled__2022-12-29T00:00:00+00:00', '--job-id', '30', '--raw', '--subdir', 'DAGS_FOLDER/get_cases_data.py', '--cfg-path', '/tmp/tmpgsp5efid']
[2024-09-30T11:30:46.156+0000] {standard_task_runner.py:83} INFO - Job 30: Subtask download_data
[2024-09-30T11:30:46.296+0000] {task_command.py:389} INFO - Running <TaskInstance: get_cases_data.download_data scheduled__2022-12-29T00:00:00+00:00 [running]> on host 774e6edce74f
[2024-09-30T11:30:46.386+0000] {logging_mixin.py:137} WARNING - /home/***/.local/lib/python3.7/site-packages/***/utils/context.py:205 AirflowContextDeprecationWarning: Accessing 'execution_date' from the template is deprecated and will be removed in a future version. Please use 'data_interval_start' or 'logical_date' instead.
[2024-09-30T11:30:46.460+0000] {taskinstance.py:1513} INFO - Exporting the following env vars:
AIRFLOW_CTX_DAG_OWNER=***
AIRFLOW_CTX_DAG_ID=get_cases_data
AIRFLOW_CTX_TASK_ID=download_data
AIRFLOW_CTX_EXECUTION_DATE=2022-12-29T00:00:00+00:00
AIRFLOW_CTX_TRY_NUMBER=1
AIRFLOW_CTX_DAG_RUN_ID=scheduled__2022-12-29T00:00:00+00:00
[2024-09-30T11:30:46.462+0000] {subprocess.py:63} INFO - Tmp dir root location: 
 /tmp
[2024-09-30T11:30:46.463+0000] {subprocess.py:75} INFO - Running command: ['/bin/bash', '-c', 'curl -sSL --create-dirs -o /usr/share/covid_data/raw/2022/12/29/ita_cases_20221229.csv https://raw.githubusercontent.com/pcm-dpc/COVID-19/master/dati-andamento-nazionale/dpc-covid19-ita-andamento-nazionale-20221229.csv']
[2024-09-30T11:30:46.494+0000] {subprocess.py:86} INFO - Output:
[2024-09-30T11:30:46.745+0000] {subprocess.py:97} INFO - Command exited with return code 0
[2024-09-30T11:30:46.805+0000] {taskinstance.py:1327} INFO - Marking task as SUCCESS. dag_id=get_cases_data, task_id=download_data, execution_date=20221229T000000, start_date=20240930T113046, end_date=20240930T113046
[2024-09-30T11:30:46.854+0000] {local_task_job.py:159} INFO - Task exited with return code 0
[2024-09-30T11:30:46.945+0000] {taskinstance.py:2582} INFO - 1 downstream tasks scheduled from follow-on schedule check
