[2024-09-30T11:30:06.950+0000] {taskinstance.py:1087} INFO - Dependencies all met for <TaskInstance: get_cases_data.save_to_warehouse scheduled__2022-12-27T00:00:00+00:00 [queued]>
[2024-09-30T11:30:06.974+0000] {taskinstance.py:1087} INFO - Dependencies all met for <TaskInstance: get_cases_data.save_to_warehouse scheduled__2022-12-27T00:00:00+00:00 [queued]>
[2024-09-30T11:30:06.975+0000] {taskinstance.py:1283} INFO - 
--------------------------------------------------------------------------------
[2024-09-30T11:30:06.975+0000] {taskinstance.py:1284} INFO - Starting attempt 1 of 1
[2024-09-30T11:30:06.975+0000] {taskinstance.py:1285} INFO - 
--------------------------------------------------------------------------------
[2024-09-30T11:30:07.015+0000] {taskinstance.py:1304} INFO - Executing <Task(SparkSubmitOperator): save_to_warehouse> on 2022-12-27 00:00:00+00:00
[2024-09-30T11:30:07.033+0000] {standard_task_runner.py:55} INFO - Started process 2961 to run task
[2024-09-30T11:30:07.039+0000] {standard_task_runner.py:82} INFO - Running: ['***', 'tasks', 'run', 'get_cases_data', 'save_to_warehouse', 'scheduled__2022-12-27T00:00:00+00:00', '--job-id', '28', '--raw', '--subdir', 'DAGS_FOLDER/get_cases_data.py', '--cfg-path', '/tmp/tmp2q59yj8l']
[2024-09-30T11:30:07.042+0000] {standard_task_runner.py:83} INFO - Job 28: Subtask save_to_warehouse
[2024-09-30T11:30:07.176+0000] {task_command.py:389} INFO - Running <TaskInstance: get_cases_data.save_to_warehouse scheduled__2022-12-27T00:00:00+00:00 [running]> on host 774e6edce74f
[2024-09-30T11:30:07.333+0000] {taskinstance.py:1513} INFO - Exporting the following env vars:
AIRFLOW_CTX_DAG_OWNER=***
AIRFLOW_CTX_DAG_ID=get_cases_data
AIRFLOW_CTX_TASK_ID=save_to_warehouse
AIRFLOW_CTX_EXECUTION_DATE=2022-12-27T00:00:00+00:00
AIRFLOW_CTX_TRY_NUMBER=1
AIRFLOW_CTX_DAG_RUN_ID=scheduled__2022-12-27T00:00:00+00:00
[2024-09-30T11:30:07.335+0000] {base.py:73} INFO - Using connection ID 'spark_connection' for task execution.
[2024-09-30T11:30:07.336+0000] {spark_submit.py:339} INFO - Spark-Submit cmd: spark-submit --master spark://spark-master:7077 --name save_to_warehouse --verbose /usr/local/spark/app/save_to_warehouse.py
[2024-09-30T11:30:09.682+0000] {spark_submit.py:490} INFO - Using properties file: null
[2024-09-30T11:30:09.854+0000] {spark_submit.py:490} INFO - WARNING: An illegal reflective access operation has occurred
[2024-09-30T11:30:09.854+0000] {spark_submit.py:490} INFO - WARNING: Illegal reflective access by org.apache.spark.unsafe.Platform (file:/home/***/.local/lib/python3.7/site-packages/pyspark/jars/spark-unsafe_2.12-3.1.3.jar) to constructor java.nio.DirectByteBuffer(long,int)
[2024-09-30T11:30:09.854+0000] {spark_submit.py:490} INFO - WARNING: Please consider reporting this to the maintainers of org.apache.spark.unsafe.Platform
[2024-09-30T11:30:09.855+0000] {spark_submit.py:490} INFO - WARNING: Use --illegal-access=warn to enable warnings of further illegal reflective access operations
[2024-09-30T11:30:09.855+0000] {spark_submit.py:490} INFO - WARNING: All illegal access operations will be denied in a future release
[2024-09-30T11:30:09.935+0000] {spark_submit.py:490} INFO - Parsed arguments:
[2024-09-30T11:30:09.935+0000] {spark_submit.py:490} INFO - master                  spark://spark-master:7077
[2024-09-30T11:30:09.935+0000] {spark_submit.py:490} INFO - deployMode              null
[2024-09-30T11:30:09.936+0000] {spark_submit.py:490} INFO - executorMemory          null
[2024-09-30T11:30:09.936+0000] {spark_submit.py:490} INFO - executorCores           null
[2024-09-30T11:30:09.936+0000] {spark_submit.py:490} INFO - totalExecutorCores      null
[2024-09-30T11:30:09.936+0000] {spark_submit.py:490} INFO - propertiesFile          null
[2024-09-30T11:30:09.936+0000] {spark_submit.py:490} INFO - driverMemory            null
[2024-09-30T11:30:09.936+0000] {spark_submit.py:490} INFO - driverCores             null
[2024-09-30T11:30:09.936+0000] {spark_submit.py:490} INFO - driverExtraClassPath    null
[2024-09-30T11:30:09.937+0000] {spark_submit.py:490} INFO - driverExtraLibraryPath  null
[2024-09-30T11:30:09.937+0000] {spark_submit.py:490} INFO - driverExtraJavaOptions  null
[2024-09-30T11:30:09.937+0000] {spark_submit.py:490} INFO - supervise               false
[2024-09-30T11:30:09.937+0000] {spark_submit.py:490} INFO - queue                   null
[2024-09-30T11:30:09.937+0000] {spark_submit.py:490} INFO - numExecutors            null
[2024-09-30T11:30:09.937+0000] {spark_submit.py:490} INFO - files                   null
[2024-09-30T11:30:09.939+0000] {spark_submit.py:490} INFO - pyFiles                 null
[2024-09-30T11:30:09.940+0000] {spark_submit.py:490} INFO - archives                null
[2024-09-30T11:30:09.940+0000] {spark_submit.py:490} INFO - mainClass               null
[2024-09-30T11:30:09.940+0000] {spark_submit.py:490} INFO - primaryResource         file:/usr/local/spark/app/save_to_warehouse.py
[2024-09-30T11:30:09.940+0000] {spark_submit.py:490} INFO - name                    save_to_warehouse
[2024-09-30T11:30:09.941+0000] {spark_submit.py:490} INFO - childArgs               []
[2024-09-30T11:30:09.941+0000] {spark_submit.py:490} INFO - jars                    null
[2024-09-30T11:30:09.941+0000] {spark_submit.py:490} INFO - packages                null
[2024-09-30T11:30:09.941+0000] {spark_submit.py:490} INFO - packagesExclusions      null
[2024-09-30T11:30:09.941+0000] {spark_submit.py:490} INFO - repositories            null
[2024-09-30T11:30:09.941+0000] {spark_submit.py:490} INFO - verbose                 true
[2024-09-30T11:30:09.941+0000] {spark_submit.py:490} INFO - 
[2024-09-30T11:30:09.941+0000] {spark_submit.py:490} INFO - Spark properties used, including those specified through
[2024-09-30T11:30:09.941+0000] {spark_submit.py:490} INFO - --conf and those from the properties file null:
[2024-09-30T11:30:09.941+0000] {spark_submit.py:490} INFO - 
[2024-09-30T11:30:09.941+0000] {spark_submit.py:490} INFO - 
[2024-09-30T11:30:09.942+0000] {spark_submit.py:490} INFO - 
[2024-09-30T11:30:10.569+0000] {spark_submit.py:490} INFO - 24/09/30 11:30:10 WARN NativeCodeLoader: Unable to load native-hadoop library for your platform... using builtin-java classes where applicable
[2024-09-30T11:30:10.887+0000] {spark_submit.py:490} INFO - Main class:
[2024-09-30T11:30:10.889+0000] {spark_submit.py:490} INFO - org.apache.spark.deploy.PythonRunner
[2024-09-30T11:30:10.890+0000] {spark_submit.py:490} INFO - Arguments:
[2024-09-30T11:30:10.891+0000] {spark_submit.py:490} INFO - file:/usr/local/spark/app/save_to_warehouse.py
[2024-09-30T11:30:10.892+0000] {spark_submit.py:490} INFO - null
[2024-09-30T11:30:10.898+0000] {spark_submit.py:490} INFO - Spark config:
[2024-09-30T11:30:10.898+0000] {spark_submit.py:490} INFO - (spark.app.name,save_to_warehouse)
[2024-09-30T11:30:10.899+0000] {spark_submit.py:490} INFO - (spark.master,spark://spark-master:7077)
[2024-09-30T11:30:10.899+0000] {spark_submit.py:490} INFO - (spark.submit.pyFiles,)
[2024-09-30T11:30:10.902+0000] {spark_submit.py:490} INFO - (spark.submit.deployMode,client)
[2024-09-30T11:30:10.903+0000] {spark_submit.py:490} INFO - Classpath elements:
[2024-09-30T11:30:10.903+0000] {spark_submit.py:490} INFO - 
[2024-09-30T11:30:10.903+0000] {spark_submit.py:490} INFO - 
[2024-09-30T11:30:10.903+0000] {spark_submit.py:490} INFO - 
[2024-09-30T11:30:12.350+0000] {spark_submit.py:490} INFO - Using Spark's default log4j profile: org/apache/spark/log4j-defaults.properties
[2024-09-30T11:30:12.372+0000] {spark_submit.py:490} INFO - 24/09/30 11:30:12 INFO SparkContext: Running Spark version 3.1.3
[2024-09-30T11:30:12.488+0000] {spark_submit.py:490} INFO - 24/09/30 11:30:12 INFO ResourceUtils: ==============================================================
[2024-09-30T11:30:12.489+0000] {spark_submit.py:490} INFO - 24/09/30 11:30:12 INFO ResourceUtils: No custom resources configured for spark.driver.
[2024-09-30T11:30:12.490+0000] {spark_submit.py:490} INFO - 24/09/30 11:30:12 INFO ResourceUtils: ==============================================================
[2024-09-30T11:30:12.491+0000] {spark_submit.py:490} INFO - 24/09/30 11:30:12 INFO SparkContext: Submitted application: save_to_warehouse
[2024-09-30T11:30:12.529+0000] {spark_submit.py:490} INFO - 24/09/30 11:30:12 INFO ResourceProfile: Default ResourceProfile created, executor resources: Map(cores -> name: cores, amount: 1, script: , vendor: , memory -> name: memory, amount: 1024, script: , vendor: , offHeap -> name: offHeap, amount: 0, script: , vendor: ), task resources: Map(cpus -> name: cpus, amount: 1.0)
[2024-09-30T11:30:12.559+0000] {spark_submit.py:490} INFO - 24/09/30 11:30:12 INFO ResourceProfile: Limiting resource is cpu
[2024-09-30T11:30:12.560+0000] {spark_submit.py:490} INFO - 24/09/30 11:30:12 INFO ResourceProfileManager: Added ResourceProfile id: 0
[2024-09-30T11:30:12.639+0000] {spark_submit.py:490} INFO - 24/09/30 11:30:12 INFO SecurityManager: Changing view acls to: default
[2024-09-30T11:30:12.639+0000] {spark_submit.py:490} INFO - 24/09/30 11:30:12 INFO SecurityManager: Changing modify acls to: default
[2024-09-30T11:30:12.639+0000] {spark_submit.py:490} INFO - 24/09/30 11:30:12 INFO SecurityManager: Changing view acls groups to:
[2024-09-30T11:30:12.639+0000] {spark_submit.py:490} INFO - 24/09/30 11:30:12 INFO SecurityManager: Changing modify acls groups to:
[2024-09-30T11:30:12.639+0000] {spark_submit.py:490} INFO - 24/09/30 11:30:12 INFO SecurityManager: SecurityManager: authentication disabled; ui acls disabled; users  with view permissions: Set(default); groups with view permissions: Set(); users  with modify permissions: Set(default); groups with modify permissions: Set()
[2024-09-30T11:30:13.089+0000] {spark_submit.py:490} INFO - 24/09/30 11:30:13 INFO Utils: Successfully started service 'sparkDriver' on port 44173.
[2024-09-30T11:30:13.158+0000] {spark_submit.py:490} INFO - 24/09/30 11:30:13 INFO SparkEnv: Registering MapOutputTracker
[2024-09-30T11:30:13.293+0000] {spark_submit.py:490} INFO - 24/09/30 11:30:13 INFO SparkEnv: Registering BlockManagerMaster
[2024-09-30T11:30:13.349+0000] {spark_submit.py:490} INFO - 24/09/30 11:30:13 INFO BlockManagerMasterEndpoint: Using org.apache.spark.storage.DefaultTopologyMapper for getting topology information
[2024-09-30T11:30:13.351+0000] {spark_submit.py:490} INFO - 24/09/30 11:30:13 INFO BlockManagerMasterEndpoint: BlockManagerMasterEndpoint up
[2024-09-30T11:30:13.359+0000] {spark_submit.py:490} INFO - 24/09/30 11:30:13 INFO SparkEnv: Registering BlockManagerMasterHeartbeat
[2024-09-30T11:30:13.389+0000] {spark_submit.py:490} INFO - 24/09/30 11:30:13 INFO DiskBlockManager: Created local directory at /tmp/blockmgr-89cb60fb-447d-4fdd-aa66-508b3bd126bf
[2024-09-30T11:30:13.431+0000] {spark_submit.py:490} INFO - 24/09/30 11:30:13 INFO MemoryStore: MemoryStore started with capacity 434.4 MiB
[2024-09-30T11:30:13.466+0000] {spark_submit.py:490} INFO - 24/09/30 11:30:13 INFO SparkEnv: Registering OutputCommitCoordinator
[2024-09-30T11:30:13.849+0000] {spark_submit.py:490} INFO - 24/09/30 11:30:13 WARN Utils: Service 'SparkUI' could not bind on port 4040. Attempting port 4041.
[2024-09-30T11:30:13.852+0000] {spark_submit.py:490} INFO - 24/09/30 11:30:13 WARN Utils: Service 'SparkUI' could not bind on port 4041. Attempting port 4042.
[2024-09-30T11:30:13.869+0000] {spark_submit.py:490} INFO - 24/09/30 11:30:13 INFO Utils: Successfully started service 'SparkUI' on port 4042.
[2024-09-30T11:30:14.225+0000] {spark_submit.py:490} INFO - 24/09/30 11:30:14 INFO SparkUI: Bound SparkUI to 0.0.0.0, and started at http://774e6edce74f:4042
[2024-09-30T11:30:14.661+0000] {spark_submit.py:490} INFO - 24/09/30 11:30:14 INFO StandaloneAppClient$ClientEndpoint: Connecting to master spark://spark-master:7077...
[2024-09-30T11:30:14.778+0000] {spark_submit.py:490} INFO - 24/09/30 11:30:14 INFO TransportClientFactory: Successfully created connection to spark-master/172.18.0.5:7077 after 57 ms (0 ms spent in bootstraps)
[2024-09-30T11:30:15.033+0000] {spark_submit.py:490} INFO - 24/09/30 11:30:15 INFO StandaloneSchedulerBackend: Connected to Spark cluster with app ID app-20240930113015-0016
[2024-09-30T11:30:15.051+0000] {spark_submit.py:490} INFO - 24/09/30 11:30:15 INFO Utils: Successfully started service 'org.apache.spark.network.netty.NettyBlockTransferService' on port 39445.
[2024-09-30T11:30:15.052+0000] {spark_submit.py:490} INFO - 24/09/30 11:30:15 INFO NettyBlockTransferService: Server created on 774e6edce74f:39445
[2024-09-30T11:30:15.053+0000] {spark_submit.py:490} INFO - 24/09/30 11:30:15 INFO BlockManager: Using org.apache.spark.storage.RandomBlockReplicationPolicy for block replication policy
[2024-09-30T11:30:15.071+0000] {spark_submit.py:490} INFO - 24/09/30 11:30:15 INFO BlockManagerMaster: Registering BlockManager BlockManagerId(driver, 774e6edce74f, 39445, None)
[2024-09-30T11:30:15.081+0000] {spark_submit.py:490} INFO - 24/09/30 11:30:15 INFO BlockManagerMasterEndpoint: Registering block manager 774e6edce74f:39445 with 434.4 MiB RAM, BlockManagerId(driver, 774e6edce74f, 39445, None)
[2024-09-30T11:30:15.091+0000] {spark_submit.py:490} INFO - 24/09/30 11:30:15 INFO BlockManagerMaster: Registered BlockManager BlockManagerId(driver, 774e6edce74f, 39445, None)
[2024-09-30T11:30:15.092+0000] {spark_submit.py:490} INFO - 24/09/30 11:30:15 INFO BlockManager: Initialized BlockManager: BlockManagerId(driver, 774e6edce74f, 39445, None)
[2024-09-30T11:30:15.556+0000] {spark_submit.py:490} INFO - 24/09/30 11:30:15 INFO StandaloneSchedulerBackend: SchedulerBackend is ready for scheduling beginning after reached minRegisteredResourcesRatio: 0.0
[2024-09-30T11:30:16.014+0000] {spark_submit.py:490} INFO - 24/09/30 11:30:16 INFO SharedState: Setting hive.metastore.warehouse.dir ('null') to the value of spark.sql.warehouse.dir ('/user/hive/warehouse').
[2024-09-30T11:30:16.015+0000] {spark_submit.py:490} INFO - 24/09/30 11:30:16 INFO SharedState: Warehouse path is '/user/hive/warehouse'.
[2024-09-30T11:30:19.313+0000] {spark_submit.py:490} INFO - 24/09/30 11:30:19 INFO InMemoryFileIndex: It took 260 ms to list leaf files for 1 paths.
[2024-09-30T11:30:20.576+0000] {spark_submit.py:490} INFO - 24/09/30 11:30:20 INFO SparkContext: Starting job: parquet at NativeMethodAccessorImpl.java:0
[2024-09-30T11:30:20.626+0000] {spark_submit.py:490} INFO - 24/09/30 11:30:20 INFO DAGScheduler: Got job 0 (parquet at NativeMethodAccessorImpl.java:0) with 1 output partitions
[2024-09-30T11:30:20.627+0000] {spark_submit.py:490} INFO - 24/09/30 11:30:20 INFO DAGScheduler: Final stage: ResultStage 0 (parquet at NativeMethodAccessorImpl.java:0)
[2024-09-30T11:30:20.627+0000] {spark_submit.py:490} INFO - 24/09/30 11:30:20 INFO DAGScheduler: Parents of final stage: List()
[2024-09-30T11:30:20.637+0000] {spark_submit.py:490} INFO - 24/09/30 11:30:20 INFO DAGScheduler: Missing parents: List()
[2024-09-30T11:30:20.662+0000] {spark_submit.py:490} INFO - 24/09/30 11:30:20 INFO DAGScheduler: Submitting ResultStage 0 (MapPartitionsRDD[1] at parquet at NativeMethodAccessorImpl.java:0), which has no missing parents
[2024-09-30T11:30:20.833+0000] {spark_submit.py:490} INFO - 24/09/30 11:30:20 INFO MemoryStore: Block broadcast_0 stored as values in memory (estimated size 84.0 KiB, free 434.3 MiB)
[2024-09-30T11:30:20.984+0000] {spark_submit.py:490} INFO - 24/09/30 11:30:20 INFO MemoryStore: Block broadcast_0_piece0 stored as bytes in memory (estimated size 29.8 KiB, free 434.3 MiB)
[2024-09-30T11:30:21.005+0000] {spark_submit.py:490} INFO - 24/09/30 11:30:21 INFO BlockManagerInfo: Added broadcast_0_piece0 in memory on 774e6edce74f:39445 (size: 29.8 KiB, free: 434.4 MiB)
[2024-09-30T11:30:21.024+0000] {spark_submit.py:490} INFO - 24/09/30 11:30:21 INFO SparkContext: Created broadcast 0 from broadcast at DAGScheduler.scala:1433
[2024-09-30T11:30:21.075+0000] {spark_submit.py:490} INFO - 24/09/30 11:30:21 INFO DAGScheduler: Submitting 1 missing tasks from ResultStage 0 (MapPartitionsRDD[1] at parquet at NativeMethodAccessorImpl.java:0) (first 15 tasks are for partitions Vector(0))
[2024-09-30T11:30:21.082+0000] {spark_submit.py:490} INFO - 24/09/30 11:30:21 INFO TaskSchedulerImpl: Adding task set 0.0 with 1 tasks resource profile 0
[2024-09-30T11:30:36.118+0000] {spark_submit.py:490} INFO - 24/09/30 11:30:36 WARN TaskSchedulerImpl: Initial job has not accepted any resources; check your cluster UI to ensure that workers are registered and have sufficient resources
[2024-09-30T11:30:41.015+0000] {spark_submit.py:490} INFO - 24/09/30 11:30:41 INFO StandaloneAppClient$ClientEndpoint: Executor added: app-20240930113015-0016/0 on worker-20240930112313-172.18.0.7-33165 (172.18.0.7:33165) with 4 core(s)
[2024-09-30T11:30:41.020+0000] {spark_submit.py:490} INFO - 24/09/30 11:30:41 INFO StandaloneSchedulerBackend: Granted executor ID app-20240930113015-0016/0 on hostPort 172.18.0.7:33165 with 4 core(s), 1024.0 MiB RAM
[2024-09-30T11:30:41.108+0000] {spark_submit.py:490} INFO - 24/09/30 11:30:41 INFO StandaloneAppClient$ClientEndpoint: Executor updated: app-20240930113015-0016/0 is now RUNNING
[2024-09-30T11:30:44.589+0000] {spark_submit.py:490} INFO - 24/09/30 11:30:44 INFO CoarseGrainedSchedulerBackend$DriverEndpoint: Registered executor NettyRpcEndpointRef(spark-client://Executor) (172.18.0.7:49464) with ID 0,  ResourceProfileId 0
[2024-09-30T11:30:44.828+0000] {spark_submit.py:490} INFO - 24/09/30 11:30:44 INFO BlockManagerMasterEndpoint: Registering block manager 172.18.0.7:40153 with 434.4 MiB RAM, BlockManagerId(0, 172.18.0.7, 40153, None)
[2024-09-30T11:30:44.973+0000] {spark_submit.py:490} INFO - 24/09/30 11:30:44 INFO TaskSetManager: Starting task 0.0 in stage 0.0 (TID 0) (172.18.0.7, executor 0, partition 0, PROCESS_LOCAL, 4732 bytes) taskResourceAssignments Map()
[2024-09-30T11:30:45.478+0000] {spark_submit.py:490} INFO - 24/09/30 11:30:45 INFO BlockManagerInfo: Added broadcast_0_piece0 in memory on 172.18.0.7:40153 (size: 29.8 KiB, free: 434.4 MiB)
[2024-09-30T11:30:47.205+0000] {spark_submit.py:490} INFO - 24/09/30 11:30:47 INFO TaskSetManager: Finished task 0.0 in stage 0.0 (TID 0) in 2265 ms on 172.18.0.7 (executor 0) (1/1)
[2024-09-30T11:30:47.209+0000] {spark_submit.py:490} INFO - 24/09/30 11:30:47 INFO TaskSchedulerImpl: Removed TaskSet 0.0, whose tasks have all completed, from pool
[2024-09-30T11:30:47.216+0000] {spark_submit.py:490} INFO - 24/09/30 11:30:47 INFO DAGScheduler: ResultStage 0 (parquet at NativeMethodAccessorImpl.java:0) finished in 26.518 s
[2024-09-30T11:30:47.224+0000] {spark_submit.py:490} INFO - 24/09/30 11:30:47 INFO DAGScheduler: Job 0 is finished. Cancelling potential speculative or zombie tasks for this job
[2024-09-30T11:30:47.225+0000] {spark_submit.py:490} INFO - 24/09/30 11:30:47 INFO TaskSchedulerImpl: Killing all running tasks in stage 0: Stage finished
[2024-09-30T11:30:47.228+0000] {spark_submit.py:490} INFO - 24/09/30 11:30:47 INFO DAGScheduler: Job 0 finished: parquet at NativeMethodAccessorImpl.java:0, took 26.649672 s
[2024-09-30T11:30:48.503+0000] {spark_submit.py:490} INFO - 24/09/30 11:30:48 INFO BlockManagerInfo: Removed broadcast_0_piece0 on 774e6edce74f:39445 in memory (size: 29.8 KiB, free: 434.4 MiB)
[2024-09-30T11:30:48.520+0000] {spark_submit.py:490} INFO - 24/09/30 11:30:48 INFO BlockManagerInfo: Removed broadcast_0_piece0 on 172.18.0.7:40153 in memory (size: 29.8 KiB, free: 434.4 MiB)
[2024-09-30T11:30:49.747+0000] {spark_submit.py:490} INFO - 24/09/30 11:30:49 INFO HiveConf: Found configuration file null
[2024-09-30T11:30:49.805+0000] {spark_submit.py:490} INFO - 24/09/30 11:30:49 INFO HiveUtils: Initializing HiveMetastoreConnection version 2.3.7 using Spark classes.
[2024-09-30T11:30:50.423+0000] {spark_submit.py:490} INFO - 24/09/30 11:30:50 INFO SessionState: Created HDFS directory: hdfs://namenode:8020/opt/hive/scratch_dir/default/ef4146e4-0b01-411c-a84c-c4feac3d1a67
[2024-09-30T11:30:50.443+0000] {spark_submit.py:490} INFO - 24/09/30 11:30:50 INFO SessionState: Created local directory: /tmp/default/ef4146e4-0b01-411c-a84c-c4feac3d1a67
[2024-09-30T11:30:50.456+0000] {spark_submit.py:490} INFO - 24/09/30 11:30:50 INFO SessionState: Created HDFS directory: hdfs://namenode:8020/opt/hive/scratch_dir/default/ef4146e4-0b01-411c-a84c-c4feac3d1a67/_tmp_space.db
[2024-09-30T11:30:50.480+0000] {spark_submit.py:490} INFO - 24/09/30 11:30:50 INFO HiveClientImpl: Warehouse location for Hive client (version 2.3.7) is /user/hive/warehouse
[2024-09-30T11:30:51.129+0000] {spark_submit.py:490} INFO - 24/09/30 11:30:51 INFO metastore: Trying to connect to metastore with URI thrift://hive-metastore:9083
[2024-09-30T11:30:51.158+0000] {spark_submit.py:490} INFO - 24/09/30 11:30:51 INFO metastore: Opened a connection to metastore, current connections: 1
[2024-09-30T11:30:51.197+0000] {spark_submit.py:490} INFO - 24/09/30 11:30:51 INFO metastore: Connected to metastore.
[2024-09-30T11:30:52.632+0000] {spark_submit.py:490} INFO - 24/09/30 11:30:52 INFO CodeGenerator: Code generated in 333.011867 ms
[2024-09-30T11:30:53.423+0000] {spark_submit.py:490} INFO - 24/09/30 11:30:53 INFO CodeGenerator: Code generated in 25.758888 ms
[2024-09-30T11:30:53.493+0000] {spark_submit.py:490} INFO - 24/09/30 11:30:53 INFO SparkContext: Starting job: hasNext at NativeMethodAccessorImpl.java:0
[2024-09-30T11:30:53.498+0000] {spark_submit.py:490} INFO - 24/09/30 11:30:53 INFO DAGScheduler: Got job 1 (hasNext at NativeMethodAccessorImpl.java:0) with 1 output partitions
[2024-09-30T11:30:53.499+0000] {spark_submit.py:490} INFO - 24/09/30 11:30:53 INFO DAGScheduler: Final stage: ResultStage 1 (hasNext at NativeMethodAccessorImpl.java:0)
[2024-09-30T11:30:53.499+0000] {spark_submit.py:490} INFO - 24/09/30 11:30:53 INFO DAGScheduler: Parents of final stage: List()
[2024-09-30T11:30:53.499+0000] {spark_submit.py:490} INFO - 24/09/30 11:30:53 INFO DAGScheduler: Missing parents: List()
[2024-09-30T11:30:53.501+0000] {spark_submit.py:490} INFO - 24/09/30 11:30:53 INFO DAGScheduler: Submitting ResultStage 1 (MapPartitionsRDD[5] at toLocalIterator at NativeMethodAccessorImpl.java:0), which has no missing parents
[2024-09-30T11:30:53.512+0000] {spark_submit.py:490} INFO - 24/09/30 11:30:53 INFO MemoryStore: Block broadcast_1 stored as values in memory (estimated size 4.6 KiB, free 434.4 MiB)
[2024-09-30T11:30:53.524+0000] {spark_submit.py:490} INFO - 24/09/30 11:30:53 INFO MemoryStore: Block broadcast_1_piece0 stored as bytes in memory (estimated size 2.5 KiB, free 434.4 MiB)
[2024-09-30T11:30:53.527+0000] {spark_submit.py:490} INFO - 24/09/30 11:30:53 INFO BlockManagerInfo: Added broadcast_1_piece0 in memory on 774e6edce74f:39445 (size: 2.5 KiB, free: 434.4 MiB)
[2024-09-30T11:30:53.532+0000] {spark_submit.py:490} INFO - 24/09/30 11:30:53 INFO SparkContext: Created broadcast 1 from broadcast at DAGScheduler.scala:1433
[2024-09-30T11:30:53.533+0000] {spark_submit.py:490} INFO - 24/09/30 11:30:53 INFO DAGScheduler: Submitting 1 missing tasks from ResultStage 1 (MapPartitionsRDD[5] at toLocalIterator at NativeMethodAccessorImpl.java:0) (first 15 tasks are for partitions Vector(0))
[2024-09-30T11:30:53.533+0000] {spark_submit.py:490} INFO - 24/09/30 11:30:53 INFO TaskSchedulerImpl: Adding task set 1.0 with 1 tasks resource profile 0
[2024-09-30T11:30:53.547+0000] {spark_submit.py:490} INFO - 24/09/30 11:30:53 INFO TaskSetManager: Starting task 0.0 in stage 1.0 (TID 1) (172.18.0.7, executor 0, partition 0, PROCESS_LOCAL, 4713 bytes) taskResourceAssignments Map()
[2024-09-30T11:30:53.635+0000] {spark_submit.py:490} INFO - 24/09/30 11:30:53 INFO BlockManagerInfo: Added broadcast_1_piece0 in memory on 172.18.0.7:40153 (size: 2.5 KiB, free: 434.4 MiB)
[2024-09-30T11:30:53.825+0000] {spark_submit.py:490} INFO - 24/09/30 11:30:53 INFO TaskSetManager: Finished task 0.0 in stage 1.0 (TID 1) in 288 ms on 172.18.0.7 (executor 0) (1/1)
[2024-09-30T11:30:53.827+0000] {spark_submit.py:490} INFO - 24/09/30 11:30:53 INFO TaskSchedulerImpl: Removed TaskSet 1.0, whose tasks have all completed, from pool
[2024-09-30T11:30:53.833+0000] {spark_submit.py:490} INFO - 24/09/30 11:30:53 INFO DAGScheduler: ResultStage 1 (hasNext at NativeMethodAccessorImpl.java:0) finished in 0.324 s
[2024-09-30T11:30:53.833+0000] {spark_submit.py:490} INFO - 24/09/30 11:30:53 INFO DAGScheduler: Job 1 is finished. Cancelling potential speculative or zombie tasks for this job
[2024-09-30T11:30:53.833+0000] {spark_submit.py:490} INFO - 24/09/30 11:30:53 INFO TaskSchedulerImpl: Killing all running tasks in stage 1: Stage finished
[2024-09-30T11:30:53.839+0000] {spark_submit.py:490} INFO - 24/09/30 11:30:53 INFO DAGScheduler: Job 1 finished: hasNext at NativeMethodAccessorImpl.java:0, took 0.343090 s
[2024-09-30T11:30:54.009+0000] {spark_submit.py:490} INFO - 24/09/30 11:30:54 INFO CodeGenerator: Code generated in 85.412079 ms
[2024-09-30T11:30:54.662+0000] {spark_submit.py:490} INFO - 24/09/30 11:30:54 INFO DataSourceStrategy: Pruning directories with:
[2024-09-30T11:30:54.662+0000] {spark_submit.py:490} INFO - 24/09/30 11:30:54 INFO FileSourceStrategy: Pushed Filters:
[2024-09-30T11:30:54.662+0000] {spark_submit.py:490} INFO - 24/09/30 11:30:54 INFO FileSourceStrategy: Post-Scan Filters:
[2024-09-30T11:30:54.666+0000] {spark_submit.py:490} INFO - 24/09/30 11:30:54 INFO FileSourceStrategy: Output Data Schema: struct<collection_id: string, new_positive_cases: int, collection_date: timestamp ... 1 more fields>
[2024-09-30T11:30:54.814+0000] {spark_submit.py:490} INFO - 24/09/30 11:30:54 INFO ParquetFileFormat: Using default output committer for Parquet: org.apache.parquet.hadoop.ParquetOutputCommitter
[2024-09-30T11:30:54.854+0000] {spark_submit.py:490} INFO - 24/09/30 11:30:54 INFO FileOutputCommitter: File Output Committer Algorithm version is 1
[2024-09-30T11:30:54.857+0000] {spark_submit.py:490} INFO - 24/09/30 11:30:54 INFO FileOutputCommitter: FileOutputCommitter skip cleanup _temporary folders under output directory:false, ignore cleanup failures: false
[2024-09-30T11:30:54.858+0000] {spark_submit.py:490} INFO - 24/09/30 11:30:54 INFO SQLHadoopMapReduceCommitProtocol: Using user defined output committer class org.apache.parquet.hadoop.ParquetOutputCommitter
[2024-09-30T11:30:54.858+0000] {spark_submit.py:490} INFO - 24/09/30 11:30:54 INFO FileOutputCommitter: File Output Committer Algorithm version is 1
[2024-09-30T11:30:54.860+0000] {spark_submit.py:490} INFO - 24/09/30 11:30:54 INFO FileOutputCommitter: FileOutputCommitter skip cleanup _temporary folders under output directory:false, ignore cleanup failures: false
[2024-09-30T11:30:54.860+0000] {spark_submit.py:490} INFO - 24/09/30 11:30:54 INFO SQLHadoopMapReduceCommitProtocol: Using output committer class org.apache.parquet.hadoop.ParquetOutputCommitter
[2024-09-30T11:30:54.983+0000] {spark_submit.py:490} INFO - 24/09/30 11:30:54 INFO CodeGenerator: Code generated in 71.347488 ms
[2024-09-30T11:30:55.019+0000] {spark_submit.py:490} INFO - 24/09/30 11:30:55 INFO MemoryStore: Block broadcast_2 stored as values in memory (estimated size 177.0 KiB, free 434.2 MiB)
[2024-09-30T11:30:55.034+0000] {spark_submit.py:490} INFO - 24/09/30 11:30:55 INFO MemoryStore: Block broadcast_2_piece0 stored as bytes in memory (estimated size 28.3 KiB, free 434.2 MiB)
[2024-09-30T11:30:55.038+0000] {spark_submit.py:490} INFO - 24/09/30 11:30:55 INFO BlockManagerInfo: Added broadcast_2_piece0 in memory on 774e6edce74f:39445 (size: 28.3 KiB, free: 434.4 MiB)
[2024-09-30T11:30:55.038+0000] {spark_submit.py:490} INFO - 24/09/30 11:30:55 INFO SparkContext: Created broadcast 2 from saveAsTable at NativeMethodAccessorImpl.java:0
[2024-09-30T11:30:55.056+0000] {spark_submit.py:490} INFO - 24/09/30 11:30:55 INFO FileSourceScanExec: Planning scan with bin packing, max size: 4194304 bytes, open cost is considered as scanning 4194304 bytes.
[2024-09-30T11:30:55.195+0000] {spark_submit.py:490} INFO - 24/09/30 11:30:55 INFO BlockManagerInfo: Removed broadcast_1_piece0 on 172.18.0.7:40153 in memory (size: 2.5 KiB, free: 434.4 MiB)
[2024-09-30T11:30:55.213+0000] {spark_submit.py:490} INFO - 24/09/30 11:30:55 INFO BlockManagerInfo: Removed broadcast_1_piece0 on 774e6edce74f:39445 in memory (size: 2.5 KiB, free: 434.4 MiB)
[2024-09-30T11:30:55.247+0000] {spark_submit.py:490} INFO - 24/09/30 11:30:55 INFO SparkContext: Starting job: saveAsTable at NativeMethodAccessorImpl.java:0
[2024-09-30T11:30:55.252+0000] {spark_submit.py:490} INFO - 24/09/30 11:30:55 INFO DAGScheduler: Got job 2 (saveAsTable at NativeMethodAccessorImpl.java:0) with 1 output partitions
[2024-09-30T11:30:55.254+0000] {spark_submit.py:490} INFO - 24/09/30 11:30:55 INFO DAGScheduler: Final stage: ResultStage 2 (saveAsTable at NativeMethodAccessorImpl.java:0)
[2024-09-30T11:30:55.254+0000] {spark_submit.py:490} INFO - 24/09/30 11:30:55 INFO DAGScheduler: Parents of final stage: List()
[2024-09-30T11:30:55.254+0000] {spark_submit.py:490} INFO - 24/09/30 11:30:55 INFO DAGScheduler: Missing parents: List()
[2024-09-30T11:30:55.260+0000] {spark_submit.py:490} INFO - 24/09/30 11:30:55 INFO DAGScheduler: Submitting ResultStage 2 (MapPartitionsRDD[10] at saveAsTable at NativeMethodAccessorImpl.java:0), which has no missing parents
[2024-09-30T11:30:55.577+0000] {spark_submit.py:490} INFO - 24/09/30 11:30:55 INFO MemoryStore: Block broadcast_3 stored as values in memory (estimated size 182.8 KiB, free 434.0 MiB)
[2024-09-30T11:30:55.582+0000] {spark_submit.py:490} INFO - 24/09/30 11:30:55 INFO MemoryStore: Block broadcast_3_piece0 stored as bytes in memory (estimated size 65.6 KiB, free 434.0 MiB)
[2024-09-30T11:30:55.587+0000] {spark_submit.py:490} INFO - 24/09/30 11:30:55 INFO BlockManagerInfo: Added broadcast_3_piece0 in memory on 774e6edce74f:39445 (size: 65.6 KiB, free: 434.3 MiB)
[2024-09-30T11:30:55.597+0000] {spark_submit.py:490} INFO - 24/09/30 11:30:55 INFO SparkContext: Created broadcast 3 from broadcast at DAGScheduler.scala:1433
[2024-09-30T11:30:55.598+0000] {spark_submit.py:490} INFO - 24/09/30 11:30:55 INFO DAGScheduler: Submitting 1 missing tasks from ResultStage 2 (MapPartitionsRDD[10] at saveAsTable at NativeMethodAccessorImpl.java:0) (first 15 tasks are for partitions Vector(0))
[2024-09-30T11:30:55.598+0000] {spark_submit.py:490} INFO - 24/09/30 11:30:55 INFO TaskSchedulerImpl: Adding task set 2.0 with 1 tasks resource profile 0
[2024-09-30T11:30:55.618+0000] {spark_submit.py:490} INFO - 24/09/30 11:30:55 INFO TaskSetManager: Starting task 0.0 in stage 2.0 (TID 2) (172.18.0.7, executor 0, partition 0, ANY, 5048 bytes) taskResourceAssignments Map()
[2024-09-30T11:30:55.694+0000] {spark_submit.py:490} INFO - 24/09/30 11:30:55 INFO BlockManagerInfo: Added broadcast_3_piece0 in memory on 172.18.0.7:40153 (size: 65.6 KiB, free: 434.3 MiB)
[2024-09-30T11:30:57.677+0000] {spark_submit.py:490} INFO - 24/09/30 11:30:57 INFO BlockManagerInfo: Added broadcast_2_piece0 in memory on 172.18.0.7:40153 (size: 28.3 KiB, free: 434.3 MiB)
[2024-09-30T11:30:59.769+0000] {spark_submit.py:490} INFO - 24/09/30 11:30:59 INFO TaskSetManager: Finished task 0.0 in stage 2.0 (TID 2) in 4158 ms on 172.18.0.7 (executor 0) (1/1)
[2024-09-30T11:30:59.769+0000] {spark_submit.py:490} INFO - 24/09/30 11:30:59 INFO TaskSchedulerImpl: Removed TaskSet 2.0, whose tasks have all completed, from pool
[2024-09-30T11:30:59.772+0000] {spark_submit.py:490} INFO - 24/09/30 11:30:59 INFO DAGScheduler: ResultStage 2 (saveAsTable at NativeMethodAccessorImpl.java:0) finished in 4.444 s
[2024-09-30T11:30:59.776+0000] {spark_submit.py:490} INFO - 24/09/30 11:30:59 INFO DAGScheduler: Job 2 is finished. Cancelling potential speculative or zombie tasks for this job
[2024-09-30T11:30:59.776+0000] {spark_submit.py:490} INFO - 24/09/30 11:30:59 INFO TaskSchedulerImpl: Killing all running tasks in stage 2: Stage finished
[2024-09-30T11:30:59.779+0000] {spark_submit.py:490} INFO - 24/09/30 11:30:59 INFO DAGScheduler: Job 2 finished: saveAsTable at NativeMethodAccessorImpl.java:0, took 4.530918 s
[2024-09-30T11:30:59.910+0000] {spark_submit.py:490} INFO - 24/09/30 11:30:59 INFO FileFormatWriter: Write Job 5a7bf2a9-eff3-429b-a1fd-90a8fd747141 committed.
[2024-09-30T11:30:59.916+0000] {spark_submit.py:490} INFO - 24/09/30 11:30:59 INFO FileFormatWriter: Finished processing stats for write job 5a7bf2a9-eff3-429b-a1fd-90a8fd747141.
[2024-09-30T11:30:59.969+0000] {spark_submit.py:490} INFO - 24/09/30 11:30:59 INFO InMemoryFileIndex: It took 16 ms to list leaf files for 1 paths.
[2024-09-30T11:31:00.026+0000] {spark_submit.py:490} INFO - 24/09/30 11:31:00 INFO HiveExternalCatalog: Persisting file based data source table `default`.`cases` into Hive metastore in Hive compatible format.
[2024-09-30T11:31:00.044+0000] {spark_submit.py:490} INFO - 24/09/30 11:31:00 INFO SQLStdHiveAccessController: Created SQLStdHiveAccessController for session context : HiveAuthzSessionContext [sessionString=ef4146e4-0b01-411c-a84c-c4feac3d1a67, clientType=HIVECLI]
[2024-09-30T11:31:00.047+0000] {spark_submit.py:490} INFO - 24/09/30 11:31:00 WARN SessionState: METASTORE_FILTER_HOOK will be ignored, since hive.security.authorization.manager is set to instance of HiveAuthorizerFactory.
[2024-09-30T11:31:00.048+0000] {spark_submit.py:490} INFO - 24/09/30 11:31:00 INFO metastore: Mestastore configuration hive.metastore.filter.hook changed from org.apache.hadoop.hive.metastore.DefaultMetaStoreFilterHookImpl to org.apache.hadoop.hive.ql.security.authorization.plugin.AuthorizationMetaStoreFilterHook
[2024-09-30T11:31:00.055+0000] {spark_submit.py:490} INFO - 24/09/30 11:31:00 INFO metastore: Closed a connection to metastore, current connections: 0
[2024-09-30T11:31:00.057+0000] {spark_submit.py:490} INFO - 24/09/30 11:31:00 INFO metastore: Trying to connect to metastore with URI thrift://hive-metastore:9083
[2024-09-30T11:31:00.057+0000] {spark_submit.py:490} INFO - 24/09/30 11:31:00 INFO metastore: Opened a connection to metastore, current connections: 1
[2024-09-30T11:31:00.061+0000] {spark_submit.py:490} INFO - 24/09/30 11:31:00 INFO metastore: Connected to metastore.
[2024-09-30T11:31:00.107+0000] {spark_submit.py:490} INFO - 24/09/30 11:31:00 INFO metastore: Trying to connect to metastore with URI thrift://hive-metastore:9083
[2024-09-30T11:31:00.108+0000] {spark_submit.py:490} INFO - 24/09/30 11:31:00 INFO metastore: Opened a connection to metastore, current connections: 2
[2024-09-30T11:31:00.112+0000] {spark_submit.py:490} INFO - 24/09/30 11:31:00 INFO metastore: Connected to metastore.
[2024-09-30T11:31:00.262+0000] {spark_submit.py:490} INFO - 24/09/30 11:31:00 INFO AlterTableRecoverPartitionsCommand: Recover all the partitions in hdfs://namenode:8020/opt/hive/data/warehouse/cases
[2024-09-30T11:31:00.301+0000] {spark_submit.py:490} INFO - 24/09/30 11:31:00 INFO AlterTableRecoverPartitionsCommand: Found 1 partitions in hdfs://namenode:8020/opt/hive/data/warehouse/cases
[2024-09-30T11:31:00.308+0000] {spark_submit.py:490} INFO - 24/09/30 11:31:00 INFO AlterTableRecoverPartitionsCommand: Finished to gather the fast stats for all 1 partitions.
[2024-09-30T11:31:01.054+0000] {spark_submit.py:490} INFO - 24/09/30 11:31:01 INFO AlterTableRecoverPartitionsCommand: Recovered all partitions (1).
[2024-09-30T11:31:01.175+0000] {spark_submit.py:490} INFO - 24/09/30 11:31:01 INFO SparkContext: Invoking stop() from shutdown hook
[2024-09-30T11:31:01.207+0000] {spark_submit.py:490} INFO - 24/09/30 11:31:01 INFO SparkUI: Stopped Spark web UI at http://774e6edce74f:4042
[2024-09-30T11:31:01.213+0000] {spark_submit.py:490} INFO - 24/09/30 11:31:01 INFO StandaloneSchedulerBackend: Shutting down all executors
[2024-09-30T11:31:01.216+0000] {spark_submit.py:490} INFO - 24/09/30 11:31:01 INFO CoarseGrainedSchedulerBackend$DriverEndpoint: Asking each executor to shut down
[2024-09-30T11:31:01.322+0000] {spark_submit.py:490} INFO - 24/09/30 11:31:01 INFO MapOutputTrackerMasterEndpoint: MapOutputTrackerMasterEndpoint stopped!
[2024-09-30T11:31:01.388+0000] {spark_submit.py:490} INFO - 24/09/30 11:31:01 INFO MemoryStore: MemoryStore cleared
[2024-09-30T11:31:01.406+0000] {spark_submit.py:490} INFO - 24/09/30 11:31:01 INFO BlockManager: BlockManager stopped
[2024-09-30T11:31:01.424+0000] {spark_submit.py:490} INFO - 24/09/30 11:31:01 INFO BlockManagerMaster: BlockManagerMaster stopped
[2024-09-30T11:31:01.448+0000] {spark_submit.py:490} INFO - 24/09/30 11:31:01 INFO OutputCommitCoordinator$OutputCommitCoordinatorEndpoint: OutputCommitCoordinator stopped!
[2024-09-30T11:31:01.488+0000] {spark_submit.py:490} INFO - 24/09/30 11:31:01 INFO SparkContext: Successfully stopped SparkContext
[2024-09-30T11:31:01.493+0000] {spark_submit.py:490} INFO - 24/09/30 11:31:01 INFO ShutdownHookManager: Shutdown hook called
[2024-09-30T11:31:01.500+0000] {spark_submit.py:490} INFO - 24/09/30 11:31:01 INFO ShutdownHookManager: Deleting directory /tmp/spark-ef8ff162-acf7-4388-aadb-506e2395dfd4
[2024-09-30T11:31:01.518+0000] {spark_submit.py:490} INFO - 24/09/30 11:31:01 INFO ShutdownHookManager: Deleting directory /tmp/spark-ef8ff162-acf7-4388-aadb-506e2395dfd4/pyspark-5d054438-d42a-4822-877e-9b1d6fca7558
[2024-09-30T11:31:01.533+0000] {spark_submit.py:490} INFO - 24/09/30 11:31:01 INFO ShutdownHookManager: Deleting directory /tmp/spark-ecc77fdb-65a0-4998-9831-9b25cbacdfa4
[2024-09-30T11:31:01.859+0000] {taskinstance.py:1327} INFO - Marking task as SUCCESS. dag_id=get_cases_data, task_id=save_to_warehouse, execution_date=20221227T000000, start_date=20240930T113006, end_date=20240930T113101
[2024-09-30T11:31:02.160+0000] {local_task_job.py:159} INFO - Task exited with return code 0
[2024-09-30T11:31:02.214+0000] {taskinstance.py:2582} INFO - 1 downstream tasks scheduled from follow-on schedule check
