[2024-09-30T11:35:37.479+0000] {taskinstance.py:1087} INFO - Dependencies all met for <TaskInstance: get_cases_data.save_to_warehouse scheduled__2023-01-05T00:00:00+00:00 [queued]>
[2024-09-30T11:35:37.498+0000] {taskinstance.py:1087} INFO - Dependencies all met for <TaskInstance: get_cases_data.save_to_warehouse scheduled__2023-01-05T00:00:00+00:00 [queued]>
[2024-09-30T11:35:37.499+0000] {taskinstance.py:1283} INFO - 
--------------------------------------------------------------------------------
[2024-09-30T11:35:37.499+0000] {taskinstance.py:1284} INFO - Starting attempt 1 of 1
[2024-09-30T11:35:37.499+0000] {taskinstance.py:1285} INFO - 
--------------------------------------------------------------------------------
[2024-09-30T11:35:37.532+0000] {taskinstance.py:1304} INFO - Executing <Task(SparkSubmitOperator): save_to_warehouse> on 2023-01-05 00:00:00+00:00
[2024-09-30T11:35:37.549+0000] {standard_task_runner.py:55} INFO - Started process 6298 to run task
[2024-09-30T11:35:37.559+0000] {standard_task_runner.py:82} INFO - Running: ['***', 'tasks', 'run', 'get_cases_data', 'save_to_warehouse', 'scheduled__2023-01-05T00:00:00+00:00', '--job-id', '55', '--raw', '--subdir', 'DAGS_FOLDER/get_cases_data.py', '--cfg-path', '/tmp/tmpxmoiadk9']
[2024-09-30T11:35:37.562+0000] {standard_task_runner.py:83} INFO - Job 55: Subtask save_to_warehouse
[2024-09-30T11:35:37.685+0000] {task_command.py:389} INFO - Running <TaskInstance: get_cases_data.save_to_warehouse scheduled__2023-01-05T00:00:00+00:00 [running]> on host 774e6edce74f
[2024-09-30T11:35:37.829+0000] {taskinstance.py:1513} INFO - Exporting the following env vars:
AIRFLOW_CTX_DAG_OWNER=***
AIRFLOW_CTX_DAG_ID=get_cases_data
AIRFLOW_CTX_TASK_ID=save_to_warehouse
AIRFLOW_CTX_EXECUTION_DATE=2023-01-05T00:00:00+00:00
AIRFLOW_CTX_TRY_NUMBER=1
AIRFLOW_CTX_DAG_RUN_ID=scheduled__2023-01-05T00:00:00+00:00
[2024-09-30T11:35:37.835+0000] {base.py:73} INFO - Using connection ID 'spark_connection' for task execution.
[2024-09-30T11:35:37.837+0000] {spark_submit.py:339} INFO - Spark-Submit cmd: spark-submit --master spark://spark-master:7077 --name save_to_warehouse --verbose /usr/local/spark/app/save_to_warehouse.py
[2024-09-30T11:35:40.083+0000] {spark_submit.py:490} INFO - Using properties file: null
[2024-09-30T11:35:40.341+0000] {spark_submit.py:490} INFO - WARNING: An illegal reflective access operation has occurred
[2024-09-30T11:35:40.342+0000] {spark_submit.py:490} INFO - WARNING: Illegal reflective access by org.apache.spark.unsafe.Platform (file:/home/***/.local/lib/python3.7/site-packages/pyspark/jars/spark-unsafe_2.12-3.1.3.jar) to constructor java.nio.DirectByteBuffer(long,int)
[2024-09-30T11:35:40.342+0000] {spark_submit.py:490} INFO - WARNING: Please consider reporting this to the maintainers of org.apache.spark.unsafe.Platform
[2024-09-30T11:35:40.342+0000] {spark_submit.py:490} INFO - WARNING: Use --illegal-access=warn to enable warnings of further illegal reflective access operations
[2024-09-30T11:35:40.342+0000] {spark_submit.py:490} INFO - WARNING: All illegal access operations will be denied in a future release
[2024-09-30T11:35:40.420+0000] {spark_submit.py:490} INFO - Parsed arguments:
[2024-09-30T11:35:40.420+0000] {spark_submit.py:490} INFO - master                  spark://spark-master:7077
[2024-09-30T11:35:40.423+0000] {spark_submit.py:490} INFO - deployMode              null
[2024-09-30T11:35:40.423+0000] {spark_submit.py:490} INFO - executorMemory          null
[2024-09-30T11:35:40.423+0000] {spark_submit.py:490} INFO - executorCores           null
[2024-09-30T11:35:40.423+0000] {spark_submit.py:490} INFO - totalExecutorCores      null
[2024-09-30T11:35:40.423+0000] {spark_submit.py:490} INFO - propertiesFile          null
[2024-09-30T11:35:40.423+0000] {spark_submit.py:490} INFO - driverMemory            null
[2024-09-30T11:35:40.423+0000] {spark_submit.py:490} INFO - driverCores             null
[2024-09-30T11:35:40.424+0000] {spark_submit.py:490} INFO - driverExtraClassPath    null
[2024-09-30T11:35:40.424+0000] {spark_submit.py:490} INFO - driverExtraLibraryPath  null
[2024-09-30T11:35:40.424+0000] {spark_submit.py:490} INFO - driverExtraJavaOptions  null
[2024-09-30T11:35:40.427+0000] {spark_submit.py:490} INFO - supervise               false
[2024-09-30T11:35:40.427+0000] {spark_submit.py:490} INFO - queue                   null
[2024-09-30T11:35:40.427+0000] {spark_submit.py:490} INFO - numExecutors            null
[2024-09-30T11:35:40.427+0000] {spark_submit.py:490} INFO - files                   null
[2024-09-30T11:35:40.427+0000] {spark_submit.py:490} INFO - pyFiles                 null
[2024-09-30T11:35:40.427+0000] {spark_submit.py:490} INFO - archives                null
[2024-09-30T11:35:40.427+0000] {spark_submit.py:490} INFO - mainClass               null
[2024-09-30T11:35:40.427+0000] {spark_submit.py:490} INFO - primaryResource         file:/usr/local/spark/app/save_to_warehouse.py
[2024-09-30T11:35:40.428+0000] {spark_submit.py:490} INFO - name                    save_to_warehouse
[2024-09-30T11:35:40.428+0000] {spark_submit.py:490} INFO - childArgs               []
[2024-09-30T11:35:40.428+0000] {spark_submit.py:490} INFO - jars                    null
[2024-09-30T11:35:40.428+0000] {spark_submit.py:490} INFO - packages                null
[2024-09-30T11:35:40.428+0000] {spark_submit.py:490} INFO - packagesExclusions      null
[2024-09-30T11:35:40.428+0000] {spark_submit.py:490} INFO - repositories            null
[2024-09-30T11:35:40.428+0000] {spark_submit.py:490} INFO - verbose                 true
[2024-09-30T11:35:40.428+0000] {spark_submit.py:490} INFO - 
[2024-09-30T11:35:40.429+0000] {spark_submit.py:490} INFO - Spark properties used, including those specified through
[2024-09-30T11:35:40.429+0000] {spark_submit.py:490} INFO - --conf and those from the properties file null:
[2024-09-30T11:35:40.429+0000] {spark_submit.py:490} INFO - 
[2024-09-30T11:35:40.429+0000] {spark_submit.py:490} INFO - 
[2024-09-30T11:35:40.432+0000] {spark_submit.py:490} INFO - 
[2024-09-30T11:35:41.193+0000] {spark_submit.py:490} INFO - 24/09/30 11:35:41 WARN NativeCodeLoader: Unable to load native-hadoop library for your platform... using builtin-java classes where applicable
[2024-09-30T11:35:41.472+0000] {spark_submit.py:490} INFO - Main class:
[2024-09-30T11:35:41.473+0000] {spark_submit.py:490} INFO - org.apache.spark.deploy.PythonRunner
[2024-09-30T11:35:41.475+0000] {spark_submit.py:490} INFO - Arguments:
[2024-09-30T11:35:41.476+0000] {spark_submit.py:490} INFO - file:/usr/local/spark/app/save_to_warehouse.py
[2024-09-30T11:35:41.476+0000] {spark_submit.py:490} INFO - null
[2024-09-30T11:35:41.480+0000] {spark_submit.py:490} INFO - Spark config:
[2024-09-30T11:35:41.481+0000] {spark_submit.py:490} INFO - (spark.app.name,save_to_warehouse)
[2024-09-30T11:35:41.481+0000] {spark_submit.py:490} INFO - (spark.master,spark://spark-master:7077)
[2024-09-30T11:35:41.481+0000] {spark_submit.py:490} INFO - (spark.submit.pyFiles,)
[2024-09-30T11:35:41.483+0000] {spark_submit.py:490} INFO - (spark.submit.deployMode,client)
[2024-09-30T11:35:41.484+0000] {spark_submit.py:490} INFO - Classpath elements:
[2024-09-30T11:35:41.484+0000] {spark_submit.py:490} INFO - 
[2024-09-30T11:35:41.484+0000] {spark_submit.py:490} INFO - 
[2024-09-30T11:35:41.484+0000] {spark_submit.py:490} INFO - 
[2024-09-30T11:35:42.765+0000] {spark_submit.py:490} INFO - Using Spark's default log4j profile: org/apache/spark/log4j-defaults.properties
[2024-09-30T11:35:42.781+0000] {spark_submit.py:490} INFO - 24/09/30 11:35:42 INFO SparkContext: Running Spark version 3.1.3
[2024-09-30T11:35:42.846+0000] {spark_submit.py:490} INFO - 24/09/30 11:35:42 INFO ResourceUtils: ==============================================================
[2024-09-30T11:35:42.847+0000] {spark_submit.py:490} INFO - 24/09/30 11:35:42 INFO ResourceUtils: No custom resources configured for spark.driver.
[2024-09-30T11:35:42.850+0000] {spark_submit.py:490} INFO - 24/09/30 11:35:42 INFO ResourceUtils: ==============================================================
[2024-09-30T11:35:42.850+0000] {spark_submit.py:490} INFO - 24/09/30 11:35:42 INFO SparkContext: Submitted application: save_to_warehouse
[2024-09-30T11:35:42.895+0000] {spark_submit.py:490} INFO - 24/09/30 11:35:42 INFO ResourceProfile: Default ResourceProfile created, executor resources: Map(cores -> name: cores, amount: 1, script: , vendor: , memory -> name: memory, amount: 1024, script: , vendor: , offHeap -> name: offHeap, amount: 0, script: , vendor: ), task resources: Map(cpus -> name: cpus, amount: 1.0)
[2024-09-30T11:35:42.922+0000] {spark_submit.py:490} INFO - 24/09/30 11:35:42 INFO ResourceProfile: Limiting resource is cpu
[2024-09-30T11:35:42.924+0000] {spark_submit.py:490} INFO - 24/09/30 11:35:42 INFO ResourceProfileManager: Added ResourceProfile id: 0
[2024-09-30T11:35:43.037+0000] {spark_submit.py:490} INFO - 24/09/30 11:35:43 INFO SecurityManager: Changing view acls to: default
[2024-09-30T11:35:43.038+0000] {spark_submit.py:490} INFO - 24/09/30 11:35:43 INFO SecurityManager: Changing modify acls to: default
[2024-09-30T11:35:43.038+0000] {spark_submit.py:490} INFO - 24/09/30 11:35:43 INFO SecurityManager: Changing view acls groups to:
[2024-09-30T11:35:43.038+0000] {spark_submit.py:490} INFO - 24/09/30 11:35:43 INFO SecurityManager: Changing modify acls groups to:
[2024-09-30T11:35:43.038+0000] {spark_submit.py:490} INFO - 24/09/30 11:35:43 INFO SecurityManager: SecurityManager: authentication disabled; ui acls disabled; users  with view permissions: Set(default); groups with view permissions: Set(); users  with modify permissions: Set(default); groups with modify permissions: Set()
[2024-09-30T11:35:43.455+0000] {spark_submit.py:490} INFO - 24/09/30 11:35:43 INFO Utils: Successfully started service 'sparkDriver' on port 46267.
[2024-09-30T11:35:43.531+0000] {spark_submit.py:490} INFO - 24/09/30 11:35:43 INFO SparkEnv: Registering MapOutputTracker
[2024-09-30T11:35:43.607+0000] {spark_submit.py:490} INFO - 24/09/30 11:35:43 INFO SparkEnv: Registering BlockManagerMaster
[2024-09-30T11:35:43.684+0000] {spark_submit.py:490} INFO - 24/09/30 11:35:43 INFO BlockManagerMasterEndpoint: Using org.apache.spark.storage.DefaultTopologyMapper for getting topology information
[2024-09-30T11:35:43.686+0000] {spark_submit.py:490} INFO - 24/09/30 11:35:43 INFO BlockManagerMasterEndpoint: BlockManagerMasterEndpoint up
[2024-09-30T11:35:43.703+0000] {spark_submit.py:490} INFO - 24/09/30 11:35:43 INFO SparkEnv: Registering BlockManagerMasterHeartbeat
[2024-09-30T11:35:43.734+0000] {spark_submit.py:490} INFO - 24/09/30 11:35:43 INFO DiskBlockManager: Created local directory at /tmp/blockmgr-b2b21f3f-199f-4168-b797-0aa77bd72afe
[2024-09-30T11:35:43.781+0000] {spark_submit.py:490} INFO - 24/09/30 11:35:43 INFO MemoryStore: MemoryStore started with capacity 434.4 MiB
[2024-09-30T11:35:43.814+0000] {spark_submit.py:490} INFO - 24/09/30 11:35:43 INFO SparkEnv: Registering OutputCommitCoordinator
[2024-09-30T11:35:44.146+0000] {spark_submit.py:490} INFO - 24/09/30 11:35:44 WARN Utils: Service 'SparkUI' could not bind on port 4040. Attempting port 4041.
[2024-09-30T11:35:44.147+0000] {spark_submit.py:490} INFO - 24/09/30 11:35:44 WARN Utils: Service 'SparkUI' could not bind on port 4041. Attempting port 4042.
[2024-09-30T11:35:44.183+0000] {spark_submit.py:490} INFO - 24/09/30 11:35:44 INFO Utils: Successfully started service 'SparkUI' on port 4042.
[2024-09-30T11:35:44.302+0000] {spark_submit.py:490} INFO - 24/09/30 11:35:44 INFO SparkUI: Bound SparkUI to 0.0.0.0, and started at http://774e6edce74f:4042
[2024-09-30T11:35:44.867+0000] {spark_submit.py:490} INFO - 24/09/30 11:35:44 INFO StandaloneAppClient$ClientEndpoint: Connecting to master spark://spark-master:7077...
[2024-09-30T11:35:45.077+0000] {spark_submit.py:490} INFO - 24/09/30 11:35:45 INFO TransportClientFactory: Successfully created connection to spark-master/172.18.0.5:7077 after 127 ms (0 ms spent in bootstraps)
[2024-09-30T11:35:45.461+0000] {spark_submit.py:490} INFO - 24/09/30 11:35:45 INFO StandaloneSchedulerBackend: Connected to Spark cluster with app ID app-20240930113545-0034
[2024-09-30T11:35:45.480+0000] {spark_submit.py:490} INFO - 24/09/30 11:35:45 INFO Utils: Successfully started service 'org.apache.spark.network.netty.NettyBlockTransferService' on port 41273.
[2024-09-30T11:35:45.480+0000] {spark_submit.py:490} INFO - 24/09/30 11:35:45 INFO NettyBlockTransferService: Server created on 774e6edce74f:41273
[2024-09-30T11:35:45.489+0000] {spark_submit.py:490} INFO - 24/09/30 11:35:45 INFO BlockManager: Using org.apache.spark.storage.RandomBlockReplicationPolicy for block replication policy
[2024-09-30T11:35:45.531+0000] {spark_submit.py:490} INFO - 24/09/30 11:35:45 INFO BlockManagerMaster: Registering BlockManager BlockManagerId(driver, 774e6edce74f, 41273, None)
[2024-09-30T11:35:45.542+0000] {spark_submit.py:490} INFO - 24/09/30 11:35:45 INFO BlockManagerMasterEndpoint: Registering block manager 774e6edce74f:41273 with 434.4 MiB RAM, BlockManagerId(driver, 774e6edce74f, 41273, None)
[2024-09-30T11:35:45.549+0000] {spark_submit.py:490} INFO - 24/09/30 11:35:45 INFO BlockManagerMaster: Registered BlockManager BlockManagerId(driver, 774e6edce74f, 41273, None)
[2024-09-30T11:35:45.557+0000] {spark_submit.py:490} INFO - 24/09/30 11:35:45 INFO BlockManager: Initialized BlockManager: BlockManagerId(driver, 774e6edce74f, 41273, None)
[2024-09-30T11:35:45.949+0000] {spark_submit.py:490} INFO - 24/09/30 11:35:45 INFO StandaloneSchedulerBackend: SchedulerBackend is ready for scheduling beginning after reached minRegisteredResourcesRatio: 0.0
[2024-09-30T11:35:46.363+0000] {spark_submit.py:490} INFO - 24/09/30 11:35:46 INFO SharedState: Setting hive.metastore.warehouse.dir ('null') to the value of spark.sql.warehouse.dir ('/user/hive/warehouse').
[2024-09-30T11:35:46.364+0000] {spark_submit.py:490} INFO - 24/09/30 11:35:46 INFO SharedState: Warehouse path is '/user/hive/warehouse'.
[2024-09-30T11:35:48.849+0000] {spark_submit.py:490} INFO - 24/09/30 11:35:48 INFO InMemoryFileIndex: It took 205 ms to list leaf files for 1 paths.
[2024-09-30T11:35:49.656+0000] {spark_submit.py:490} INFO - 24/09/30 11:35:49 INFO SparkContext: Starting job: parquet at NativeMethodAccessorImpl.java:0
[2024-09-30T11:35:49.681+0000] {spark_submit.py:490} INFO - 24/09/30 11:35:49 INFO DAGScheduler: Got job 0 (parquet at NativeMethodAccessorImpl.java:0) with 1 output partitions
[2024-09-30T11:35:49.683+0000] {spark_submit.py:490} INFO - 24/09/30 11:35:49 INFO DAGScheduler: Final stage: ResultStage 0 (parquet at NativeMethodAccessorImpl.java:0)
[2024-09-30T11:35:49.684+0000] {spark_submit.py:490} INFO - 24/09/30 11:35:49 INFO DAGScheduler: Parents of final stage: List()
[2024-09-30T11:35:49.688+0000] {spark_submit.py:490} INFO - 24/09/30 11:35:49 INFO DAGScheduler: Missing parents: List()
[2024-09-30T11:35:49.707+0000] {spark_submit.py:490} INFO - 24/09/30 11:35:49 INFO DAGScheduler: Submitting ResultStage 0 (MapPartitionsRDD[1] at parquet at NativeMethodAccessorImpl.java:0), which has no missing parents
[2024-09-30T11:35:49.826+0000] {spark_submit.py:490} INFO - 24/09/30 11:35:49 INFO MemoryStore: Block broadcast_0 stored as values in memory (estimated size 84.0 KiB, free 434.3 MiB)
[2024-09-30T11:35:50.009+0000] {spark_submit.py:490} INFO - 24/09/30 11:35:50 INFO MemoryStore: Block broadcast_0_piece0 stored as bytes in memory (estimated size 29.8 KiB, free 434.3 MiB)
[2024-09-30T11:35:50.014+0000] {spark_submit.py:490} INFO - 24/09/30 11:35:50 INFO BlockManagerInfo: Added broadcast_0_piece0 in memory on 774e6edce74f:41273 (size: 29.8 KiB, free: 434.4 MiB)
[2024-09-30T11:35:50.025+0000] {spark_submit.py:490} INFO - 24/09/30 11:35:50 INFO SparkContext: Created broadcast 0 from broadcast at DAGScheduler.scala:1433
[2024-09-30T11:35:50.108+0000] {spark_submit.py:490} INFO - 24/09/30 11:35:50 INFO DAGScheduler: Submitting 1 missing tasks from ResultStage 0 (MapPartitionsRDD[1] at parquet at NativeMethodAccessorImpl.java:0) (first 15 tasks are for partitions Vector(0))
[2024-09-30T11:35:50.109+0000] {spark_submit.py:490} INFO - 24/09/30 11:35:50 INFO TaskSchedulerImpl: Adding task set 0.0 with 1 tasks resource profile 0
[2024-09-30T11:36:05.172+0000] {spark_submit.py:490} INFO - 24/09/30 11:36:05 WARN TaskSchedulerImpl: Initial job has not accepted any resources; check your cluster UI to ensure that workers are registered and have sufficient resources
[2024-09-30T11:36:11.958+0000] {spark_submit.py:490} INFO - 24/09/30 11:36:11 INFO StandaloneAppClient$ClientEndpoint: Executor added: app-20240930113545-0034/0 on worker-20240930112313-172.18.0.7-33165 (172.18.0.7:33165) with 4 core(s)
[2024-09-30T11:36:11.967+0000] {spark_submit.py:490} INFO - 24/09/30 11:36:11 INFO StandaloneSchedulerBackend: Granted executor ID app-20240930113545-0034/0 on hostPort 172.18.0.7:33165 with 4 core(s), 1024.0 MiB RAM
[2024-09-30T11:36:12.074+0000] {spark_submit.py:490} INFO - 24/09/30 11:36:12 INFO StandaloneAppClient$ClientEndpoint: Executor updated: app-20240930113545-0034/0 is now RUNNING
[2024-09-30T11:36:15.654+0000] {spark_submit.py:490} INFO - 24/09/30 11:36:15 INFO CoarseGrainedSchedulerBackend$DriverEndpoint: Registered executor NettyRpcEndpointRef(spark-client://Executor) (172.18.0.7:35310) with ID 0,  ResourceProfileId 0
[2024-09-30T11:36:15.864+0000] {spark_submit.py:490} INFO - 24/09/30 11:36:15 INFO BlockManagerMasterEndpoint: Registering block manager 172.18.0.7:36593 with 434.4 MiB RAM, BlockManagerId(0, 172.18.0.7, 36593, None)
[2024-09-30T11:36:15.955+0000] {spark_submit.py:490} INFO - 24/09/30 11:36:15 INFO TaskSetManager: Starting task 0.0 in stage 0.0 (TID 0) (172.18.0.7, executor 0, partition 0, PROCESS_LOCAL, 4732 bytes) taskResourceAssignments Map()
[2024-09-30T11:36:16.458+0000] {spark_submit.py:490} INFO - 24/09/30 11:36:16 INFO BlockManagerInfo: Added broadcast_0_piece0 in memory on 172.18.0.7:36593 (size: 29.8 KiB, free: 434.4 MiB)
[2024-09-30T11:36:18.097+0000] {spark_submit.py:490} INFO - 24/09/30 11:36:18 INFO TaskSetManager: Finished task 0.0 in stage 0.0 (TID 0) in 2158 ms on 172.18.0.7 (executor 0) (1/1)
[2024-09-30T11:36:18.099+0000] {spark_submit.py:490} INFO - 24/09/30 11:36:18 INFO TaskSchedulerImpl: Removed TaskSet 0.0, whose tasks have all completed, from pool
[2024-09-30T11:36:18.111+0000] {spark_submit.py:490} INFO - 24/09/30 11:36:18 INFO DAGScheduler: ResultStage 0 (parquet at NativeMethodAccessorImpl.java:0) finished in 28.380 s
[2024-09-30T11:36:18.121+0000] {spark_submit.py:490} INFO - 24/09/30 11:36:18 INFO DAGScheduler: Job 0 is finished. Cancelling potential speculative or zombie tasks for this job
[2024-09-30T11:36:18.121+0000] {spark_submit.py:490} INFO - 24/09/30 11:36:18 INFO TaskSchedulerImpl: Killing all running tasks in stage 0: Stage finished
[2024-09-30T11:36:18.125+0000] {spark_submit.py:490} INFO - 24/09/30 11:36:18 INFO DAGScheduler: Job 0 finished: parquet at NativeMethodAccessorImpl.java:0, took 28.468286 s
[2024-09-30T11:36:18.878+0000] {spark_submit.py:490} INFO - 24/09/30 11:36:18 INFO BlockManagerInfo: Removed broadcast_0_piece0 on 774e6edce74f:41273 in memory (size: 29.8 KiB, free: 434.4 MiB)
[2024-09-30T11:36:18.884+0000] {spark_submit.py:490} INFO - 24/09/30 11:36:18 INFO BlockManagerInfo: Removed broadcast_0_piece0 on 172.18.0.7:36593 in memory (size: 29.8 KiB, free: 434.4 MiB)
[2024-09-30T11:36:20.377+0000] {spark_submit.py:490} INFO - 24/09/30 11:36:20 INFO HiveConf: Found configuration file null
[2024-09-30T11:36:20.396+0000] {spark_submit.py:490} INFO - 24/09/30 11:36:20 INFO HiveUtils: Initializing HiveMetastoreConnection version 2.3.7 using Spark classes.
[2024-09-30T11:36:20.997+0000] {spark_submit.py:490} INFO - 24/09/30 11:36:20 INFO SessionState: Created HDFS directory: hdfs://namenode:8020/opt/hive/scratch_dir/default/1e278bdf-be9a-476c-b31a-525402d5558f
[2024-09-30T11:36:21.021+0000] {spark_submit.py:490} INFO - 24/09/30 11:36:21 INFO SessionState: Created local directory: /tmp/default/1e278bdf-be9a-476c-b31a-525402d5558f
[2024-09-30T11:36:21.032+0000] {spark_submit.py:490} INFO - 24/09/30 11:36:21 INFO SessionState: Created HDFS directory: hdfs://namenode:8020/opt/hive/scratch_dir/default/1e278bdf-be9a-476c-b31a-525402d5558f/_tmp_space.db
[2024-09-30T11:36:21.054+0000] {spark_submit.py:490} INFO - 24/09/30 11:36:21 INFO HiveClientImpl: Warehouse location for Hive client (version 2.3.7) is /user/hive/warehouse
[2024-09-30T11:36:21.796+0000] {spark_submit.py:490} INFO - 24/09/30 11:36:21 INFO metastore: Trying to connect to metastore with URI thrift://hive-metastore:9083
[2024-09-30T11:36:21.828+0000] {spark_submit.py:490} INFO - 24/09/30 11:36:21 INFO metastore: Opened a connection to metastore, current connections: 1
[2024-09-30T11:36:21.866+0000] {spark_submit.py:490} INFO - 24/09/30 11:36:21 INFO metastore: Connected to metastore.
[2024-09-30T11:36:23.891+0000] {spark_submit.py:490} INFO - 24/09/30 11:36:23 INFO CodeGenerator: Code generated in 649.504744 ms
[2024-09-30T11:36:24.636+0000] {spark_submit.py:490} INFO - 24/09/30 11:36:24 INFO CodeGenerator: Code generated in 24.048406 ms
[2024-09-30T11:36:24.692+0000] {spark_submit.py:490} INFO - 24/09/30 11:36:24 INFO SparkContext: Starting job: hasNext at NativeMethodAccessorImpl.java:0
[2024-09-30T11:36:24.695+0000] {spark_submit.py:490} INFO - 24/09/30 11:36:24 INFO DAGScheduler: Got job 1 (hasNext at NativeMethodAccessorImpl.java:0) with 1 output partitions
[2024-09-30T11:36:24.696+0000] {spark_submit.py:490} INFO - 24/09/30 11:36:24 INFO DAGScheduler: Final stage: ResultStage 1 (hasNext at NativeMethodAccessorImpl.java:0)
[2024-09-30T11:36:24.696+0000] {spark_submit.py:490} INFO - 24/09/30 11:36:24 INFO DAGScheduler: Parents of final stage: List()
[2024-09-30T11:36:24.701+0000] {spark_submit.py:490} INFO - 24/09/30 11:36:24 INFO DAGScheduler: Missing parents: List()
[2024-09-30T11:36:24.701+0000] {spark_submit.py:490} INFO - 24/09/30 11:36:24 INFO DAGScheduler: Submitting ResultStage 1 (MapPartitionsRDD[5] at toLocalIterator at NativeMethodAccessorImpl.java:0), which has no missing parents
[2024-09-30T11:36:24.707+0000] {spark_submit.py:490} INFO - 24/09/30 11:36:24 INFO MemoryStore: Block broadcast_1 stored as values in memory (estimated size 4.6 KiB, free 434.4 MiB)
[2024-09-30T11:36:24.714+0000] {spark_submit.py:490} INFO - 24/09/30 11:36:24 INFO MemoryStore: Block broadcast_1_piece0 stored as bytes in memory (estimated size 2.5 KiB, free 434.4 MiB)
[2024-09-30T11:36:24.722+0000] {spark_submit.py:490} INFO - 24/09/30 11:36:24 INFO BlockManagerInfo: Added broadcast_1_piece0 in memory on 774e6edce74f:41273 (size: 2.5 KiB, free: 434.4 MiB)
[2024-09-30T11:36:24.722+0000] {spark_submit.py:490} INFO - 24/09/30 11:36:24 INFO SparkContext: Created broadcast 1 from broadcast at DAGScheduler.scala:1433
[2024-09-30T11:36:24.722+0000] {spark_submit.py:490} INFO - 24/09/30 11:36:24 INFO DAGScheduler: Submitting 1 missing tasks from ResultStage 1 (MapPartitionsRDD[5] at toLocalIterator at NativeMethodAccessorImpl.java:0) (first 15 tasks are for partitions Vector(0))
[2024-09-30T11:36:24.723+0000] {spark_submit.py:490} INFO - 24/09/30 11:36:24 INFO TaskSchedulerImpl: Adding task set 1.0 with 1 tasks resource profile 0
[2024-09-30T11:36:24.732+0000] {spark_submit.py:490} INFO - 24/09/30 11:36:24 INFO TaskSetManager: Starting task 0.0 in stage 1.0 (TID 1) (172.18.0.7, executor 0, partition 0, PROCESS_LOCAL, 4713 bytes) taskResourceAssignments Map()
[2024-09-30T11:36:24.806+0000] {spark_submit.py:490} INFO - 24/09/30 11:36:24 INFO BlockManagerInfo: Added broadcast_1_piece0 in memory on 172.18.0.7:36593 (size: 2.5 KiB, free: 434.4 MiB)
[2024-09-30T11:36:24.946+0000] {spark_submit.py:490} INFO - 24/09/30 11:36:24 INFO TaskSetManager: Finished task 0.0 in stage 1.0 (TID 1) in 218 ms on 172.18.0.7 (executor 0) (1/1)
[2024-09-30T11:36:24.947+0000] {spark_submit.py:490} INFO - 24/09/30 11:36:24 INFO TaskSchedulerImpl: Removed TaskSet 1.0, whose tasks have all completed, from pool
[2024-09-30T11:36:24.948+0000] {spark_submit.py:490} INFO - 24/09/30 11:36:24 INFO DAGScheduler: ResultStage 1 (hasNext at NativeMethodAccessorImpl.java:0) finished in 0.246 s
[2024-09-30T11:36:24.949+0000] {spark_submit.py:490} INFO - 24/09/30 11:36:24 INFO DAGScheduler: Job 1 is finished. Cancelling potential speculative or zombie tasks for this job
[2024-09-30T11:36:24.949+0000] {spark_submit.py:490} INFO - 24/09/30 11:36:24 INFO TaskSchedulerImpl: Killing all running tasks in stage 1: Stage finished
[2024-09-30T11:36:24.952+0000] {spark_submit.py:490} INFO - 24/09/30 11:36:24 INFO DAGScheduler: Job 1 finished: hasNext at NativeMethodAccessorImpl.java:0, took 0.258596 s
[2024-09-30T11:36:25.029+0000] {spark_submit.py:490} INFO - 24/09/30 11:36:25 INFO BlockManagerInfo: Removed broadcast_1_piece0 on 774e6edce74f:41273 in memory (size: 2.5 KiB, free: 434.4 MiB)
[2024-09-30T11:36:25.035+0000] {spark_submit.py:490} INFO - 24/09/30 11:36:25 INFO BlockManagerInfo: Removed broadcast_1_piece0 on 172.18.0.7:36593 in memory (size: 2.5 KiB, free: 434.4 MiB)
[2024-09-30T11:36:25.076+0000] {spark_submit.py:490} INFO - 24/09/30 11:36:25 INFO CodeGenerator: Code generated in 58.058493 ms
[2024-09-30T11:36:25.542+0000] {spark_submit.py:490} INFO - 24/09/30 11:36:25 INFO DataSourceStrategy: Pruning directories with:
[2024-09-30T11:36:25.546+0000] {spark_submit.py:490} INFO - 24/09/30 11:36:25 INFO FileSourceStrategy: Pushed Filters:
[2024-09-30T11:36:25.547+0000] {spark_submit.py:490} INFO - 24/09/30 11:36:25 INFO FileSourceStrategy: Post-Scan Filters:
[2024-09-30T11:36:25.550+0000] {spark_submit.py:490} INFO - 24/09/30 11:36:25 INFO FileSourceStrategy: Output Data Schema: struct<collection_id: string, new_positive_cases: int, collection_date: timestamp ... 1 more fields>
[2024-09-30T11:36:25.706+0000] {spark_submit.py:490} INFO - 24/09/30 11:36:25 INFO ParquetFileFormat: Using default output committer for Parquet: org.apache.parquet.hadoop.ParquetOutputCommitter
[2024-09-30T11:36:25.744+0000] {spark_submit.py:490} INFO - 24/09/30 11:36:25 INFO FileOutputCommitter: File Output Committer Algorithm version is 1
[2024-09-30T11:36:25.745+0000] {spark_submit.py:490} INFO - 24/09/30 11:36:25 INFO FileOutputCommitter: FileOutputCommitter skip cleanup _temporary folders under output directory:false, ignore cleanup failures: false
[2024-09-30T11:36:25.747+0000] {spark_submit.py:490} INFO - 24/09/30 11:36:25 INFO SQLHadoopMapReduceCommitProtocol: Using user defined output committer class org.apache.parquet.hadoop.ParquetOutputCommitter
[2024-09-30T11:36:25.748+0000] {spark_submit.py:490} INFO - 24/09/30 11:36:25 INFO FileOutputCommitter: File Output Committer Algorithm version is 1
[2024-09-30T11:36:25.748+0000] {spark_submit.py:490} INFO - 24/09/30 11:36:25 INFO FileOutputCommitter: FileOutputCommitter skip cleanup _temporary folders under output directory:false, ignore cleanup failures: false
[2024-09-30T11:36:25.749+0000] {spark_submit.py:490} INFO - 24/09/30 11:36:25 INFO SQLHadoopMapReduceCommitProtocol: Using output committer class org.apache.parquet.hadoop.ParquetOutputCommitter
[2024-09-30T11:36:25.888+0000] {spark_submit.py:490} INFO - 24/09/30 11:36:25 INFO CodeGenerator: Code generated in 74.661245 ms
[2024-09-30T11:36:25.942+0000] {spark_submit.py:490} INFO - 24/09/30 11:36:25 INFO MemoryStore: Block broadcast_2 stored as values in memory (estimated size 177.0 KiB, free 434.2 MiB)
[2024-09-30T11:36:25.962+0000] {spark_submit.py:490} INFO - 24/09/30 11:36:25 INFO MemoryStore: Block broadcast_2_piece0 stored as bytes in memory (estimated size 28.3 KiB, free 434.2 MiB)
[2024-09-30T11:36:25.967+0000] {spark_submit.py:490} INFO - 24/09/30 11:36:25 INFO BlockManagerInfo: Added broadcast_2_piece0 in memory on 774e6edce74f:41273 (size: 28.3 KiB, free: 434.4 MiB)
[2024-09-30T11:36:25.970+0000] {spark_submit.py:490} INFO - 24/09/30 11:36:25 INFO SparkContext: Created broadcast 2 from saveAsTable at NativeMethodAccessorImpl.java:0
[2024-09-30T11:36:26.004+0000] {spark_submit.py:490} INFO - 24/09/30 11:36:26 INFO FileSourceScanExec: Planning scan with bin packing, max size: 4194304 bytes, open cost is considered as scanning 4194304 bytes.
[2024-09-30T11:36:26.190+0000] {spark_submit.py:490} INFO - 24/09/30 11:36:26 INFO SparkContext: Starting job: saveAsTable at NativeMethodAccessorImpl.java:0
[2024-09-30T11:36:26.200+0000] {spark_submit.py:490} INFO - 24/09/30 11:36:26 INFO DAGScheduler: Got job 2 (saveAsTable at NativeMethodAccessorImpl.java:0) with 1 output partitions
[2024-09-30T11:36:26.201+0000] {spark_submit.py:490} INFO - 24/09/30 11:36:26 INFO DAGScheduler: Final stage: ResultStage 2 (saveAsTable at NativeMethodAccessorImpl.java:0)
[2024-09-30T11:36:26.201+0000] {spark_submit.py:490} INFO - 24/09/30 11:36:26 INFO DAGScheduler: Parents of final stage: List()
[2024-09-30T11:36:26.201+0000] {spark_submit.py:490} INFO - 24/09/30 11:36:26 INFO DAGScheduler: Missing parents: List()
[2024-09-30T11:36:26.206+0000] {spark_submit.py:490} INFO - 24/09/30 11:36:26 INFO DAGScheduler: Submitting ResultStage 2 (MapPartitionsRDD[10] at saveAsTable at NativeMethodAccessorImpl.java:0), which has no missing parents
[2024-09-30T11:36:26.307+0000] {spark_submit.py:490} INFO - 24/09/30 11:36:26 INFO MemoryStore: Block broadcast_3 stored as values in memory (estimated size 182.8 KiB, free 434.0 MiB)
[2024-09-30T11:36:26.313+0000] {spark_submit.py:490} INFO - 24/09/30 11:36:26 INFO MemoryStore: Block broadcast_3_piece0 stored as bytes in memory (estimated size 65.6 KiB, free 434.0 MiB)
[2024-09-30T11:36:26.314+0000] {spark_submit.py:490} INFO - 24/09/30 11:36:26 INFO BlockManagerInfo: Added broadcast_3_piece0 in memory on 774e6edce74f:41273 (size: 65.6 KiB, free: 434.3 MiB)
[2024-09-30T11:36:26.319+0000] {spark_submit.py:490} INFO - 24/09/30 11:36:26 INFO SparkContext: Created broadcast 3 from broadcast at DAGScheduler.scala:1433
[2024-09-30T11:36:26.319+0000] {spark_submit.py:490} INFO - 24/09/30 11:36:26 INFO DAGScheduler: Submitting 1 missing tasks from ResultStage 2 (MapPartitionsRDD[10] at saveAsTable at NativeMethodAccessorImpl.java:0) (first 15 tasks are for partitions Vector(0))
[2024-09-30T11:36:26.320+0000] {spark_submit.py:490} INFO - 24/09/30 11:36:26 INFO TaskSchedulerImpl: Adding task set 2.0 with 1 tasks resource profile 0
[2024-09-30T11:36:26.334+0000] {spark_submit.py:490} INFO - 24/09/30 11:36:26 INFO TaskSetManager: Starting task 0.0 in stage 2.0 (TID 2) (172.18.0.7, executor 0, partition 0, ANY, 5048 bytes) taskResourceAssignments Map()
[2024-09-30T11:36:26.485+0000] {spark_submit.py:490} INFO - 24/09/30 11:36:26 INFO BlockManagerInfo: Added broadcast_3_piece0 in memory on 172.18.0.7:36593 (size: 65.6 KiB, free: 434.3 MiB)
[2024-09-30T11:36:28.416+0000] {spark_submit.py:490} INFO - 24/09/30 11:36:28 INFO BlockManagerInfo: Added broadcast_2_piece0 in memory on 172.18.0.7:36593 (size: 28.3 KiB, free: 434.3 MiB)
[2024-09-30T11:36:30.493+0000] {spark_submit.py:490} INFO - 24/09/30 11:36:30 INFO TaskSetManager: Finished task 0.0 in stage 2.0 (TID 2) in 4167 ms on 172.18.0.7 (executor 0) (1/1)
[2024-09-30T11:36:30.493+0000] {spark_submit.py:490} INFO - 24/09/30 11:36:30 INFO TaskSchedulerImpl: Removed TaskSet 2.0, whose tasks have all completed, from pool
[2024-09-30T11:36:30.499+0000] {spark_submit.py:490} INFO - 24/09/30 11:36:30 INFO DAGScheduler: ResultStage 2 (saveAsTable at NativeMethodAccessorImpl.java:0) finished in 4.284 s
[2024-09-30T11:36:30.500+0000] {spark_submit.py:490} INFO - 24/09/30 11:36:30 INFO DAGScheduler: Job 2 is finished. Cancelling potential speculative or zombie tasks for this job
[2024-09-30T11:36:30.501+0000] {spark_submit.py:490} INFO - 24/09/30 11:36:30 INFO TaskSchedulerImpl: Killing all running tasks in stage 2: Stage finished
[2024-09-30T11:36:30.502+0000] {spark_submit.py:490} INFO - 24/09/30 11:36:30 INFO DAGScheduler: Job 2 finished: saveAsTable at NativeMethodAccessorImpl.java:0, took 4.310892 s
[2024-09-30T11:36:30.621+0000] {spark_submit.py:490} INFO - 24/09/30 11:36:30 INFO FileFormatWriter: Write Job 041445c1-fa2e-4cbd-b634-16c164435ba7 committed.
[2024-09-30T11:36:30.626+0000] {spark_submit.py:490} INFO - 24/09/30 11:36:30 INFO FileFormatWriter: Finished processing stats for write job 041445c1-fa2e-4cbd-b634-16c164435ba7.
[2024-09-30T11:36:30.679+0000] {spark_submit.py:490} INFO - 24/09/30 11:36:30 INFO InMemoryFileIndex: It took 20 ms to list leaf files for 1 paths.
[2024-09-30T11:36:30.715+0000] {spark_submit.py:490} INFO - 24/09/30 11:36:30 INFO HiveExternalCatalog: Persisting file based data source table `default`.`cases` into Hive metastore in Hive compatible format.
[2024-09-30T11:36:30.732+0000] {spark_submit.py:490} INFO - 24/09/30 11:36:30 INFO SQLStdHiveAccessController: Created SQLStdHiveAccessController for session context : HiveAuthzSessionContext [sessionString=1e278bdf-be9a-476c-b31a-525402d5558f, clientType=HIVECLI]
[2024-09-30T11:36:30.736+0000] {spark_submit.py:490} INFO - 24/09/30 11:36:30 WARN SessionState: METASTORE_FILTER_HOOK will be ignored, since hive.security.authorization.manager is set to instance of HiveAuthorizerFactory.
[2024-09-30T11:36:30.736+0000] {spark_submit.py:490} INFO - 24/09/30 11:36:30 INFO metastore: Mestastore configuration hive.metastore.filter.hook changed from org.apache.hadoop.hive.metastore.DefaultMetaStoreFilterHookImpl to org.apache.hadoop.hive.ql.security.authorization.plugin.AuthorizationMetaStoreFilterHook
[2024-09-30T11:36:30.742+0000] {spark_submit.py:490} INFO - 24/09/30 11:36:30 INFO metastore: Closed a connection to metastore, current connections: 0
[2024-09-30T11:36:30.744+0000] {spark_submit.py:490} INFO - 24/09/30 11:36:30 INFO metastore: Trying to connect to metastore with URI thrift://hive-metastore:9083
[2024-09-30T11:36:30.746+0000] {spark_submit.py:490} INFO - 24/09/30 11:36:30 INFO metastore: Opened a connection to metastore, current connections: 1
[2024-09-30T11:36:30.746+0000] {spark_submit.py:490} INFO - 24/09/30 11:36:30 INFO metastore: Connected to metastore.
[2024-09-30T11:36:30.793+0000] {spark_submit.py:490} INFO - 24/09/30 11:36:30 INFO metastore: Trying to connect to metastore with URI thrift://hive-metastore:9083
[2024-09-30T11:36:30.794+0000] {spark_submit.py:490} INFO - 24/09/30 11:36:30 INFO metastore: Opened a connection to metastore, current connections: 2
[2024-09-30T11:36:30.795+0000] {spark_submit.py:490} INFO - 24/09/30 11:36:30 INFO metastore: Connected to metastore.
[2024-09-30T11:36:30.932+0000] {spark_submit.py:490} INFO - 24/09/30 11:36:30 INFO AlterTableRecoverPartitionsCommand: Recover all the partitions in hdfs://namenode:8020/opt/hive/data/warehouse/cases
[2024-09-30T11:36:30.953+0000] {spark_submit.py:490} INFO - 24/09/30 11:36:30 INFO AlterTableRecoverPartitionsCommand: Found 1 partitions in hdfs://namenode:8020/opt/hive/data/warehouse/cases
[2024-09-30T11:36:30.961+0000] {spark_submit.py:490} INFO - 24/09/30 11:36:30 INFO AlterTableRecoverPartitionsCommand: Finished to gather the fast stats for all 1 partitions.
[2024-09-30T11:36:31.399+0000] {spark_submit.py:490} INFO - 24/09/30 11:36:31 INFO AlterTableRecoverPartitionsCommand: Recovered all partitions (1).
[2024-09-30T11:36:31.544+0000] {spark_submit.py:490} INFO - 24/09/30 11:36:31 INFO SparkContext: Invoking stop() from shutdown hook
[2024-09-30T11:36:31.556+0000] {spark_submit.py:490} INFO - 24/09/30 11:36:31 INFO SparkUI: Stopped Spark web UI at http://774e6edce74f:4042
[2024-09-30T11:36:31.566+0000] {spark_submit.py:490} INFO - 24/09/30 11:36:31 INFO StandaloneSchedulerBackend: Shutting down all executors
[2024-09-30T11:36:31.569+0000] {spark_submit.py:490} INFO - 24/09/30 11:36:31 INFO CoarseGrainedSchedulerBackend$DriverEndpoint: Asking each executor to shut down
[2024-09-30T11:36:31.674+0000] {spark_submit.py:490} INFO - 24/09/30 11:36:31 INFO MapOutputTrackerMasterEndpoint: MapOutputTrackerMasterEndpoint stopped!
[2024-09-30T11:36:31.749+0000] {spark_submit.py:490} INFO - 24/09/30 11:36:31 INFO MemoryStore: MemoryStore cleared
[2024-09-30T11:36:31.757+0000] {spark_submit.py:490} INFO - 24/09/30 11:36:31 INFO BlockManager: BlockManager stopped
[2024-09-30T11:36:31.785+0000] {spark_submit.py:490} INFO - 24/09/30 11:36:31 INFO BlockManagerMaster: BlockManagerMaster stopped
[2024-09-30T11:36:31.795+0000] {spark_submit.py:490} INFO - 24/09/30 11:36:31 INFO OutputCommitCoordinator$OutputCommitCoordinatorEndpoint: OutputCommitCoordinator stopped!
[2024-09-30T11:36:31.870+0000] {spark_submit.py:490} INFO - 24/09/30 11:36:31 INFO SparkContext: Successfully stopped SparkContext
[2024-09-30T11:36:31.870+0000] {spark_submit.py:490} INFO - 24/09/30 11:36:31 INFO ShutdownHookManager: Shutdown hook called
[2024-09-30T11:36:31.877+0000] {spark_submit.py:490} INFO - 24/09/30 11:36:31 INFO ShutdownHookManager: Deleting directory /tmp/spark-cae40f5e-2751-4381-ab1d-0cb1950f96a5
[2024-09-30T11:36:31.896+0000] {spark_submit.py:490} INFO - 24/09/30 11:36:31 INFO ShutdownHookManager: Deleting directory /tmp/spark-8e6a67c3-bc81-45ed-b599-bcbb5f2a2b9a
[2024-09-30T11:36:31.911+0000] {spark_submit.py:490} INFO - 24/09/30 11:36:31 INFO ShutdownHookManager: Deleting directory /tmp/spark-cae40f5e-2751-4381-ab1d-0cb1950f96a5/pyspark-953e6565-1beb-4eb7-ba46-7789719e2052
[2024-09-30T11:36:32.197+0000] {taskinstance.py:1327} INFO - Marking task as SUCCESS. dag_id=get_cases_data, task_id=save_to_warehouse, execution_date=20230105T000000, start_date=20240930T113537, end_date=20240930T113632
[2024-09-30T11:36:32.280+0000] {local_task_job.py:159} INFO - Task exited with return code 0
[2024-09-30T11:36:32.329+0000] {taskinstance.py:2582} INFO - 1 downstream tasks scheduled from follow-on schedule check
