[2024-09-26T09:42:13.660+0000] {taskinstance.py:1087} INFO - Dependencies all met for <TaskInstance: get_cases_data.download_data scheduled__2023-01-06T00:00:00+00:00 [queued]>
[2024-09-26T09:42:13.687+0000] {taskinstance.py:1087} INFO - Dependencies all met for <TaskInstance: get_cases_data.download_data scheduled__2023-01-06T00:00:00+00:00 [queued]>
[2024-09-26T09:42:13.688+0000] {taskinstance.py:1283} INFO - 
--------------------------------------------------------------------------------
[2024-09-26T09:42:13.688+0000] {taskinstance.py:1284} INFO - Starting attempt 1 of 1
[2024-09-26T09:42:13.689+0000] {taskinstance.py:1285} INFO - 
--------------------------------------------------------------------------------
[2024-09-26T09:42:13.763+0000] {taskinstance.py:1304} INFO - Executing <Task(BashOperator): download_data> on 2023-01-06 00:00:00+00:00
[2024-09-26T09:42:13.781+0000] {standard_task_runner.py:55} INFO - Started process 3566 to run task
[2024-09-26T09:42:13.790+0000] {standard_task_runner.py:82} INFO - Running: ['***', 'tasks', 'run', 'get_cases_data', 'download_data', 'scheduled__2023-01-06T00:00:00+00:00', '--job-id', '37', '--raw', '--subdir', 'DAGS_FOLDER/get_cases_data.py', '--cfg-path', '/tmp/tmpawygt577']
[2024-09-26T09:42:13.797+0000] {standard_task_runner.py:83} INFO - Job 37: Subtask download_data
[2024-09-26T09:42:13.963+0000] {task_command.py:389} INFO - Running <TaskInstance: get_cases_data.download_data scheduled__2023-01-06T00:00:00+00:00 [running]> on host 3d66d2a77c1d
[2024-09-26T09:42:14.052+0000] {logging_mixin.py:137} WARNING - /home/***/.local/lib/python3.7/site-packages/***/utils/context.py:205 AirflowContextDeprecationWarning: Accessing 'execution_date' from the template is deprecated and will be removed in a future version. Please use 'data_interval_start' or 'logical_date' instead.
[2024-09-26T09:42:14.150+0000] {taskinstance.py:1513} INFO - Exporting the following env vars:
AIRFLOW_CTX_DAG_OWNER=***
AIRFLOW_CTX_DAG_ID=get_cases_data
AIRFLOW_CTX_TASK_ID=download_data
AIRFLOW_CTX_EXECUTION_DATE=2023-01-06T00:00:00+00:00
AIRFLOW_CTX_TRY_NUMBER=1
AIRFLOW_CTX_DAG_RUN_ID=scheduled__2023-01-06T00:00:00+00:00
[2024-09-26T09:42:14.153+0000] {subprocess.py:63} INFO - Tmp dir root location: 
 /tmp
[2024-09-26T09:42:14.157+0000] {subprocess.py:75} INFO - Running command: ['/bin/bash', '-c', 'curl -sSL --create-dirs -o /usr/share/covid_data/raw/2023/01/06/ita_cases_20230106.csv https://raw.githubusercontent.com/pcm-dpc/COVID-19/master/dati-andamento-nazionale/dpc-covid19-ita-andamento-nazionale-20230106.csv']
[2024-09-26T09:42:14.197+0000] {subprocess.py:86} INFO - Output:
[2024-09-26T09:42:14.490+0000] {subprocess.py:97} INFO - Command exited with return code 0
[2024-09-26T09:42:14.549+0000] {taskinstance.py:1327} INFO - Marking task as SUCCESS. dag_id=get_cases_data, task_id=download_data, execution_date=20230106T000000, start_date=20240926T094213, end_date=20240926T094214
[2024-09-26T09:42:14.622+0000] {local_task_job.py:159} INFO - Task exited with return code 0
[2024-09-26T09:42:14.780+0000] {taskinstance.py:2582} INFO - 0 downstream tasks scheduled from follow-on schedule check
[2024-09-30T11:35:05.867+0000] {taskinstance.py:1087} INFO - Dependencies all met for <TaskInstance: get_cases_data.download_data scheduled__2023-01-06T00:00:00+00:00 [queued]>
[2024-09-30T11:35:05.891+0000] {taskinstance.py:1087} INFO - Dependencies all met for <TaskInstance: get_cases_data.download_data scheduled__2023-01-06T00:00:00+00:00 [queued]>
[2024-09-30T11:35:05.892+0000] {taskinstance.py:1283} INFO - 
--------------------------------------------------------------------------------
[2024-09-30T11:35:05.892+0000] {taskinstance.py:1284} INFO - Starting attempt 1 of 1
[2024-09-30T11:35:05.892+0000] {taskinstance.py:1285} INFO - 
--------------------------------------------------------------------------------
[2024-09-30T11:35:05.929+0000] {taskinstance.py:1304} INFO - Executing <Task(BashOperator): download_data> on 2023-01-06 00:00:00+00:00
[2024-09-30T11:35:05.945+0000] {standard_task_runner.py:55} INFO - Started process 5932 to run task
[2024-09-30T11:35:05.950+0000] {standard_task_runner.py:82} INFO - Running: ['***', 'tasks', 'run', 'get_cases_data', 'download_data', 'scheduled__2023-01-06T00:00:00+00:00', '--job-id', '52', '--raw', '--subdir', 'DAGS_FOLDER/get_cases_data.py', '--cfg-path', '/tmp/tmp_luz6qik']
[2024-09-30T11:35:05.953+0000] {standard_task_runner.py:83} INFO - Job 52: Subtask download_data
[2024-09-30T11:35:06.114+0000] {task_command.py:389} INFO - Running <TaskInstance: get_cases_data.download_data scheduled__2023-01-06T00:00:00+00:00 [running]> on host 774e6edce74f
[2024-09-30T11:35:06.233+0000] {logging_mixin.py:137} WARNING - /home/***/.local/lib/python3.7/site-packages/***/utils/context.py:205 AirflowContextDeprecationWarning: Accessing 'execution_date' from the template is deprecated and will be removed in a future version. Please use 'data_interval_start' or 'logical_date' instead.
[2024-09-30T11:35:06.325+0000] {taskinstance.py:1513} INFO - Exporting the following env vars:
AIRFLOW_CTX_DAG_OWNER=***
AIRFLOW_CTX_DAG_ID=get_cases_data
AIRFLOW_CTX_TASK_ID=download_data
AIRFLOW_CTX_EXECUTION_DATE=2023-01-06T00:00:00+00:00
AIRFLOW_CTX_TRY_NUMBER=1
AIRFLOW_CTX_DAG_RUN_ID=scheduled__2023-01-06T00:00:00+00:00
[2024-09-30T11:35:06.326+0000] {subprocess.py:63} INFO - Tmp dir root location: 
 /tmp
[2024-09-30T11:35:06.328+0000] {subprocess.py:75} INFO - Running command: ['/bin/bash', '-c', 'curl -sSL --create-dirs -o /usr/share/covid_data/raw/2023/01/06/ita_cases_20230106.csv https://raw.githubusercontent.com/pcm-dpc/COVID-19/master/dati-andamento-nazionale/dpc-covid19-ita-andamento-nazionale-20230106.csv']
[2024-09-30T11:35:06.368+0000] {subprocess.py:86} INFO - Output:
[2024-09-30T11:35:06.599+0000] {subprocess.py:97} INFO - Command exited with return code 0
[2024-09-30T11:35:06.679+0000] {taskinstance.py:1327} INFO - Marking task as SUCCESS. dag_id=get_cases_data, task_id=download_data, execution_date=20230106T000000, start_date=20240930T113505, end_date=20240930T113506
[2024-09-30T11:35:06.773+0000] {local_task_job.py:159} INFO - Task exited with return code 0
[2024-09-30T11:35:06.874+0000] {taskinstance.py:2582} INFO - 0 downstream tasks scheduled from follow-on schedule check
