[2024-09-26T09:40:00.242+0000] {taskinstance.py:1087} INFO - Dependencies all met for <TaskInstance: get_cases_data.download_data scheduled__2022-12-28T00:00:00+00:00 [queued]>
[2024-09-26T09:40:00.260+0000] {taskinstance.py:1087} INFO - Dependencies all met for <TaskInstance: get_cases_data.download_data scheduled__2022-12-28T00:00:00+00:00 [queued]>
[2024-09-26T09:40:00.261+0000] {taskinstance.py:1283} INFO - 
--------------------------------------------------------------------------------
[2024-09-26T09:40:00.261+0000] {taskinstance.py:1284} INFO - Starting attempt 1 of 1
[2024-09-26T09:40:00.261+0000] {taskinstance.py:1285} INFO - 
--------------------------------------------------------------------------------
[2024-09-26T09:40:00.294+0000] {taskinstance.py:1304} INFO - Executing <Task(BashOperator): download_data> on 2022-12-28 00:00:00+00:00
[2024-09-26T09:40:00.306+0000] {standard_task_runner.py:55} INFO - Started process 1878 to run task
[2024-09-26T09:40:00.315+0000] {standard_task_runner.py:82} INFO - Running: ['***', 'tasks', 'run', 'get_cases_data', 'download_data', 'scheduled__2022-12-28T00:00:00+00:00', '--job-id', '19', '--raw', '--subdir', 'DAGS_FOLDER/get_cases_data.py', '--cfg-path', '/tmp/tmp5jus9b1k']
[2024-09-26T09:40:00.317+0000] {standard_task_runner.py:83} INFO - Job 19: Subtask download_data
[2024-09-26T09:40:00.443+0000] {task_command.py:389} INFO - Running <TaskInstance: get_cases_data.download_data scheduled__2022-12-28T00:00:00+00:00 [running]> on host 3d66d2a77c1d
[2024-09-26T09:40:00.558+0000] {logging_mixin.py:137} WARNING - /home/***/.local/lib/python3.7/site-packages/***/utils/context.py:205 AirflowContextDeprecationWarning: Accessing 'execution_date' from the template is deprecated and will be removed in a future version. Please use 'data_interval_start' or 'logical_date' instead.
[2024-09-26T09:40:00.679+0000] {taskinstance.py:1513} INFO - Exporting the following env vars:
AIRFLOW_CTX_DAG_OWNER=***
AIRFLOW_CTX_DAG_ID=get_cases_data
AIRFLOW_CTX_TASK_ID=download_data
AIRFLOW_CTX_EXECUTION_DATE=2022-12-28T00:00:00+00:00
AIRFLOW_CTX_TRY_NUMBER=1
AIRFLOW_CTX_DAG_RUN_ID=scheduled__2022-12-28T00:00:00+00:00
[2024-09-26T09:40:00.681+0000] {subprocess.py:63} INFO - Tmp dir root location: 
 /tmp
[2024-09-26T09:40:00.682+0000] {subprocess.py:75} INFO - Running command: ['/bin/bash', '-c', 'curl -sSL --create-dirs -o /usr/share/covid_data/raw/2022/12/28/ita_cases_20221228.csv https://raw.githubusercontent.com/pcm-dpc/COVID-19/master/dati-andamento-nazionale/dpc-covid19-ita-andamento-nazionale-20221228.csv']
[2024-09-26T09:40:00.753+0000] {subprocess.py:86} INFO - Output:
[2024-09-26T09:40:01.057+0000] {subprocess.py:97} INFO - Command exited with return code 0
[2024-09-26T09:40:01.230+0000] {taskinstance.py:1327} INFO - Marking task as SUCCESS. dag_id=get_cases_data, task_id=download_data, execution_date=20221228T000000, start_date=20240926T094000, end_date=20240926T094001
[2024-09-26T09:40:01.347+0000] {local_task_job.py:159} INFO - Task exited with return code 0
[2024-09-26T09:40:01.421+0000] {taskinstance.py:2582} INFO - 1 downstream tasks scheduled from follow-on schedule check
[2024-09-30T11:29:35.822+0000] {taskinstance.py:1087} INFO - Dependencies all met for <TaskInstance: get_cases_data.download_data scheduled__2022-12-28T00:00:00+00:00 [queued]>
[2024-09-30T11:29:35.841+0000] {taskinstance.py:1087} INFO - Dependencies all met for <TaskInstance: get_cases_data.download_data scheduled__2022-12-28T00:00:00+00:00 [queued]>
[2024-09-30T11:29:35.841+0000] {taskinstance.py:1283} INFO - 
--------------------------------------------------------------------------------
[2024-09-30T11:29:35.841+0000] {taskinstance.py:1284} INFO - Starting attempt 1 of 1
[2024-09-30T11:29:35.842+0000] {taskinstance.py:1285} INFO - 
--------------------------------------------------------------------------------
[2024-09-30T11:29:35.869+0000] {taskinstance.py:1304} INFO - Executing <Task(BashOperator): download_data> on 2022-12-28 00:00:00+00:00
[2024-09-30T11:29:35.884+0000] {standard_task_runner.py:55} INFO - Started process 2594 to run task
[2024-09-30T11:29:35.890+0000] {standard_task_runner.py:82} INFO - Running: ['***', 'tasks', 'run', 'get_cases_data', 'download_data', 'scheduled__2022-12-28T00:00:00+00:00', '--job-id', '25', '--raw', '--subdir', 'DAGS_FOLDER/get_cases_data.py', '--cfg-path', '/tmp/tmpmv9wo7pt']
[2024-09-30T11:29:35.893+0000] {standard_task_runner.py:83} INFO - Job 25: Subtask download_data
[2024-09-30T11:29:36.046+0000] {task_command.py:389} INFO - Running <TaskInstance: get_cases_data.download_data scheduled__2022-12-28T00:00:00+00:00 [running]> on host 774e6edce74f
[2024-09-30T11:29:36.135+0000] {logging_mixin.py:137} WARNING - /home/***/.local/lib/python3.7/site-packages/***/utils/context.py:205 AirflowContextDeprecationWarning: Accessing 'execution_date' from the template is deprecated and will be removed in a future version. Please use 'data_interval_start' or 'logical_date' instead.
[2024-09-30T11:29:36.216+0000] {taskinstance.py:1513} INFO - Exporting the following env vars:
AIRFLOW_CTX_DAG_OWNER=***
AIRFLOW_CTX_DAG_ID=get_cases_data
AIRFLOW_CTX_TASK_ID=download_data
AIRFLOW_CTX_EXECUTION_DATE=2022-12-28T00:00:00+00:00
AIRFLOW_CTX_TRY_NUMBER=1
AIRFLOW_CTX_DAG_RUN_ID=scheduled__2022-12-28T00:00:00+00:00
[2024-09-30T11:29:36.217+0000] {subprocess.py:63} INFO - Tmp dir root location: 
 /tmp
[2024-09-30T11:29:36.219+0000] {subprocess.py:75} INFO - Running command: ['/bin/bash', '-c', 'curl -sSL --create-dirs -o /usr/share/covid_data/raw/2022/12/28/ita_cases_20221228.csv https://raw.githubusercontent.com/pcm-dpc/COVID-19/master/dati-andamento-nazionale/dpc-covid19-ita-andamento-nazionale-20221228.csv']
[2024-09-30T11:29:36.251+0000] {subprocess.py:86} INFO - Output:
[2024-09-30T11:29:36.504+0000] {subprocess.py:97} INFO - Command exited with return code 0
[2024-09-30T11:29:36.580+0000] {taskinstance.py:1327} INFO - Marking task as SUCCESS. dag_id=get_cases_data, task_id=download_data, execution_date=20221228T000000, start_date=20240930T112935, end_date=20240930T112936
[2024-09-30T11:29:36.637+0000] {local_task_job.py:159} INFO - Task exited with return code 0
[2024-09-30T11:29:36.739+0000] {taskinstance.py:2582} INFO - 1 downstream tasks scheduled from follow-on schedule check
