[2024-09-30T11:37:46.639+0000] {taskinstance.py:1087} INFO - Dependencies all met for <TaskInstance: get_cases_data.save_to_warehouse scheduled__2023-01-09T00:00:00+00:00 [queued]>
[2024-09-30T11:37:46.661+0000] {taskinstance.py:1087} INFO - Dependencies all met for <TaskInstance: get_cases_data.save_to_warehouse scheduled__2023-01-09T00:00:00+00:00 [queued]>
[2024-09-30T11:37:46.661+0000] {taskinstance.py:1283} INFO - 
--------------------------------------------------------------------------------
[2024-09-30T11:37:46.661+0000] {taskinstance.py:1284} INFO - Starting attempt 1 of 1
[2024-09-30T11:37:46.661+0000] {taskinstance.py:1285} INFO - 
--------------------------------------------------------------------------------
[2024-09-30T11:37:46.694+0000] {taskinstance.py:1304} INFO - Executing <Task(SparkSubmitOperator): save_to_warehouse> on 2023-01-09 00:00:00+00:00
[2024-09-30T11:37:46.707+0000] {standard_task_runner.py:55} INFO - Started process 7586 to run task
[2024-09-30T11:37:46.712+0000] {standard_task_runner.py:82} INFO - Running: ['***', 'tasks', 'run', 'get_cases_data', 'save_to_warehouse', 'scheduled__2023-01-09T00:00:00+00:00', '--job-id', '65', '--raw', '--subdir', 'DAGS_FOLDER/get_cases_data.py', '--cfg-path', '/tmp/tmpb6jthx5f']
[2024-09-30T11:37:46.715+0000] {standard_task_runner.py:83} INFO - Job 65: Subtask save_to_warehouse
[2024-09-30T11:37:46.850+0000] {task_command.py:389} INFO - Running <TaskInstance: get_cases_data.save_to_warehouse scheduled__2023-01-09T00:00:00+00:00 [running]> on host 774e6edce74f
[2024-09-30T11:37:47.018+0000] {taskinstance.py:1513} INFO - Exporting the following env vars:
AIRFLOW_CTX_DAG_OWNER=***
AIRFLOW_CTX_DAG_ID=get_cases_data
AIRFLOW_CTX_TASK_ID=save_to_warehouse
AIRFLOW_CTX_EXECUTION_DATE=2023-01-09T00:00:00+00:00
AIRFLOW_CTX_TRY_NUMBER=1
AIRFLOW_CTX_DAG_RUN_ID=scheduled__2023-01-09T00:00:00+00:00
[2024-09-30T11:37:47.024+0000] {base.py:73} INFO - Using connection ID 'spark_connection' for task execution.
[2024-09-30T11:37:47.025+0000] {spark_submit.py:339} INFO - Spark-Submit cmd: spark-submit --master spark://spark-master:7077 --name save_to_warehouse --verbose /usr/local/spark/app/save_to_warehouse.py
[2024-09-30T11:37:49.341+0000] {spark_submit.py:490} INFO - Using properties file: null
[2024-09-30T11:37:49.510+0000] {spark_submit.py:490} INFO - WARNING: An illegal reflective access operation has occurred
[2024-09-30T11:37:49.511+0000] {spark_submit.py:490} INFO - WARNING: Illegal reflective access by org.apache.spark.unsafe.Platform (file:/home/***/.local/lib/python3.7/site-packages/pyspark/jars/spark-unsafe_2.12-3.1.3.jar) to constructor java.nio.DirectByteBuffer(long,int)
[2024-09-30T11:37:49.511+0000] {spark_submit.py:490} INFO - WARNING: Please consider reporting this to the maintainers of org.apache.spark.unsafe.Platform
[2024-09-30T11:37:49.511+0000] {spark_submit.py:490} INFO - WARNING: Use --illegal-access=warn to enable warnings of further illegal reflective access operations
[2024-09-30T11:37:49.511+0000] {spark_submit.py:490} INFO - WARNING: All illegal access operations will be denied in a future release
[2024-09-30T11:37:49.577+0000] {spark_submit.py:490} INFO - Parsed arguments:
[2024-09-30T11:37:49.577+0000] {spark_submit.py:490} INFO - master                  spark://spark-master:7077
[2024-09-30T11:37:49.577+0000] {spark_submit.py:490} INFO - deployMode              null
[2024-09-30T11:37:49.577+0000] {spark_submit.py:490} INFO - executorMemory          null
[2024-09-30T11:37:49.578+0000] {spark_submit.py:490} INFO - executorCores           null
[2024-09-30T11:37:49.578+0000] {spark_submit.py:490} INFO - totalExecutorCores      null
[2024-09-30T11:37:49.578+0000] {spark_submit.py:490} INFO - propertiesFile          null
[2024-09-30T11:37:49.578+0000] {spark_submit.py:490} INFO - driverMemory            null
[2024-09-30T11:37:49.578+0000] {spark_submit.py:490} INFO - driverCores             null
[2024-09-30T11:37:49.578+0000] {spark_submit.py:490} INFO - driverExtraClassPath    null
[2024-09-30T11:37:49.578+0000] {spark_submit.py:490} INFO - driverExtraLibraryPath  null
[2024-09-30T11:37:49.578+0000] {spark_submit.py:490} INFO - driverExtraJavaOptions  null
[2024-09-30T11:37:49.579+0000] {spark_submit.py:490} INFO - supervise               false
[2024-09-30T11:37:49.579+0000] {spark_submit.py:490} INFO - queue                   null
[2024-09-30T11:37:49.579+0000] {spark_submit.py:490} INFO - numExecutors            null
[2024-09-30T11:37:49.579+0000] {spark_submit.py:490} INFO - files                   null
[2024-09-30T11:37:49.579+0000] {spark_submit.py:490} INFO - pyFiles                 null
[2024-09-30T11:37:49.579+0000] {spark_submit.py:490} INFO - archives                null
[2024-09-30T11:37:49.579+0000] {spark_submit.py:490} INFO - mainClass               null
[2024-09-30T11:37:49.579+0000] {spark_submit.py:490} INFO - primaryResource         file:/usr/local/spark/app/save_to_warehouse.py
[2024-09-30T11:37:49.580+0000] {spark_submit.py:490} INFO - name                    save_to_warehouse
[2024-09-30T11:37:49.580+0000] {spark_submit.py:490} INFO - childArgs               []
[2024-09-30T11:37:49.580+0000] {spark_submit.py:490} INFO - jars                    null
[2024-09-30T11:37:49.580+0000] {spark_submit.py:490} INFO - packages                null
[2024-09-30T11:37:49.580+0000] {spark_submit.py:490} INFO - packagesExclusions      null
[2024-09-30T11:37:49.580+0000] {spark_submit.py:490} INFO - repositories            null
[2024-09-30T11:37:49.580+0000] {spark_submit.py:490} INFO - verbose                 true
[2024-09-30T11:37:49.580+0000] {spark_submit.py:490} INFO - 
[2024-09-30T11:37:49.580+0000] {spark_submit.py:490} INFO - Spark properties used, including those specified through
[2024-09-30T11:37:49.581+0000] {spark_submit.py:490} INFO - --conf and those from the properties file null:
[2024-09-30T11:37:49.581+0000] {spark_submit.py:490} INFO - 
[2024-09-30T11:37:49.581+0000] {spark_submit.py:490} INFO - 
[2024-09-30T11:37:49.581+0000] {spark_submit.py:490} INFO - 
[2024-09-30T11:37:50.232+0000] {spark_submit.py:490} INFO - 24/09/30 11:37:50 WARN NativeCodeLoader: Unable to load native-hadoop library for your platform... using builtin-java classes where applicable
[2024-09-30T11:37:50.825+0000] {spark_submit.py:490} INFO - Main class:
[2024-09-30T11:37:50.826+0000] {spark_submit.py:490} INFO - org.apache.spark.deploy.PythonRunner
[2024-09-30T11:37:50.830+0000] {spark_submit.py:490} INFO - Arguments:
[2024-09-30T11:37:50.831+0000] {spark_submit.py:490} INFO - file:/usr/local/spark/app/save_to_warehouse.py
[2024-09-30T11:37:50.831+0000] {spark_submit.py:490} INFO - null
[2024-09-30T11:37:50.842+0000] {spark_submit.py:490} INFO - Spark config:
[2024-09-30T11:37:50.842+0000] {spark_submit.py:490} INFO - (spark.app.name,save_to_warehouse)
[2024-09-30T11:37:50.842+0000] {spark_submit.py:490} INFO - (spark.master,spark://spark-master:7077)
[2024-09-30T11:37:50.843+0000] {spark_submit.py:490} INFO - (spark.submit.pyFiles,)
[2024-09-30T11:37:50.843+0000] {spark_submit.py:490} INFO - (spark.submit.deployMode,client)
[2024-09-30T11:37:50.846+0000] {spark_submit.py:490} INFO - Classpath elements:
[2024-09-30T11:37:50.846+0000] {spark_submit.py:490} INFO - 
[2024-09-30T11:37:50.847+0000] {spark_submit.py:490} INFO - 
[2024-09-30T11:37:50.847+0000] {spark_submit.py:490} INFO - 
[2024-09-30T11:37:52.065+0000] {spark_submit.py:490} INFO - Using Spark's default log4j profile: org/apache/spark/log4j-defaults.properties
[2024-09-30T11:37:52.081+0000] {spark_submit.py:490} INFO - 24/09/30 11:37:52 INFO SparkContext: Running Spark version 3.1.3
[2024-09-30T11:37:52.171+0000] {spark_submit.py:490} INFO - 24/09/30 11:37:52 INFO ResourceUtils: ==============================================================
[2024-09-30T11:37:52.174+0000] {spark_submit.py:490} INFO - 24/09/30 11:37:52 INFO ResourceUtils: No custom resources configured for spark.driver.
[2024-09-30T11:37:52.175+0000] {spark_submit.py:490} INFO - 24/09/30 11:37:52 INFO ResourceUtils: ==============================================================
[2024-09-30T11:37:52.175+0000] {spark_submit.py:490} INFO - 24/09/30 11:37:52 INFO SparkContext: Submitted application: save_to_warehouse
[2024-09-30T11:37:52.227+0000] {spark_submit.py:490} INFO - 24/09/30 11:37:52 INFO ResourceProfile: Default ResourceProfile created, executor resources: Map(cores -> name: cores, amount: 1, script: , vendor: , memory -> name: memory, amount: 1024, script: , vendor: , offHeap -> name: offHeap, amount: 0, script: , vendor: ), task resources: Map(cpus -> name: cpus, amount: 1.0)
[2024-09-30T11:37:52.251+0000] {spark_submit.py:490} INFO - 24/09/30 11:37:52 INFO ResourceProfile: Limiting resource is cpu
[2024-09-30T11:37:52.251+0000] {spark_submit.py:490} INFO - 24/09/30 11:37:52 INFO ResourceProfileManager: Added ResourceProfile id: 0
[2024-09-30T11:37:52.323+0000] {spark_submit.py:490} INFO - 24/09/30 11:37:52 INFO SecurityManager: Changing view acls to: default
[2024-09-30T11:37:52.323+0000] {spark_submit.py:490} INFO - 24/09/30 11:37:52 INFO SecurityManager: Changing modify acls to: default
[2024-09-30T11:37:52.324+0000] {spark_submit.py:490} INFO - 24/09/30 11:37:52 INFO SecurityManager: Changing view acls groups to:
[2024-09-30T11:37:52.326+0000] {spark_submit.py:490} INFO - 24/09/30 11:37:52 INFO SecurityManager: Changing modify acls groups to:
[2024-09-30T11:37:52.326+0000] {spark_submit.py:490} INFO - 24/09/30 11:37:52 INFO SecurityManager: SecurityManager: authentication disabled; ui acls disabled; users  with view permissions: Set(default); groups with view permissions: Set(); users  with modify permissions: Set(default); groups with modify permissions: Set()
[2024-09-30T11:37:52.867+0000] {spark_submit.py:490} INFO - 24/09/30 11:37:52 INFO Utils: Successfully started service 'sparkDriver' on port 35079.
[2024-09-30T11:37:52.909+0000] {spark_submit.py:490} INFO - 24/09/30 11:37:52 INFO SparkEnv: Registering MapOutputTracker
[2024-09-30T11:37:52.966+0000] {spark_submit.py:490} INFO - 24/09/30 11:37:52 INFO SparkEnv: Registering BlockManagerMaster
[2024-09-30T11:37:52.998+0000] {spark_submit.py:490} INFO - 24/09/30 11:37:52 INFO BlockManagerMasterEndpoint: Using org.apache.spark.storage.DefaultTopologyMapper for getting topology information
[2024-09-30T11:37:52.999+0000] {spark_submit.py:490} INFO - 24/09/30 11:37:52 INFO BlockManagerMasterEndpoint: BlockManagerMasterEndpoint up
[2024-09-30T11:37:53.007+0000] {spark_submit.py:490} INFO - 24/09/30 11:37:53 INFO SparkEnv: Registering BlockManagerMasterHeartbeat
[2024-09-30T11:37:53.033+0000] {spark_submit.py:490} INFO - 24/09/30 11:37:53 INFO DiskBlockManager: Created local directory at /tmp/blockmgr-3b483643-f208-42df-b1dc-802d06442c12
[2024-09-30T11:37:53.078+0000] {spark_submit.py:490} INFO - 24/09/30 11:37:53 INFO MemoryStore: MemoryStore started with capacity 434.4 MiB
[2024-09-30T11:37:53.109+0000] {spark_submit.py:490} INFO - 24/09/30 11:37:53 INFO SparkEnv: Registering OutputCommitCoordinator
[2024-09-30T11:37:53.528+0000] {spark_submit.py:490} INFO - 24/09/30 11:37:53 WARN Utils: Service 'SparkUI' could not bind on port 4040. Attempting port 4041.
[2024-09-30T11:37:53.553+0000] {spark_submit.py:490} INFO - 24/09/30 11:37:53 INFO Utils: Successfully started service 'SparkUI' on port 4041.
[2024-09-30T11:37:53.687+0000] {spark_submit.py:490} INFO - 24/09/30 11:37:53 INFO SparkUI: Bound SparkUI to 0.0.0.0, and started at http://774e6edce74f:4041
[2024-09-30T11:37:54.108+0000] {spark_submit.py:490} INFO - 24/09/30 11:37:54 INFO StandaloneAppClient$ClientEndpoint: Connecting to master spark://spark-master:7077...
[2024-09-30T11:37:54.209+0000] {spark_submit.py:490} INFO - 24/09/30 11:37:54 INFO TransportClientFactory: Successfully created connection to spark-master/172.18.0.5:7077 after 54 ms (0 ms spent in bootstraps)
[2024-09-30T11:37:54.479+0000] {spark_submit.py:490} INFO - 24/09/30 11:37:54 INFO StandaloneSchedulerBackend: Connected to Spark cluster with app ID app-20240930113754-0041
[2024-09-30T11:37:54.496+0000] {spark_submit.py:490} INFO - 24/09/30 11:37:54 INFO Utils: Successfully started service 'org.apache.spark.network.netty.NettyBlockTransferService' on port 36409.
[2024-09-30T11:37:54.497+0000] {spark_submit.py:490} INFO - 24/09/30 11:37:54 INFO NettyBlockTransferService: Server created on 774e6edce74f:36409
[2024-09-30T11:37:54.502+0000] {spark_submit.py:490} INFO - 24/09/30 11:37:54 INFO BlockManager: Using org.apache.spark.storage.RandomBlockReplicationPolicy for block replication policy
[2024-09-30T11:37:54.517+0000] {spark_submit.py:490} INFO - 24/09/30 11:37:54 INFO BlockManagerMaster: Registering BlockManager BlockManagerId(driver, 774e6edce74f, 36409, None)
[2024-09-30T11:37:54.526+0000] {spark_submit.py:490} INFO - 24/09/30 11:37:54 INFO BlockManagerMasterEndpoint: Registering block manager 774e6edce74f:36409 with 434.4 MiB RAM, BlockManagerId(driver, 774e6edce74f, 36409, None)
[2024-09-30T11:37:54.531+0000] {spark_submit.py:490} INFO - 24/09/30 11:37:54 INFO BlockManagerMaster: Registered BlockManager BlockManagerId(driver, 774e6edce74f, 36409, None)
[2024-09-30T11:37:54.534+0000] {spark_submit.py:490} INFO - 24/09/30 11:37:54 INFO BlockManager: Initialized BlockManager: BlockManagerId(driver, 774e6edce74f, 36409, None)
[2024-09-30T11:37:55.049+0000] {spark_submit.py:490} INFO - 24/09/30 11:37:55 INFO StandaloneSchedulerBackend: SchedulerBackend is ready for scheduling beginning after reached minRegisteredResourcesRatio: 0.0
[2024-09-30T11:37:55.496+0000] {spark_submit.py:490} INFO - 24/09/30 11:37:55 INFO SharedState: Setting hive.metastore.warehouse.dir ('null') to the value of spark.sql.warehouse.dir ('/user/hive/warehouse').
[2024-09-30T11:37:55.497+0000] {spark_submit.py:490} INFO - 24/09/30 11:37:55 INFO SharedState: Warehouse path is '/user/hive/warehouse'.
[2024-09-30T11:37:57.987+0000] {spark_submit.py:490} INFO - 24/09/30 11:37:57 INFO InMemoryFileIndex: It took 215 ms to list leaf files for 1 paths.
[2024-09-30T11:37:58.871+0000] {spark_submit.py:490} INFO - 24/09/30 11:37:58 INFO SparkContext: Starting job: parquet at NativeMethodAccessorImpl.java:0
[2024-09-30T11:37:58.901+0000] {spark_submit.py:490} INFO - 24/09/30 11:37:58 INFO DAGScheduler: Got job 0 (parquet at NativeMethodAccessorImpl.java:0) with 1 output partitions
[2024-09-30T11:37:58.902+0000] {spark_submit.py:490} INFO - 24/09/30 11:37:58 INFO DAGScheduler: Final stage: ResultStage 0 (parquet at NativeMethodAccessorImpl.java:0)
[2024-09-30T11:37:58.903+0000] {spark_submit.py:490} INFO - 24/09/30 11:37:58 INFO DAGScheduler: Parents of final stage: List()
[2024-09-30T11:37:58.904+0000] {spark_submit.py:490} INFO - 24/09/30 11:37:58 INFO DAGScheduler: Missing parents: List()
[2024-09-30T11:37:58.914+0000] {spark_submit.py:490} INFO - 24/09/30 11:37:58 INFO DAGScheduler: Submitting ResultStage 0 (MapPartitionsRDD[1] at parquet at NativeMethodAccessorImpl.java:0), which has no missing parents
[2024-09-30T11:37:59.037+0000] {spark_submit.py:490} INFO - 24/09/30 11:37:59 INFO MemoryStore: Block broadcast_0 stored as values in memory (estimated size 84.0 KiB, free 434.3 MiB)
[2024-09-30T11:37:59.113+0000] {spark_submit.py:490} INFO - 24/09/30 11:37:59 INFO MemoryStore: Block broadcast_0_piece0 stored as bytes in memory (estimated size 29.8 KiB, free 434.3 MiB)
[2024-09-30T11:37:59.119+0000] {spark_submit.py:490} INFO - 24/09/30 11:37:59 INFO BlockManagerInfo: Added broadcast_0_piece0 in memory on 774e6edce74f:36409 (size: 29.8 KiB, free: 434.4 MiB)
[2024-09-30T11:37:59.135+0000] {spark_submit.py:490} INFO - 24/09/30 11:37:59 INFO SparkContext: Created broadcast 0 from broadcast at DAGScheduler.scala:1433
[2024-09-30T11:37:59.190+0000] {spark_submit.py:490} INFO - 24/09/30 11:37:59 INFO DAGScheduler: Submitting 1 missing tasks from ResultStage 0 (MapPartitionsRDD[1] at parquet at NativeMethodAccessorImpl.java:0) (first 15 tasks are for partitions Vector(0))
[2024-09-30T11:37:59.192+0000] {spark_submit.py:490} INFO - 24/09/30 11:37:59 INFO TaskSchedulerImpl: Adding task set 0.0 with 1 tasks resource profile 0
[2024-09-30T11:38:14.235+0000] {spark_submit.py:490} INFO - 24/09/30 11:38:14 WARN TaskSchedulerImpl: Initial job has not accepted any resources; check your cluster UI to ensure that workers are registered and have sufficient resources
[2024-09-30T11:38:25.394+0000] {spark_submit.py:490} INFO - 24/09/30 11:38:25 INFO StandaloneAppClient$ClientEndpoint: Executor added: app-20240930113754-0041/0 on worker-20240930112313-172.18.0.7-33165 (172.18.0.7:33165) with 4 core(s)
[2024-09-30T11:38:25.397+0000] {spark_submit.py:490} INFO - 24/09/30 11:38:25 INFO StandaloneSchedulerBackend: Granted executor ID app-20240930113754-0041/0 on hostPort 172.18.0.7:33165 with 4 core(s), 1024.0 MiB RAM
[2024-09-30T11:38:25.493+0000] {spark_submit.py:490} INFO - 24/09/30 11:38:25 INFO StandaloneAppClient$ClientEndpoint: Executor updated: app-20240930113754-0041/0 is now RUNNING
[2024-09-30T11:38:29.229+0000] {spark_submit.py:490} INFO - 24/09/30 11:38:29 WARN TaskSchedulerImpl: Initial job has not accepted any resources; check your cluster UI to ensure that workers are registered and have sufficient resources
[2024-09-30T11:38:29.980+0000] {spark_submit.py:490} INFO - 24/09/30 11:38:29 INFO CoarseGrainedSchedulerBackend$DriverEndpoint: Registered executor NettyRpcEndpointRef(spark-client://Executor) (172.18.0.7:51116) with ID 0,  ResourceProfileId 0
[2024-09-30T11:38:30.214+0000] {spark_submit.py:490} INFO - 24/09/30 11:38:30 INFO BlockManagerMasterEndpoint: Registering block manager 172.18.0.7:37689 with 434.4 MiB RAM, BlockManagerId(0, 172.18.0.7, 37689, None)
[2024-09-30T11:38:30.363+0000] {spark_submit.py:490} INFO - 24/09/30 11:38:30 INFO TaskSetManager: Starting task 0.0 in stage 0.0 (TID 0) (172.18.0.7, executor 0, partition 0, PROCESS_LOCAL, 4732 bytes) taskResourceAssignments Map()
[2024-09-30T11:38:30.876+0000] {spark_submit.py:490} INFO - 24/09/30 11:38:30 INFO BlockManagerInfo: Added broadcast_0_piece0 in memory on 172.18.0.7:37689 (size: 29.8 KiB, free: 434.4 MiB)
[2024-09-30T11:38:32.627+0000] {spark_submit.py:490} INFO - 24/09/30 11:38:32 INFO TaskSetManager: Finished task 0.0 in stage 0.0 (TID 0) in 2320 ms on 172.18.0.7 (executor 0) (1/1)
[2024-09-30T11:38:32.629+0000] {spark_submit.py:490} INFO - 24/09/30 11:38:32 INFO TaskSchedulerImpl: Removed TaskSet 0.0, whose tasks have all completed, from pool
[2024-09-30T11:38:32.639+0000] {spark_submit.py:490} INFO - 24/09/30 11:38:32 INFO DAGScheduler: ResultStage 0 (parquet at NativeMethodAccessorImpl.java:0) finished in 33.701 s
[2024-09-30T11:38:32.642+0000] {spark_submit.py:490} INFO - 24/09/30 11:38:32 INFO DAGScheduler: Job 0 is finished. Cancelling potential speculative or zombie tasks for this job
[2024-09-30T11:38:32.642+0000] {spark_submit.py:490} INFO - 24/09/30 11:38:32 INFO TaskSchedulerImpl: Killing all running tasks in stage 0: Stage finished
[2024-09-30T11:38:32.646+0000] {spark_submit.py:490} INFO - 24/09/30 11:38:32 INFO DAGScheduler: Job 0 finished: parquet at NativeMethodAccessorImpl.java:0, took 33.772936 s
[2024-09-30T11:38:32.828+0000] {spark_submit.py:490} INFO - 24/09/30 11:38:32 INFO BlockManagerInfo: Removed broadcast_0_piece0 on 774e6edce74f:36409 in memory (size: 29.8 KiB, free: 434.4 MiB)
[2024-09-30T11:38:32.833+0000] {spark_submit.py:490} INFO - 24/09/30 11:38:32 INFO BlockManagerInfo: Removed broadcast_0_piece0 on 172.18.0.7:37689 in memory (size: 29.8 KiB, free: 434.4 MiB)
[2024-09-30T11:38:34.680+0000] {spark_submit.py:490} INFO - 24/09/30 11:38:34 INFO HiveConf: Found configuration file null
[2024-09-30T11:38:34.698+0000] {spark_submit.py:490} INFO - 24/09/30 11:38:34 INFO HiveUtils: Initializing HiveMetastoreConnection version 2.3.7 using Spark classes.
[2024-09-30T11:38:35.174+0000] {spark_submit.py:490} INFO - 24/09/30 11:38:35 INFO SessionState: Created HDFS directory: hdfs://namenode:8020/opt/hive/scratch_dir/default/eccd040d-bd2c-4177-bed2-2b3c213e3e9a
[2024-09-30T11:38:35.192+0000] {spark_submit.py:490} INFO - 24/09/30 11:38:35 INFO SessionState: Created local directory: /tmp/default/eccd040d-bd2c-4177-bed2-2b3c213e3e9a
[2024-09-30T11:38:35.203+0000] {spark_submit.py:490} INFO - 24/09/30 11:38:35 INFO SessionState: Created HDFS directory: hdfs://namenode:8020/opt/hive/scratch_dir/default/eccd040d-bd2c-4177-bed2-2b3c213e3e9a/_tmp_space.db
[2024-09-30T11:38:35.219+0000] {spark_submit.py:490} INFO - 24/09/30 11:38:35 INFO HiveClientImpl: Warehouse location for Hive client (version 2.3.7) is /user/hive/warehouse
[2024-09-30T11:38:35.811+0000] {spark_submit.py:490} INFO - 24/09/30 11:38:35 INFO metastore: Trying to connect to metastore with URI thrift://hive-metastore:9083
[2024-09-30T11:38:35.844+0000] {spark_submit.py:490} INFO - 24/09/30 11:38:35 INFO metastore: Opened a connection to metastore, current connections: 1
[2024-09-30T11:38:35.877+0000] {spark_submit.py:490} INFO - 24/09/30 11:38:35 INFO metastore: Connected to metastore.
[2024-09-30T11:38:37.267+0000] {spark_submit.py:490} INFO - 24/09/30 11:38:37 INFO CodeGenerator: Code generated in 299.915949 ms
[2024-09-30T11:38:37.927+0000] {spark_submit.py:490} INFO - 24/09/30 11:38:37 INFO CodeGenerator: Code generated in 20.190705 ms
[2024-09-30T11:38:37.981+0000] {spark_submit.py:490} INFO - 24/09/30 11:38:37 INFO SparkContext: Starting job: hasNext at NativeMethodAccessorImpl.java:0
[2024-09-30T11:38:37.984+0000] {spark_submit.py:490} INFO - 24/09/30 11:38:37 INFO DAGScheduler: Got job 1 (hasNext at NativeMethodAccessorImpl.java:0) with 1 output partitions
[2024-09-30T11:38:37.985+0000] {spark_submit.py:490} INFO - 24/09/30 11:38:37 INFO DAGScheduler: Final stage: ResultStage 1 (hasNext at NativeMethodAccessorImpl.java:0)
[2024-09-30T11:38:37.985+0000] {spark_submit.py:490} INFO - 24/09/30 11:38:37 INFO DAGScheduler: Parents of final stage: List()
[2024-09-30T11:38:37.985+0000] {spark_submit.py:490} INFO - 24/09/30 11:38:37 INFO DAGScheduler: Missing parents: List()
[2024-09-30T11:38:37.988+0000] {spark_submit.py:490} INFO - 24/09/30 11:38:37 INFO DAGScheduler: Submitting ResultStage 1 (MapPartitionsRDD[5] at toLocalIterator at NativeMethodAccessorImpl.java:0), which has no missing parents
[2024-09-30T11:38:37.997+0000] {spark_submit.py:490} INFO - 24/09/30 11:38:37 INFO MemoryStore: Block broadcast_1 stored as values in memory (estimated size 4.6 KiB, free 434.4 MiB)
[2024-09-30T11:38:38.010+0000] {spark_submit.py:490} INFO - 24/09/30 11:38:38 INFO MemoryStore: Block broadcast_1_piece0 stored as bytes in memory (estimated size 2.5 KiB, free 434.4 MiB)
[2024-09-30T11:38:38.011+0000] {spark_submit.py:490} INFO - 24/09/30 11:38:38 INFO BlockManagerInfo: Added broadcast_1_piece0 in memory on 774e6edce74f:36409 (size: 2.5 KiB, free: 434.4 MiB)
[2024-09-30T11:38:38.013+0000] {spark_submit.py:490} INFO - 24/09/30 11:38:38 INFO SparkContext: Created broadcast 1 from broadcast at DAGScheduler.scala:1433
[2024-09-30T11:38:38.016+0000] {spark_submit.py:490} INFO - 24/09/30 11:38:38 INFO DAGScheduler: Submitting 1 missing tasks from ResultStage 1 (MapPartitionsRDD[5] at toLocalIterator at NativeMethodAccessorImpl.java:0) (first 15 tasks are for partitions Vector(0))
[2024-09-30T11:38:38.017+0000] {spark_submit.py:490} INFO - 24/09/30 11:38:38 INFO TaskSchedulerImpl: Adding task set 1.0 with 1 tasks resource profile 0
[2024-09-30T11:38:38.031+0000] {spark_submit.py:490} INFO - 24/09/30 11:38:38 INFO TaskSetManager: Starting task 0.0 in stage 1.0 (TID 1) (172.18.0.7, executor 0, partition 0, PROCESS_LOCAL, 4713 bytes) taskResourceAssignments Map()
[2024-09-30T11:38:38.133+0000] {spark_submit.py:490} INFO - 24/09/30 11:38:38 INFO BlockManagerInfo: Added broadcast_1_piece0 in memory on 172.18.0.7:37689 (size: 2.5 KiB, free: 434.4 MiB)
[2024-09-30T11:38:38.245+0000] {spark_submit.py:490} INFO - 24/09/30 11:38:38 INFO TaskSetManager: Finished task 0.0 in stage 1.0 (TID 1) in 225 ms on 172.18.0.7 (executor 0) (1/1)
[2024-09-30T11:38:38.245+0000] {spark_submit.py:490} INFO - 24/09/30 11:38:38 INFO TaskSchedulerImpl: Removed TaskSet 1.0, whose tasks have all completed, from pool
[2024-09-30T11:38:38.248+0000] {spark_submit.py:490} INFO - 24/09/30 11:38:38 INFO DAGScheduler: ResultStage 1 (hasNext at NativeMethodAccessorImpl.java:0) finished in 0.256 s
[2024-09-30T11:38:38.252+0000] {spark_submit.py:490} INFO - 24/09/30 11:38:38 INFO DAGScheduler: Job 1 is finished. Cancelling potential speculative or zombie tasks for this job
[2024-09-30T11:38:38.252+0000] {spark_submit.py:490} INFO - 24/09/30 11:38:38 INFO TaskSchedulerImpl: Killing all running tasks in stage 1: Stage finished
[2024-09-30T11:38:38.255+0000] {spark_submit.py:490} INFO - 24/09/30 11:38:38 INFO DAGScheduler: Job 1 finished: hasNext at NativeMethodAccessorImpl.java:0, took 0.272132 s
[2024-09-30T11:38:38.316+0000] {spark_submit.py:490} INFO - 24/09/30 11:38:38 INFO CodeGenerator: Code generated in 32.000417 ms
[2024-09-30T11:38:38.739+0000] {spark_submit.py:490} INFO - 24/09/30 11:38:38 INFO BlockManagerInfo: Removed broadcast_1_piece0 on 774e6edce74f:36409 in memory (size: 2.5 KiB, free: 434.4 MiB)
[2024-09-30T11:38:38.747+0000] {spark_submit.py:490} INFO - 24/09/30 11:38:38 INFO BlockManagerInfo: Removed broadcast_1_piece0 on 172.18.0.7:37689 in memory (size: 2.5 KiB, free: 434.4 MiB)
[2024-09-30T11:38:38.765+0000] {spark_submit.py:490} INFO - 24/09/30 11:38:38 INFO DataSourceStrategy: Pruning directories with:
[2024-09-30T11:38:38.767+0000] {spark_submit.py:490} INFO - 24/09/30 11:38:38 INFO FileSourceStrategy: Pushed Filters:
[2024-09-30T11:38:38.769+0000] {spark_submit.py:490} INFO - 24/09/30 11:38:38 INFO FileSourceStrategy: Post-Scan Filters:
[2024-09-30T11:38:38.773+0000] {spark_submit.py:490} INFO - 24/09/30 11:38:38 INFO FileSourceStrategy: Output Data Schema: struct<collection_id: string, new_positive_cases: int, collection_date: timestamp ... 1 more fields>
[2024-09-30T11:38:38.913+0000] {spark_submit.py:490} INFO - 24/09/30 11:38:38 INFO ParquetFileFormat: Using default output committer for Parquet: org.apache.parquet.hadoop.ParquetOutputCommitter
[2024-09-30T11:38:38.945+0000] {spark_submit.py:490} INFO - 24/09/30 11:38:38 INFO FileOutputCommitter: File Output Committer Algorithm version is 1
[2024-09-30T11:38:38.945+0000] {spark_submit.py:490} INFO - 24/09/30 11:38:38 INFO FileOutputCommitter: FileOutputCommitter skip cleanup _temporary folders under output directory:false, ignore cleanup failures: false
[2024-09-30T11:38:38.947+0000] {spark_submit.py:490} INFO - 24/09/30 11:38:38 INFO SQLHadoopMapReduceCommitProtocol: Using user defined output committer class org.apache.parquet.hadoop.ParquetOutputCommitter
[2024-09-30T11:38:38.947+0000] {spark_submit.py:490} INFO - 24/09/30 11:38:38 INFO FileOutputCommitter: File Output Committer Algorithm version is 1
[2024-09-30T11:38:38.947+0000] {spark_submit.py:490} INFO - 24/09/30 11:38:38 INFO FileOutputCommitter: FileOutputCommitter skip cleanup _temporary folders under output directory:false, ignore cleanup failures: false
[2024-09-30T11:38:38.948+0000] {spark_submit.py:490} INFO - 24/09/30 11:38:38 INFO SQLHadoopMapReduceCommitProtocol: Using output committer class org.apache.parquet.hadoop.ParquetOutputCommitter
[2024-09-30T11:38:39.037+0000] {spark_submit.py:490} INFO - 24/09/30 11:38:39 INFO CodeGenerator: Code generated in 42.486753 ms
[2024-09-30T11:38:39.066+0000] {spark_submit.py:490} INFO - 24/09/30 11:38:39 INFO MemoryStore: Block broadcast_2 stored as values in memory (estimated size 177.0 KiB, free 434.2 MiB)
[2024-09-30T11:38:39.080+0000] {spark_submit.py:490} INFO - 24/09/30 11:38:39 INFO MemoryStore: Block broadcast_2_piece0 stored as bytes in memory (estimated size 28.3 KiB, free 434.2 MiB)
[2024-09-30T11:38:39.080+0000] {spark_submit.py:490} INFO - 24/09/30 11:38:39 INFO BlockManagerInfo: Added broadcast_2_piece0 in memory on 774e6edce74f:36409 (size: 28.3 KiB, free: 434.4 MiB)
[2024-09-30T11:38:39.082+0000] {spark_submit.py:490} INFO - 24/09/30 11:38:39 INFO SparkContext: Created broadcast 2 from saveAsTable at NativeMethodAccessorImpl.java:0
[2024-09-30T11:38:39.098+0000] {spark_submit.py:490} INFO - 24/09/30 11:38:39 INFO FileSourceScanExec: Planning scan with bin packing, max size: 4194304 bytes, open cost is considered as scanning 4194304 bytes.
[2024-09-30T11:38:39.187+0000] {spark_submit.py:490} INFO - 24/09/30 11:38:39 INFO SparkContext: Starting job: saveAsTable at NativeMethodAccessorImpl.java:0
[2024-09-30T11:38:39.189+0000] {spark_submit.py:490} INFO - 24/09/30 11:38:39 INFO DAGScheduler: Got job 2 (saveAsTable at NativeMethodAccessorImpl.java:0) with 1 output partitions
[2024-09-30T11:38:39.189+0000] {spark_submit.py:490} INFO - 24/09/30 11:38:39 INFO DAGScheduler: Final stage: ResultStage 2 (saveAsTable at NativeMethodAccessorImpl.java:0)
[2024-09-30T11:38:39.190+0000] {spark_submit.py:490} INFO - 24/09/30 11:38:39 INFO DAGScheduler: Parents of final stage: List()
[2024-09-30T11:38:39.190+0000] {spark_submit.py:490} INFO - 24/09/30 11:38:39 INFO DAGScheduler: Missing parents: List()
[2024-09-30T11:38:39.193+0000] {spark_submit.py:490} INFO - 24/09/30 11:38:39 INFO DAGScheduler: Submitting ResultStage 2 (MapPartitionsRDD[10] at saveAsTable at NativeMethodAccessorImpl.java:0), which has no missing parents
[2024-09-30T11:38:39.289+0000] {spark_submit.py:490} INFO - 24/09/30 11:38:39 INFO MemoryStore: Block broadcast_3 stored as values in memory (estimated size 182.8 KiB, free 434.0 MiB)
[2024-09-30T11:38:39.296+0000] {spark_submit.py:490} INFO - 24/09/30 11:38:39 INFO MemoryStore: Block broadcast_3_piece0 stored as bytes in memory (estimated size 65.6 KiB, free 434.0 MiB)
[2024-09-30T11:38:39.298+0000] {spark_submit.py:490} INFO - 24/09/30 11:38:39 INFO BlockManagerInfo: Added broadcast_3_piece0 in memory on 774e6edce74f:36409 (size: 65.6 KiB, free: 434.3 MiB)
[2024-09-30T11:38:39.303+0000] {spark_submit.py:490} INFO - 24/09/30 11:38:39 INFO SparkContext: Created broadcast 3 from broadcast at DAGScheduler.scala:1433
[2024-09-30T11:38:39.304+0000] {spark_submit.py:490} INFO - 24/09/30 11:38:39 INFO DAGScheduler: Submitting 1 missing tasks from ResultStage 2 (MapPartitionsRDD[10] at saveAsTable at NativeMethodAccessorImpl.java:0) (first 15 tasks are for partitions Vector(0))
[2024-09-30T11:38:39.304+0000] {spark_submit.py:490} INFO - 24/09/30 11:38:39 INFO TaskSchedulerImpl: Adding task set 2.0 with 1 tasks resource profile 0
[2024-09-30T11:38:39.327+0000] {spark_submit.py:490} INFO - 24/09/30 11:38:39 INFO TaskSetManager: Starting task 0.0 in stage 2.0 (TID 2) (172.18.0.7, executor 0, partition 0, ANY, 5048 bytes) taskResourceAssignments Map()
[2024-09-30T11:38:39.387+0000] {spark_submit.py:490} INFO - 24/09/30 11:38:39 INFO BlockManagerInfo: Added broadcast_3_piece0 in memory on 172.18.0.7:37689 (size: 65.6 KiB, free: 434.3 MiB)
[2024-09-30T11:38:40.821+0000] {spark_submit.py:490} INFO - 24/09/30 11:38:40 INFO BlockManagerInfo: Added broadcast_2_piece0 in memory on 172.18.0.7:37689 (size: 28.3 KiB, free: 434.3 MiB)
[2024-09-30T11:38:43.094+0000] {spark_submit.py:490} INFO - 24/09/30 11:38:43 INFO TaskSetManager: Finished task 0.0 in stage 2.0 (TID 2) in 3779 ms on 172.18.0.7 (executor 0) (1/1)
[2024-09-30T11:38:43.095+0000] {spark_submit.py:490} INFO - 24/09/30 11:38:43 INFO TaskSchedulerImpl: Removed TaskSet 2.0, whose tasks have all completed, from pool
[2024-09-30T11:38:43.099+0000] {spark_submit.py:490} INFO - 24/09/30 11:38:43 INFO DAGScheduler: ResultStage 2 (saveAsTable at NativeMethodAccessorImpl.java:0) finished in 3.898 s
[2024-09-30T11:38:43.099+0000] {spark_submit.py:490} INFO - 24/09/30 11:38:43 INFO DAGScheduler: Job 2 is finished. Cancelling potential speculative or zombie tasks for this job
[2024-09-30T11:38:43.099+0000] {spark_submit.py:490} INFO - 24/09/30 11:38:43 INFO TaskSchedulerImpl: Killing all running tasks in stage 2: Stage finished
[2024-09-30T11:38:43.102+0000] {spark_submit.py:490} INFO - 24/09/30 11:38:43 INFO DAGScheduler: Job 2 finished: saveAsTable at NativeMethodAccessorImpl.java:0, took 3.913652 s
[2024-09-30T11:38:43.210+0000] {spark_submit.py:490} INFO - 24/09/30 11:38:43 INFO FileFormatWriter: Write Job a1183c46-e5c4-4cda-a007-790ea780ad1f committed.
[2024-09-30T11:38:43.215+0000] {spark_submit.py:490} INFO - 24/09/30 11:38:43 INFO FileFormatWriter: Finished processing stats for write job a1183c46-e5c4-4cda-a007-790ea780ad1f.
[2024-09-30T11:38:43.263+0000] {spark_submit.py:490} INFO - 24/09/30 11:38:43 INFO InMemoryFileIndex: It took 16 ms to list leaf files for 1 paths.
[2024-09-30T11:38:43.295+0000] {spark_submit.py:490} INFO - 24/09/30 11:38:43 INFO HiveExternalCatalog: Persisting file based data source table `default`.`cases` into Hive metastore in Hive compatible format.
[2024-09-30T11:38:43.311+0000] {spark_submit.py:490} INFO - 24/09/30 11:38:43 INFO SQLStdHiveAccessController: Created SQLStdHiveAccessController for session context : HiveAuthzSessionContext [sessionString=eccd040d-bd2c-4177-bed2-2b3c213e3e9a, clientType=HIVECLI]
[2024-09-30T11:38:43.314+0000] {spark_submit.py:490} INFO - 24/09/30 11:38:43 WARN SessionState: METASTORE_FILTER_HOOK will be ignored, since hive.security.authorization.manager is set to instance of HiveAuthorizerFactory.
[2024-09-30T11:38:43.314+0000] {spark_submit.py:490} INFO - 24/09/30 11:38:43 INFO metastore: Mestastore configuration hive.metastore.filter.hook changed from org.apache.hadoop.hive.metastore.DefaultMetaStoreFilterHookImpl to org.apache.hadoop.hive.ql.security.authorization.plugin.AuthorizationMetaStoreFilterHook
[2024-09-30T11:38:43.320+0000] {spark_submit.py:490} INFO - 24/09/30 11:38:43 INFO metastore: Closed a connection to metastore, current connections: 0
[2024-09-30T11:38:43.322+0000] {spark_submit.py:490} INFO - 24/09/30 11:38:43 INFO metastore: Trying to connect to metastore with URI thrift://hive-metastore:9083
[2024-09-30T11:38:43.322+0000] {spark_submit.py:490} INFO - 24/09/30 11:38:43 INFO metastore: Opened a connection to metastore, current connections: 1
[2024-09-30T11:38:43.323+0000] {spark_submit.py:490} INFO - 24/09/30 11:38:43 INFO metastore: Connected to metastore.
[2024-09-30T11:38:43.359+0000] {spark_submit.py:490} INFO - 24/09/30 11:38:43 INFO metastore: Trying to connect to metastore with URI thrift://hive-metastore:9083
[2024-09-30T11:38:43.359+0000] {spark_submit.py:490} INFO - 24/09/30 11:38:43 INFO metastore: Opened a connection to metastore, current connections: 2
[2024-09-30T11:38:43.361+0000] {spark_submit.py:490} INFO - 24/09/30 11:38:43 INFO metastore: Connected to metastore.
[2024-09-30T11:38:43.468+0000] {spark_submit.py:490} INFO - 24/09/30 11:38:43 INFO AlterTableRecoverPartitionsCommand: Recover all the partitions in hdfs://namenode:8020/opt/hive/data/warehouse/cases
[2024-09-30T11:38:43.486+0000] {spark_submit.py:490} INFO - 24/09/30 11:38:43 INFO AlterTableRecoverPartitionsCommand: Found 1 partitions in hdfs://namenode:8020/opt/hive/data/warehouse/cases
[2024-09-30T11:38:43.492+0000] {spark_submit.py:490} INFO - 24/09/30 11:38:43 INFO AlterTableRecoverPartitionsCommand: Finished to gather the fast stats for all 1 partitions.
[2024-09-30T11:38:43.817+0000] {spark_submit.py:490} INFO - 24/09/30 11:38:43 INFO AlterTableRecoverPartitionsCommand: Recovered all partitions (1).
[2024-09-30T11:38:43.927+0000] {spark_submit.py:490} INFO - 24/09/30 11:38:43 INFO SparkContext: Invoking stop() from shutdown hook
[2024-09-30T11:38:43.940+0000] {spark_submit.py:490} INFO - 24/09/30 11:38:43 INFO SparkUI: Stopped Spark web UI at http://774e6edce74f:4041
[2024-09-30T11:38:43.948+0000] {spark_submit.py:490} INFO - 24/09/30 11:38:43 INFO StandaloneSchedulerBackend: Shutting down all executors
[2024-09-30T11:38:43.949+0000] {spark_submit.py:490} INFO - 24/09/30 11:38:43 INFO CoarseGrainedSchedulerBackend$DriverEndpoint: Asking each executor to shut down
[2024-09-30T11:38:44.008+0000] {spark_submit.py:490} INFO - 24/09/30 11:38:44 INFO MapOutputTrackerMasterEndpoint: MapOutputTrackerMasterEndpoint stopped!
[2024-09-30T11:38:44.062+0000] {spark_submit.py:490} INFO - 24/09/30 11:38:44 INFO MemoryStore: MemoryStore cleared
[2024-09-30T11:38:44.065+0000] {spark_submit.py:490} INFO - 24/09/30 11:38:44 INFO BlockManager: BlockManager stopped
[2024-09-30T11:38:44.082+0000] {spark_submit.py:490} INFO - 24/09/30 11:38:44 INFO BlockManagerMaster: BlockManagerMaster stopped
[2024-09-30T11:38:44.095+0000] {spark_submit.py:490} INFO - 24/09/30 11:38:44 INFO OutputCommitCoordinator$OutputCommitCoordinatorEndpoint: OutputCommitCoordinator stopped!
[2024-09-30T11:38:44.123+0000] {spark_submit.py:490} INFO - 24/09/30 11:38:44 INFO SparkContext: Successfully stopped SparkContext
[2024-09-30T11:38:44.124+0000] {spark_submit.py:490} INFO - 24/09/30 11:38:44 INFO ShutdownHookManager: Shutdown hook called
[2024-09-30T11:38:44.127+0000] {spark_submit.py:490} INFO - 24/09/30 11:38:44 INFO ShutdownHookManager: Deleting directory /tmp/spark-83f7d1df-779a-4eaf-904c-f6428152cad9
[2024-09-30T11:38:44.139+0000] {spark_submit.py:490} INFO - 24/09/30 11:38:44 INFO ShutdownHookManager: Deleting directory /tmp/spark-13379953-63d8-4da7-92a6-97b460a53efd
[2024-09-30T11:38:44.155+0000] {spark_submit.py:490} INFO - 24/09/30 11:38:44 INFO ShutdownHookManager: Deleting directory /tmp/spark-13379953-63d8-4da7-92a6-97b460a53efd/pyspark-99c553ba-56c8-4b19-9dbd-897c8d677d34
[2024-09-30T11:38:44.443+0000] {taskinstance.py:1327} INFO - Marking task as SUCCESS. dag_id=get_cases_data, task_id=save_to_warehouse, execution_date=20230109T000000, start_date=20240930T113746, end_date=20240930T113844
[2024-09-30T11:38:44.492+0000] {local_task_job.py:159} INFO - Task exited with return code 0
[2024-09-30T11:38:44.530+0000] {taskinstance.py:2582} INFO - 1 downstream tasks scheduled from follow-on schedule check
