[2024-09-30T11:35:53.908+0000] {taskinstance.py:1087} INFO - Dependencies all met for <TaskInstance: get_cases_data.save_to_warehouse scheduled__2023-01-06T00:00:00+00:00 [queued]>
[2024-09-30T11:35:53.928+0000] {taskinstance.py:1087} INFO - Dependencies all met for <TaskInstance: get_cases_data.save_to_warehouse scheduled__2023-01-06T00:00:00+00:00 [queued]>
[2024-09-30T11:35:53.928+0000] {taskinstance.py:1283} INFO - 
--------------------------------------------------------------------------------
[2024-09-30T11:35:53.928+0000] {taskinstance.py:1284} INFO - Starting attempt 1 of 1
[2024-09-30T11:35:53.928+0000] {taskinstance.py:1285} INFO - 
--------------------------------------------------------------------------------
[2024-09-30T11:35:53.957+0000] {taskinstance.py:1304} INFO - Executing <Task(SparkSubmitOperator): save_to_warehouse> on 2023-01-06 00:00:00+00:00
[2024-09-30T11:35:53.972+0000] {standard_task_runner.py:55} INFO - Started process 6477 to run task
[2024-09-30T11:35:53.976+0000] {standard_task_runner.py:82} INFO - Running: ['***', 'tasks', 'run', 'get_cases_data', 'save_to_warehouse', 'scheduled__2023-01-06T00:00:00+00:00', '--job-id', '56', '--raw', '--subdir', 'DAGS_FOLDER/get_cases_data.py', '--cfg-path', '/tmp/tmpxqwslccz']
[2024-09-30T11:35:53.978+0000] {standard_task_runner.py:83} INFO - Job 56: Subtask save_to_warehouse
[2024-09-30T11:35:54.120+0000] {task_command.py:389} INFO - Running <TaskInstance: get_cases_data.save_to_warehouse scheduled__2023-01-06T00:00:00+00:00 [running]> on host 774e6edce74f
[2024-09-30T11:35:54.316+0000] {taskinstance.py:1513} INFO - Exporting the following env vars:
AIRFLOW_CTX_DAG_OWNER=***
AIRFLOW_CTX_DAG_ID=get_cases_data
AIRFLOW_CTX_TASK_ID=save_to_warehouse
AIRFLOW_CTX_EXECUTION_DATE=2023-01-06T00:00:00+00:00
AIRFLOW_CTX_TRY_NUMBER=1
AIRFLOW_CTX_DAG_RUN_ID=scheduled__2023-01-06T00:00:00+00:00
[2024-09-30T11:35:54.321+0000] {base.py:73} INFO - Using connection ID 'spark_connection' for task execution.
[2024-09-30T11:35:54.322+0000] {spark_submit.py:339} INFO - Spark-Submit cmd: spark-submit --master spark://spark-master:7077 --name save_to_warehouse --verbose /usr/local/spark/app/save_to_warehouse.py
[2024-09-30T11:35:56.524+0000] {spark_submit.py:490} INFO - Using properties file: null
[2024-09-30T11:35:56.759+0000] {spark_submit.py:490} INFO - WARNING: An illegal reflective access operation has occurred
[2024-09-30T11:35:56.760+0000] {spark_submit.py:490} INFO - WARNING: Illegal reflective access by org.apache.spark.unsafe.Platform (file:/home/***/.local/lib/python3.7/site-packages/pyspark/jars/spark-unsafe_2.12-3.1.3.jar) to constructor java.nio.DirectByteBuffer(long,int)
[2024-09-30T11:35:56.760+0000] {spark_submit.py:490} INFO - WARNING: Please consider reporting this to the maintainers of org.apache.spark.unsafe.Platform
[2024-09-30T11:35:56.760+0000] {spark_submit.py:490} INFO - WARNING: Use --illegal-access=warn to enable warnings of further illegal reflective access operations
[2024-09-30T11:35:56.765+0000] {spark_submit.py:490} INFO - WARNING: All illegal access operations will be denied in a future release
[2024-09-30T11:35:57.056+0000] {spark_submit.py:490} INFO - Parsed arguments:
[2024-09-30T11:35:57.057+0000] {spark_submit.py:490} INFO - master                  spark://spark-master:7077
[2024-09-30T11:35:57.057+0000] {spark_submit.py:490} INFO - deployMode              null
[2024-09-30T11:35:57.057+0000] {spark_submit.py:490} INFO - executorMemory          null
[2024-09-30T11:35:57.057+0000] {spark_submit.py:490} INFO - executorCores           null
[2024-09-30T11:35:57.057+0000] {spark_submit.py:490} INFO - totalExecutorCores      null
[2024-09-30T11:35:57.057+0000] {spark_submit.py:490} INFO - propertiesFile          null
[2024-09-30T11:35:57.057+0000] {spark_submit.py:490} INFO - driverMemory            null
[2024-09-30T11:35:57.058+0000] {spark_submit.py:490} INFO - driverCores             null
[2024-09-30T11:35:57.058+0000] {spark_submit.py:490} INFO - driverExtraClassPath    null
[2024-09-30T11:35:57.058+0000] {spark_submit.py:490} INFO - driverExtraLibraryPath  null
[2024-09-30T11:35:57.058+0000] {spark_submit.py:490} INFO - driverExtraJavaOptions  null
[2024-09-30T11:35:57.058+0000] {spark_submit.py:490} INFO - supervise               false
[2024-09-30T11:35:57.058+0000] {spark_submit.py:490} INFO - queue                   null
[2024-09-30T11:35:57.058+0000] {spark_submit.py:490} INFO - numExecutors            null
[2024-09-30T11:35:57.058+0000] {spark_submit.py:490} INFO - files                   null
[2024-09-30T11:35:57.058+0000] {spark_submit.py:490} INFO - pyFiles                 null
[2024-09-30T11:35:57.059+0000] {spark_submit.py:490} INFO - archives                null
[2024-09-30T11:35:57.059+0000] {spark_submit.py:490} INFO - mainClass               null
[2024-09-30T11:35:57.059+0000] {spark_submit.py:490} INFO - primaryResource         file:/usr/local/spark/app/save_to_warehouse.py
[2024-09-30T11:35:57.059+0000] {spark_submit.py:490} INFO - name                    save_to_warehouse
[2024-09-30T11:35:57.059+0000] {spark_submit.py:490} INFO - childArgs               []
[2024-09-30T11:35:57.059+0000] {spark_submit.py:490} INFO - jars                    null
[2024-09-30T11:35:57.064+0000] {spark_submit.py:490} INFO - packages                null
[2024-09-30T11:35:57.064+0000] {spark_submit.py:490} INFO - packagesExclusions      null
[2024-09-30T11:35:57.064+0000] {spark_submit.py:490} INFO - repositories            null
[2024-09-30T11:35:57.065+0000] {spark_submit.py:490} INFO - verbose                 true
[2024-09-30T11:35:57.065+0000] {spark_submit.py:490} INFO - 
[2024-09-30T11:35:57.065+0000] {spark_submit.py:490} INFO - Spark properties used, including those specified through
[2024-09-30T11:35:57.065+0000] {spark_submit.py:490} INFO - --conf and those from the properties file null:
[2024-09-30T11:35:57.065+0000] {spark_submit.py:490} INFO - 
[2024-09-30T11:35:57.065+0000] {spark_submit.py:490} INFO - 
[2024-09-30T11:35:57.065+0000] {spark_submit.py:490} INFO - 
[2024-09-30T11:35:57.731+0000] {spark_submit.py:490} INFO - 24/09/30 11:35:57 WARN NativeCodeLoader: Unable to load native-hadoop library for your platform... using builtin-java classes where applicable
[2024-09-30T11:35:58.080+0000] {spark_submit.py:490} INFO - Main class:
[2024-09-30T11:35:58.081+0000] {spark_submit.py:490} INFO - org.apache.spark.deploy.PythonRunner
[2024-09-30T11:35:58.081+0000] {spark_submit.py:490} INFO - Arguments:
[2024-09-30T11:35:58.081+0000] {spark_submit.py:490} INFO - file:/usr/local/spark/app/save_to_warehouse.py
[2024-09-30T11:35:58.081+0000] {spark_submit.py:490} INFO - null
[2024-09-30T11:35:58.085+0000] {spark_submit.py:490} INFO - Spark config:
[2024-09-30T11:35:58.086+0000] {spark_submit.py:490} INFO - (spark.app.name,save_to_warehouse)
[2024-09-30T11:35:58.086+0000] {spark_submit.py:490} INFO - (spark.master,spark://spark-master:7077)
[2024-09-30T11:35:58.086+0000] {spark_submit.py:490} INFO - (spark.submit.pyFiles,)
[2024-09-30T11:35:58.086+0000] {spark_submit.py:490} INFO - (spark.submit.deployMode,client)
[2024-09-30T11:35:58.088+0000] {spark_submit.py:490} INFO - Classpath elements:
[2024-09-30T11:35:58.088+0000] {spark_submit.py:490} INFO - 
[2024-09-30T11:35:58.090+0000] {spark_submit.py:490} INFO - 
[2024-09-30T11:35:58.091+0000] {spark_submit.py:490} INFO - 
[2024-09-30T11:35:59.321+0000] {spark_submit.py:490} INFO - Using Spark's default log4j profile: org/apache/spark/log4j-defaults.properties
[2024-09-30T11:35:59.336+0000] {spark_submit.py:490} INFO - 24/09/30 11:35:59 INFO SparkContext: Running Spark version 3.1.3
[2024-09-30T11:35:59.446+0000] {spark_submit.py:490} INFO - 24/09/30 11:35:59 INFO ResourceUtils: ==============================================================
[2024-09-30T11:35:59.447+0000] {spark_submit.py:490} INFO - 24/09/30 11:35:59 INFO ResourceUtils: No custom resources configured for spark.driver.
[2024-09-30T11:35:59.449+0000] {spark_submit.py:490} INFO - 24/09/30 11:35:59 INFO ResourceUtils: ==============================================================
[2024-09-30T11:35:59.450+0000] {spark_submit.py:490} INFO - 24/09/30 11:35:59 INFO SparkContext: Submitted application: save_to_warehouse
[2024-09-30T11:35:59.487+0000] {spark_submit.py:490} INFO - 24/09/30 11:35:59 INFO ResourceProfile: Default ResourceProfile created, executor resources: Map(cores -> name: cores, amount: 1, script: , vendor: , memory -> name: memory, amount: 1024, script: , vendor: , offHeap -> name: offHeap, amount: 0, script: , vendor: ), task resources: Map(cpus -> name: cpus, amount: 1.0)
[2024-09-30T11:35:59.508+0000] {spark_submit.py:490} INFO - 24/09/30 11:35:59 INFO ResourceProfile: Limiting resource is cpu
[2024-09-30T11:35:59.515+0000] {spark_submit.py:490} INFO - 24/09/30 11:35:59 INFO ResourceProfileManager: Added ResourceProfile id: 0
[2024-09-30T11:35:59.645+0000] {spark_submit.py:490} INFO - 24/09/30 11:35:59 INFO SecurityManager: Changing view acls to: default
[2024-09-30T11:35:59.646+0000] {spark_submit.py:490} INFO - 24/09/30 11:35:59 INFO SecurityManager: Changing modify acls to: default
[2024-09-30T11:35:59.646+0000] {spark_submit.py:490} INFO - 24/09/30 11:35:59 INFO SecurityManager: Changing view acls groups to:
[2024-09-30T11:35:59.647+0000] {spark_submit.py:490} INFO - 24/09/30 11:35:59 INFO SecurityManager: Changing modify acls groups to:
[2024-09-30T11:35:59.647+0000] {spark_submit.py:490} INFO - 24/09/30 11:35:59 INFO SecurityManager: SecurityManager: authentication disabled; ui acls disabled; users  with view permissions: Set(default); groups with view permissions: Set(); users  with modify permissions: Set(default); groups with modify permissions: Set()
[2024-09-30T11:36:00.090+0000] {spark_submit.py:490} INFO - 24/09/30 11:36:00 INFO Utils: Successfully started service 'sparkDriver' on port 42789.
[2024-09-30T11:36:00.133+0000] {spark_submit.py:490} INFO - 24/09/30 11:36:00 INFO SparkEnv: Registering MapOutputTracker
[2024-09-30T11:36:00.198+0000] {spark_submit.py:490} INFO - 24/09/30 11:36:00 INFO SparkEnv: Registering BlockManagerMaster
[2024-09-30T11:36:00.234+0000] {spark_submit.py:490} INFO - 24/09/30 11:36:00 INFO BlockManagerMasterEndpoint: Using org.apache.spark.storage.DefaultTopologyMapper for getting topology information
[2024-09-30T11:36:00.235+0000] {spark_submit.py:490} INFO - 24/09/30 11:36:00 INFO BlockManagerMasterEndpoint: BlockManagerMasterEndpoint up
[2024-09-30T11:36:00.243+0000] {spark_submit.py:490} INFO - 24/09/30 11:36:00 INFO SparkEnv: Registering BlockManagerMasterHeartbeat
[2024-09-30T11:36:00.268+0000] {spark_submit.py:490} INFO - 24/09/30 11:36:00 INFO DiskBlockManager: Created local directory at /tmp/blockmgr-ec8e74a0-94a7-4324-bd95-b3bd1f4ca372
[2024-09-30T11:36:00.319+0000] {spark_submit.py:490} INFO - 24/09/30 11:36:00 INFO MemoryStore: MemoryStore started with capacity 434.4 MiB
[2024-09-30T11:36:00.356+0000] {spark_submit.py:490} INFO - 24/09/30 11:36:00 INFO SparkEnv: Registering OutputCommitCoordinator
[2024-09-30T11:36:00.821+0000] {spark_submit.py:490} INFO - 24/09/30 11:36:00 WARN Utils: Service 'SparkUI' could not bind on port 4040. Attempting port 4041.
[2024-09-30T11:36:00.833+0000] {spark_submit.py:490} INFO - 24/09/30 11:36:00 INFO Utils: Successfully started service 'SparkUI' on port 4041.
[2024-09-30T11:36:00.943+0000] {spark_submit.py:490} INFO - 24/09/30 11:36:00 INFO SparkUI: Bound SparkUI to 0.0.0.0, and started at http://774e6edce74f:4041
[2024-09-30T11:36:01.541+0000] {spark_submit.py:490} INFO - 24/09/30 11:36:01 INFO StandaloneAppClient$ClientEndpoint: Connecting to master spark://spark-master:7077...
[2024-09-30T11:36:01.716+0000] {spark_submit.py:490} INFO - 24/09/30 11:36:01 INFO TransportClientFactory: Successfully created connection to spark-master/172.18.0.5:7077 after 93 ms (0 ms spent in bootstraps)
[2024-09-30T11:36:01.959+0000] {spark_submit.py:490} INFO - 24/09/30 11:36:01 INFO StandaloneSchedulerBackend: Connected to Spark cluster with app ID app-20240930113601-0035
[2024-09-30T11:36:01.979+0000] {spark_submit.py:490} INFO - 24/09/30 11:36:01 INFO Utils: Successfully started service 'org.apache.spark.network.netty.NettyBlockTransferService' on port 40987.
[2024-09-30T11:36:01.980+0000] {spark_submit.py:490} INFO - 24/09/30 11:36:01 INFO NettyBlockTransferService: Server created on 774e6edce74f:40987
[2024-09-30T11:36:01.985+0000] {spark_submit.py:490} INFO - 24/09/30 11:36:01 INFO BlockManager: Using org.apache.spark.storage.RandomBlockReplicationPolicy for block replication policy
[2024-09-30T11:36:02.004+0000] {spark_submit.py:490} INFO - 24/09/30 11:36:02 INFO BlockManagerMaster: Registering BlockManager BlockManagerId(driver, 774e6edce74f, 40987, None)
[2024-09-30T11:36:02.014+0000] {spark_submit.py:490} INFO - 24/09/30 11:36:02 INFO BlockManagerMasterEndpoint: Registering block manager 774e6edce74f:40987 with 434.4 MiB RAM, BlockManagerId(driver, 774e6edce74f, 40987, None)
[2024-09-30T11:36:02.021+0000] {spark_submit.py:490} INFO - 24/09/30 11:36:02 INFO BlockManagerMaster: Registered BlockManager BlockManagerId(driver, 774e6edce74f, 40987, None)
[2024-09-30T11:36:02.023+0000] {spark_submit.py:490} INFO - 24/09/30 11:36:02 INFO BlockManager: Initialized BlockManager: BlockManagerId(driver, 774e6edce74f, 40987, None)
[2024-09-30T11:36:02.394+0000] {spark_submit.py:490} INFO - 24/09/30 11:36:02 INFO StandaloneSchedulerBackend: SchedulerBackend is ready for scheduling beginning after reached minRegisteredResourcesRatio: 0.0
[2024-09-30T11:36:02.809+0000] {spark_submit.py:490} INFO - 24/09/30 11:36:02 INFO SharedState: Setting hive.metastore.warehouse.dir ('null') to the value of spark.sql.warehouse.dir ('/user/hive/warehouse').
[2024-09-30T11:36:02.810+0000] {spark_submit.py:490} INFO - 24/09/30 11:36:02 INFO SharedState: Warehouse path is '/user/hive/warehouse'.
[2024-09-30T11:36:05.234+0000] {spark_submit.py:490} INFO - 24/09/30 11:36:05 INFO InMemoryFileIndex: It took 300 ms to list leaf files for 1 paths.
[2024-09-30T11:36:06.226+0000] {spark_submit.py:490} INFO - 24/09/30 11:36:06 INFO SparkContext: Starting job: parquet at NativeMethodAccessorImpl.java:0
[2024-09-30T11:36:06.247+0000] {spark_submit.py:490} INFO - 24/09/30 11:36:06 INFO DAGScheduler: Got job 0 (parquet at NativeMethodAccessorImpl.java:0) with 1 output partitions
[2024-09-30T11:36:06.247+0000] {spark_submit.py:490} INFO - 24/09/30 11:36:06 INFO DAGScheduler: Final stage: ResultStage 0 (parquet at NativeMethodAccessorImpl.java:0)
[2024-09-30T11:36:06.248+0000] {spark_submit.py:490} INFO - 24/09/30 11:36:06 INFO DAGScheduler: Parents of final stage: List()
[2024-09-30T11:36:06.249+0000] {spark_submit.py:490} INFO - 24/09/30 11:36:06 INFO DAGScheduler: Missing parents: List()
[2024-09-30T11:36:06.260+0000] {spark_submit.py:490} INFO - 24/09/30 11:36:06 INFO DAGScheduler: Submitting ResultStage 0 (MapPartitionsRDD[1] at parquet at NativeMethodAccessorImpl.java:0), which has no missing parents
[2024-09-30T11:36:06.343+0000] {spark_submit.py:490} INFO - 24/09/30 11:36:06 INFO MemoryStore: Block broadcast_0 stored as values in memory (estimated size 84.0 KiB, free 434.3 MiB)
[2024-09-30T11:36:06.393+0000] {spark_submit.py:490} INFO - 24/09/30 11:36:06 INFO MemoryStore: Block broadcast_0_piece0 stored as bytes in memory (estimated size 29.8 KiB, free 434.3 MiB)
[2024-09-30T11:36:06.402+0000] {spark_submit.py:490} INFO - 24/09/30 11:36:06 INFO BlockManagerInfo: Added broadcast_0_piece0 in memory on 774e6edce74f:40987 (size: 29.8 KiB, free: 434.4 MiB)
[2024-09-30T11:36:06.411+0000] {spark_submit.py:490} INFO - 24/09/30 11:36:06 INFO SparkContext: Created broadcast 0 from broadcast at DAGScheduler.scala:1433
[2024-09-30T11:36:06.447+0000] {spark_submit.py:490} INFO - 24/09/30 11:36:06 INFO DAGScheduler: Submitting 1 missing tasks from ResultStage 0 (MapPartitionsRDD[1] at parquet at NativeMethodAccessorImpl.java:0) (first 15 tasks are for partitions Vector(0))
[2024-09-30T11:36:06.448+0000] {spark_submit.py:490} INFO - 24/09/30 11:36:06 INFO TaskSchedulerImpl: Adding task set 0.0 with 1 tasks resource profile 0
[2024-09-30T11:36:21.483+0000] {spark_submit.py:490} INFO - 24/09/30 11:36:21 WARN TaskSchedulerImpl: Initial job has not accepted any resources; check your cluster UI to ensure that workers are registered and have sufficient resources
[2024-09-30T11:36:31.657+0000] {spark_submit.py:490} INFO - 24/09/30 11:36:31 INFO StandaloneAppClient$ClientEndpoint: Executor added: app-20240930113601-0035/0 on worker-20240930112313-172.18.0.7-33165 (172.18.0.7:33165) with 4 core(s)
[2024-09-30T11:36:31.672+0000] {spark_submit.py:490} INFO - 24/09/30 11:36:31 INFO StandaloneSchedulerBackend: Granted executor ID app-20240930113601-0035/0 on hostPort 172.18.0.7:33165 with 4 core(s), 1024.0 MiB RAM
[2024-09-30T11:36:31.863+0000] {spark_submit.py:490} INFO - 24/09/30 11:36:31 INFO StandaloneAppClient$ClientEndpoint: Executor updated: app-20240930113601-0035/0 is now RUNNING
[2024-09-30T11:36:36.165+0000] {spark_submit.py:490} INFO - 24/09/30 11:36:36 INFO CoarseGrainedSchedulerBackend$DriverEndpoint: Registered executor NettyRpcEndpointRef(spark-client://Executor) (172.18.0.7:34018) with ID 0,  ResourceProfileId 0
[2024-09-30T11:36:36.463+0000] {spark_submit.py:490} INFO - 24/09/30 11:36:36 INFO BlockManagerMasterEndpoint: Registering block manager 172.18.0.7:36039 with 434.4 MiB RAM, BlockManagerId(0, 172.18.0.7, 36039, None)
[2024-09-30T11:36:36.478+0000] {spark_submit.py:490} INFO - 24/09/30 11:36:36 WARN TaskSchedulerImpl: Initial job has not accepted any resources; check your cluster UI to ensure that workers are registered and have sufficient resources
[2024-09-30T11:36:36.613+0000] {spark_submit.py:490} INFO - 24/09/30 11:36:36 INFO TaskSetManager: Starting task 0.0 in stage 0.0 (TID 0) (172.18.0.7, executor 0, partition 0, PROCESS_LOCAL, 4732 bytes) taskResourceAssignments Map()
[2024-09-30T11:36:37.255+0000] {spark_submit.py:490} INFO - 24/09/30 11:36:37 INFO BlockManagerInfo: Added broadcast_0_piece0 in memory on 172.18.0.7:36039 (size: 29.8 KiB, free: 434.4 MiB)
[2024-09-30T11:36:39.027+0000] {spark_submit.py:490} INFO - 24/09/30 11:36:39 INFO TaskSetManager: Finished task 0.0 in stage 0.0 (TID 0) in 2431 ms on 172.18.0.7 (executor 0) (1/1)
[2024-09-30T11:36:39.030+0000] {spark_submit.py:490} INFO - 24/09/30 11:36:39 INFO TaskSchedulerImpl: Removed TaskSet 0.0, whose tasks have all completed, from pool
[2024-09-30T11:36:39.040+0000] {spark_submit.py:490} INFO - 24/09/30 11:36:39 INFO DAGScheduler: ResultStage 0 (parquet at NativeMethodAccessorImpl.java:0) finished in 32.762 s
[2024-09-30T11:36:39.046+0000] {spark_submit.py:490} INFO - 24/09/30 11:36:39 INFO DAGScheduler: Job 0 is finished. Cancelling potential speculative or zombie tasks for this job
[2024-09-30T11:36:39.047+0000] {spark_submit.py:490} INFO - 24/09/30 11:36:39 INFO TaskSchedulerImpl: Killing all running tasks in stage 0: Stage finished
[2024-09-30T11:36:39.052+0000] {spark_submit.py:490} INFO - 24/09/30 11:36:39 INFO DAGScheduler: Job 0 finished: parquet at NativeMethodAccessorImpl.java:0, took 32.824281 s
[2024-09-30T11:36:40.029+0000] {spark_submit.py:490} INFO - 24/09/30 11:36:40 INFO BlockManagerInfo: Removed broadcast_0_piece0 on 774e6edce74f:40987 in memory (size: 29.8 KiB, free: 434.4 MiB)
[2024-09-30T11:36:40.070+0000] {spark_submit.py:490} INFO - 24/09/30 11:36:40 INFO BlockManagerInfo: Removed broadcast_0_piece0 on 172.18.0.7:36039 in memory (size: 29.8 KiB, free: 434.4 MiB)
[2024-09-30T11:36:41.446+0000] {spark_submit.py:490} INFO - 24/09/30 11:36:41 INFO HiveConf: Found configuration file null
[2024-09-30T11:36:41.467+0000] {spark_submit.py:490} INFO - 24/09/30 11:36:41 INFO HiveUtils: Initializing HiveMetastoreConnection version 2.3.7 using Spark classes.
[2024-09-30T11:36:42.377+0000] {spark_submit.py:490} INFO - 24/09/30 11:36:42 INFO SessionState: Created HDFS directory: hdfs://namenode:8020/opt/hive/scratch_dir/default/8394d1ab-4056-4ad1-b67b-d5b5a2c3ad4a
[2024-09-30T11:36:42.397+0000] {spark_submit.py:490} INFO - 24/09/30 11:36:42 INFO SessionState: Created local directory: /tmp/default/8394d1ab-4056-4ad1-b67b-d5b5a2c3ad4a
[2024-09-30T11:36:42.409+0000] {spark_submit.py:490} INFO - 24/09/30 11:36:42 INFO SessionState: Created HDFS directory: hdfs://namenode:8020/opt/hive/scratch_dir/default/8394d1ab-4056-4ad1-b67b-d5b5a2c3ad4a/_tmp_space.db
[2024-09-30T11:36:42.426+0000] {spark_submit.py:490} INFO - 24/09/30 11:36:42 INFO HiveClientImpl: Warehouse location for Hive client (version 2.3.7) is /user/hive/warehouse
[2024-09-30T11:36:43.039+0000] {spark_submit.py:490} INFO - 24/09/30 11:36:43 INFO metastore: Trying to connect to metastore with URI thrift://hive-metastore:9083
[2024-09-30T11:36:43.071+0000] {spark_submit.py:490} INFO - 24/09/30 11:36:43 INFO metastore: Opened a connection to metastore, current connections: 1
[2024-09-30T11:36:43.108+0000] {spark_submit.py:490} INFO - 24/09/30 11:36:43 INFO metastore: Connected to metastore.
[2024-09-30T11:36:44.755+0000] {spark_submit.py:490} INFO - 24/09/30 11:36:44 INFO CodeGenerator: Code generated in 361.901376 ms
[2024-09-30T11:36:45.683+0000] {spark_submit.py:490} INFO - 24/09/30 11:36:45 INFO CodeGenerator: Code generated in 58.397451 ms
[2024-09-30T11:36:45.754+0000] {spark_submit.py:490} INFO - 24/09/30 11:36:45 INFO SparkContext: Starting job: hasNext at NativeMethodAccessorImpl.java:0
[2024-09-30T11:36:45.761+0000] {spark_submit.py:490} INFO - 24/09/30 11:36:45 INFO DAGScheduler: Got job 1 (hasNext at NativeMethodAccessorImpl.java:0) with 1 output partitions
[2024-09-30T11:36:45.762+0000] {spark_submit.py:490} INFO - 24/09/30 11:36:45 INFO DAGScheduler: Final stage: ResultStage 1 (hasNext at NativeMethodAccessorImpl.java:0)
[2024-09-30T11:36:45.762+0000] {spark_submit.py:490} INFO - 24/09/30 11:36:45 INFO DAGScheduler: Parents of final stage: List()
[2024-09-30T11:36:45.762+0000] {spark_submit.py:490} INFO - 24/09/30 11:36:45 INFO DAGScheduler: Missing parents: List()
[2024-09-30T11:36:45.764+0000] {spark_submit.py:490} INFO - 24/09/30 11:36:45 INFO DAGScheduler: Submitting ResultStage 1 (MapPartitionsRDD[5] at toLocalIterator at NativeMethodAccessorImpl.java:0), which has no missing parents
[2024-09-30T11:36:45.774+0000] {spark_submit.py:490} INFO - 24/09/30 11:36:45 INFO MemoryStore: Block broadcast_1 stored as values in memory (estimated size 4.6 KiB, free 434.4 MiB)
[2024-09-30T11:36:45.785+0000] {spark_submit.py:490} INFO - 24/09/30 11:36:45 INFO MemoryStore: Block broadcast_1_piece0 stored as bytes in memory (estimated size 2.5 KiB, free 434.4 MiB)
[2024-09-30T11:36:45.790+0000] {spark_submit.py:490} INFO - 24/09/30 11:36:45 INFO BlockManagerInfo: Added broadcast_1_piece0 in memory on 774e6edce74f:40987 (size: 2.5 KiB, free: 434.4 MiB)
[2024-09-30T11:36:45.792+0000] {spark_submit.py:490} INFO - 24/09/30 11:36:45 INFO SparkContext: Created broadcast 1 from broadcast at DAGScheduler.scala:1433
[2024-09-30T11:36:45.795+0000] {spark_submit.py:490} INFO - 24/09/30 11:36:45 INFO DAGScheduler: Submitting 1 missing tasks from ResultStage 1 (MapPartitionsRDD[5] at toLocalIterator at NativeMethodAccessorImpl.java:0) (first 15 tasks are for partitions Vector(0))
[2024-09-30T11:36:45.799+0000] {spark_submit.py:490} INFO - 24/09/30 11:36:45 INFO TaskSchedulerImpl: Adding task set 1.0 with 1 tasks resource profile 0
[2024-09-30T11:36:45.808+0000] {spark_submit.py:490} INFO - 24/09/30 11:36:45 INFO TaskSetManager: Starting task 0.0 in stage 1.0 (TID 1) (172.18.0.7, executor 0, partition 0, PROCESS_LOCAL, 4713 bytes) taskResourceAssignments Map()
[2024-09-30T11:36:45.913+0000] {spark_submit.py:490} INFO - 24/09/30 11:36:45 INFO BlockManagerInfo: Added broadcast_1_piece0 in memory on 172.18.0.7:36039 (size: 2.5 KiB, free: 434.4 MiB)
[2024-09-30T11:36:46.062+0000] {spark_submit.py:490} INFO - 24/09/30 11:36:46 INFO TaskSetManager: Finished task 0.0 in stage 1.0 (TID 1) in 258 ms on 172.18.0.7 (executor 0) (1/1)
[2024-09-30T11:36:46.062+0000] {spark_submit.py:490} INFO - 24/09/30 11:36:46 INFO TaskSchedulerImpl: Removed TaskSet 1.0, whose tasks have all completed, from pool
[2024-09-30T11:36:46.062+0000] {spark_submit.py:490} INFO - 24/09/30 11:36:46 INFO DAGScheduler: ResultStage 1 (hasNext at NativeMethodAccessorImpl.java:0) finished in 0.294 s
[2024-09-30T11:36:46.062+0000] {spark_submit.py:490} INFO - 24/09/30 11:36:46 INFO DAGScheduler: Job 1 is finished. Cancelling potential speculative or zombie tasks for this job
[2024-09-30T11:36:46.062+0000] {spark_submit.py:490} INFO - 24/09/30 11:36:46 INFO TaskSchedulerImpl: Killing all running tasks in stage 1: Stage finished
[2024-09-30T11:36:46.062+0000] {spark_submit.py:490} INFO - 24/09/30 11:36:46 INFO DAGScheduler: Job 1 finished: hasNext at NativeMethodAccessorImpl.java:0, took 0.305608 s
[2024-09-30T11:36:46.146+0000] {spark_submit.py:490} INFO - 24/09/30 11:36:46 INFO CodeGenerator: Code generated in 49.48616 ms
[2024-09-30T11:36:46.567+0000] {spark_submit.py:490} INFO - 24/09/30 11:36:46 INFO BlockManagerInfo: Removed broadcast_1_piece0 on 774e6edce74f:40987 in memory (size: 2.5 KiB, free: 434.4 MiB)
[2024-09-30T11:36:46.576+0000] {spark_submit.py:490} INFO - 24/09/30 11:36:46 INFO BlockManagerInfo: Removed broadcast_1_piece0 on 172.18.0.7:36039 in memory (size: 2.5 KiB, free: 434.4 MiB)
[2024-09-30T11:36:46.630+0000] {spark_submit.py:490} INFO - 24/09/30 11:36:46 INFO DataSourceStrategy: Pruning directories with:
[2024-09-30T11:36:46.634+0000] {spark_submit.py:490} INFO - 24/09/30 11:36:46 INFO FileSourceStrategy: Pushed Filters:
[2024-09-30T11:36:46.635+0000] {spark_submit.py:490} INFO - 24/09/30 11:36:46 INFO FileSourceStrategy: Post-Scan Filters:
[2024-09-30T11:36:46.638+0000] {spark_submit.py:490} INFO - 24/09/30 11:36:46 INFO FileSourceStrategy: Output Data Schema: struct<collection_id: string, new_positive_cases: int, collection_date: timestamp ... 1 more fields>
[2024-09-30T11:36:46.921+0000] {spark_submit.py:490} INFO - 24/09/30 11:36:46 INFO ParquetFileFormat: Using default output committer for Parquet: org.apache.parquet.hadoop.ParquetOutputCommitter
[2024-09-30T11:36:46.955+0000] {spark_submit.py:490} INFO - 24/09/30 11:36:46 INFO FileOutputCommitter: File Output Committer Algorithm version is 1
[2024-09-30T11:36:46.956+0000] {spark_submit.py:490} INFO - 24/09/30 11:36:46 INFO FileOutputCommitter: FileOutputCommitter skip cleanup _temporary folders under output directory:false, ignore cleanup failures: false
[2024-09-30T11:36:46.960+0000] {spark_submit.py:490} INFO - 24/09/30 11:36:46 INFO SQLHadoopMapReduceCommitProtocol: Using user defined output committer class org.apache.parquet.hadoop.ParquetOutputCommitter
[2024-09-30T11:36:46.961+0000] {spark_submit.py:490} INFO - 24/09/30 11:36:46 INFO FileOutputCommitter: File Output Committer Algorithm version is 1
[2024-09-30T11:36:46.961+0000] {spark_submit.py:490} INFO - 24/09/30 11:36:46 INFO FileOutputCommitter: FileOutputCommitter skip cleanup _temporary folders under output directory:false, ignore cleanup failures: false
[2024-09-30T11:36:46.961+0000] {spark_submit.py:490} INFO - 24/09/30 11:36:46 INFO SQLHadoopMapReduceCommitProtocol: Using output committer class org.apache.parquet.hadoop.ParquetOutputCommitter
[2024-09-30T11:36:47.114+0000] {spark_submit.py:490} INFO - 24/09/30 11:36:47 INFO CodeGenerator: Code generated in 83.970263 ms
[2024-09-30T11:36:47.171+0000] {spark_submit.py:490} INFO - 24/09/30 11:36:47 INFO MemoryStore: Block broadcast_2 stored as values in memory (estimated size 177.0 KiB, free 434.2 MiB)
[2024-09-30T11:36:47.217+0000] {spark_submit.py:490} INFO - 24/09/30 11:36:47 INFO MemoryStore: Block broadcast_2_piece0 stored as bytes in memory (estimated size 28.4 KiB, free 434.2 MiB)
[2024-09-30T11:36:47.233+0000] {spark_submit.py:490} INFO - 24/09/30 11:36:47 INFO BlockManagerInfo: Added broadcast_2_piece0 in memory on 774e6edce74f:40987 (size: 28.4 KiB, free: 434.4 MiB)
[2024-09-30T11:36:47.236+0000] {spark_submit.py:490} INFO - 24/09/30 11:36:47 INFO SparkContext: Created broadcast 2 from saveAsTable at NativeMethodAccessorImpl.java:0
[2024-09-30T11:36:47.278+0000] {spark_submit.py:490} INFO - 24/09/30 11:36:47 INFO FileSourceScanExec: Planning scan with bin packing, max size: 4194304 bytes, open cost is considered as scanning 4194304 bytes.
[2024-09-30T11:36:47.463+0000] {spark_submit.py:490} INFO - 24/09/30 11:36:47 INFO SparkContext: Starting job: saveAsTable at NativeMethodAccessorImpl.java:0
[2024-09-30T11:36:47.468+0000] {spark_submit.py:490} INFO - 24/09/30 11:36:47 INFO DAGScheduler: Got job 2 (saveAsTable at NativeMethodAccessorImpl.java:0) with 1 output partitions
[2024-09-30T11:36:47.468+0000] {spark_submit.py:490} INFO - 24/09/30 11:36:47 INFO DAGScheduler: Final stage: ResultStage 2 (saveAsTable at NativeMethodAccessorImpl.java:0)
[2024-09-30T11:36:47.468+0000] {spark_submit.py:490} INFO - 24/09/30 11:36:47 INFO DAGScheduler: Parents of final stage: List()
[2024-09-30T11:36:47.468+0000] {spark_submit.py:490} INFO - 24/09/30 11:36:47 INFO DAGScheduler: Missing parents: List()
[2024-09-30T11:36:47.468+0000] {spark_submit.py:490} INFO - 24/09/30 11:36:47 INFO DAGScheduler: Submitting ResultStage 2 (MapPartitionsRDD[10] at saveAsTable at NativeMethodAccessorImpl.java:0), which has no missing parents
[2024-09-30T11:36:47.625+0000] {spark_submit.py:490} INFO - 24/09/30 11:36:47 INFO MemoryStore: Block broadcast_3 stored as values in memory (estimated size 182.8 KiB, free 434.0 MiB)
[2024-09-30T11:36:47.634+0000] {spark_submit.py:490} INFO - 24/09/30 11:36:47 INFO MemoryStore: Block broadcast_3_piece0 stored as bytes in memory (estimated size 65.6 KiB, free 434.0 MiB)
[2024-09-30T11:36:47.636+0000] {spark_submit.py:490} INFO - 24/09/30 11:36:47 INFO BlockManagerInfo: Added broadcast_3_piece0 in memory on 774e6edce74f:40987 (size: 65.6 KiB, free: 434.3 MiB)
[2024-09-30T11:36:47.638+0000] {spark_submit.py:490} INFO - 24/09/30 11:36:47 INFO SparkContext: Created broadcast 3 from broadcast at DAGScheduler.scala:1433
[2024-09-30T11:36:47.641+0000] {spark_submit.py:490} INFO - 24/09/30 11:36:47 INFO DAGScheduler: Submitting 1 missing tasks from ResultStage 2 (MapPartitionsRDD[10] at saveAsTable at NativeMethodAccessorImpl.java:0) (first 15 tasks are for partitions Vector(0))
[2024-09-30T11:36:47.642+0000] {spark_submit.py:490} INFO - 24/09/30 11:36:47 INFO TaskSchedulerImpl: Adding task set 2.0 with 1 tasks resource profile 0
[2024-09-30T11:36:47.655+0000] {spark_submit.py:490} INFO - 24/09/30 11:36:47 INFO TaskSetManager: Starting task 0.0 in stage 2.0 (TID 2) (172.18.0.7, executor 0, partition 0, ANY, 5048 bytes) taskResourceAssignments Map()
[2024-09-30T11:36:47.721+0000] {spark_submit.py:490} INFO - 24/09/30 11:36:47 INFO BlockManagerInfo: Added broadcast_3_piece0 in memory on 172.18.0.7:36039 (size: 65.6 KiB, free: 434.3 MiB)
[2024-09-30T11:36:49.327+0000] {spark_submit.py:490} INFO - 24/09/30 11:36:49 INFO BlockManagerInfo: Added broadcast_2_piece0 in memory on 172.18.0.7:36039 (size: 28.4 KiB, free: 434.3 MiB)
[2024-09-30T11:36:51.070+0000] {spark_submit.py:490} INFO - 24/09/30 11:36:51 INFO TaskSetManager: Finished task 0.0 in stage 2.0 (TID 2) in 3421 ms on 172.18.0.7 (executor 0) (1/1)
[2024-09-30T11:36:51.070+0000] {spark_submit.py:490} INFO - 24/09/30 11:36:51 INFO TaskSchedulerImpl: Removed TaskSet 2.0, whose tasks have all completed, from pool
[2024-09-30T11:36:51.074+0000] {spark_submit.py:490} INFO - 24/09/30 11:36:51 INFO DAGScheduler: ResultStage 2 (saveAsTable at NativeMethodAccessorImpl.java:0) finished in 3.587 s
[2024-09-30T11:36:51.074+0000] {spark_submit.py:490} INFO - 24/09/30 11:36:51 INFO DAGScheduler: Job 2 is finished. Cancelling potential speculative or zombie tasks for this job
[2024-09-30T11:36:51.074+0000] {spark_submit.py:490} INFO - 24/09/30 11:36:51 INFO TaskSchedulerImpl: Killing all running tasks in stage 2: Stage finished
[2024-09-30T11:36:51.075+0000] {spark_submit.py:490} INFO - 24/09/30 11:36:51 INFO DAGScheduler: Job 2 finished: saveAsTable at NativeMethodAccessorImpl.java:0, took 3.611928 s
[2024-09-30T11:36:51.235+0000] {spark_submit.py:490} INFO - 24/09/30 11:36:51 INFO FileFormatWriter: Write Job bd4c5680-7acd-4641-943f-6cf2b4136029 committed.
[2024-09-30T11:36:51.244+0000] {spark_submit.py:490} INFO - 24/09/30 11:36:51 INFO FileFormatWriter: Finished processing stats for write job bd4c5680-7acd-4641-943f-6cf2b4136029.
[2024-09-30T11:36:51.296+0000] {spark_submit.py:490} INFO - 24/09/30 11:36:51 INFO InMemoryFileIndex: It took 15 ms to list leaf files for 1 paths.
[2024-09-30T11:36:51.330+0000] {spark_submit.py:490} INFO - 24/09/30 11:36:51 INFO HiveExternalCatalog: Persisting file based data source table `default`.`cases` into Hive metastore in Hive compatible format.
[2024-09-30T11:36:51.349+0000] {spark_submit.py:490} INFO - 24/09/30 11:36:51 INFO SQLStdHiveAccessController: Created SQLStdHiveAccessController for session context : HiveAuthzSessionContext [sessionString=8394d1ab-4056-4ad1-b67b-d5b5a2c3ad4a, clientType=HIVECLI]
[2024-09-30T11:36:51.351+0000] {spark_submit.py:490} INFO - 24/09/30 11:36:51 WARN SessionState: METASTORE_FILTER_HOOK will be ignored, since hive.security.authorization.manager is set to instance of HiveAuthorizerFactory.
[2024-09-30T11:36:51.352+0000] {spark_submit.py:490} INFO - 24/09/30 11:36:51 INFO metastore: Mestastore configuration hive.metastore.filter.hook changed from org.apache.hadoop.hive.metastore.DefaultMetaStoreFilterHookImpl to org.apache.hadoop.hive.ql.security.authorization.plugin.AuthorizationMetaStoreFilterHook
[2024-09-30T11:36:51.358+0000] {spark_submit.py:490} INFO - 24/09/30 11:36:51 INFO metastore: Closed a connection to metastore, current connections: 0
[2024-09-30T11:36:51.360+0000] {spark_submit.py:490} INFO - 24/09/30 11:36:51 INFO metastore: Trying to connect to metastore with URI thrift://hive-metastore:9083
[2024-09-30T11:36:51.361+0000] {spark_submit.py:490} INFO - 24/09/30 11:36:51 INFO metastore: Opened a connection to metastore, current connections: 1
[2024-09-30T11:36:51.363+0000] {spark_submit.py:490} INFO - 24/09/30 11:36:51 INFO metastore: Connected to metastore.
[2024-09-30T11:36:51.407+0000] {spark_submit.py:490} INFO - 24/09/30 11:36:51 INFO metastore: Trying to connect to metastore with URI thrift://hive-metastore:9083
[2024-09-30T11:36:51.408+0000] {spark_submit.py:490} INFO - 24/09/30 11:36:51 INFO metastore: Opened a connection to metastore, current connections: 2
[2024-09-30T11:36:51.412+0000] {spark_submit.py:490} INFO - 24/09/30 11:36:51 INFO metastore: Connected to metastore.
[2024-09-30T11:36:51.530+0000] {spark_submit.py:490} INFO - 24/09/30 11:36:51 INFO AlterTableRecoverPartitionsCommand: Recover all the partitions in hdfs://namenode:8020/opt/hive/data/warehouse/cases
[2024-09-30T11:36:51.571+0000] {spark_submit.py:490} INFO - 24/09/30 11:36:51 INFO AlterTableRecoverPartitionsCommand: Found 1 partitions in hdfs://namenode:8020/opt/hive/data/warehouse/cases
[2024-09-30T11:36:51.590+0000] {spark_submit.py:490} INFO - 24/09/30 11:36:51 INFO AlterTableRecoverPartitionsCommand: Finished to gather the fast stats for all 1 partitions.
[2024-09-30T11:36:51.978+0000] {spark_submit.py:490} INFO - 24/09/30 11:36:51 INFO AlterTableRecoverPartitionsCommand: Recovered all partitions (1).
[2024-09-30T11:36:52.110+0000] {spark_submit.py:490} INFO - 24/09/30 11:36:52 INFO SparkContext: Invoking stop() from shutdown hook
[2024-09-30T11:36:52.124+0000] {spark_submit.py:490} INFO - 24/09/30 11:36:52 INFO SparkUI: Stopped Spark web UI at http://774e6edce74f:4041
[2024-09-30T11:36:52.133+0000] {spark_submit.py:490} INFO - 24/09/30 11:36:52 INFO StandaloneSchedulerBackend: Shutting down all executors
[2024-09-30T11:36:52.136+0000] {spark_submit.py:490} INFO - 24/09/30 11:36:52 INFO CoarseGrainedSchedulerBackend$DriverEndpoint: Asking each executor to shut down
[2024-09-30T11:36:52.205+0000] {spark_submit.py:490} INFO - 24/09/30 11:36:52 INFO MapOutputTrackerMasterEndpoint: MapOutputTrackerMasterEndpoint stopped!
[2024-09-30T11:36:52.268+0000] {spark_submit.py:490} INFO - 24/09/30 11:36:52 INFO MemoryStore: MemoryStore cleared
[2024-09-30T11:36:52.279+0000] {spark_submit.py:490} INFO - 24/09/30 11:36:52 INFO BlockManager: BlockManager stopped
[2024-09-30T11:36:52.302+0000] {spark_submit.py:490} INFO - 24/09/30 11:36:52 INFO BlockManagerMaster: BlockManagerMaster stopped
[2024-09-30T11:36:52.319+0000] {spark_submit.py:490} INFO - 24/09/30 11:36:52 INFO OutputCommitCoordinator$OutputCommitCoordinatorEndpoint: OutputCommitCoordinator stopped!
[2024-09-30T11:36:52.385+0000] {spark_submit.py:490} INFO - 24/09/30 11:36:52 INFO SparkContext: Successfully stopped SparkContext
[2024-09-30T11:36:52.407+0000] {spark_submit.py:490} INFO - 24/09/30 11:36:52 INFO ShutdownHookManager: Shutdown hook called
[2024-09-30T11:36:52.408+0000] {spark_submit.py:490} INFO - 24/09/30 11:36:52 INFO ShutdownHookManager: Deleting directory /tmp/spark-65dbde36-f0e1-4333-8b32-14c0540a6170/pyspark-7326870a-570f-4b64-8c3c-9daeb2a761ef
[2024-09-30T11:36:52.430+0000] {spark_submit.py:490} INFO - 24/09/30 11:36:52 INFO ShutdownHookManager: Deleting directory /tmp/spark-f920f588-b35f-4d8a-80ac-22a4b24092ee
[2024-09-30T11:36:52.445+0000] {spark_submit.py:490} INFO - 24/09/30 11:36:52 INFO ShutdownHookManager: Deleting directory /tmp/spark-65dbde36-f0e1-4333-8b32-14c0540a6170
[2024-09-30T11:36:52.785+0000] {taskinstance.py:1327} INFO - Marking task as SUCCESS. dag_id=get_cases_data, task_id=save_to_warehouse, execution_date=20230106T000000, start_date=20240930T113553, end_date=20240930T113652
[2024-09-30T11:36:52.843+0000] {local_task_job.py:159} INFO - Task exited with return code 0
[2024-09-30T11:36:52.889+0000] {taskinstance.py:2582} INFO - 1 downstream tasks scheduled from follow-on schedule check
