[2024-09-26T09:38:11.338+0000] {taskinstance.py:1087} INFO - Dependencies all met for <TaskInstance: get_cases_data.download_data scheduled__2022-12-20T00:00:00+00:00 [queued]>
[2024-09-26T09:38:11.357+0000] {taskinstance.py:1087} INFO - Dependencies all met for <TaskInstance: get_cases_data.download_data scheduled__2022-12-20T00:00:00+00:00 [queued]>
[2024-09-26T09:38:11.357+0000] {taskinstance.py:1283} INFO - 
--------------------------------------------------------------------------------
[2024-09-26T09:38:11.357+0000] {taskinstance.py:1284} INFO - Starting attempt 1 of 1
[2024-09-26T09:38:11.357+0000] {taskinstance.py:1285} INFO - 
--------------------------------------------------------------------------------
[2024-09-26T09:38:11.408+0000] {taskinstance.py:1304} INFO - Executing <Task(BashOperator): download_data> on 2022-12-20 00:00:00+00:00
[2024-09-26T09:38:11.420+0000] {standard_task_runner.py:55} INFO - Started process 540 to run task
[2024-09-26T09:38:11.428+0000] {standard_task_runner.py:82} INFO - Running: ['***', 'tasks', 'run', 'get_cases_data', 'download_data', 'scheduled__2022-12-20T00:00:00+00:00', '--job-id', '3', '--raw', '--subdir', 'DAGS_FOLDER/get_cases_data.py', '--cfg-path', '/tmp/tmpshbw4328']
[2024-09-26T09:38:11.430+0000] {standard_task_runner.py:83} INFO - Job 3: Subtask download_data
[2024-09-26T09:38:11.564+0000] {task_command.py:389} INFO - Running <TaskInstance: get_cases_data.download_data scheduled__2022-12-20T00:00:00+00:00 [running]> on host 3d66d2a77c1d
[2024-09-26T09:38:11.728+0000] {logging_mixin.py:137} WARNING - /home/***/.local/lib/python3.7/site-packages/***/utils/context.py:205 AirflowContextDeprecationWarning: Accessing 'execution_date' from the template is deprecated and will be removed in a future version. Please use 'data_interval_start' or 'logical_date' instead.
[2024-09-26T09:38:11.793+0000] {taskinstance.py:1513} INFO - Exporting the following env vars:
AIRFLOW_CTX_DAG_OWNER=***
AIRFLOW_CTX_DAG_ID=get_cases_data
AIRFLOW_CTX_TASK_ID=download_data
AIRFLOW_CTX_EXECUTION_DATE=2022-12-20T00:00:00+00:00
AIRFLOW_CTX_TRY_NUMBER=1
AIRFLOW_CTX_DAG_RUN_ID=scheduled__2022-12-20T00:00:00+00:00
[2024-09-26T09:38:11.794+0000] {subprocess.py:63} INFO - Tmp dir root location: 
 /tmp
[2024-09-26T09:38:11.795+0000] {subprocess.py:75} INFO - Running command: ['/bin/bash', '-c', 'curl -sSL --create-dirs -o /usr/share/covid_data/raw/2022/12/20/ita_cases_20221220.csv https://raw.githubusercontent.com/pcm-dpc/COVID-19/master/dati-andamento-nazionale/dpc-covid19-ita-andamento-nazionale-20221220.csv']
[2024-09-26T09:38:11.820+0000] {subprocess.py:86} INFO - Output:
[2024-09-26T09:38:12.082+0000] {subprocess.py:97} INFO - Command exited with return code 0
[2024-09-26T09:38:12.124+0000] {taskinstance.py:1327} INFO - Marking task as SUCCESS. dag_id=get_cases_data, task_id=download_data, execution_date=20221220T000000, start_date=20240926T093811, end_date=20240926T093812
[2024-09-26T09:38:12.168+0000] {local_task_job.py:159} INFO - Task exited with return code 0
[2024-09-26T09:38:12.211+0000] {taskinstance.py:2582} INFO - 1 downstream tasks scheduled from follow-on schedule check
[2024-09-30T11:25:33.098+0000] {taskinstance.py:1087} INFO - Dependencies all met for <TaskInstance: get_cases_data.download_data scheduled__2022-12-20T00:00:00+00:00 [queued]>
[2024-09-30T11:25:33.115+0000] {taskinstance.py:1087} INFO - Dependencies all met for <TaskInstance: get_cases_data.download_data scheduled__2022-12-20T00:00:00+00:00 [queued]>
[2024-09-30T11:25:33.115+0000] {taskinstance.py:1283} INFO - 
--------------------------------------------------------------------------------
[2024-09-30T11:25:33.115+0000] {taskinstance.py:1284} INFO - Starting attempt 1 of 1
[2024-09-30T11:25:33.115+0000] {taskinstance.py:1285} INFO - 
--------------------------------------------------------------------------------
[2024-09-30T11:25:33.142+0000] {taskinstance.py:1304} INFO - Executing <Task(BashOperator): download_data> on 2022-12-20 00:00:00+00:00
[2024-09-30T11:25:33.155+0000] {standard_task_runner.py:55} INFO - Started process 198 to run task
[2024-09-30T11:25:33.160+0000] {standard_task_runner.py:82} INFO - Running: ['***', 'tasks', 'run', 'get_cases_data', 'download_data', 'scheduled__2022-12-20T00:00:00+00:00', '--job-id', '3', '--raw', '--subdir', 'DAGS_FOLDER/get_cases_data.py', '--cfg-path', '/tmp/tmpfpe7mkm5']
[2024-09-30T11:25:33.163+0000] {standard_task_runner.py:83} INFO - Job 3: Subtask download_data
[2024-09-30T11:25:33.269+0000] {task_command.py:389} INFO - Running <TaskInstance: get_cases_data.download_data scheduled__2022-12-20T00:00:00+00:00 [running]> on host 774e6edce74f
[2024-09-30T11:25:33.354+0000] {logging_mixin.py:137} WARNING - /home/***/.local/lib/python3.7/site-packages/***/utils/context.py:205 AirflowContextDeprecationWarning: Accessing 'execution_date' from the template is deprecated and will be removed in a future version. Please use 'data_interval_start' or 'logical_date' instead.
[2024-09-30T11:25:33.425+0000] {taskinstance.py:1513} INFO - Exporting the following env vars:
AIRFLOW_CTX_DAG_OWNER=***
AIRFLOW_CTX_DAG_ID=get_cases_data
AIRFLOW_CTX_TASK_ID=download_data
AIRFLOW_CTX_EXECUTION_DATE=2022-12-20T00:00:00+00:00
AIRFLOW_CTX_TRY_NUMBER=1
AIRFLOW_CTX_DAG_RUN_ID=scheduled__2022-12-20T00:00:00+00:00
[2024-09-30T11:25:33.426+0000] {subprocess.py:63} INFO - Tmp dir root location: 
 /tmp
[2024-09-30T11:25:33.427+0000] {subprocess.py:75} INFO - Running command: ['/bin/bash', '-c', 'curl -sSL --create-dirs -o /usr/share/covid_data/raw/2022/12/20/ita_cases_20221220.csv https://raw.githubusercontent.com/pcm-dpc/COVID-19/master/dati-andamento-nazionale/dpc-covid19-ita-andamento-nazionale-20221220.csv']
[2024-09-30T11:25:33.458+0000] {subprocess.py:86} INFO - Output:
[2024-09-30T11:25:33.704+0000] {subprocess.py:97} INFO - Command exited with return code 0
[2024-09-30T11:25:33.758+0000] {taskinstance.py:1327} INFO - Marking task as SUCCESS. dag_id=get_cases_data, task_id=download_data, execution_date=20221220T000000, start_date=20240930T112533, end_date=20240930T112533
[2024-09-30T11:25:33.814+0000] {local_task_job.py:159} INFO - Task exited with return code 0
[2024-09-30T11:25:33.869+0000] {taskinstance.py:2582} INFO - 1 downstream tasks scheduled from follow-on schedule check
