[2024-09-30T11:34:03.142+0000] {taskinstance.py:1087} INFO - Dependencies all met for <TaskInstance: get_cases_data.save_to_warehouse scheduled__2023-01-03T00:00:00+00:00 [queued]>
[2024-09-30T11:34:03.169+0000] {taskinstance.py:1087} INFO - Dependencies all met for <TaskInstance: get_cases_data.save_to_warehouse scheduled__2023-01-03T00:00:00+00:00 [queued]>
[2024-09-30T11:34:03.169+0000] {taskinstance.py:1283} INFO - 
--------------------------------------------------------------------------------
[2024-09-30T11:34:03.170+0000] {taskinstance.py:1284} INFO - Starting attempt 1 of 1
[2024-09-30T11:34:03.170+0000] {taskinstance.py:1285} INFO - 
--------------------------------------------------------------------------------
[2024-09-30T11:34:03.204+0000] {taskinstance.py:1304} INFO - Executing <Task(SparkSubmitOperator): save_to_warehouse> on 2023-01-03 00:00:00+00:00
[2024-09-30T11:34:03.220+0000] {standard_task_runner.py:55} INFO - Started process 5375 to run task
[2024-09-30T11:34:03.226+0000] {standard_task_runner.py:82} INFO - Running: ['***', 'tasks', 'run', 'get_cases_data', 'save_to_warehouse', 'scheduled__2023-01-03T00:00:00+00:00', '--job-id', '47', '--raw', '--subdir', 'DAGS_FOLDER/get_cases_data.py', '--cfg-path', '/tmp/tmp9nhpwnij']
[2024-09-30T11:34:03.228+0000] {standard_task_runner.py:83} INFO - Job 47: Subtask save_to_warehouse
[2024-09-30T11:34:03.375+0000] {task_command.py:389} INFO - Running <TaskInstance: get_cases_data.save_to_warehouse scheduled__2023-01-03T00:00:00+00:00 [running]> on host 774e6edce74f
[2024-09-30T11:34:03.535+0000] {taskinstance.py:1513} INFO - Exporting the following env vars:
AIRFLOW_CTX_DAG_OWNER=***
AIRFLOW_CTX_DAG_ID=get_cases_data
AIRFLOW_CTX_TASK_ID=save_to_warehouse
AIRFLOW_CTX_EXECUTION_DATE=2023-01-03T00:00:00+00:00
AIRFLOW_CTX_TRY_NUMBER=1
AIRFLOW_CTX_DAG_RUN_ID=scheduled__2023-01-03T00:00:00+00:00
[2024-09-30T11:34:03.539+0000] {base.py:73} INFO - Using connection ID 'spark_connection' for task execution.
[2024-09-30T11:34:03.540+0000] {spark_submit.py:339} INFO - Spark-Submit cmd: spark-submit --master spark://spark-master:7077 --name save_to_warehouse --verbose /usr/local/spark/app/save_to_warehouse.py
[2024-09-30T11:34:05.857+0000] {spark_submit.py:490} INFO - Using properties file: null
[2024-09-30T11:34:06.205+0000] {spark_submit.py:490} INFO - WARNING: An illegal reflective access operation has occurred
[2024-09-30T11:34:06.205+0000] {spark_submit.py:490} INFO - WARNING: Illegal reflective access by org.apache.spark.unsafe.Platform (file:/home/***/.local/lib/python3.7/site-packages/pyspark/jars/spark-unsafe_2.12-3.1.3.jar) to constructor java.nio.DirectByteBuffer(long,int)
[2024-09-30T11:34:06.205+0000] {spark_submit.py:490} INFO - WARNING: Please consider reporting this to the maintainers of org.apache.spark.unsafe.Platform
[2024-09-30T11:34:06.206+0000] {spark_submit.py:490} INFO - WARNING: Use --illegal-access=warn to enable warnings of further illegal reflective access operations
[2024-09-30T11:34:06.206+0000] {spark_submit.py:490} INFO - WARNING: All illegal access operations will be denied in a future release
[2024-09-30T11:34:06.366+0000] {spark_submit.py:490} INFO - Parsed arguments:
[2024-09-30T11:34:06.368+0000] {spark_submit.py:490} INFO - master                  spark://spark-master:7077
[2024-09-30T11:34:06.368+0000] {spark_submit.py:490} INFO - deployMode              null
[2024-09-30T11:34:06.368+0000] {spark_submit.py:490} INFO - executorMemory          null
[2024-09-30T11:34:06.368+0000] {spark_submit.py:490} INFO - executorCores           null
[2024-09-30T11:34:06.368+0000] {spark_submit.py:490} INFO - totalExecutorCores      null
[2024-09-30T11:34:06.368+0000] {spark_submit.py:490} INFO - propertiesFile          null
[2024-09-30T11:34:06.368+0000] {spark_submit.py:490} INFO - driverMemory            null
[2024-09-30T11:34:06.368+0000] {spark_submit.py:490} INFO - driverCores             null
[2024-09-30T11:34:06.369+0000] {spark_submit.py:490} INFO - driverExtraClassPath    null
[2024-09-30T11:34:06.369+0000] {spark_submit.py:490} INFO - driverExtraLibraryPath  null
[2024-09-30T11:34:06.369+0000] {spark_submit.py:490} INFO - driverExtraJavaOptions  null
[2024-09-30T11:34:06.380+0000] {spark_submit.py:490} INFO - supervise               false
[2024-09-30T11:34:06.380+0000] {spark_submit.py:490} INFO - queue                   null
[2024-09-30T11:34:06.380+0000] {spark_submit.py:490} INFO - numExecutors            null
[2024-09-30T11:34:06.380+0000] {spark_submit.py:490} INFO - files                   null
[2024-09-30T11:34:06.381+0000] {spark_submit.py:490} INFO - pyFiles                 null
[2024-09-30T11:34:06.381+0000] {spark_submit.py:490} INFO - archives                null
[2024-09-30T11:34:06.381+0000] {spark_submit.py:490} INFO - mainClass               null
[2024-09-30T11:34:06.381+0000] {spark_submit.py:490} INFO - primaryResource         file:/usr/local/spark/app/save_to_warehouse.py
[2024-09-30T11:34:06.381+0000] {spark_submit.py:490} INFO - name                    save_to_warehouse
[2024-09-30T11:34:06.387+0000] {spark_submit.py:490} INFO - childArgs               []
[2024-09-30T11:34:06.388+0000] {spark_submit.py:490} INFO - jars                    null
[2024-09-30T11:34:06.391+0000] {spark_submit.py:490} INFO - packages                null
[2024-09-30T11:34:06.391+0000] {spark_submit.py:490} INFO - packagesExclusions      null
[2024-09-30T11:34:06.396+0000] {spark_submit.py:490} INFO - repositories            null
[2024-09-30T11:34:06.396+0000] {spark_submit.py:490} INFO - verbose                 true
[2024-09-30T11:34:06.396+0000] {spark_submit.py:490} INFO - 
[2024-09-30T11:34:06.396+0000] {spark_submit.py:490} INFO - Spark properties used, including those specified through
[2024-09-30T11:34:06.396+0000] {spark_submit.py:490} INFO - --conf and those from the properties file null:
[2024-09-30T11:34:06.396+0000] {spark_submit.py:490} INFO - 
[2024-09-30T11:34:06.397+0000] {spark_submit.py:490} INFO - 
[2024-09-30T11:34:06.397+0000] {spark_submit.py:490} INFO - 
[2024-09-30T11:34:07.044+0000] {spark_submit.py:490} INFO - 24/09/30 11:34:07 WARN NativeCodeLoader: Unable to load native-hadoop library for your platform... using builtin-java classes where applicable
[2024-09-30T11:34:07.444+0000] {spark_submit.py:490} INFO - Main class:
[2024-09-30T11:34:07.444+0000] {spark_submit.py:490} INFO - org.apache.spark.deploy.PythonRunner
[2024-09-30T11:34:07.445+0000] {spark_submit.py:490} INFO - Arguments:
[2024-09-30T11:34:07.445+0000] {spark_submit.py:490} INFO - file:/usr/local/spark/app/save_to_warehouse.py
[2024-09-30T11:34:07.445+0000] {spark_submit.py:490} INFO - null
[2024-09-30T11:34:07.449+0000] {spark_submit.py:490} INFO - Spark config:
[2024-09-30T11:34:07.449+0000] {spark_submit.py:490} INFO - (spark.app.name,save_to_warehouse)
[2024-09-30T11:34:07.449+0000] {spark_submit.py:490} INFO - (spark.master,spark://spark-master:7077)
[2024-09-30T11:34:07.449+0000] {spark_submit.py:490} INFO - (spark.submit.pyFiles,)
[2024-09-30T11:34:07.450+0000] {spark_submit.py:490} INFO - (spark.submit.deployMode,client)
[2024-09-30T11:34:07.450+0000] {spark_submit.py:490} INFO - Classpath elements:
[2024-09-30T11:34:07.454+0000] {spark_submit.py:490} INFO - 
[2024-09-30T11:34:07.455+0000] {spark_submit.py:490} INFO - 
[2024-09-30T11:34:07.455+0000] {spark_submit.py:490} INFO - 
[2024-09-30T11:34:08.682+0000] {spark_submit.py:490} INFO - Using Spark's default log4j profile: org/apache/spark/log4j-defaults.properties
[2024-09-30T11:34:08.697+0000] {spark_submit.py:490} INFO - 24/09/30 11:34:08 INFO SparkContext: Running Spark version 3.1.3
[2024-09-30T11:34:08.767+0000] {spark_submit.py:490} INFO - 24/09/30 11:34:08 INFO ResourceUtils: ==============================================================
[2024-09-30T11:34:08.769+0000] {spark_submit.py:490} INFO - 24/09/30 11:34:08 INFO ResourceUtils: No custom resources configured for spark.driver.
[2024-09-30T11:34:08.770+0000] {spark_submit.py:490} INFO - 24/09/30 11:34:08 INFO ResourceUtils: ==============================================================
[2024-09-30T11:34:08.770+0000] {spark_submit.py:490} INFO - 24/09/30 11:34:08 INFO SparkContext: Submitted application: save_to_warehouse
[2024-09-30T11:34:08.813+0000] {spark_submit.py:490} INFO - 24/09/30 11:34:08 INFO ResourceProfile: Default ResourceProfile created, executor resources: Map(cores -> name: cores, amount: 1, script: , vendor: , memory -> name: memory, amount: 1024, script: , vendor: , offHeap -> name: offHeap, amount: 0, script: , vendor: ), task resources: Map(cpus -> name: cpus, amount: 1.0)
[2024-09-30T11:34:08.833+0000] {spark_submit.py:490} INFO - 24/09/30 11:34:08 INFO ResourceProfile: Limiting resource is cpu
[2024-09-30T11:34:08.835+0000] {spark_submit.py:490} INFO - 24/09/30 11:34:08 INFO ResourceProfileManager: Added ResourceProfile id: 0
[2024-09-30T11:34:08.927+0000] {spark_submit.py:490} INFO - 24/09/30 11:34:08 INFO SecurityManager: Changing view acls to: default
[2024-09-30T11:34:08.928+0000] {spark_submit.py:490} INFO - 24/09/30 11:34:08 INFO SecurityManager: Changing modify acls to: default
[2024-09-30T11:34:08.928+0000] {spark_submit.py:490} INFO - 24/09/30 11:34:08 INFO SecurityManager: Changing view acls groups to:
[2024-09-30T11:34:08.928+0000] {spark_submit.py:490} INFO - 24/09/30 11:34:08 INFO SecurityManager: Changing modify acls groups to:
[2024-09-30T11:34:08.928+0000] {spark_submit.py:490} INFO - 24/09/30 11:34:08 INFO SecurityManager: SecurityManager: authentication disabled; ui acls disabled; users  with view permissions: Set(default); groups with view permissions: Set(); users  with modify permissions: Set(default); groups with modify permissions: Set()
[2024-09-30T11:34:09.266+0000] {spark_submit.py:490} INFO - 24/09/30 11:34:09 INFO Utils: Successfully started service 'sparkDriver' on port 40623.
[2024-09-30T11:34:09.307+0000] {spark_submit.py:490} INFO - 24/09/30 11:34:09 INFO SparkEnv: Registering MapOutputTracker
[2024-09-30T11:34:09.360+0000] {spark_submit.py:490} INFO - 24/09/30 11:34:09 INFO SparkEnv: Registering BlockManagerMaster
[2024-09-30T11:34:09.392+0000] {spark_submit.py:490} INFO - 24/09/30 11:34:09 INFO BlockManagerMasterEndpoint: Using org.apache.spark.storage.DefaultTopologyMapper for getting topology information
[2024-09-30T11:34:09.393+0000] {spark_submit.py:490} INFO - 24/09/30 11:34:09 INFO BlockManagerMasterEndpoint: BlockManagerMasterEndpoint up
[2024-09-30T11:34:09.399+0000] {spark_submit.py:490} INFO - 24/09/30 11:34:09 INFO SparkEnv: Registering BlockManagerMasterHeartbeat
[2024-09-30T11:34:09.419+0000] {spark_submit.py:490} INFO - 24/09/30 11:34:09 INFO DiskBlockManager: Created local directory at /tmp/blockmgr-2eb8ce87-d2bf-4adf-aa56-1701ef107d72
[2024-09-30T11:34:09.468+0000] {spark_submit.py:490} INFO - 24/09/30 11:34:09 INFO MemoryStore: MemoryStore started with capacity 434.4 MiB
[2024-09-30T11:34:09.507+0000] {spark_submit.py:490} INFO - 24/09/30 11:34:09 INFO SparkEnv: Registering OutputCommitCoordinator
[2024-09-30T11:34:09.812+0000] {spark_submit.py:490} INFO - 24/09/30 11:34:09 WARN Utils: Service 'SparkUI' could not bind on port 4040. Attempting port 4041.
[2024-09-30T11:34:09.836+0000] {spark_submit.py:490} INFO - 24/09/30 11:34:09 INFO Utils: Successfully started service 'SparkUI' on port 4041.
[2024-09-30T11:34:10.024+0000] {spark_submit.py:490} INFO - 24/09/30 11:34:10 INFO SparkUI: Bound SparkUI to 0.0.0.0, and started at http://774e6edce74f:4041
[2024-09-30T11:34:10.421+0000] {spark_submit.py:490} INFO - 24/09/30 11:34:10 INFO StandaloneAppClient$ClientEndpoint: Connecting to master spark://spark-master:7077...
[2024-09-30T11:34:10.553+0000] {spark_submit.py:490} INFO - 24/09/30 11:34:10 INFO TransportClientFactory: Successfully created connection to spark-master/172.18.0.5:7077 after 67 ms (0 ms spent in bootstraps)
[2024-09-30T11:34:10.764+0000] {spark_submit.py:490} INFO - 24/09/30 11:34:10 INFO StandaloneSchedulerBackend: Connected to Spark cluster with app ID app-20240930113410-0029
[2024-09-30T11:34:10.779+0000] {spark_submit.py:490} INFO - 24/09/30 11:34:10 INFO Utils: Successfully started service 'org.apache.spark.network.netty.NettyBlockTransferService' on port 37469.
[2024-09-30T11:34:10.779+0000] {spark_submit.py:490} INFO - 24/09/30 11:34:10 INFO NettyBlockTransferService: Server created on 774e6edce74f:37469
[2024-09-30T11:34:10.781+0000] {spark_submit.py:490} INFO - 24/09/30 11:34:10 INFO BlockManager: Using org.apache.spark.storage.RandomBlockReplicationPolicy for block replication policy
[2024-09-30T11:34:10.795+0000] {spark_submit.py:490} INFO - 24/09/30 11:34:10 INFO BlockManagerMaster: Registering BlockManager BlockManagerId(driver, 774e6edce74f, 37469, None)
[2024-09-30T11:34:10.800+0000] {spark_submit.py:490} INFO - 24/09/30 11:34:10 INFO BlockManagerMasterEndpoint: Registering block manager 774e6edce74f:37469 with 434.4 MiB RAM, BlockManagerId(driver, 774e6edce74f, 37469, None)
[2024-09-30T11:34:10.803+0000] {spark_submit.py:490} INFO - 24/09/30 11:34:10 INFO BlockManagerMaster: Registered BlockManager BlockManagerId(driver, 774e6edce74f, 37469, None)
[2024-09-30T11:34:10.805+0000] {spark_submit.py:490} INFO - 24/09/30 11:34:10 INFO BlockManager: Initialized BlockManager: BlockManagerId(driver, 774e6edce74f, 37469, None)
[2024-09-30T11:34:11.104+0000] {spark_submit.py:490} INFO - 24/09/30 11:34:11 INFO StandaloneSchedulerBackend: SchedulerBackend is ready for scheduling beginning after reached minRegisteredResourcesRatio: 0.0
[2024-09-30T11:34:11.920+0000] {spark_submit.py:490} INFO - 24/09/30 11:34:11 INFO SharedState: Setting hive.metastore.warehouse.dir ('null') to the value of spark.sql.warehouse.dir ('/user/hive/warehouse').
[2024-09-30T11:34:11.920+0000] {spark_submit.py:490} INFO - 24/09/30 11:34:11 INFO SharedState: Warehouse path is '/user/hive/warehouse'.
[2024-09-30T11:34:14.163+0000] {spark_submit.py:490} INFO - 24/09/30 11:34:14 INFO InMemoryFileIndex: It took 160 ms to list leaf files for 1 paths.
[2024-09-30T11:34:15.388+0000] {spark_submit.py:490} INFO - 24/09/30 11:34:15 INFO SparkContext: Starting job: parquet at NativeMethodAccessorImpl.java:0
[2024-09-30T11:34:15.413+0000] {spark_submit.py:490} INFO - 24/09/30 11:34:15 INFO DAGScheduler: Got job 0 (parquet at NativeMethodAccessorImpl.java:0) with 1 output partitions
[2024-09-30T11:34:15.413+0000] {spark_submit.py:490} INFO - 24/09/30 11:34:15 INFO DAGScheduler: Final stage: ResultStage 0 (parquet at NativeMethodAccessorImpl.java:0)
[2024-09-30T11:34:15.413+0000] {spark_submit.py:490} INFO - 24/09/30 11:34:15 INFO DAGScheduler: Parents of final stage: List()
[2024-09-30T11:34:15.422+0000] {spark_submit.py:490} INFO - 24/09/30 11:34:15 INFO DAGScheduler: Missing parents: List()
[2024-09-30T11:34:15.433+0000] {spark_submit.py:490} INFO - 24/09/30 11:34:15 INFO DAGScheduler: Submitting ResultStage 0 (MapPartitionsRDD[1] at parquet at NativeMethodAccessorImpl.java:0), which has no missing parents
[2024-09-30T11:34:15.561+0000] {spark_submit.py:490} INFO - 24/09/30 11:34:15 INFO MemoryStore: Block broadcast_0 stored as values in memory (estimated size 84.0 KiB, free 434.3 MiB)
[2024-09-30T11:34:15.613+0000] {spark_submit.py:490} INFO - 24/09/30 11:34:15 INFO MemoryStore: Block broadcast_0_piece0 stored as bytes in memory (estimated size 29.8 KiB, free 434.3 MiB)
[2024-09-30T11:34:15.621+0000] {spark_submit.py:490} INFO - 24/09/30 11:34:15 INFO BlockManagerInfo: Added broadcast_0_piece0 in memory on 774e6edce74f:37469 (size: 29.8 KiB, free: 434.4 MiB)
[2024-09-30T11:34:15.639+0000] {spark_submit.py:490} INFO - 24/09/30 11:34:15 INFO SparkContext: Created broadcast 0 from broadcast at DAGScheduler.scala:1433
[2024-09-30T11:34:15.687+0000] {spark_submit.py:490} INFO - 24/09/30 11:34:15 INFO DAGScheduler: Submitting 1 missing tasks from ResultStage 0 (MapPartitionsRDD[1] at parquet at NativeMethodAccessorImpl.java:0) (first 15 tasks are for partitions Vector(0))
[2024-09-30T11:34:15.689+0000] {spark_submit.py:490} INFO - 24/09/30 11:34:15 INFO TaskSchedulerImpl: Adding task set 0.0 with 1 tasks resource profile 0
[2024-09-30T11:34:30.742+0000] {spark_submit.py:490} INFO - 24/09/30 11:34:30 WARN TaskSchedulerImpl: Initial job has not accepted any resources; check your cluster UI to ensure that workers are registered and have sufficient resources
[2024-09-30T11:34:40.236+0000] {spark_submit.py:490} INFO - 24/09/30 11:34:40 INFO StandaloneAppClient$ClientEndpoint: Executor added: app-20240930113410-0029/0 on worker-20240930112313-172.18.0.7-33165 (172.18.0.7:33165) with 4 core(s)
[2024-09-30T11:34:40.242+0000] {spark_submit.py:490} INFO - 24/09/30 11:34:40 INFO StandaloneSchedulerBackend: Granted executor ID app-20240930113410-0029/0 on hostPort 172.18.0.7:33165 with 4 core(s), 1024.0 MiB RAM
[2024-09-30T11:34:40.356+0000] {spark_submit.py:490} INFO - 24/09/30 11:34:40 INFO StandaloneAppClient$ClientEndpoint: Executor updated: app-20240930113410-0029/0 is now RUNNING
[2024-09-30T11:34:44.926+0000] {spark_submit.py:490} INFO - 24/09/30 11:34:44 INFO CoarseGrainedSchedulerBackend$DriverEndpoint: Registered executor NettyRpcEndpointRef(spark-client://Executor) (172.18.0.7:33000) with ID 0,  ResourceProfileId 0
[2024-09-30T11:34:45.224+0000] {spark_submit.py:490} INFO - 24/09/30 11:34:45 INFO BlockManagerMasterEndpoint: Registering block manager 172.18.0.7:37307 with 434.4 MiB RAM, BlockManagerId(0, 172.18.0.7, 37307, None)
[2024-09-30T11:34:45.330+0000] {spark_submit.py:490} INFO - 24/09/30 11:34:45 INFO TaskSetManager: Starting task 0.0 in stage 0.0 (TID 0) (172.18.0.7, executor 0, partition 0, PROCESS_LOCAL, 4732 bytes) taskResourceAssignments Map()
[2024-09-30T11:34:45.843+0000] {spark_submit.py:490} INFO - 24/09/30 11:34:45 INFO BlockManagerInfo: Added broadcast_0_piece0 in memory on 172.18.0.7:37307 (size: 29.8 KiB, free: 434.4 MiB)
[2024-09-30T11:34:47.610+0000] {spark_submit.py:490} INFO - 24/09/30 11:34:47 INFO TaskSetManager: Finished task 0.0 in stage 0.0 (TID 0) in 2304 ms on 172.18.0.7 (executor 0) (1/1)
[2024-09-30T11:34:47.611+0000] {spark_submit.py:490} INFO - 24/09/30 11:34:47 INFO TaskSchedulerImpl: Removed TaskSet 0.0, whose tasks have all completed, from pool
[2024-09-30T11:34:47.620+0000] {spark_submit.py:490} INFO - 24/09/30 11:34:47 INFO DAGScheduler: ResultStage 0 (parquet at NativeMethodAccessorImpl.java:0) finished in 32.142 s
[2024-09-30T11:34:47.629+0000] {spark_submit.py:490} INFO - 24/09/30 11:34:47 INFO DAGScheduler: Job 0 is finished. Cancelling potential speculative or zombie tasks for this job
[2024-09-30T11:34:47.633+0000] {spark_submit.py:490} INFO - 24/09/30 11:34:47 INFO TaskSchedulerImpl: Killing all running tasks in stage 0: Stage finished
[2024-09-30T11:34:47.639+0000] {spark_submit.py:490} INFO - 24/09/30 11:34:47 INFO DAGScheduler: Job 0 finished: parquet at NativeMethodAccessorImpl.java:0, took 32.246750 s
[2024-09-30T11:34:48.750+0000] {spark_submit.py:490} INFO - 24/09/30 11:34:48 INFO BlockManagerInfo: Removed broadcast_0_piece0 on 774e6edce74f:37469 in memory (size: 29.8 KiB, free: 434.4 MiB)
[2024-09-30T11:34:48.763+0000] {spark_submit.py:490} INFO - 24/09/30 11:34:48 INFO BlockManagerInfo: Removed broadcast_0_piece0 on 172.18.0.7:37307 in memory (size: 29.8 KiB, free: 434.4 MiB)
[2024-09-30T11:34:50.254+0000] {spark_submit.py:490} INFO - 24/09/30 11:34:50 INFO HiveConf: Found configuration file null
[2024-09-30T11:34:50.272+0000] {spark_submit.py:490} INFO - 24/09/30 11:34:50 INFO HiveUtils: Initializing HiveMetastoreConnection version 2.3.7 using Spark classes.
[2024-09-30T11:34:50.816+0000] {spark_submit.py:490} INFO - 24/09/30 11:34:50 INFO SessionState: Created HDFS directory: hdfs://namenode:8020/opt/hive/scratch_dir/default/c00f7072-8af3-4b65-8a12-1a4715b827ba
[2024-09-30T11:34:50.834+0000] {spark_submit.py:490} INFO - 24/09/30 11:34:50 INFO SessionState: Created local directory: /tmp/default/c00f7072-8af3-4b65-8a12-1a4715b827ba
[2024-09-30T11:34:50.843+0000] {spark_submit.py:490} INFO - 24/09/30 11:34:50 INFO SessionState: Created HDFS directory: hdfs://namenode:8020/opt/hive/scratch_dir/default/c00f7072-8af3-4b65-8a12-1a4715b827ba/_tmp_space.db
[2024-09-30T11:34:50.861+0000] {spark_submit.py:490} INFO - 24/09/30 11:34:50 INFO HiveClientImpl: Warehouse location for Hive client (version 2.3.7) is /user/hive/warehouse
[2024-09-30T11:34:51.444+0000] {spark_submit.py:490} INFO - 24/09/30 11:34:51 INFO metastore: Trying to connect to metastore with URI thrift://hive-metastore:9083
[2024-09-30T11:34:51.474+0000] {spark_submit.py:490} INFO - 24/09/30 11:34:51 INFO metastore: Opened a connection to metastore, current connections: 1
[2024-09-30T11:34:51.512+0000] {spark_submit.py:490} INFO - 24/09/30 11:34:51 INFO metastore: Connected to metastore.
[2024-09-30T11:34:53.354+0000] {spark_submit.py:490} INFO - 24/09/30 11:34:53 INFO CodeGenerator: Code generated in 503.41627 ms
[2024-09-30T11:34:54.189+0000] {spark_submit.py:490} INFO - 24/09/30 11:34:54 INFO CodeGenerator: Code generated in 24.987076 ms
[2024-09-30T11:34:54.250+0000] {spark_submit.py:490} INFO - 24/09/30 11:34:54 INFO SparkContext: Starting job: hasNext at NativeMethodAccessorImpl.java:0
[2024-09-30T11:34:54.251+0000] {spark_submit.py:490} INFO - 24/09/30 11:34:54 INFO DAGScheduler: Got job 1 (hasNext at NativeMethodAccessorImpl.java:0) with 1 output partitions
[2024-09-30T11:34:54.252+0000] {spark_submit.py:490} INFO - 24/09/30 11:34:54 INFO DAGScheduler: Final stage: ResultStage 1 (hasNext at NativeMethodAccessorImpl.java:0)
[2024-09-30T11:34:54.252+0000] {spark_submit.py:490} INFO - 24/09/30 11:34:54 INFO DAGScheduler: Parents of final stage: List()
[2024-09-30T11:34:54.253+0000] {spark_submit.py:490} INFO - 24/09/30 11:34:54 INFO DAGScheduler: Missing parents: List()
[2024-09-30T11:34:54.253+0000] {spark_submit.py:490} INFO - 24/09/30 11:34:54 INFO DAGScheduler: Submitting ResultStage 1 (MapPartitionsRDD[5] at toLocalIterator at NativeMethodAccessorImpl.java:0), which has no missing parents
[2024-09-30T11:34:54.262+0000] {spark_submit.py:490} INFO - 24/09/30 11:34:54 INFO MemoryStore: Block broadcast_1 stored as values in memory (estimated size 4.6 KiB, free 434.4 MiB)
[2024-09-30T11:34:54.265+0000] {spark_submit.py:490} INFO - 24/09/30 11:34:54 INFO MemoryStore: Block broadcast_1_piece0 stored as bytes in memory (estimated size 2.5 KiB, free 434.4 MiB)
[2024-09-30T11:34:54.267+0000] {spark_submit.py:490} INFO - 24/09/30 11:34:54 INFO BlockManagerInfo: Added broadcast_1_piece0 in memory on 774e6edce74f:37469 (size: 2.5 KiB, free: 434.4 MiB)
[2024-09-30T11:34:54.268+0000] {spark_submit.py:490} INFO - 24/09/30 11:34:54 INFO SparkContext: Created broadcast 1 from broadcast at DAGScheduler.scala:1433
[2024-09-30T11:34:54.269+0000] {spark_submit.py:490} INFO - 24/09/30 11:34:54 INFO DAGScheduler: Submitting 1 missing tasks from ResultStage 1 (MapPartitionsRDD[5] at toLocalIterator at NativeMethodAccessorImpl.java:0) (first 15 tasks are for partitions Vector(0))
[2024-09-30T11:34:54.269+0000] {spark_submit.py:490} INFO - 24/09/30 11:34:54 INFO TaskSchedulerImpl: Adding task set 1.0 with 1 tasks resource profile 0
[2024-09-30T11:34:54.284+0000] {spark_submit.py:490} INFO - 24/09/30 11:34:54 INFO TaskSetManager: Starting task 0.0 in stage 1.0 (TID 1) (172.18.0.7, executor 0, partition 0, PROCESS_LOCAL, 4713 bytes) taskResourceAssignments Map()
[2024-09-30T11:34:54.378+0000] {spark_submit.py:490} INFO - 24/09/30 11:34:54 INFO BlockManagerInfo: Added broadcast_1_piece0 in memory on 172.18.0.7:37307 (size: 2.5 KiB, free: 434.4 MiB)
[2024-09-30T11:34:54.499+0000] {spark_submit.py:490} INFO - 24/09/30 11:34:54 INFO TaskSetManager: Finished task 0.0 in stage 1.0 (TID 1) in 225 ms on 172.18.0.7 (executor 0) (1/1)
[2024-09-30T11:34:54.499+0000] {spark_submit.py:490} INFO - 24/09/30 11:34:54 INFO TaskSchedulerImpl: Removed TaskSet 1.0, whose tasks have all completed, from pool
[2024-09-30T11:34:54.505+0000] {spark_submit.py:490} INFO - 24/09/30 11:34:54 INFO DAGScheduler: ResultStage 1 (hasNext at NativeMethodAccessorImpl.java:0) finished in 0.249 s
[2024-09-30T11:34:54.507+0000] {spark_submit.py:490} INFO - 24/09/30 11:34:54 INFO DAGScheduler: Job 1 is finished. Cancelling potential speculative or zombie tasks for this job
[2024-09-30T11:34:54.508+0000] {spark_submit.py:490} INFO - 24/09/30 11:34:54 INFO TaskSchedulerImpl: Killing all running tasks in stage 1: Stage finished
[2024-09-30T11:34:54.510+0000] {spark_submit.py:490} INFO - 24/09/30 11:34:54 INFO DAGScheduler: Job 1 finished: hasNext at NativeMethodAccessorImpl.java:0, took 0.259205 s
[2024-09-30T11:34:54.596+0000] {spark_submit.py:490} INFO - 24/09/30 11:34:54 INFO CodeGenerator: Code generated in 49.031674 ms
[2024-09-30T11:34:54.726+0000] {spark_submit.py:490} INFO - 24/09/30 11:34:54 INFO BlockManagerInfo: Removed broadcast_1_piece0 on 774e6edce74f:37469 in memory (size: 2.5 KiB, free: 434.4 MiB)
[2024-09-30T11:34:54.740+0000] {spark_submit.py:490} INFO - 24/09/30 11:34:54 INFO BlockManagerInfo: Removed broadcast_1_piece0 on 172.18.0.7:37307 in memory (size: 2.5 KiB, free: 434.4 MiB)
[2024-09-30T11:34:55.148+0000] {spark_submit.py:490} INFO - 24/09/30 11:34:55 INFO DataSourceStrategy: Pruning directories with:
[2024-09-30T11:34:55.153+0000] {spark_submit.py:490} INFO - 24/09/30 11:34:55 INFO FileSourceStrategy: Pushed Filters:
[2024-09-30T11:34:55.153+0000] {spark_submit.py:490} INFO - 24/09/30 11:34:55 INFO FileSourceStrategy: Post-Scan Filters:
[2024-09-30T11:34:55.157+0000] {spark_submit.py:490} INFO - 24/09/30 11:34:55 INFO FileSourceStrategy: Output Data Schema: struct<collection_id: string, new_positive_cases: int, collection_date: timestamp ... 1 more fields>
[2024-09-30T11:34:55.532+0000] {spark_submit.py:490} INFO - 24/09/30 11:34:55 INFO ParquetFileFormat: Using default output committer for Parquet: org.apache.parquet.hadoop.ParquetOutputCommitter
[2024-09-30T11:34:55.585+0000] {spark_submit.py:490} INFO - 24/09/30 11:34:55 INFO FileOutputCommitter: File Output Committer Algorithm version is 1
[2024-09-30T11:34:55.586+0000] {spark_submit.py:490} INFO - 24/09/30 11:34:55 INFO FileOutputCommitter: FileOutputCommitter skip cleanup _temporary folders under output directory:false, ignore cleanup failures: false
[2024-09-30T11:34:55.586+0000] {spark_submit.py:490} INFO - 24/09/30 11:34:55 INFO SQLHadoopMapReduceCommitProtocol: Using user defined output committer class org.apache.parquet.hadoop.ParquetOutputCommitter
[2024-09-30T11:34:55.586+0000] {spark_submit.py:490} INFO - 24/09/30 11:34:55 INFO FileOutputCommitter: File Output Committer Algorithm version is 1
[2024-09-30T11:34:55.589+0000] {spark_submit.py:490} INFO - 24/09/30 11:34:55 INFO FileOutputCommitter: FileOutputCommitter skip cleanup _temporary folders under output directory:false, ignore cleanup failures: false
[2024-09-30T11:34:55.590+0000] {spark_submit.py:490} INFO - 24/09/30 11:34:55 INFO SQLHadoopMapReduceCommitProtocol: Using output committer class org.apache.parquet.hadoop.ParquetOutputCommitter
[2024-09-30T11:34:55.719+0000] {spark_submit.py:490} INFO - 24/09/30 11:34:55 INFO CodeGenerator: Code generated in 78.70349 ms
[2024-09-30T11:34:55.761+0000] {spark_submit.py:490} INFO - 24/09/30 11:34:55 INFO MemoryStore: Block broadcast_2 stored as values in memory (estimated size 177.0 KiB, free 434.2 MiB)
[2024-09-30T11:34:55.779+0000] {spark_submit.py:490} INFO - 24/09/30 11:34:55 INFO MemoryStore: Block broadcast_2_piece0 stored as bytes in memory (estimated size 28.3 KiB, free 434.2 MiB)
[2024-09-30T11:34:55.785+0000] {spark_submit.py:490} INFO - 24/09/30 11:34:55 INFO BlockManagerInfo: Added broadcast_2_piece0 in memory on 774e6edce74f:37469 (size: 28.3 KiB, free: 434.4 MiB)
[2024-09-30T11:34:55.785+0000] {spark_submit.py:490} INFO - 24/09/30 11:34:55 INFO SparkContext: Created broadcast 2 from saveAsTable at NativeMethodAccessorImpl.java:0
[2024-09-30T11:34:55.797+0000] {spark_submit.py:490} INFO - 24/09/30 11:34:55 INFO FileSourceScanExec: Planning scan with bin packing, max size: 4194304 bytes, open cost is considered as scanning 4194304 bytes.
[2024-09-30T11:34:55.883+0000] {spark_submit.py:490} INFO - 24/09/30 11:34:55 INFO SparkContext: Starting job: saveAsTable at NativeMethodAccessorImpl.java:0
[2024-09-30T11:34:55.886+0000] {spark_submit.py:490} INFO - 24/09/30 11:34:55 INFO DAGScheduler: Got job 2 (saveAsTable at NativeMethodAccessorImpl.java:0) with 1 output partitions
[2024-09-30T11:34:55.887+0000] {spark_submit.py:490} INFO - 24/09/30 11:34:55 INFO DAGScheduler: Final stage: ResultStage 2 (saveAsTable at NativeMethodAccessorImpl.java:0)
[2024-09-30T11:34:55.887+0000] {spark_submit.py:490} INFO - 24/09/30 11:34:55 INFO DAGScheduler: Parents of final stage: List()
[2024-09-30T11:34:55.887+0000] {spark_submit.py:490} INFO - 24/09/30 11:34:55 INFO DAGScheduler: Missing parents: List()
[2024-09-30T11:34:55.890+0000] {spark_submit.py:490} INFO - 24/09/30 11:34:55 INFO DAGScheduler: Submitting ResultStage 2 (MapPartitionsRDD[10] at saveAsTable at NativeMethodAccessorImpl.java:0), which has no missing parents
[2024-09-30T11:34:56.030+0000] {spark_submit.py:490} INFO - 24/09/30 11:34:56 INFO MemoryStore: Block broadcast_3 stored as values in memory (estimated size 182.8 KiB, free 434.0 MiB)
[2024-09-30T11:34:56.042+0000] {spark_submit.py:490} INFO - 24/09/30 11:34:56 INFO MemoryStore: Block broadcast_3_piece0 stored as bytes in memory (estimated size 65.6 KiB, free 434.0 MiB)
[2024-09-30T11:34:56.043+0000] {spark_submit.py:490} INFO - 24/09/30 11:34:56 INFO BlockManagerInfo: Added broadcast_3_piece0 in memory on 774e6edce74f:37469 (size: 65.6 KiB, free: 434.3 MiB)
[2024-09-30T11:34:56.049+0000] {spark_submit.py:490} INFO - 24/09/30 11:34:56 INFO SparkContext: Created broadcast 3 from broadcast at DAGScheduler.scala:1433
[2024-09-30T11:34:56.050+0000] {spark_submit.py:490} INFO - 24/09/30 11:34:56 INFO DAGScheduler: Submitting 1 missing tasks from ResultStage 2 (MapPartitionsRDD[10] at saveAsTable at NativeMethodAccessorImpl.java:0) (first 15 tasks are for partitions Vector(0))
[2024-09-30T11:34:56.050+0000] {spark_submit.py:490} INFO - 24/09/30 11:34:56 INFO TaskSchedulerImpl: Adding task set 2.0 with 1 tasks resource profile 0
[2024-09-30T11:34:56.066+0000] {spark_submit.py:490} INFO - 24/09/30 11:34:56 INFO TaskSetManager: Starting task 0.0 in stage 2.0 (TID 2) (172.18.0.7, executor 0, partition 0, ANY, 5048 bytes) taskResourceAssignments Map()
[2024-09-30T11:34:56.160+0000] {spark_submit.py:490} INFO - 24/09/30 11:34:56 INFO BlockManagerInfo: Added broadcast_3_piece0 in memory on 172.18.0.7:37307 (size: 65.6 KiB, free: 434.3 MiB)
[2024-09-30T11:34:57.917+0000] {spark_submit.py:490} INFO - 24/09/30 11:34:57 INFO BlockManagerInfo: Added broadcast_2_piece0 in memory on 172.18.0.7:37307 (size: 28.3 KiB, free: 434.3 MiB)
[2024-09-30T11:34:59.377+0000] {spark_submit.py:490} INFO - 24/09/30 11:34:59 INFO TaskSetManager: Finished task 0.0 in stage 2.0 (TID 2) in 3321 ms on 172.18.0.7 (executor 0) (1/1)
[2024-09-30T11:34:59.377+0000] {spark_submit.py:490} INFO - 24/09/30 11:34:59 INFO TaskSchedulerImpl: Removed TaskSet 2.0, whose tasks have all completed, from pool
[2024-09-30T11:34:59.387+0000] {spark_submit.py:490} INFO - 24/09/30 11:34:59 INFO DAGScheduler: ResultStage 2 (saveAsTable at NativeMethodAccessorImpl.java:0) finished in 3.484 s
[2024-09-30T11:34:59.387+0000] {spark_submit.py:490} INFO - 24/09/30 11:34:59 INFO DAGScheduler: Job 2 is finished. Cancelling potential speculative or zombie tasks for this job
[2024-09-30T11:34:59.388+0000] {spark_submit.py:490} INFO - 24/09/30 11:34:59 INFO TaskSchedulerImpl: Killing all running tasks in stage 2: Stage finished
[2024-09-30T11:34:59.388+0000] {spark_submit.py:490} INFO - 24/09/30 11:34:59 INFO DAGScheduler: Job 2 finished: saveAsTable at NativeMethodAccessorImpl.java:0, took 3.501889 s
[2024-09-30T11:34:59.528+0000] {spark_submit.py:490} INFO - 24/09/30 11:34:59 INFO FileFormatWriter: Write Job 861f6c3a-6e7d-4279-8b21-658f53c8232f committed.
[2024-09-30T11:34:59.539+0000] {spark_submit.py:490} INFO - 24/09/30 11:34:59 INFO FileFormatWriter: Finished processing stats for write job 861f6c3a-6e7d-4279-8b21-658f53c8232f.
[2024-09-30T11:34:59.601+0000] {spark_submit.py:490} INFO - 24/09/30 11:34:59 INFO InMemoryFileIndex: It took 23 ms to list leaf files for 1 paths.
[2024-09-30T11:34:59.633+0000] {spark_submit.py:490} INFO - 24/09/30 11:34:59 INFO HiveExternalCatalog: Persisting file based data source table `default`.`cases` into Hive metastore in Hive compatible format.
[2024-09-30T11:34:59.649+0000] {spark_submit.py:490} INFO - 24/09/30 11:34:59 INFO SQLStdHiveAccessController: Created SQLStdHiveAccessController for session context : HiveAuthzSessionContext [sessionString=c00f7072-8af3-4b65-8a12-1a4715b827ba, clientType=HIVECLI]
[2024-09-30T11:34:59.652+0000] {spark_submit.py:490} INFO - 24/09/30 11:34:59 WARN SessionState: METASTORE_FILTER_HOOK will be ignored, since hive.security.authorization.manager is set to instance of HiveAuthorizerFactory.
[2024-09-30T11:34:59.653+0000] {spark_submit.py:490} INFO - 24/09/30 11:34:59 INFO metastore: Mestastore configuration hive.metastore.filter.hook changed from org.apache.hadoop.hive.metastore.DefaultMetaStoreFilterHookImpl to org.apache.hadoop.hive.ql.security.authorization.plugin.AuthorizationMetaStoreFilterHook
[2024-09-30T11:34:59.667+0000] {spark_submit.py:490} INFO - 24/09/30 11:34:59 INFO metastore: Closed a connection to metastore, current connections: 0
[2024-09-30T11:34:59.669+0000] {spark_submit.py:490} INFO - 24/09/30 11:34:59 INFO metastore: Trying to connect to metastore with URI thrift://hive-metastore:9083
[2024-09-30T11:34:59.670+0000] {spark_submit.py:490} INFO - 24/09/30 11:34:59 INFO metastore: Opened a connection to metastore, current connections: 1
[2024-09-30T11:34:59.674+0000] {spark_submit.py:490} INFO - 24/09/30 11:34:59 INFO metastore: Connected to metastore.
[2024-09-30T11:34:59.731+0000] {spark_submit.py:490} INFO - 24/09/30 11:34:59 INFO metastore: Trying to connect to metastore with URI thrift://hive-metastore:9083
[2024-09-30T11:34:59.732+0000] {spark_submit.py:490} INFO - 24/09/30 11:34:59 INFO metastore: Opened a connection to metastore, current connections: 2
[2024-09-30T11:34:59.734+0000] {spark_submit.py:490} INFO - 24/09/30 11:34:59 INFO metastore: Connected to metastore.
[2024-09-30T11:34:59.886+0000] {spark_submit.py:490} INFO - 24/09/30 11:34:59 INFO AlterTableRecoverPartitionsCommand: Recover all the partitions in hdfs://namenode:8020/opt/hive/data/warehouse/cases
[2024-09-30T11:34:59.902+0000] {spark_submit.py:490} INFO - 24/09/30 11:34:59 INFO AlterTableRecoverPartitionsCommand: Found 1 partitions in hdfs://namenode:8020/opt/hive/data/warehouse/cases
[2024-09-30T11:34:59.908+0000] {spark_submit.py:490} INFO - 24/09/30 11:34:59 INFO AlterTableRecoverPartitionsCommand: Finished to gather the fast stats for all 1 partitions.
[2024-09-30T11:35:00.278+0000] {spark_submit.py:490} INFO - 24/09/30 11:35:00 INFO AlterTableRecoverPartitionsCommand: Recovered all partitions (1).
[2024-09-30T11:35:00.413+0000] {spark_submit.py:490} INFO - 24/09/30 11:35:00 INFO SparkContext: Invoking stop() from shutdown hook
[2024-09-30T11:35:00.440+0000] {spark_submit.py:490} INFO - 24/09/30 11:35:00 INFO SparkUI: Stopped Spark web UI at http://774e6edce74f:4041
[2024-09-30T11:35:00.455+0000] {spark_submit.py:490} INFO - 24/09/30 11:35:00 INFO StandaloneSchedulerBackend: Shutting down all executors
[2024-09-30T11:35:00.457+0000] {spark_submit.py:490} INFO - 24/09/30 11:35:00 INFO CoarseGrainedSchedulerBackend$DriverEndpoint: Asking each executor to shut down
[2024-09-30T11:35:00.544+0000] {spark_submit.py:490} INFO - 24/09/30 11:35:00 INFO MapOutputTrackerMasterEndpoint: MapOutputTrackerMasterEndpoint stopped!
[2024-09-30T11:35:00.639+0000] {spark_submit.py:490} INFO - 24/09/30 11:35:00 INFO MemoryStore: MemoryStore cleared
[2024-09-30T11:35:00.645+0000] {spark_submit.py:490} INFO - 24/09/30 11:35:00 INFO BlockManager: BlockManager stopped
[2024-09-30T11:35:00.654+0000] {spark_submit.py:490} INFO - 24/09/30 11:35:00 INFO BlockManagerMaster: BlockManagerMaster stopped
[2024-09-30T11:35:00.674+0000] {spark_submit.py:490} INFO - 24/09/30 11:35:00 INFO OutputCommitCoordinator$OutputCommitCoordinatorEndpoint: OutputCommitCoordinator stopped!
[2024-09-30T11:35:00.714+0000] {spark_submit.py:490} INFO - 24/09/30 11:35:00 INFO SparkContext: Successfully stopped SparkContext
[2024-09-30T11:35:00.716+0000] {spark_submit.py:490} INFO - 24/09/30 11:35:00 INFO ShutdownHookManager: Shutdown hook called
[2024-09-30T11:35:00.719+0000] {spark_submit.py:490} INFO - 24/09/30 11:35:00 INFO ShutdownHookManager: Deleting directory /tmp/spark-1338dff6-e7e6-4e45-b592-0895f8aa3cae
[2024-09-30T11:35:00.728+0000] {spark_submit.py:490} INFO - 24/09/30 11:35:00 INFO ShutdownHookManager: Deleting directory /tmp/spark-6b621f27-99a4-44f4-93f0-800d3af7f07c/pyspark-b0d394f2-9804-4405-bb12-fc4d5a00b821
[2024-09-30T11:35:00.744+0000] {spark_submit.py:490} INFO - 24/09/30 11:35:00 INFO ShutdownHookManager: Deleting directory /tmp/spark-6b621f27-99a4-44f4-93f0-800d3af7f07c
[2024-09-30T11:35:01.062+0000] {taskinstance.py:1327} INFO - Marking task as SUCCESS. dag_id=get_cases_data, task_id=save_to_warehouse, execution_date=20230103T000000, start_date=20240930T113403, end_date=20240930T113501
[2024-09-30T11:35:01.141+0000] {local_task_job.py:159} INFO - Task exited with return code 0
[2024-09-30T11:35:01.185+0000] {taskinstance.py:2582} INFO - 1 downstream tasks scheduled from follow-on schedule check
