[2024-09-26T09:40:44.365+0000] {taskinstance.py:1087} INFO - Dependencies all met for <TaskInstance: get_cases_data.download_data scheduled__2022-12-31T00:00:00+00:00 [queued]>
[2024-09-26T09:40:44.382+0000] {taskinstance.py:1087} INFO - Dependencies all met for <TaskInstance: get_cases_data.download_data scheduled__2022-12-31T00:00:00+00:00 [queued]>
[2024-09-26T09:40:44.383+0000] {taskinstance.py:1283} INFO - 
--------------------------------------------------------------------------------
[2024-09-26T09:40:44.383+0000] {taskinstance.py:1284} INFO - Starting attempt 1 of 1
[2024-09-26T09:40:44.383+0000] {taskinstance.py:1285} INFO - 
--------------------------------------------------------------------------------
[2024-09-26T09:40:44.411+0000] {taskinstance.py:1304} INFO - Executing <Task(BashOperator): download_data> on 2022-12-31 00:00:00+00:00
[2024-09-26T09:40:44.430+0000] {standard_task_runner.py:55} INFO - Started process 2436 to run task
[2024-09-26T09:40:44.435+0000] {standard_task_runner.py:82} INFO - Running: ['***', 'tasks', 'run', 'get_cases_data', 'download_data', 'scheduled__2022-12-31T00:00:00+00:00', '--job-id', '25', '--raw', '--subdir', 'DAGS_FOLDER/get_cases_data.py', '--cfg-path', '/tmp/tmpylo0pvmc']
[2024-09-26T09:40:44.438+0000] {standard_task_runner.py:83} INFO - Job 25: Subtask download_data
[2024-09-26T09:40:44.600+0000] {task_command.py:389} INFO - Running <TaskInstance: get_cases_data.download_data scheduled__2022-12-31T00:00:00+00:00 [running]> on host 3d66d2a77c1d
[2024-09-26T09:40:44.694+0000] {logging_mixin.py:137} WARNING - /home/***/.local/lib/python3.7/site-packages/***/utils/context.py:205 AirflowContextDeprecationWarning: Accessing 'execution_date' from the template is deprecated and will be removed in a future version. Please use 'data_interval_start' or 'logical_date' instead.
[2024-09-26T09:40:44.784+0000] {taskinstance.py:1513} INFO - Exporting the following env vars:
AIRFLOW_CTX_DAG_OWNER=***
AIRFLOW_CTX_DAG_ID=get_cases_data
AIRFLOW_CTX_TASK_ID=download_data
AIRFLOW_CTX_EXECUTION_DATE=2022-12-31T00:00:00+00:00
AIRFLOW_CTX_TRY_NUMBER=1
AIRFLOW_CTX_DAG_RUN_ID=scheduled__2022-12-31T00:00:00+00:00
[2024-09-26T09:40:44.788+0000] {subprocess.py:63} INFO - Tmp dir root location: 
 /tmp
[2024-09-26T09:40:44.789+0000] {subprocess.py:75} INFO - Running command: ['/bin/bash', '-c', 'curl -sSL --create-dirs -o /usr/share/covid_data/raw/2022/12/31/ita_cases_20221231.csv https://raw.githubusercontent.com/pcm-dpc/COVID-19/master/dati-andamento-nazionale/dpc-covid19-ita-andamento-nazionale-20221231.csv']
[2024-09-26T09:40:44.828+0000] {subprocess.py:86} INFO - Output:
[2024-09-26T09:40:45.083+0000] {subprocess.py:97} INFO - Command exited with return code 0
[2024-09-26T09:40:45.159+0000] {taskinstance.py:1327} INFO - Marking task as SUCCESS. dag_id=get_cases_data, task_id=download_data, execution_date=20221231T000000, start_date=20240926T094044, end_date=20240926T094045
[2024-09-26T09:40:45.220+0000] {local_task_job.py:159} INFO - Task exited with return code 0
[2024-09-26T09:40:45.325+0000] {taskinstance.py:2582} INFO - 0 downstream tasks scheduled from follow-on schedule check
[2024-09-30T11:31:26.648+0000] {taskinstance.py:1087} INFO - Dependencies all met for <TaskInstance: get_cases_data.download_data scheduled__2022-12-31T00:00:00+00:00 [queued]>
[2024-09-30T11:31:26.669+0000] {taskinstance.py:1087} INFO - Dependencies all met for <TaskInstance: get_cases_data.download_data scheduled__2022-12-31T00:00:00+00:00 [queued]>
[2024-09-30T11:31:26.670+0000] {taskinstance.py:1283} INFO - 
--------------------------------------------------------------------------------
[2024-09-30T11:31:26.670+0000] {taskinstance.py:1284} INFO - Starting attempt 1 of 1
[2024-09-30T11:31:26.670+0000] {taskinstance.py:1285} INFO - 
--------------------------------------------------------------------------------
[2024-09-30T11:31:26.699+0000] {taskinstance.py:1304} INFO - Executing <Task(BashOperator): download_data> on 2022-12-31 00:00:00+00:00
[2024-09-30T11:31:26.713+0000] {standard_task_runner.py:55} INFO - Started process 3699 to run task
[2024-09-30T11:31:26.718+0000] {standard_task_runner.py:82} INFO - Running: ['***', 'tasks', 'run', 'get_cases_data', 'download_data', 'scheduled__2022-12-31T00:00:00+00:00', '--job-id', '34', '--raw', '--subdir', 'DAGS_FOLDER/get_cases_data.py', '--cfg-path', '/tmp/tmprtwuyn46']
[2024-09-30T11:31:26.720+0000] {standard_task_runner.py:83} INFO - Job 34: Subtask download_data
[2024-09-30T11:31:26.846+0000] {task_command.py:389} INFO - Running <TaskInstance: get_cases_data.download_data scheduled__2022-12-31T00:00:00+00:00 [running]> on host 774e6edce74f
[2024-09-30T11:31:26.924+0000] {logging_mixin.py:137} WARNING - /home/***/.local/lib/python3.7/site-packages/***/utils/context.py:205 AirflowContextDeprecationWarning: Accessing 'execution_date' from the template is deprecated and will be removed in a future version. Please use 'data_interval_start' or 'logical_date' instead.
[2024-09-30T11:31:27.013+0000] {taskinstance.py:1513} INFO - Exporting the following env vars:
AIRFLOW_CTX_DAG_OWNER=***
AIRFLOW_CTX_DAG_ID=get_cases_data
AIRFLOW_CTX_TASK_ID=download_data
AIRFLOW_CTX_EXECUTION_DATE=2022-12-31T00:00:00+00:00
AIRFLOW_CTX_TRY_NUMBER=1
AIRFLOW_CTX_DAG_RUN_ID=scheduled__2022-12-31T00:00:00+00:00
[2024-09-30T11:31:27.019+0000] {subprocess.py:63} INFO - Tmp dir root location: 
 /tmp
[2024-09-30T11:31:27.021+0000] {subprocess.py:75} INFO - Running command: ['/bin/bash', '-c', 'curl -sSL --create-dirs -o /usr/share/covid_data/raw/2022/12/31/ita_cases_20221231.csv https://raw.githubusercontent.com/pcm-dpc/COVID-19/master/dati-andamento-nazionale/dpc-covid19-ita-andamento-nazionale-20221231.csv']
[2024-09-30T11:31:27.090+0000] {subprocess.py:86} INFO - Output:
[2024-09-30T11:31:27.371+0000] {subprocess.py:97} INFO - Command exited with return code 0
[2024-09-30T11:31:27.430+0000] {taskinstance.py:1327} INFO - Marking task as SUCCESS. dag_id=get_cases_data, task_id=download_data, execution_date=20221231T000000, start_date=20240930T113126, end_date=20240930T113127
[2024-09-30T11:31:27.503+0000] {local_task_job.py:159} INFO - Task exited with return code 0
[2024-09-30T11:31:27.576+0000] {taskinstance.py:2582} INFO - 0 downstream tasks scheduled from follow-on schedule check
