[2024-09-30T11:26:27.924+0000] {taskinstance.py:1087} INFO - Dependencies all met for <TaskInstance: get_cases_data.save_to_warehouse scheduled__2022-12-21T00:00:00+00:00 [queued]>
[2024-09-30T11:26:27.946+0000] {taskinstance.py:1087} INFO - Dependencies all met for <TaskInstance: get_cases_data.save_to_warehouse scheduled__2022-12-21T00:00:00+00:00 [queued]>
[2024-09-30T11:26:27.946+0000] {taskinstance.py:1283} INFO - 
--------------------------------------------------------------------------------
[2024-09-30T11:26:27.946+0000] {taskinstance.py:1284} INFO - Starting attempt 1 of 1
[2024-09-30T11:26:27.946+0000] {taskinstance.py:1285} INFO - 
--------------------------------------------------------------------------------
[2024-09-30T11:26:27.974+0000] {taskinstance.py:1304} INFO - Executing <Task(SparkSubmitOperator): save_to_warehouse> on 2022-12-21 00:00:00+00:00
[2024-09-30T11:26:27.989+0000] {standard_task_runner.py:55} INFO - Started process 805 to run task
[2024-09-30T11:26:27.998+0000] {standard_task_runner.py:82} INFO - Running: ['***', 'tasks', 'run', 'get_cases_data', 'save_to_warehouse', 'scheduled__2022-12-21T00:00:00+00:00', '--job-id', '10', '--raw', '--subdir', 'DAGS_FOLDER/get_cases_data.py', '--cfg-path', '/tmp/tmplxhcb0ao']
[2024-09-30T11:26:28.002+0000] {standard_task_runner.py:83} INFO - Job 10: Subtask save_to_warehouse
[2024-09-30T11:26:28.134+0000] {task_command.py:389} INFO - Running <TaskInstance: get_cases_data.save_to_warehouse scheduled__2022-12-21T00:00:00+00:00 [running]> on host 774e6edce74f
[2024-09-30T11:26:28.305+0000] {taskinstance.py:1513} INFO - Exporting the following env vars:
AIRFLOW_CTX_DAG_OWNER=***
AIRFLOW_CTX_DAG_ID=get_cases_data
AIRFLOW_CTX_TASK_ID=save_to_warehouse
AIRFLOW_CTX_EXECUTION_DATE=2022-12-21T00:00:00+00:00
AIRFLOW_CTX_TRY_NUMBER=1
AIRFLOW_CTX_DAG_RUN_ID=scheduled__2022-12-21T00:00:00+00:00
[2024-09-30T11:26:28.307+0000] {base.py:73} INFO - Using connection ID 'spark_connection' for task execution.
[2024-09-30T11:26:28.308+0000] {spark_submit.py:339} INFO - Spark-Submit cmd: spark-submit --master spark://spark-master:7077 --name save_to_warehouse --verbose /usr/local/spark/app/save_to_warehouse.py
[2024-09-30T11:26:30.922+0000] {spark_submit.py:490} INFO - Using properties file: null
[2024-09-30T11:26:31.267+0000] {spark_submit.py:490} INFO - WARNING: An illegal reflective access operation has occurred
[2024-09-30T11:26:31.267+0000] {spark_submit.py:490} INFO - WARNING: Illegal reflective access by org.apache.spark.unsafe.Platform (file:/home/***/.local/lib/python3.7/site-packages/pyspark/jars/spark-unsafe_2.12-3.1.3.jar) to constructor java.nio.DirectByteBuffer(long,int)
[2024-09-30T11:26:31.267+0000] {spark_submit.py:490} INFO - WARNING: Please consider reporting this to the maintainers of org.apache.spark.unsafe.Platform
[2024-09-30T11:26:31.268+0000] {spark_submit.py:490} INFO - WARNING: Use --illegal-access=warn to enable warnings of further illegal reflective access operations
[2024-09-30T11:26:31.268+0000] {spark_submit.py:490} INFO - WARNING: All illegal access operations will be denied in a future release
[2024-09-30T11:26:31.358+0000] {spark_submit.py:490} INFO - Parsed arguments:
[2024-09-30T11:26:31.359+0000] {spark_submit.py:490} INFO - master                  spark://spark-master:7077
[2024-09-30T11:26:31.359+0000] {spark_submit.py:490} INFO - deployMode              null
[2024-09-30T11:26:31.359+0000] {spark_submit.py:490} INFO - executorMemory          null
[2024-09-30T11:26:31.359+0000] {spark_submit.py:490} INFO - executorCores           null
[2024-09-30T11:26:31.359+0000] {spark_submit.py:490} INFO - totalExecutorCores      null
[2024-09-30T11:26:31.359+0000] {spark_submit.py:490} INFO - propertiesFile          null
[2024-09-30T11:26:31.362+0000] {spark_submit.py:490} INFO - driverMemory            null
[2024-09-30T11:26:31.363+0000] {spark_submit.py:490} INFO - driverCores             null
[2024-09-30T11:26:31.363+0000] {spark_submit.py:490} INFO - driverExtraClassPath    null
[2024-09-30T11:26:31.363+0000] {spark_submit.py:490} INFO - driverExtraLibraryPath  null
[2024-09-30T11:26:31.363+0000] {spark_submit.py:490} INFO - driverExtraJavaOptions  null
[2024-09-30T11:26:31.364+0000] {spark_submit.py:490} INFO - supervise               false
[2024-09-30T11:26:31.364+0000] {spark_submit.py:490} INFO - queue                   null
[2024-09-30T11:26:31.364+0000] {spark_submit.py:490} INFO - numExecutors            null
[2024-09-30T11:26:31.364+0000] {spark_submit.py:490} INFO - files                   null
[2024-09-30T11:26:31.364+0000] {spark_submit.py:490} INFO - pyFiles                 null
[2024-09-30T11:26:31.364+0000] {spark_submit.py:490} INFO - archives                null
[2024-09-30T11:26:31.364+0000] {spark_submit.py:490} INFO - mainClass               null
[2024-09-30T11:26:31.364+0000] {spark_submit.py:490} INFO - primaryResource         file:/usr/local/spark/app/save_to_warehouse.py
[2024-09-30T11:26:31.367+0000] {spark_submit.py:490} INFO - name                    save_to_warehouse
[2024-09-30T11:26:31.368+0000] {spark_submit.py:490} INFO - childArgs               []
[2024-09-30T11:26:31.368+0000] {spark_submit.py:490} INFO - jars                    null
[2024-09-30T11:26:31.368+0000] {spark_submit.py:490} INFO - packages                null
[2024-09-30T11:26:31.368+0000] {spark_submit.py:490} INFO - packagesExclusions      null
[2024-09-30T11:26:31.368+0000] {spark_submit.py:490} INFO - repositories            null
[2024-09-30T11:26:31.368+0000] {spark_submit.py:490} INFO - verbose                 true
[2024-09-30T11:26:31.368+0000] {spark_submit.py:490} INFO - 
[2024-09-30T11:26:31.368+0000] {spark_submit.py:490} INFO - Spark properties used, including those specified through
[2024-09-30T11:26:31.369+0000] {spark_submit.py:490} INFO - --conf and those from the properties file null:
[2024-09-30T11:26:31.369+0000] {spark_submit.py:490} INFO - 
[2024-09-30T11:26:31.369+0000] {spark_submit.py:490} INFO - 
[2024-09-30T11:26:31.369+0000] {spark_submit.py:490} INFO - 
[2024-09-30T11:26:31.980+0000] {spark_submit.py:490} INFO - 24/09/30 11:26:31 WARN NativeCodeLoader: Unable to load native-hadoop library for your platform... using builtin-java classes where applicable
[2024-09-30T11:26:32.421+0000] {spark_submit.py:490} INFO - Main class:
[2024-09-30T11:26:32.422+0000] {spark_submit.py:490} INFO - org.apache.spark.deploy.PythonRunner
[2024-09-30T11:26:32.422+0000] {spark_submit.py:490} INFO - Arguments:
[2024-09-30T11:26:32.422+0000] {spark_submit.py:490} INFO - file:/usr/local/spark/app/save_to_warehouse.py
[2024-09-30T11:26:32.422+0000] {spark_submit.py:490} INFO - null
[2024-09-30T11:26:32.428+0000] {spark_submit.py:490} INFO - Spark config:
[2024-09-30T11:26:32.429+0000] {spark_submit.py:490} INFO - (spark.app.name,save_to_warehouse)
[2024-09-30T11:26:32.429+0000] {spark_submit.py:490} INFO - (spark.master,spark://spark-master:7077)
[2024-09-30T11:26:32.429+0000] {spark_submit.py:490} INFO - (spark.submit.pyFiles,)
[2024-09-30T11:26:32.429+0000] {spark_submit.py:490} INFO - (spark.submit.deployMode,client)
[2024-09-30T11:26:32.429+0000] {spark_submit.py:490} INFO - Classpath elements:
[2024-09-30T11:26:32.429+0000] {spark_submit.py:490} INFO - 
[2024-09-30T11:26:32.429+0000] {spark_submit.py:490} INFO - 
[2024-09-30T11:26:32.429+0000] {spark_submit.py:490} INFO - 
[2024-09-30T11:26:33.830+0000] {spark_submit.py:490} INFO - Using Spark's default log4j profile: org/apache/spark/log4j-defaults.properties
[2024-09-30T11:26:33.844+0000] {spark_submit.py:490} INFO - 24/09/30 11:26:33 INFO SparkContext: Running Spark version 3.1.3
[2024-09-30T11:26:33.922+0000] {spark_submit.py:490} INFO - 24/09/30 11:26:33 INFO ResourceUtils: ==============================================================
[2024-09-30T11:26:33.923+0000] {spark_submit.py:490} INFO - 24/09/30 11:26:33 INFO ResourceUtils: No custom resources configured for spark.driver.
[2024-09-30T11:26:33.923+0000] {spark_submit.py:490} INFO - 24/09/30 11:26:33 INFO ResourceUtils: ==============================================================
[2024-09-30T11:26:33.923+0000] {spark_submit.py:490} INFO - 24/09/30 11:26:33 INFO SparkContext: Submitted application: save_to_warehouse
[2024-09-30T11:26:33.953+0000] {spark_submit.py:490} INFO - 24/09/30 11:26:33 INFO ResourceProfile: Default ResourceProfile created, executor resources: Map(cores -> name: cores, amount: 1, script: , vendor: , memory -> name: memory, amount: 1024, script: , vendor: , offHeap -> name: offHeap, amount: 0, script: , vendor: ), task resources: Map(cpus -> name: cpus, amount: 1.0)
[2024-09-30T11:26:33.976+0000] {spark_submit.py:490} INFO - 24/09/30 11:26:33 INFO ResourceProfile: Limiting resource is cpu
[2024-09-30T11:26:33.978+0000] {spark_submit.py:490} INFO - 24/09/30 11:26:33 INFO ResourceProfileManager: Added ResourceProfile id: 0
[2024-09-30T11:26:34.123+0000] {spark_submit.py:490} INFO - 24/09/30 11:26:34 INFO SecurityManager: Changing view acls to: default
[2024-09-30T11:26:34.125+0000] {spark_submit.py:490} INFO - 24/09/30 11:26:34 INFO SecurityManager: Changing modify acls to: default
[2024-09-30T11:26:34.125+0000] {spark_submit.py:490} INFO - 24/09/30 11:26:34 INFO SecurityManager: Changing view acls groups to:
[2024-09-30T11:26:34.125+0000] {spark_submit.py:490} INFO - 24/09/30 11:26:34 INFO SecurityManager: Changing modify acls groups to:
[2024-09-30T11:26:34.125+0000] {spark_submit.py:490} INFO - 24/09/30 11:26:34 INFO SecurityManager: SecurityManager: authentication disabled; ui acls disabled; users  with view permissions: Set(default); groups with view permissions: Set(); users  with modify permissions: Set(default); groups with modify permissions: Set()
[2024-09-30T11:26:34.568+0000] {spark_submit.py:490} INFO - 24/09/30 11:26:34 INFO Utils: Successfully started service 'sparkDriver' on port 37955.
[2024-09-30T11:26:34.616+0000] {spark_submit.py:490} INFO - 24/09/30 11:26:34 INFO SparkEnv: Registering MapOutputTracker
[2024-09-30T11:26:34.669+0000] {spark_submit.py:490} INFO - 24/09/30 11:26:34 INFO SparkEnv: Registering BlockManagerMaster
[2024-09-30T11:26:34.698+0000] {spark_submit.py:490} INFO - 24/09/30 11:26:34 INFO BlockManagerMasterEndpoint: Using org.apache.spark.storage.DefaultTopologyMapper for getting topology information
[2024-09-30T11:26:34.700+0000] {spark_submit.py:490} INFO - 24/09/30 11:26:34 INFO BlockManagerMasterEndpoint: BlockManagerMasterEndpoint up
[2024-09-30T11:26:34.709+0000] {spark_submit.py:490} INFO - 24/09/30 11:26:34 INFO SparkEnv: Registering BlockManagerMasterHeartbeat
[2024-09-30T11:26:34.730+0000] {spark_submit.py:490} INFO - 24/09/30 11:26:34 INFO DiskBlockManager: Created local directory at /tmp/blockmgr-a9171b2f-6050-4567-8833-60f0ceb5e1e2
[2024-09-30T11:26:34.766+0000] {spark_submit.py:490} INFO - 24/09/30 11:26:34 INFO MemoryStore: MemoryStore started with capacity 434.4 MiB
[2024-09-30T11:26:34.797+0000] {spark_submit.py:490} INFO - 24/09/30 11:26:34 INFO SparkEnv: Registering OutputCommitCoordinator
[2024-09-30T11:26:35.110+0000] {spark_submit.py:490} INFO - 24/09/30 11:26:35 WARN Utils: Service 'SparkUI' could not bind on port 4040. Attempting port 4041.
[2024-09-30T11:26:35.111+0000] {spark_submit.py:490} INFO - 24/09/30 11:26:35 WARN Utils: Service 'SparkUI' could not bind on port 4041. Attempting port 4042.
[2024-09-30T11:26:35.122+0000] {spark_submit.py:490} INFO - 24/09/30 11:26:35 INFO Utils: Successfully started service 'SparkUI' on port 4042.
[2024-09-30T11:26:35.235+0000] {spark_submit.py:490} INFO - 24/09/30 11:26:35 INFO SparkUI: Bound SparkUI to 0.0.0.0, and started at http://774e6edce74f:4042
[2024-09-30T11:26:35.787+0000] {spark_submit.py:490} INFO - 24/09/30 11:26:35 INFO StandaloneAppClient$ClientEndpoint: Connecting to master spark://spark-master:7077...
[2024-09-30T11:26:35.891+0000] {spark_submit.py:490} INFO - 24/09/30 11:26:35 INFO TransportClientFactory: Successfully created connection to spark-master/172.18.0.5:7077 after 68 ms (0 ms spent in bootstraps)
[2024-09-30T11:26:36.119+0000] {spark_submit.py:490} INFO - 24/09/30 11:26:36 INFO StandaloneSchedulerBackend: Connected to Spark cluster with app ID app-20240930112636-0004
[2024-09-30T11:26:36.142+0000] {spark_submit.py:490} INFO - 24/09/30 11:26:36 INFO Utils: Successfully started service 'org.apache.spark.network.netty.NettyBlockTransferService' on port 43035.
[2024-09-30T11:26:36.143+0000] {spark_submit.py:490} INFO - 24/09/30 11:26:36 INFO NettyBlockTransferService: Server created on 774e6edce74f:43035
[2024-09-30T11:26:36.146+0000] {spark_submit.py:490} INFO - 24/09/30 11:26:36 INFO BlockManager: Using org.apache.spark.storage.RandomBlockReplicationPolicy for block replication policy
[2024-09-30T11:26:36.164+0000] {spark_submit.py:490} INFO - 24/09/30 11:26:36 INFO BlockManagerMaster: Registering BlockManager BlockManagerId(driver, 774e6edce74f, 43035, None)
[2024-09-30T11:26:36.181+0000] {spark_submit.py:490} INFO - 24/09/30 11:26:36 INFO BlockManagerMasterEndpoint: Registering block manager 774e6edce74f:43035 with 434.4 MiB RAM, BlockManagerId(driver, 774e6edce74f, 43035, None)
[2024-09-30T11:26:36.187+0000] {spark_submit.py:490} INFO - 24/09/30 11:26:36 INFO BlockManagerMaster: Registered BlockManager BlockManagerId(driver, 774e6edce74f, 43035, None)
[2024-09-30T11:26:36.192+0000] {spark_submit.py:490} INFO - 24/09/30 11:26:36 INFO BlockManager: Initialized BlockManager: BlockManagerId(driver, 774e6edce74f, 43035, None)
[2024-09-30T11:26:36.632+0000] {spark_submit.py:490} INFO - 24/09/30 11:26:36 INFO StandaloneSchedulerBackend: SchedulerBackend is ready for scheduling beginning after reached minRegisteredResourcesRatio: 0.0
[2024-09-30T11:26:37.004+0000] {spark_submit.py:490} INFO - 24/09/30 11:26:37 INFO SharedState: Setting hive.metastore.warehouse.dir ('null') to the value of spark.sql.warehouse.dir ('/user/hive/warehouse').
[2024-09-30T11:26:37.007+0000] {spark_submit.py:490} INFO - 24/09/30 11:26:37 INFO SharedState: Warehouse path is '/user/hive/warehouse'.
[2024-09-30T11:26:39.410+0000] {spark_submit.py:490} INFO - 24/09/30 11:26:39 INFO InMemoryFileIndex: It took 162 ms to list leaf files for 1 paths.
[2024-09-30T11:26:40.220+0000] {spark_submit.py:490} INFO - 24/09/30 11:26:40 INFO SparkContext: Starting job: parquet at NativeMethodAccessorImpl.java:0
[2024-09-30T11:26:40.242+0000] {spark_submit.py:490} INFO - 24/09/30 11:26:40 INFO DAGScheduler: Got job 0 (parquet at NativeMethodAccessorImpl.java:0) with 1 output partitions
[2024-09-30T11:26:40.242+0000] {spark_submit.py:490} INFO - 24/09/30 11:26:40 INFO DAGScheduler: Final stage: ResultStage 0 (parquet at NativeMethodAccessorImpl.java:0)
[2024-09-30T11:26:40.245+0000] {spark_submit.py:490} INFO - 24/09/30 11:26:40 INFO DAGScheduler: Parents of final stage: List()
[2024-09-30T11:26:40.246+0000] {spark_submit.py:490} INFO - 24/09/30 11:26:40 INFO DAGScheduler: Missing parents: List()
[2024-09-30T11:26:40.261+0000] {spark_submit.py:490} INFO - 24/09/30 11:26:40 INFO DAGScheduler: Submitting ResultStage 0 (MapPartitionsRDD[1] at parquet at NativeMethodAccessorImpl.java:0), which has no missing parents
[2024-09-30T11:26:40.353+0000] {spark_submit.py:490} INFO - 24/09/30 11:26:40 INFO MemoryStore: Block broadcast_0 stored as values in memory (estimated size 84.0 KiB, free 434.3 MiB)
[2024-09-30T11:26:40.481+0000] {spark_submit.py:490} INFO - 24/09/30 11:26:40 INFO MemoryStore: Block broadcast_0_piece0 stored as bytes in memory (estimated size 29.8 KiB, free 434.3 MiB)
[2024-09-30T11:26:40.490+0000] {spark_submit.py:490} INFO - 24/09/30 11:26:40 INFO BlockManagerInfo: Added broadcast_0_piece0 in memory on 774e6edce74f:43035 (size: 29.8 KiB, free: 434.4 MiB)
[2024-09-30T11:26:40.495+0000] {spark_submit.py:490} INFO - 24/09/30 11:26:40 INFO SparkContext: Created broadcast 0 from broadcast at DAGScheduler.scala:1433
[2024-09-30T11:26:40.517+0000] {spark_submit.py:490} INFO - 24/09/30 11:26:40 INFO DAGScheduler: Submitting 1 missing tasks from ResultStage 0 (MapPartitionsRDD[1] at parquet at NativeMethodAccessorImpl.java:0) (first 15 tasks are for partitions Vector(0))
[2024-09-30T11:26:40.517+0000] {spark_submit.py:490} INFO - 24/09/30 11:26:40 INFO TaskSchedulerImpl: Adding task set 0.0 with 1 tasks resource profile 0
[2024-09-30T11:26:55.542+0000] {spark_submit.py:490} INFO - 24/09/30 11:26:55 WARN TaskSchedulerImpl: Initial job has not accepted any resources; check your cluster UI to ensure that workers are registered and have sufficient resources
[2024-09-30T11:27:00.613+0000] {spark_submit.py:490} INFO - 24/09/30 11:27:00 INFO StandaloneAppClient$ClientEndpoint: Executor added: app-20240930112636-0004/0 on worker-20240930112313-172.18.0.7-33165 (172.18.0.7:33165) with 4 core(s)
[2024-09-30T11:27:00.621+0000] {spark_submit.py:490} INFO - 24/09/30 11:27:00 INFO StandaloneSchedulerBackend: Granted executor ID app-20240930112636-0004/0 on hostPort 172.18.0.7:33165 with 4 core(s), 1024.0 MiB RAM
[2024-09-30T11:27:00.725+0000] {spark_submit.py:490} INFO - 24/09/30 11:27:00 INFO StandaloneAppClient$ClientEndpoint: Executor updated: app-20240930112636-0004/0 is now RUNNING
[2024-09-30T11:27:04.375+0000] {spark_submit.py:490} INFO - 24/09/30 11:27:04 INFO CoarseGrainedSchedulerBackend$DriverEndpoint: Registered executor NettyRpcEndpointRef(spark-client://Executor) (172.18.0.7:56116) with ID 0,  ResourceProfileId 0
[2024-09-30T11:27:04.603+0000] {spark_submit.py:490} INFO - 24/09/30 11:27:04 INFO BlockManagerMasterEndpoint: Registering block manager 172.18.0.7:33595 with 434.4 MiB RAM, BlockManagerId(0, 172.18.0.7, 33595, None)
[2024-09-30T11:27:04.709+0000] {spark_submit.py:490} INFO - 24/09/30 11:27:04 INFO TaskSetManager: Starting task 0.0 in stage 0.0 (TID 0) (172.18.0.7, executor 0, partition 0, PROCESS_LOCAL, 4732 bytes) taskResourceAssignments Map()
[2024-09-30T11:27:05.157+0000] {spark_submit.py:490} INFO - 24/09/30 11:27:05 INFO BlockManagerInfo: Added broadcast_0_piece0 in memory on 172.18.0.7:33595 (size: 29.8 KiB, free: 434.4 MiB)
[2024-09-30T11:27:06.826+0000] {spark_submit.py:490} INFO - 24/09/30 11:27:06 INFO TaskSetManager: Finished task 0.0 in stage 0.0 (TID 0) in 2136 ms on 172.18.0.7 (executor 0) (1/1)
[2024-09-30T11:27:06.831+0000] {spark_submit.py:490} INFO - 24/09/30 11:27:06 INFO TaskSchedulerImpl: Removed TaskSet 0.0, whose tasks have all completed, from pool
[2024-09-30T11:27:06.842+0000] {spark_submit.py:490} INFO - 24/09/30 11:27:06 INFO DAGScheduler: ResultStage 0 (parquet at NativeMethodAccessorImpl.java:0) finished in 26.556 s
[2024-09-30T11:27:06.847+0000] {spark_submit.py:490} INFO - 24/09/30 11:27:06 INFO DAGScheduler: Job 0 is finished. Cancelling potential speculative or zombie tasks for this job
[2024-09-30T11:27:06.848+0000] {spark_submit.py:490} INFO - 24/09/30 11:27:06 INFO TaskSchedulerImpl: Killing all running tasks in stage 0: Stage finished
[2024-09-30T11:27:06.856+0000] {spark_submit.py:490} INFO - 24/09/30 11:27:06 INFO DAGScheduler: Job 0 finished: parquet at NativeMethodAccessorImpl.java:0, took 26.631368 s
[2024-09-30T11:27:07.718+0000] {spark_submit.py:490} INFO - 24/09/30 11:27:07 INFO BlockManagerInfo: Removed broadcast_0_piece0 on 774e6edce74f:43035 in memory (size: 29.8 KiB, free: 434.4 MiB)
[2024-09-30T11:27:07.742+0000] {spark_submit.py:490} INFO - 24/09/30 11:27:07 INFO BlockManagerInfo: Removed broadcast_0_piece0 on 172.18.0.7:33595 in memory (size: 29.8 KiB, free: 434.4 MiB)
[2024-09-30T11:27:09.092+0000] {spark_submit.py:490} INFO - 24/09/30 11:27:09 INFO HiveConf: Found configuration file null
[2024-09-30T11:27:09.108+0000] {spark_submit.py:490} INFO - 24/09/30 11:27:09 INFO HiveUtils: Initializing HiveMetastoreConnection version 2.3.7 using Spark classes.
[2024-09-30T11:27:09.648+0000] {spark_submit.py:490} INFO - 24/09/30 11:27:09 INFO SessionState: Created HDFS directory: hdfs://namenode:8020/opt/hive/scratch_dir/default/0ff8dc65-01df-44d0-884a-01211cbcde1e
[2024-09-30T11:27:09.675+0000] {spark_submit.py:490} INFO - 24/09/30 11:27:09 INFO SessionState: Created local directory: /tmp/default/0ff8dc65-01df-44d0-884a-01211cbcde1e
[2024-09-30T11:27:09.689+0000] {spark_submit.py:490} INFO - 24/09/30 11:27:09 INFO SessionState: Created HDFS directory: hdfs://namenode:8020/opt/hive/scratch_dir/default/0ff8dc65-01df-44d0-884a-01211cbcde1e/_tmp_space.db
[2024-09-30T11:27:09.704+0000] {spark_submit.py:490} INFO - 24/09/30 11:27:09 INFO HiveClientImpl: Warehouse location for Hive client (version 2.3.7) is /user/hive/warehouse
[2024-09-30T11:27:10.368+0000] {spark_submit.py:490} INFO - 24/09/30 11:27:10 INFO metastore: Trying to connect to metastore with URI thrift://hive-metastore:9083
[2024-09-30T11:27:10.397+0000] {spark_submit.py:490} INFO - 24/09/30 11:27:10 INFO metastore: Opened a connection to metastore, current connections: 1
[2024-09-30T11:27:10.457+0000] {spark_submit.py:490} INFO - 24/09/30 11:27:10 INFO metastore: Connected to metastore.
[2024-09-30T11:27:12.080+0000] {spark_submit.py:490} INFO - 24/09/30 11:27:12 INFO CodeGenerator: Code generated in 291.086094 ms
[2024-09-30T11:27:12.844+0000] {spark_submit.py:490} INFO - 24/09/30 11:27:12 INFO CodeGenerator: Code generated in 70.579846 ms
[2024-09-30T11:27:12.920+0000] {spark_submit.py:490} INFO - 24/09/30 11:27:12 INFO SparkContext: Starting job: hasNext at NativeMethodAccessorImpl.java:0
[2024-09-30T11:27:12.928+0000] {spark_submit.py:490} INFO - 24/09/30 11:27:12 INFO DAGScheduler: Got job 1 (hasNext at NativeMethodAccessorImpl.java:0) with 1 output partitions
[2024-09-30T11:27:12.929+0000] {spark_submit.py:490} INFO - 24/09/30 11:27:12 INFO DAGScheduler: Final stage: ResultStage 1 (hasNext at NativeMethodAccessorImpl.java:0)
[2024-09-30T11:27:12.929+0000] {spark_submit.py:490} INFO - 24/09/30 11:27:12 INFO DAGScheduler: Parents of final stage: List()
[2024-09-30T11:27:12.929+0000] {spark_submit.py:490} INFO - 24/09/30 11:27:12 INFO DAGScheduler: Missing parents: List()
[2024-09-30T11:27:12.935+0000] {spark_submit.py:490} INFO - 24/09/30 11:27:12 INFO DAGScheduler: Submitting ResultStage 1 (MapPartitionsRDD[5] at toLocalIterator at NativeMethodAccessorImpl.java:0), which has no missing parents
[2024-09-30T11:27:12.943+0000] {spark_submit.py:490} INFO - 24/09/30 11:27:12 INFO MemoryStore: Block broadcast_1 stored as values in memory (estimated size 4.6 KiB, free 434.4 MiB)
[2024-09-30T11:27:12.962+0000] {spark_submit.py:490} INFO - 24/09/30 11:27:12 INFO MemoryStore: Block broadcast_1_piece0 stored as bytes in memory (estimated size 2.5 KiB, free 434.4 MiB)
[2024-09-30T11:27:12.963+0000] {spark_submit.py:490} INFO - 24/09/30 11:27:12 INFO BlockManagerInfo: Added broadcast_1_piece0 in memory on 774e6edce74f:43035 (size: 2.5 KiB, free: 434.4 MiB)
[2024-09-30T11:27:12.963+0000] {spark_submit.py:490} INFO - 24/09/30 11:27:12 INFO SparkContext: Created broadcast 1 from broadcast at DAGScheduler.scala:1433
[2024-09-30T11:27:12.972+0000] {spark_submit.py:490} INFO - 24/09/30 11:27:12 INFO DAGScheduler: Submitting 1 missing tasks from ResultStage 1 (MapPartitionsRDD[5] at toLocalIterator at NativeMethodAccessorImpl.java:0) (first 15 tasks are for partitions Vector(0))
[2024-09-30T11:27:12.973+0000] {spark_submit.py:490} INFO - 24/09/30 11:27:12 INFO TaskSchedulerImpl: Adding task set 1.0 with 1 tasks resource profile 0
[2024-09-30T11:27:12.984+0000] {spark_submit.py:490} INFO - 24/09/30 11:27:12 INFO TaskSetManager: Starting task 0.0 in stage 1.0 (TID 1) (172.18.0.7, executor 0, partition 0, PROCESS_LOCAL, 4713 bytes) taskResourceAssignments Map()
[2024-09-30T11:27:13.107+0000] {spark_submit.py:490} INFO - 24/09/30 11:27:13 INFO BlockManagerInfo: Added broadcast_1_piece0 in memory on 172.18.0.7:33595 (size: 2.5 KiB, free: 434.4 MiB)
[2024-09-30T11:27:13.262+0000] {spark_submit.py:490} INFO - 24/09/30 11:27:13 INFO TaskSetManager: Finished task 0.0 in stage 1.0 (TID 1) in 283 ms on 172.18.0.7 (executor 0) (1/1)
[2024-09-30T11:27:13.263+0000] {spark_submit.py:490} INFO - 24/09/30 11:27:13 INFO TaskSchedulerImpl: Removed TaskSet 1.0, whose tasks have all completed, from pool
[2024-09-30T11:27:13.263+0000] {spark_submit.py:490} INFO - 24/09/30 11:27:13 INFO DAGScheduler: ResultStage 1 (hasNext at NativeMethodAccessorImpl.java:0) finished in 0.325 s
[2024-09-30T11:27:13.263+0000] {spark_submit.py:490} INFO - 24/09/30 11:27:13 INFO DAGScheduler: Job 1 is finished. Cancelling potential speculative or zombie tasks for this job
[2024-09-30T11:27:13.263+0000] {spark_submit.py:490} INFO - 24/09/30 11:27:13 INFO TaskSchedulerImpl: Killing all running tasks in stage 1: Stage finished
[2024-09-30T11:27:13.267+0000] {spark_submit.py:490} INFO - 24/09/30 11:27:13 INFO DAGScheduler: Job 1 finished: hasNext at NativeMethodAccessorImpl.java:0, took 0.346438 s
[2024-09-30T11:27:13.356+0000] {spark_submit.py:490} INFO - 24/09/30 11:27:13 INFO CodeGenerator: Code generated in 51.63269 ms
[2024-09-30T11:27:14.249+0000] {spark_submit.py:490} INFO - 24/09/30 11:27:14 INFO DataSourceStrategy: Pruning directories with:
[2024-09-30T11:27:14.253+0000] {spark_submit.py:490} INFO - 24/09/30 11:27:14 INFO FileSourceStrategy: Pushed Filters:
[2024-09-30T11:27:14.255+0000] {spark_submit.py:490} INFO - 24/09/30 11:27:14 INFO FileSourceStrategy: Post-Scan Filters:
[2024-09-30T11:27:14.260+0000] {spark_submit.py:490} INFO - 24/09/30 11:27:14 INFO FileSourceStrategy: Output Data Schema: struct<collection_id: string, new_positive_cases: int, collection_date: timestamp ... 1 more fields>
[2024-09-30T11:27:14.416+0000] {spark_submit.py:490} INFO - 24/09/30 11:27:14 INFO ParquetFileFormat: Using default output committer for Parquet: org.apache.parquet.hadoop.ParquetOutputCommitter
[2024-09-30T11:27:14.454+0000] {spark_submit.py:490} INFO - 24/09/30 11:27:14 INFO FileOutputCommitter: File Output Committer Algorithm version is 1
[2024-09-30T11:27:14.455+0000] {spark_submit.py:490} INFO - 24/09/30 11:27:14 INFO FileOutputCommitter: FileOutputCommitter skip cleanup _temporary folders under output directory:false, ignore cleanup failures: false
[2024-09-30T11:27:14.460+0000] {spark_submit.py:490} INFO - 24/09/30 11:27:14 INFO SQLHadoopMapReduceCommitProtocol: Using user defined output committer class org.apache.parquet.hadoop.ParquetOutputCommitter
[2024-09-30T11:27:14.460+0000] {spark_submit.py:490} INFO - 24/09/30 11:27:14 INFO FileOutputCommitter: File Output Committer Algorithm version is 1
[2024-09-30T11:27:14.460+0000] {spark_submit.py:490} INFO - 24/09/30 11:27:14 INFO FileOutputCommitter: FileOutputCommitter skip cleanup _temporary folders under output directory:false, ignore cleanup failures: false
[2024-09-30T11:27:14.462+0000] {spark_submit.py:490} INFO - 24/09/30 11:27:14 INFO SQLHadoopMapReduceCommitProtocol: Using output committer class org.apache.parquet.hadoop.ParquetOutputCommitter
[2024-09-30T11:27:14.583+0000] {spark_submit.py:490} INFO - 24/09/30 11:27:14 INFO CodeGenerator: Code generated in 61.029444 ms
[2024-09-30T11:27:14.624+0000] {spark_submit.py:490} INFO - 24/09/30 11:27:14 INFO MemoryStore: Block broadcast_2 stored as values in memory (estimated size 177.0 KiB, free 434.2 MiB)
[2024-09-30T11:27:14.653+0000] {spark_submit.py:490} INFO - 24/09/30 11:27:14 INFO MemoryStore: Block broadcast_2_piece0 stored as bytes in memory (estimated size 28.3 KiB, free 434.2 MiB)
[2024-09-30T11:27:14.665+0000] {spark_submit.py:490} INFO - 24/09/30 11:27:14 INFO BlockManagerInfo: Added broadcast_2_piece0 in memory on 774e6edce74f:43035 (size: 28.3 KiB, free: 434.4 MiB)
[2024-09-30T11:27:14.667+0000] {spark_submit.py:490} INFO - 24/09/30 11:27:14 INFO SparkContext: Created broadcast 2 from saveAsTable at NativeMethodAccessorImpl.java:0
[2024-09-30T11:27:14.687+0000] {spark_submit.py:490} INFO - 24/09/30 11:27:14 INFO FileSourceScanExec: Planning scan with bin packing, max size: 4194304 bytes, open cost is considered as scanning 4194304 bytes.
[2024-09-30T11:27:14.796+0000] {spark_submit.py:490} INFO - 24/09/30 11:27:14 INFO SparkContext: Starting job: saveAsTable at NativeMethodAccessorImpl.java:0
[2024-09-30T11:27:14.798+0000] {spark_submit.py:490} INFO - 24/09/30 11:27:14 INFO DAGScheduler: Got job 2 (saveAsTable at NativeMethodAccessorImpl.java:0) with 1 output partitions
[2024-09-30T11:27:14.799+0000] {spark_submit.py:490} INFO - 24/09/30 11:27:14 INFO DAGScheduler: Final stage: ResultStage 2 (saveAsTable at NativeMethodAccessorImpl.java:0)
[2024-09-30T11:27:14.799+0000] {spark_submit.py:490} INFO - 24/09/30 11:27:14 INFO DAGScheduler: Parents of final stage: List()
[2024-09-30T11:27:14.799+0000] {spark_submit.py:490} INFO - 24/09/30 11:27:14 INFO DAGScheduler: Missing parents: List()
[2024-09-30T11:27:14.802+0000] {spark_submit.py:490} INFO - 24/09/30 11:27:14 INFO DAGScheduler: Submitting ResultStage 2 (MapPartitionsRDD[10] at saveAsTable at NativeMethodAccessorImpl.java:0), which has no missing parents
[2024-09-30T11:27:14.933+0000] {spark_submit.py:490} INFO - 24/09/30 11:27:14 INFO MemoryStore: Block broadcast_3 stored as values in memory (estimated size 182.8 KiB, free 434.0 MiB)
[2024-09-30T11:27:14.943+0000] {spark_submit.py:490} INFO - 24/09/30 11:27:14 INFO MemoryStore: Block broadcast_3_piece0 stored as bytes in memory (estimated size 65.6 KiB, free 433.9 MiB)
[2024-09-30T11:27:14.946+0000] {spark_submit.py:490} INFO - 24/09/30 11:27:14 INFO BlockManagerInfo: Added broadcast_3_piece0 in memory on 774e6edce74f:43035 (size: 65.6 KiB, free: 434.3 MiB)
[2024-09-30T11:27:14.950+0000] {spark_submit.py:490} INFO - 24/09/30 11:27:14 INFO SparkContext: Created broadcast 3 from broadcast at DAGScheduler.scala:1433
[2024-09-30T11:27:14.950+0000] {spark_submit.py:490} INFO - 24/09/30 11:27:14 INFO DAGScheduler: Submitting 1 missing tasks from ResultStage 2 (MapPartitionsRDD[10] at saveAsTable at NativeMethodAccessorImpl.java:0) (first 15 tasks are for partitions Vector(0))
[2024-09-30T11:27:14.950+0000] {spark_submit.py:490} INFO - 24/09/30 11:27:14 INFO TaskSchedulerImpl: Adding task set 2.0 with 1 tasks resource profile 0
[2024-09-30T11:27:14.966+0000] {spark_submit.py:490} INFO - 24/09/30 11:27:14 INFO TaskSetManager: Starting task 0.0 in stage 2.0 (TID 2) (172.18.0.7, executor 0, partition 0, ANY, 5048 bytes) taskResourceAssignments Map()
[2024-09-30T11:27:15.034+0000] {spark_submit.py:490} INFO - 24/09/30 11:27:15 INFO BlockManagerInfo: Added broadcast_3_piece0 in memory on 172.18.0.7:33595 (size: 65.6 KiB, free: 434.3 MiB)
[2024-09-30T11:27:16.601+0000] {spark_submit.py:490} INFO - 24/09/30 11:27:16 INFO BlockManagerInfo: Added broadcast_2_piece0 in memory on 172.18.0.7:33595 (size: 28.3 KiB, free: 434.3 MiB)
[2024-09-30T11:27:18.207+0000] {spark_submit.py:490} INFO - 24/09/30 11:27:18 INFO TaskSetManager: Finished task 0.0 in stage 2.0 (TID 2) in 3249 ms on 172.18.0.7 (executor 0) (1/1)
[2024-09-30T11:27:18.207+0000] {spark_submit.py:490} INFO - 24/09/30 11:27:18 INFO TaskSchedulerImpl: Removed TaskSet 2.0, whose tasks have all completed, from pool
[2024-09-30T11:27:18.212+0000] {spark_submit.py:490} INFO - 24/09/30 11:27:18 INFO DAGScheduler: ResultStage 2 (saveAsTable at NativeMethodAccessorImpl.java:0) finished in 3.395 s
[2024-09-30T11:27:18.212+0000] {spark_submit.py:490} INFO - 24/09/30 11:27:18 INFO DAGScheduler: Job 2 is finished. Cancelling potential speculative or zombie tasks for this job
[2024-09-30T11:27:18.212+0000] {spark_submit.py:490} INFO - 24/09/30 11:27:18 INFO TaskSchedulerImpl: Killing all running tasks in stage 2: Stage finished
[2024-09-30T11:27:18.217+0000] {spark_submit.py:490} INFO - 24/09/30 11:27:18 INFO DAGScheduler: Job 2 finished: saveAsTable at NativeMethodAccessorImpl.java:0, took 3.418900 s
[2024-09-30T11:27:18.342+0000] {spark_submit.py:490} INFO - 24/09/30 11:27:18 INFO FileFormatWriter: Write Job b2e692ed-a5d5-47c2-a2a2-b5a5933e8403 committed.
[2024-09-30T11:27:18.346+0000] {spark_submit.py:490} INFO - 24/09/30 11:27:18 INFO FileFormatWriter: Finished processing stats for write job b2e692ed-a5d5-47c2-a2a2-b5a5933e8403.
[2024-09-30T11:27:18.396+0000] {spark_submit.py:490} INFO - 24/09/30 11:27:18 INFO InMemoryFileIndex: It took 21 ms to list leaf files for 1 paths.
[2024-09-30T11:27:18.448+0000] {spark_submit.py:490} INFO - 24/09/30 11:27:18 INFO HiveExternalCatalog: Persisting file based data source table `default`.`cases` into Hive metastore in Hive compatible format.
[2024-09-30T11:27:18.464+0000] {spark_submit.py:490} INFO - 24/09/30 11:27:18 INFO SQLStdHiveAccessController: Created SQLStdHiveAccessController for session context : HiveAuthzSessionContext [sessionString=0ff8dc65-01df-44d0-884a-01211cbcde1e, clientType=HIVECLI]
[2024-09-30T11:27:18.469+0000] {spark_submit.py:490} INFO - 24/09/30 11:27:18 WARN SessionState: METASTORE_FILTER_HOOK will be ignored, since hive.security.authorization.manager is set to instance of HiveAuthorizerFactory.
[2024-09-30T11:27:18.470+0000] {spark_submit.py:490} INFO - 24/09/30 11:27:18 INFO metastore: Mestastore configuration hive.metastore.filter.hook changed from org.apache.hadoop.hive.metastore.DefaultMetaStoreFilterHookImpl to org.apache.hadoop.hive.ql.security.authorization.plugin.AuthorizationMetaStoreFilterHook
[2024-09-30T11:27:18.480+0000] {spark_submit.py:490} INFO - 24/09/30 11:27:18 INFO metastore: Closed a connection to metastore, current connections: 0
[2024-09-30T11:27:18.486+0000] {spark_submit.py:490} INFO - 24/09/30 11:27:18 INFO metastore: Trying to connect to metastore with URI thrift://hive-metastore:9083
[2024-09-30T11:27:18.488+0000] {spark_submit.py:490} INFO - 24/09/30 11:27:18 INFO metastore: Opened a connection to metastore, current connections: 1
[2024-09-30T11:27:18.490+0000] {spark_submit.py:490} INFO - 24/09/30 11:27:18 INFO metastore: Connected to metastore.
[2024-09-30T11:27:18.526+0000] {spark_submit.py:490} INFO - 24/09/30 11:27:18 INFO metastore: Trying to connect to metastore with URI thrift://hive-metastore:9083
[2024-09-30T11:27:18.528+0000] {spark_submit.py:490} INFO - 24/09/30 11:27:18 INFO metastore: Opened a connection to metastore, current connections: 2
[2024-09-30T11:27:18.530+0000] {spark_submit.py:490} INFO - 24/09/30 11:27:18 INFO metastore: Connected to metastore.
[2024-09-30T11:27:18.679+0000] {spark_submit.py:490} INFO - 24/09/30 11:27:18 INFO AlterTableRecoverPartitionsCommand: Recover all the partitions in hdfs://namenode:8020/opt/hive/data/warehouse/cases
[2024-09-30T11:27:18.699+0000] {spark_submit.py:490} INFO - 24/09/30 11:27:18 INFO AlterTableRecoverPartitionsCommand: Found 1 partitions in hdfs://namenode:8020/opt/hive/data/warehouse/cases
[2024-09-30T11:27:18.709+0000] {spark_submit.py:490} INFO - 24/09/30 11:27:18 INFO AlterTableRecoverPartitionsCommand: Finished to gather the fast stats for all 1 partitions.
[2024-09-30T11:27:19.341+0000] {spark_submit.py:490} INFO - 24/09/30 11:27:19 INFO AlterTableRecoverPartitionsCommand: Recovered all partitions (1).
[2024-09-30T11:27:19.452+0000] {spark_submit.py:490} INFO - 24/09/30 11:27:19 INFO SparkContext: Invoking stop() from shutdown hook
[2024-09-30T11:27:19.473+0000] {spark_submit.py:490} INFO - 24/09/30 11:27:19 INFO SparkUI: Stopped Spark web UI at http://774e6edce74f:4042
[2024-09-30T11:27:19.478+0000] {spark_submit.py:490} INFO - 24/09/30 11:27:19 INFO StandaloneSchedulerBackend: Shutting down all executors
[2024-09-30T11:27:19.479+0000] {spark_submit.py:490} INFO - 24/09/30 11:27:19 INFO CoarseGrainedSchedulerBackend$DriverEndpoint: Asking each executor to shut down
[2024-09-30T11:27:19.559+0000] {spark_submit.py:490} INFO - 24/09/30 11:27:19 INFO MapOutputTrackerMasterEndpoint: MapOutputTrackerMasterEndpoint stopped!
[2024-09-30T11:27:19.646+0000] {spark_submit.py:490} INFO - 24/09/30 11:27:19 INFO MemoryStore: MemoryStore cleared
[2024-09-30T11:27:19.647+0000] {spark_submit.py:490} INFO - 24/09/30 11:27:19 INFO BlockManager: BlockManager stopped
[2024-09-30T11:27:19.662+0000] {spark_submit.py:490} INFO - 24/09/30 11:27:19 INFO BlockManagerMaster: BlockManagerMaster stopped
[2024-09-30T11:27:19.680+0000] {spark_submit.py:490} INFO - 24/09/30 11:27:19 INFO OutputCommitCoordinator$OutputCommitCoordinatorEndpoint: OutputCommitCoordinator stopped!
[2024-09-30T11:27:19.752+0000] {spark_submit.py:490} INFO - 24/09/30 11:27:19 INFO SparkContext: Successfully stopped SparkContext
[2024-09-30T11:27:19.759+0000] {spark_submit.py:490} INFO - 24/09/30 11:27:19 INFO ShutdownHookManager: Shutdown hook called
[2024-09-30T11:27:19.759+0000] {spark_submit.py:490} INFO - 24/09/30 11:27:19 INFO ShutdownHookManager: Deleting directory /tmp/spark-59a7ddae-1ef7-4498-ad39-73f09d996230
[2024-09-30T11:27:19.776+0000] {spark_submit.py:490} INFO - 24/09/30 11:27:19 INFO ShutdownHookManager: Deleting directory /tmp/spark-eba6d13a-85f2-4814-8deb-00d24d6b49fa/pyspark-21009ef5-7862-4d65-a466-c30325350a2d
[2024-09-30T11:27:19.789+0000] {spark_submit.py:490} INFO - 24/09/30 11:27:19 INFO ShutdownHookManager: Deleting directory /tmp/spark-eba6d13a-85f2-4814-8deb-00d24d6b49fa
[2024-09-30T11:27:20.075+0000] {taskinstance.py:1327} INFO - Marking task as SUCCESS. dag_id=get_cases_data, task_id=save_to_warehouse, execution_date=20221221T000000, start_date=20240930T112627, end_date=20240930T112720
[2024-09-30T11:27:20.173+0000] {local_task_job.py:159} INFO - Task exited with return code 0
[2024-09-30T11:27:20.273+0000] {taskinstance.py:2582} INFO - 0 downstream tasks scheduled from follow-on schedule check
