[2024-09-30T11:28:15.244+0000] {taskinstance.py:1087} INFO - Dependencies all met for <TaskInstance: get_cases_data.save_to_warehouse scheduled__2022-12-24T00:00:00+00:00 [queued]>
[2024-09-30T11:28:15.300+0000] {taskinstance.py:1087} INFO - Dependencies all met for <TaskInstance: get_cases_data.save_to_warehouse scheduled__2022-12-24T00:00:00+00:00 [queued]>
[2024-09-30T11:28:15.300+0000] {taskinstance.py:1283} INFO - 
--------------------------------------------------------------------------------
[2024-09-30T11:28:15.300+0000] {taskinstance.py:1284} INFO - Starting attempt 1 of 1
[2024-09-30T11:28:15.305+0000] {taskinstance.py:1285} INFO - 
--------------------------------------------------------------------------------
[2024-09-30T11:28:15.365+0000] {taskinstance.py:1304} INFO - Executing <Task(SparkSubmitOperator): save_to_warehouse> on 2022-12-24 00:00:00+00:00
[2024-09-30T11:28:15.388+0000] {standard_task_runner.py:55} INFO - Started process 1866 to run task
[2024-09-30T11:28:15.397+0000] {standard_task_runner.py:82} INFO - Running: ['***', 'tasks', 'run', 'get_cases_data', 'save_to_warehouse', 'scheduled__2022-12-24T00:00:00+00:00', '--job-id', '19', '--raw', '--subdir', 'DAGS_FOLDER/get_cases_data.py', '--cfg-path', '/tmp/tmpgi1ekk3r']
[2024-09-30T11:28:15.401+0000] {standard_task_runner.py:83} INFO - Job 19: Subtask save_to_warehouse
[2024-09-30T11:28:15.673+0000] {task_command.py:389} INFO - Running <TaskInstance: get_cases_data.save_to_warehouse scheduled__2022-12-24T00:00:00+00:00 [running]> on host 774e6edce74f
[2024-09-30T11:28:15.834+0000] {taskinstance.py:1513} INFO - Exporting the following env vars:
AIRFLOW_CTX_DAG_OWNER=***
AIRFLOW_CTX_DAG_ID=get_cases_data
AIRFLOW_CTX_TASK_ID=save_to_warehouse
AIRFLOW_CTX_EXECUTION_DATE=2022-12-24T00:00:00+00:00
AIRFLOW_CTX_TRY_NUMBER=1
AIRFLOW_CTX_DAG_RUN_ID=scheduled__2022-12-24T00:00:00+00:00
[2024-09-30T11:28:15.837+0000] {base.py:73} INFO - Using connection ID 'spark_connection' for task execution.
[2024-09-30T11:28:15.838+0000] {spark_submit.py:339} INFO - Spark-Submit cmd: spark-submit --master spark://spark-master:7077 --name save_to_warehouse --verbose /usr/local/spark/app/save_to_warehouse.py
[2024-09-30T11:28:17.918+0000] {spark_submit.py:490} INFO - Using properties file: null
[2024-09-30T11:28:18.221+0000] {spark_submit.py:490} INFO - WARNING: An illegal reflective access operation has occurred
[2024-09-30T11:28:18.221+0000] {spark_submit.py:490} INFO - WARNING: Illegal reflective access by org.apache.spark.unsafe.Platform (file:/home/***/.local/lib/python3.7/site-packages/pyspark/jars/spark-unsafe_2.12-3.1.3.jar) to constructor java.nio.DirectByteBuffer(long,int)
[2024-09-30T11:28:18.221+0000] {spark_submit.py:490} INFO - WARNING: Please consider reporting this to the maintainers of org.apache.spark.unsafe.Platform
[2024-09-30T11:28:18.221+0000] {spark_submit.py:490} INFO - WARNING: Use --illegal-access=warn to enable warnings of further illegal reflective access operations
[2024-09-30T11:28:18.223+0000] {spark_submit.py:490} INFO - WARNING: All illegal access operations will be denied in a future release
[2024-09-30T11:28:18.293+0000] {spark_submit.py:490} INFO - Parsed arguments:
[2024-09-30T11:28:18.294+0000] {spark_submit.py:490} INFO - master                  spark://spark-master:7077
[2024-09-30T11:28:18.294+0000] {spark_submit.py:490} INFO - deployMode              null
[2024-09-30T11:28:18.294+0000] {spark_submit.py:490} INFO - executorMemory          null
[2024-09-30T11:28:18.294+0000] {spark_submit.py:490} INFO - executorCores           null
[2024-09-30T11:28:18.295+0000] {spark_submit.py:490} INFO - totalExecutorCores      null
[2024-09-30T11:28:18.295+0000] {spark_submit.py:490} INFO - propertiesFile          null
[2024-09-30T11:28:18.295+0000] {spark_submit.py:490} INFO - driverMemory            null
[2024-09-30T11:28:18.295+0000] {spark_submit.py:490} INFO - driverCores             null
[2024-09-30T11:28:18.295+0000] {spark_submit.py:490} INFO - driverExtraClassPath    null
[2024-09-30T11:28:18.295+0000] {spark_submit.py:490} INFO - driverExtraLibraryPath  null
[2024-09-30T11:28:18.295+0000] {spark_submit.py:490} INFO - driverExtraJavaOptions  null
[2024-09-30T11:28:18.296+0000] {spark_submit.py:490} INFO - supervise               false
[2024-09-30T11:28:18.296+0000] {spark_submit.py:490} INFO - queue                   null
[2024-09-30T11:28:18.296+0000] {spark_submit.py:490} INFO - numExecutors            null
[2024-09-30T11:28:18.296+0000] {spark_submit.py:490} INFO - files                   null
[2024-09-30T11:28:18.296+0000] {spark_submit.py:490} INFO - pyFiles                 null
[2024-09-30T11:28:18.296+0000] {spark_submit.py:490} INFO - archives                null
[2024-09-30T11:28:18.296+0000] {spark_submit.py:490} INFO - mainClass               null
[2024-09-30T11:28:18.296+0000] {spark_submit.py:490} INFO - primaryResource         file:/usr/local/spark/app/save_to_warehouse.py
[2024-09-30T11:28:18.296+0000] {spark_submit.py:490} INFO - name                    save_to_warehouse
[2024-09-30T11:28:18.297+0000] {spark_submit.py:490} INFO - childArgs               []
[2024-09-30T11:28:18.297+0000] {spark_submit.py:490} INFO - jars                    null
[2024-09-30T11:28:18.297+0000] {spark_submit.py:490} INFO - packages                null
[2024-09-30T11:28:18.297+0000] {spark_submit.py:490} INFO - packagesExclusions      null
[2024-09-30T11:28:18.297+0000] {spark_submit.py:490} INFO - repositories            null
[2024-09-30T11:28:18.297+0000] {spark_submit.py:490} INFO - verbose                 true
[2024-09-30T11:28:18.297+0000] {spark_submit.py:490} INFO - 
[2024-09-30T11:28:18.297+0000] {spark_submit.py:490} INFO - Spark properties used, including those specified through
[2024-09-30T11:28:18.298+0000] {spark_submit.py:490} INFO - --conf and those from the properties file null:
[2024-09-30T11:28:18.298+0000] {spark_submit.py:490} INFO - 
[2024-09-30T11:28:18.298+0000] {spark_submit.py:490} INFO - 
[2024-09-30T11:28:18.298+0000] {spark_submit.py:490} INFO - 
[2024-09-30T11:28:18.904+0000] {spark_submit.py:490} INFO - 24/09/30 11:28:18 WARN NativeCodeLoader: Unable to load native-hadoop library for your platform... using builtin-java classes where applicable
[2024-09-30T11:28:19.251+0000] {spark_submit.py:490} INFO - Main class:
[2024-09-30T11:28:19.252+0000] {spark_submit.py:490} INFO - org.apache.spark.deploy.PythonRunner
[2024-09-30T11:28:19.252+0000] {spark_submit.py:490} INFO - Arguments:
[2024-09-30T11:28:19.252+0000] {spark_submit.py:490} INFO - file:/usr/local/spark/app/save_to_warehouse.py
[2024-09-30T11:28:19.252+0000] {spark_submit.py:490} INFO - null
[2024-09-30T11:28:19.258+0000] {spark_submit.py:490} INFO - Spark config:
[2024-09-30T11:28:19.259+0000] {spark_submit.py:490} INFO - (spark.app.name,save_to_warehouse)
[2024-09-30T11:28:19.259+0000] {spark_submit.py:490} INFO - (spark.master,spark://spark-master:7077)
[2024-09-30T11:28:19.259+0000] {spark_submit.py:490} INFO - (spark.submit.pyFiles,)
[2024-09-30T11:28:19.259+0000] {spark_submit.py:490} INFO - (spark.submit.deployMode,client)
[2024-09-30T11:28:19.259+0000] {spark_submit.py:490} INFO - Classpath elements:
[2024-09-30T11:28:19.259+0000] {spark_submit.py:490} INFO - 
[2024-09-30T11:28:19.259+0000] {spark_submit.py:490} INFO - 
[2024-09-30T11:28:19.260+0000] {spark_submit.py:490} INFO - 
[2024-09-30T11:28:20.611+0000] {spark_submit.py:490} INFO - Using Spark's default log4j profile: org/apache/spark/log4j-defaults.properties
[2024-09-30T11:28:20.648+0000] {spark_submit.py:490} INFO - 24/09/30 11:28:20 INFO SparkContext: Running Spark version 3.1.3
[2024-09-30T11:28:20.798+0000] {spark_submit.py:490} INFO - 24/09/30 11:28:20 INFO ResourceUtils: ==============================================================
[2024-09-30T11:28:20.801+0000] {spark_submit.py:490} INFO - 24/09/30 11:28:20 INFO ResourceUtils: No custom resources configured for spark.driver.
[2024-09-30T11:28:20.802+0000] {spark_submit.py:490} INFO - 24/09/30 11:28:20 INFO ResourceUtils: ==============================================================
[2024-09-30T11:28:20.802+0000] {spark_submit.py:490} INFO - 24/09/30 11:28:20 INFO SparkContext: Submitted application: save_to_warehouse
[2024-09-30T11:28:20.840+0000] {spark_submit.py:490} INFO - 24/09/30 11:28:20 INFO ResourceProfile: Default ResourceProfile created, executor resources: Map(cores -> name: cores, amount: 1, script: , vendor: , memory -> name: memory, amount: 1024, script: , vendor: , offHeap -> name: offHeap, amount: 0, script: , vendor: ), task resources: Map(cpus -> name: cpus, amount: 1.0)
[2024-09-30T11:28:20.860+0000] {spark_submit.py:490} INFO - 24/09/30 11:28:20 INFO ResourceProfile: Limiting resource is cpu
[2024-09-30T11:28:20.861+0000] {spark_submit.py:490} INFO - 24/09/30 11:28:20 INFO ResourceProfileManager: Added ResourceProfile id: 0
[2024-09-30T11:28:20.958+0000] {spark_submit.py:490} INFO - 24/09/30 11:28:20 INFO SecurityManager: Changing view acls to: default
[2024-09-30T11:28:20.959+0000] {spark_submit.py:490} INFO - 24/09/30 11:28:20 INFO SecurityManager: Changing modify acls to: default
[2024-09-30T11:28:20.959+0000] {spark_submit.py:490} INFO - 24/09/30 11:28:20 INFO SecurityManager: Changing view acls groups to:
[2024-09-30T11:28:20.959+0000] {spark_submit.py:490} INFO - 24/09/30 11:28:20 INFO SecurityManager: Changing modify acls groups to:
[2024-09-30T11:28:20.959+0000] {spark_submit.py:490} INFO - 24/09/30 11:28:20 INFO SecurityManager: SecurityManager: authentication disabled; ui acls disabled; users  with view permissions: Set(default); groups with view permissions: Set(); users  with modify permissions: Set(default); groups with modify permissions: Set()
[2024-09-30T11:28:21.369+0000] {spark_submit.py:490} INFO - 24/09/30 11:28:21 INFO Utils: Successfully started service 'sparkDriver' on port 43215.
[2024-09-30T11:28:21.457+0000] {spark_submit.py:490} INFO - 24/09/30 11:28:21 INFO SparkEnv: Registering MapOutputTracker
[2024-09-30T11:28:21.549+0000] {spark_submit.py:490} INFO - 24/09/30 11:28:21 INFO SparkEnv: Registering BlockManagerMaster
[2024-09-30T11:28:21.587+0000] {spark_submit.py:490} INFO - 24/09/30 11:28:21 INFO BlockManagerMasterEndpoint: Using org.apache.spark.storage.DefaultTopologyMapper for getting topology information
[2024-09-30T11:28:21.590+0000] {spark_submit.py:490} INFO - 24/09/30 11:28:21 INFO BlockManagerMasterEndpoint: BlockManagerMasterEndpoint up
[2024-09-30T11:28:21.603+0000] {spark_submit.py:490} INFO - 24/09/30 11:28:21 INFO SparkEnv: Registering BlockManagerMasterHeartbeat
[2024-09-30T11:28:21.631+0000] {spark_submit.py:490} INFO - 24/09/30 11:28:21 INFO DiskBlockManager: Created local directory at /tmp/blockmgr-75e8829e-f7d0-4d5b-8e32-6170f4fa85a6
[2024-09-30T11:28:21.678+0000] {spark_submit.py:490} INFO - 24/09/30 11:28:21 INFO MemoryStore: MemoryStore started with capacity 434.4 MiB
[2024-09-30T11:28:21.715+0000] {spark_submit.py:490} INFO - 24/09/30 11:28:21 INFO SparkEnv: Registering OutputCommitCoordinator
[2024-09-30T11:28:22.049+0000] {spark_submit.py:490} INFO - 24/09/30 11:28:22 WARN Utils: Service 'SparkUI' could not bind on port 4040. Attempting port 4041.
[2024-09-30T11:28:22.050+0000] {spark_submit.py:490} INFO - 24/09/30 11:28:22 WARN Utils: Service 'SparkUI' could not bind on port 4041. Attempting port 4042.
[2024-09-30T11:28:22.067+0000] {spark_submit.py:490} INFO - 24/09/30 11:28:22 INFO Utils: Successfully started service 'SparkUI' on port 4042.
[2024-09-30T11:28:22.172+0000] {spark_submit.py:490} INFO - 24/09/30 11:28:22 INFO SparkUI: Bound SparkUI to 0.0.0.0, and started at http://774e6edce74f:4042
[2024-09-30T11:28:22.523+0000] {spark_submit.py:490} INFO - 24/09/30 11:28:22 INFO StandaloneAppClient$ClientEndpoint: Connecting to master spark://spark-master:7077...
[2024-09-30T11:28:22.637+0000] {spark_submit.py:490} INFO - 24/09/30 11:28:22 INFO TransportClientFactory: Successfully created connection to spark-master/172.18.0.5:7077 after 62 ms (0 ms spent in bootstraps)
[2024-09-30T11:28:22.894+0000] {spark_submit.py:490} INFO - 24/09/30 11:28:22 INFO StandaloneSchedulerBackend: Connected to Spark cluster with app ID app-20240930112822-0010
[2024-09-30T11:28:22.911+0000] {spark_submit.py:490} INFO - 24/09/30 11:28:22 INFO Utils: Successfully started service 'org.apache.spark.network.netty.NettyBlockTransferService' on port 45453.
[2024-09-30T11:28:22.912+0000] {spark_submit.py:490} INFO - 24/09/30 11:28:22 INFO NettyBlockTransferService: Server created on 774e6edce74f:45453
[2024-09-30T11:28:22.920+0000] {spark_submit.py:490} INFO - 24/09/30 11:28:22 INFO BlockManager: Using org.apache.spark.storage.RandomBlockReplicationPolicy for block replication policy
[2024-09-30T11:28:22.947+0000] {spark_submit.py:490} INFO - 24/09/30 11:28:22 INFO BlockManagerMaster: Registering BlockManager BlockManagerId(driver, 774e6edce74f, 45453, None)
[2024-09-30T11:28:22.956+0000] {spark_submit.py:490} INFO - 24/09/30 11:28:22 INFO BlockManagerMasterEndpoint: Registering block manager 774e6edce74f:45453 with 434.4 MiB RAM, BlockManagerId(driver, 774e6edce74f, 45453, None)
[2024-09-30T11:28:22.959+0000] {spark_submit.py:490} INFO - 24/09/30 11:28:22 INFO BlockManagerMaster: Registered BlockManager BlockManagerId(driver, 774e6edce74f, 45453, None)
[2024-09-30T11:28:22.960+0000] {spark_submit.py:490} INFO - 24/09/30 11:28:22 INFO BlockManager: Initialized BlockManager: BlockManagerId(driver, 774e6edce74f, 45453, None)
[2024-09-30T11:28:23.386+0000] {spark_submit.py:490} INFO - 24/09/30 11:28:23 INFO StandaloneSchedulerBackend: SchedulerBackend is ready for scheduling beginning after reached minRegisteredResourcesRatio: 0.0
[2024-09-30T11:28:23.878+0000] {spark_submit.py:490} INFO - 24/09/30 11:28:23 INFO SharedState: Setting hive.metastore.warehouse.dir ('null') to the value of spark.sql.warehouse.dir ('/user/hive/warehouse').
[2024-09-30T11:28:23.878+0000] {spark_submit.py:490} INFO - 24/09/30 11:28:23 INFO SharedState: Warehouse path is '/user/hive/warehouse'.
[2024-09-30T11:28:26.246+0000] {spark_submit.py:490} INFO - 24/09/30 11:28:26 INFO InMemoryFileIndex: It took 234 ms to list leaf files for 1 paths.
[2024-09-30T11:28:27.076+0000] {spark_submit.py:490} INFO - 24/09/30 11:28:27 INFO SparkContext: Starting job: parquet at NativeMethodAccessorImpl.java:0
[2024-09-30T11:28:27.102+0000] {spark_submit.py:490} INFO - 24/09/30 11:28:27 INFO DAGScheduler: Got job 0 (parquet at NativeMethodAccessorImpl.java:0) with 1 output partitions
[2024-09-30T11:28:27.103+0000] {spark_submit.py:490} INFO - 24/09/30 11:28:27 INFO DAGScheduler: Final stage: ResultStage 0 (parquet at NativeMethodAccessorImpl.java:0)
[2024-09-30T11:28:27.103+0000] {spark_submit.py:490} INFO - 24/09/30 11:28:27 INFO DAGScheduler: Parents of final stage: List()
[2024-09-30T11:28:27.105+0000] {spark_submit.py:490} INFO - 24/09/30 11:28:27 INFO DAGScheduler: Missing parents: List()
[2024-09-30T11:28:27.119+0000] {spark_submit.py:490} INFO - 24/09/30 11:28:27 INFO DAGScheduler: Submitting ResultStage 0 (MapPartitionsRDD[1] at parquet at NativeMethodAccessorImpl.java:0), which has no missing parents
[2024-09-30T11:28:27.248+0000] {spark_submit.py:490} INFO - 24/09/30 11:28:27 INFO MemoryStore: Block broadcast_0 stored as values in memory (estimated size 84.0 KiB, free 434.3 MiB)
[2024-09-30T11:28:27.319+0000] {spark_submit.py:490} INFO - 24/09/30 11:28:27 INFO MemoryStore: Block broadcast_0_piece0 stored as bytes in memory (estimated size 29.8 KiB, free 434.3 MiB)
[2024-09-30T11:28:27.325+0000] {spark_submit.py:490} INFO - 24/09/30 11:28:27 INFO BlockManagerInfo: Added broadcast_0_piece0 in memory on 774e6edce74f:45453 (size: 29.8 KiB, free: 434.4 MiB)
[2024-09-30T11:28:27.334+0000] {spark_submit.py:490} INFO - 24/09/30 11:28:27 INFO SparkContext: Created broadcast 0 from broadcast at DAGScheduler.scala:1433
[2024-09-30T11:28:27.367+0000] {spark_submit.py:490} INFO - 24/09/30 11:28:27 INFO DAGScheduler: Submitting 1 missing tasks from ResultStage 0 (MapPartitionsRDD[1] at parquet at NativeMethodAccessorImpl.java:0) (first 15 tasks are for partitions Vector(0))
[2024-09-30T11:28:27.367+0000] {spark_submit.py:490} INFO - 24/09/30 11:28:27 INFO TaskSchedulerImpl: Adding task set 0.0 with 1 tasks resource profile 0
[2024-09-30T11:28:42.410+0000] {spark_submit.py:490} INFO - 24/09/30 11:28:42 WARN TaskSchedulerImpl: Initial job has not accepted any resources; check your cluster UI to ensure that workers are registered and have sufficient resources
[2024-09-30T11:28:47.712+0000] {spark_submit.py:490} INFO - 24/09/30 11:28:47 INFO StandaloneAppClient$ClientEndpoint: Executor added: app-20240930112822-0010/0 on worker-20240930112313-172.18.0.7-33165 (172.18.0.7:33165) with 4 core(s)
[2024-09-30T11:28:47.714+0000] {spark_submit.py:490} INFO - 24/09/30 11:28:47 INFO StandaloneSchedulerBackend: Granted executor ID app-20240930112822-0010/0 on hostPort 172.18.0.7:33165 with 4 core(s), 1024.0 MiB RAM
[2024-09-30T11:28:47.859+0000] {spark_submit.py:490} INFO - 24/09/30 11:28:47 INFO StandaloneAppClient$ClientEndpoint: Executor updated: app-20240930112822-0010/0 is now RUNNING
[2024-09-30T11:28:51.303+0000] {spark_submit.py:490} INFO - 24/09/30 11:28:51 INFO CoarseGrainedSchedulerBackend$DriverEndpoint: Registered executor NettyRpcEndpointRef(spark-client://Executor) (172.18.0.7:60572) with ID 0,  ResourceProfileId 0
[2024-09-30T11:28:51.527+0000] {spark_submit.py:490} INFO - 24/09/30 11:28:51 INFO BlockManagerMasterEndpoint: Registering block manager 172.18.0.7:42865 with 434.4 MiB RAM, BlockManagerId(0, 172.18.0.7, 42865, None)
[2024-09-30T11:28:51.622+0000] {spark_submit.py:490} INFO - 24/09/30 11:28:51 INFO TaskSetManager: Starting task 0.0 in stage 0.0 (TID 0) (172.18.0.7, executor 0, partition 0, PROCESS_LOCAL, 4732 bytes) taskResourceAssignments Map()
[2024-09-30T11:28:52.016+0000] {spark_submit.py:490} INFO - 24/09/30 11:28:52 INFO BlockManagerInfo: Added broadcast_0_piece0 in memory on 172.18.0.7:42865 (size: 29.8 KiB, free: 434.4 MiB)
[2024-09-30T11:28:54.075+0000] {spark_submit.py:490} INFO - 24/09/30 11:28:54 INFO TaskSetManager: Finished task 0.0 in stage 0.0 (TID 0) in 2473 ms on 172.18.0.7 (executor 0) (1/1)
[2024-09-30T11:28:54.081+0000] {spark_submit.py:490} INFO - 24/09/30 11:28:54 INFO TaskSchedulerImpl: Removed TaskSet 0.0, whose tasks have all completed, from pool
[2024-09-30T11:28:54.116+0000] {spark_submit.py:490} INFO - 24/09/30 11:28:54 INFO DAGScheduler: ResultStage 0 (parquet at NativeMethodAccessorImpl.java:0) finished in 26.967 s
[2024-09-30T11:28:54.123+0000] {spark_submit.py:490} INFO - 24/09/30 11:28:54 INFO DAGScheduler: Job 0 is finished. Cancelling potential speculative or zombie tasks for this job
[2024-09-30T11:28:54.124+0000] {spark_submit.py:490} INFO - 24/09/30 11:28:54 INFO TaskSchedulerImpl: Killing all running tasks in stage 0: Stage finished
[2024-09-30T11:28:54.141+0000] {spark_submit.py:490} INFO - 24/09/30 11:28:54 INFO DAGScheduler: Job 0 finished: parquet at NativeMethodAccessorImpl.java:0, took 27.056539 s
[2024-09-30T11:28:54.554+0000] {spark_submit.py:490} INFO - 24/09/30 11:28:54 INFO BlockManagerInfo: Removed broadcast_0_piece0 on 774e6edce74f:45453 in memory (size: 29.8 KiB, free: 434.4 MiB)
[2024-09-30T11:28:54.616+0000] {spark_submit.py:490} INFO - 24/09/30 11:28:54 INFO BlockManagerInfo: Removed broadcast_0_piece0 on 172.18.0.7:42865 in memory (size: 29.8 KiB, free: 434.4 MiB)
[2024-09-30T11:28:57.060+0000] {spark_submit.py:490} INFO - 24/09/30 11:28:57 INFO HiveConf: Found configuration file null
[2024-09-30T11:28:57.085+0000] {spark_submit.py:490} INFO - 24/09/30 11:28:57 INFO HiveUtils: Initializing HiveMetastoreConnection version 2.3.7 using Spark classes.
[2024-09-30T11:28:58.030+0000] {spark_submit.py:490} INFO - 24/09/30 11:28:58 INFO SessionState: Created HDFS directory: hdfs://namenode:8020/opt/hive/scratch_dir/default/752a0c52-141b-4eba-be51-58ad4cadc500
[2024-09-30T11:28:58.065+0000] {spark_submit.py:490} INFO - 24/09/30 11:28:58 INFO SessionState: Created local directory: /tmp/default/752a0c52-141b-4eba-be51-58ad4cadc500
[2024-09-30T11:28:58.078+0000] {spark_submit.py:490} INFO - 24/09/30 11:28:58 INFO SessionState: Created HDFS directory: hdfs://namenode:8020/opt/hive/scratch_dir/default/752a0c52-141b-4eba-be51-58ad4cadc500/_tmp_space.db
[2024-09-30T11:28:58.105+0000] {spark_submit.py:490} INFO - 24/09/30 11:28:58 INFO HiveClientImpl: Warehouse location for Hive client (version 2.3.7) is /user/hive/warehouse
[2024-09-30T11:28:59.027+0000] {spark_submit.py:490} INFO - 24/09/30 11:28:59 INFO metastore: Trying to connect to metastore with URI thrift://hive-metastore:9083
[2024-09-30T11:28:59.135+0000] {spark_submit.py:490} INFO - 24/09/30 11:28:59 INFO metastore: Opened a connection to metastore, current connections: 1
[2024-09-30T11:28:59.235+0000] {spark_submit.py:490} INFO - 24/09/30 11:28:59 INFO metastore: Connected to metastore.
[2024-09-30T11:29:01.163+0000] {spark_submit.py:490} INFO - 24/09/30 11:29:01 INFO CodeGenerator: Code generated in 460.552444 ms
[2024-09-30T11:29:01.995+0000] {spark_submit.py:490} INFO - 24/09/30 11:29:01 INFO CodeGenerator: Code generated in 27.133259 ms
[2024-09-30T11:29:02.058+0000] {spark_submit.py:490} INFO - 24/09/30 11:29:02 INFO SparkContext: Starting job: hasNext at NativeMethodAccessorImpl.java:0
[2024-09-30T11:29:02.061+0000] {spark_submit.py:490} INFO - 24/09/30 11:29:02 INFO DAGScheduler: Got job 1 (hasNext at NativeMethodAccessorImpl.java:0) with 1 output partitions
[2024-09-30T11:29:02.062+0000] {spark_submit.py:490} INFO - 24/09/30 11:29:02 INFO DAGScheduler: Final stage: ResultStage 1 (hasNext at NativeMethodAccessorImpl.java:0)
[2024-09-30T11:29:02.062+0000] {spark_submit.py:490} INFO - 24/09/30 11:29:02 INFO DAGScheduler: Parents of final stage: List()
[2024-09-30T11:29:02.063+0000] {spark_submit.py:490} INFO - 24/09/30 11:29:02 INFO DAGScheduler: Missing parents: List()
[2024-09-30T11:29:02.066+0000] {spark_submit.py:490} INFO - 24/09/30 11:29:02 INFO DAGScheduler: Submitting ResultStage 1 (MapPartitionsRDD[5] at toLocalIterator at NativeMethodAccessorImpl.java:0), which has no missing parents
[2024-09-30T11:29:02.073+0000] {spark_submit.py:490} INFO - 24/09/30 11:29:02 INFO MemoryStore: Block broadcast_1 stored as values in memory (estimated size 4.6 KiB, free 434.4 MiB)
[2024-09-30T11:29:02.082+0000] {spark_submit.py:490} INFO - 24/09/30 11:29:02 INFO MemoryStore: Block broadcast_1_piece0 stored as bytes in memory (estimated size 2.5 KiB, free 434.4 MiB)
[2024-09-30T11:29:02.082+0000] {spark_submit.py:490} INFO - 24/09/30 11:29:02 INFO BlockManagerInfo: Added broadcast_1_piece0 in memory on 774e6edce74f:45453 (size: 2.5 KiB, free: 434.4 MiB)
[2024-09-30T11:29:02.085+0000] {spark_submit.py:490} INFO - 24/09/30 11:29:02 INFO SparkContext: Created broadcast 1 from broadcast at DAGScheduler.scala:1433
[2024-09-30T11:29:02.086+0000] {spark_submit.py:490} INFO - 24/09/30 11:29:02 INFO DAGScheduler: Submitting 1 missing tasks from ResultStage 1 (MapPartitionsRDD[5] at toLocalIterator at NativeMethodAccessorImpl.java:0) (first 15 tasks are for partitions Vector(0))
[2024-09-30T11:29:02.086+0000] {spark_submit.py:490} INFO - 24/09/30 11:29:02 INFO TaskSchedulerImpl: Adding task set 1.0 with 1 tasks resource profile 0
[2024-09-30T11:29:02.091+0000] {spark_submit.py:490} INFO - 24/09/30 11:29:02 INFO TaskSetManager: Starting task 0.0 in stage 1.0 (TID 1) (172.18.0.7, executor 0, partition 0, PROCESS_LOCAL, 4713 bytes) taskResourceAssignments Map()
[2024-09-30T11:29:02.187+0000] {spark_submit.py:490} INFO - 24/09/30 11:29:02 INFO BlockManagerInfo: Added broadcast_1_piece0 in memory on 172.18.0.7:42865 (size: 2.5 KiB, free: 434.4 MiB)
[2024-09-30T11:29:02.387+0000] {spark_submit.py:490} INFO - 24/09/30 11:29:02 INFO TaskSetManager: Finished task 0.0 in stage 1.0 (TID 1) in 300 ms on 172.18.0.7 (executor 0) (1/1)
[2024-09-30T11:29:02.387+0000] {spark_submit.py:490} INFO - 24/09/30 11:29:02 INFO TaskSchedulerImpl: Removed TaskSet 1.0, whose tasks have all completed, from pool
[2024-09-30T11:29:02.395+0000] {spark_submit.py:490} INFO - 24/09/30 11:29:02 INFO DAGScheduler: ResultStage 1 (hasNext at NativeMethodAccessorImpl.java:0) finished in 0.323 s
[2024-09-30T11:29:02.395+0000] {spark_submit.py:490} INFO - 24/09/30 11:29:02 INFO DAGScheduler: Job 1 is finished. Cancelling potential speculative or zombie tasks for this job
[2024-09-30T11:29:02.395+0000] {spark_submit.py:490} INFO - 24/09/30 11:29:02 INFO TaskSchedulerImpl: Killing all running tasks in stage 1: Stage finished
[2024-09-30T11:29:02.395+0000] {spark_submit.py:490} INFO - 24/09/30 11:29:02 INFO DAGScheduler: Job 1 finished: hasNext at NativeMethodAccessorImpl.java:0, took 0.334033 s
[2024-09-30T11:29:02.547+0000] {spark_submit.py:490} INFO - 24/09/30 11:29:02 INFO CodeGenerator: Code generated in 74.272141 ms
[2024-09-30T11:29:03.223+0000] {spark_submit.py:490} INFO - 24/09/30 11:29:03 INFO DataSourceStrategy: Pruning directories with:
[2024-09-30T11:29:03.226+0000] {spark_submit.py:490} INFO - 24/09/30 11:29:03 INFO FileSourceStrategy: Pushed Filters:
[2024-09-30T11:29:03.230+0000] {spark_submit.py:490} INFO - 24/09/30 11:29:03 INFO FileSourceStrategy: Post-Scan Filters:
[2024-09-30T11:29:03.232+0000] {spark_submit.py:490} INFO - 24/09/30 11:29:03 INFO FileSourceStrategy: Output Data Schema: struct<collection_id: string, new_positive_cases: int, collection_date: timestamp ... 1 more fields>
[2024-09-30T11:29:03.395+0000] {spark_submit.py:490} INFO - 24/09/30 11:29:03 INFO ParquetFileFormat: Using default output committer for Parquet: org.apache.parquet.hadoop.ParquetOutputCommitter
[2024-09-30T11:29:03.436+0000] {spark_submit.py:490} INFO - 24/09/30 11:29:03 INFO FileOutputCommitter: File Output Committer Algorithm version is 1
[2024-09-30T11:29:03.437+0000] {spark_submit.py:490} INFO - 24/09/30 11:29:03 INFO FileOutputCommitter: FileOutputCommitter skip cleanup _temporary folders under output directory:false, ignore cleanup failures: false
[2024-09-30T11:29:03.437+0000] {spark_submit.py:490} INFO - 24/09/30 11:29:03 INFO SQLHadoopMapReduceCommitProtocol: Using user defined output committer class org.apache.parquet.hadoop.ParquetOutputCommitter
[2024-09-30T11:29:03.437+0000] {spark_submit.py:490} INFO - 24/09/30 11:29:03 INFO FileOutputCommitter: File Output Committer Algorithm version is 1
[2024-09-30T11:29:03.437+0000] {spark_submit.py:490} INFO - 24/09/30 11:29:03 INFO FileOutputCommitter: FileOutputCommitter skip cleanup _temporary folders under output directory:false, ignore cleanup failures: false
[2024-09-30T11:29:03.437+0000] {spark_submit.py:490} INFO - 24/09/30 11:29:03 INFO SQLHadoopMapReduceCommitProtocol: Using output committer class org.apache.parquet.hadoop.ParquetOutputCommitter
[2024-09-30T11:29:03.533+0000] {spark_submit.py:490} INFO - 24/09/30 11:29:03 INFO CodeGenerator: Code generated in 40.312344 ms
[2024-09-30T11:29:03.563+0000] {spark_submit.py:490} INFO - 24/09/30 11:29:03 INFO MemoryStore: Block broadcast_2 stored as values in memory (estimated size 177.0 KiB, free 434.2 MiB)
[2024-09-30T11:29:03.583+0000] {spark_submit.py:490} INFO - 24/09/30 11:29:03 INFO MemoryStore: Block broadcast_2_piece0 stored as bytes in memory (estimated size 28.3 KiB, free 434.2 MiB)
[2024-09-30T11:29:03.587+0000] {spark_submit.py:490} INFO - 24/09/30 11:29:03 INFO BlockManagerInfo: Added broadcast_2_piece0 in memory on 774e6edce74f:45453 (size: 28.3 KiB, free: 434.4 MiB)
[2024-09-30T11:29:03.592+0000] {spark_submit.py:490} INFO - 24/09/30 11:29:03 INFO SparkContext: Created broadcast 2 from saveAsTable at NativeMethodAccessorImpl.java:0
[2024-09-30T11:29:03.610+0000] {spark_submit.py:490} INFO - 24/09/30 11:29:03 INFO FileSourceScanExec: Planning scan with bin packing, max size: 4194304 bytes, open cost is considered as scanning 4194304 bytes.
[2024-09-30T11:29:03.719+0000] {spark_submit.py:490} INFO - 24/09/30 11:29:03 INFO SparkContext: Starting job: saveAsTable at NativeMethodAccessorImpl.java:0
[2024-09-30T11:29:03.722+0000] {spark_submit.py:490} INFO - 24/09/30 11:29:03 INFO DAGScheduler: Got job 2 (saveAsTable at NativeMethodAccessorImpl.java:0) with 1 output partitions
[2024-09-30T11:29:03.722+0000] {spark_submit.py:490} INFO - 24/09/30 11:29:03 INFO DAGScheduler: Final stage: ResultStage 2 (saveAsTable at NativeMethodAccessorImpl.java:0)
[2024-09-30T11:29:03.722+0000] {spark_submit.py:490} INFO - 24/09/30 11:29:03 INFO DAGScheduler: Parents of final stage: List()
[2024-09-30T11:29:03.724+0000] {spark_submit.py:490} INFO - 24/09/30 11:29:03 INFO DAGScheduler: Missing parents: List()
[2024-09-30T11:29:03.725+0000] {spark_submit.py:490} INFO - 24/09/30 11:29:03 INFO DAGScheduler: Submitting ResultStage 2 (MapPartitionsRDD[10] at saveAsTable at NativeMethodAccessorImpl.java:0), which has no missing parents
[2024-09-30T11:29:03.881+0000] {spark_submit.py:490} INFO - 24/09/30 11:29:03 INFO MemoryStore: Block broadcast_3 stored as values in memory (estimated size 182.8 KiB, free 434.0 MiB)
[2024-09-30T11:29:03.888+0000] {spark_submit.py:490} INFO - 24/09/30 11:29:03 INFO MemoryStore: Block broadcast_3_piece0 stored as bytes in memory (estimated size 65.6 KiB, free 433.9 MiB)
[2024-09-30T11:29:03.891+0000] {spark_submit.py:490} INFO - 24/09/30 11:29:03 INFO BlockManagerInfo: Added broadcast_3_piece0 in memory on 774e6edce74f:45453 (size: 65.6 KiB, free: 434.3 MiB)
[2024-09-30T11:29:03.891+0000] {spark_submit.py:490} INFO - 24/09/30 11:29:03 INFO SparkContext: Created broadcast 3 from broadcast at DAGScheduler.scala:1433
[2024-09-30T11:29:03.893+0000] {spark_submit.py:490} INFO - 24/09/30 11:29:03 INFO DAGScheduler: Submitting 1 missing tasks from ResultStage 2 (MapPartitionsRDD[10] at saveAsTable at NativeMethodAccessorImpl.java:0) (first 15 tasks are for partitions Vector(0))
[2024-09-30T11:29:03.893+0000] {spark_submit.py:490} INFO - 24/09/30 11:29:03 INFO TaskSchedulerImpl: Adding task set 2.0 with 1 tasks resource profile 0
[2024-09-30T11:29:03.912+0000] {spark_submit.py:490} INFO - 24/09/30 11:29:03 INFO TaskSetManager: Starting task 0.0 in stage 2.0 (TID 2) (172.18.0.7, executor 0, partition 0, ANY, 5048 bytes) taskResourceAssignments Map()
[2024-09-30T11:29:03.986+0000] {spark_submit.py:490} INFO - 24/09/30 11:29:03 INFO BlockManagerInfo: Added broadcast_3_piece0 in memory on 172.18.0.7:42865 (size: 65.6 KiB, free: 434.3 MiB)
[2024-09-30T11:29:05.625+0000] {spark_submit.py:490} INFO - 24/09/30 11:29:05 INFO BlockManagerInfo: Added broadcast_2_piece0 in memory on 172.18.0.7:42865 (size: 28.3 KiB, free: 434.3 MiB)
[2024-09-30T11:29:07.177+0000] {spark_submit.py:490} INFO - 24/09/30 11:29:07 INFO TaskSetManager: Finished task 0.0 in stage 2.0 (TID 2) in 3274 ms on 172.18.0.7 (executor 0) (1/1)
[2024-09-30T11:29:07.181+0000] {spark_submit.py:490} INFO - 24/09/30 11:29:07 INFO TaskSchedulerImpl: Removed TaskSet 2.0, whose tasks have all completed, from pool
[2024-09-30T11:29:07.186+0000] {spark_submit.py:490} INFO - 24/09/30 11:29:07 INFO DAGScheduler: ResultStage 2 (saveAsTable at NativeMethodAccessorImpl.java:0) finished in 3.446 s
[2024-09-30T11:29:07.186+0000] {spark_submit.py:490} INFO - 24/09/30 11:29:07 INFO DAGScheduler: Job 2 is finished. Cancelling potential speculative or zombie tasks for this job
[2024-09-30T11:29:07.187+0000] {spark_submit.py:490} INFO - 24/09/30 11:29:07 INFO TaskSchedulerImpl: Killing all running tasks in stage 2: Stage finished
[2024-09-30T11:29:07.189+0000] {spark_submit.py:490} INFO - 24/09/30 11:29:07 INFO DAGScheduler: Job 2 finished: saveAsTable at NativeMethodAccessorImpl.java:0, took 3.468852 s
[2024-09-30T11:29:07.311+0000] {spark_submit.py:490} INFO - 24/09/30 11:29:07 INFO FileFormatWriter: Write Job 743abeee-8a51-4b16-b3a7-19dd1b35bc32 committed.
[2024-09-30T11:29:07.318+0000] {spark_submit.py:490} INFO - 24/09/30 11:29:07 INFO FileFormatWriter: Finished processing stats for write job 743abeee-8a51-4b16-b3a7-19dd1b35bc32.
[2024-09-30T11:29:07.372+0000] {spark_submit.py:490} INFO - 24/09/30 11:29:07 INFO InMemoryFileIndex: It took 20 ms to list leaf files for 1 paths.
[2024-09-30T11:29:07.438+0000] {spark_submit.py:490} INFO - 24/09/30 11:29:07 INFO HiveExternalCatalog: Persisting file based data source table `default`.`cases` into Hive metastore in Hive compatible format.
[2024-09-30T11:29:07.461+0000] {spark_submit.py:490} INFO - 24/09/30 11:29:07 INFO SQLStdHiveAccessController: Created SQLStdHiveAccessController for session context : HiveAuthzSessionContext [sessionString=752a0c52-141b-4eba-be51-58ad4cadc500, clientType=HIVECLI]
[2024-09-30T11:29:07.464+0000] {spark_submit.py:490} INFO - 24/09/30 11:29:07 WARN SessionState: METASTORE_FILTER_HOOK will be ignored, since hive.security.authorization.manager is set to instance of HiveAuthorizerFactory.
[2024-09-30T11:29:07.465+0000] {spark_submit.py:490} INFO - 24/09/30 11:29:07 INFO metastore: Mestastore configuration hive.metastore.filter.hook changed from org.apache.hadoop.hive.metastore.DefaultMetaStoreFilterHookImpl to org.apache.hadoop.hive.ql.security.authorization.plugin.AuthorizationMetaStoreFilterHook
[2024-09-30T11:29:07.471+0000] {spark_submit.py:490} INFO - 24/09/30 11:29:07 INFO metastore: Closed a connection to metastore, current connections: 0
[2024-09-30T11:29:07.474+0000] {spark_submit.py:490} INFO - 24/09/30 11:29:07 INFO metastore: Trying to connect to metastore with URI thrift://hive-metastore:9083
[2024-09-30T11:29:07.474+0000] {spark_submit.py:490} INFO - 24/09/30 11:29:07 INFO metastore: Opened a connection to metastore, current connections: 1
[2024-09-30T11:29:07.478+0000] {spark_submit.py:490} INFO - 24/09/30 11:29:07 INFO metastore: Connected to metastore.
[2024-09-30T11:29:07.548+0000] {spark_submit.py:490} INFO - 24/09/30 11:29:07 INFO metastore: Trying to connect to metastore with URI thrift://hive-metastore:9083
[2024-09-30T11:29:07.550+0000] {spark_submit.py:490} INFO - 24/09/30 11:29:07 INFO metastore: Opened a connection to metastore, current connections: 2
[2024-09-30T11:29:07.551+0000] {spark_submit.py:490} INFO - 24/09/30 11:29:07 INFO metastore: Connected to metastore.
[2024-09-30T11:29:07.738+0000] {spark_submit.py:490} INFO - 24/09/30 11:29:07 INFO AlterTableRecoverPartitionsCommand: Recover all the partitions in hdfs://namenode:8020/opt/hive/data/warehouse/cases
[2024-09-30T11:29:07.765+0000] {spark_submit.py:490} INFO - 24/09/30 11:29:07 INFO AlterTableRecoverPartitionsCommand: Found 1 partitions in hdfs://namenode:8020/opt/hive/data/warehouse/cases
[2024-09-30T11:29:07.780+0000] {spark_submit.py:490} INFO - 24/09/30 11:29:07 INFO AlterTableRecoverPartitionsCommand: Finished to gather the fast stats for all 1 partitions.
[2024-09-30T11:29:08.142+0000] {spark_submit.py:490} INFO - 24/09/30 11:29:08 INFO BlockManagerInfo: Removed broadcast_1_piece0 on 774e6edce74f:45453 in memory (size: 2.5 KiB, free: 434.3 MiB)
[2024-09-30T11:29:08.156+0000] {spark_submit.py:490} INFO - 24/09/30 11:29:08 INFO BlockManagerInfo: Removed broadcast_1_piece0 on 172.18.0.7:42865 in memory (size: 2.5 KiB, free: 434.3 MiB)
[2024-09-30T11:29:08.188+0000] {spark_submit.py:490} INFO - 24/09/30 11:29:08 INFO BlockManagerInfo: Removed broadcast_3_piece0 on 774e6edce74f:45453 in memory (size: 65.6 KiB, free: 434.4 MiB)
[2024-09-30T11:29:08.198+0000] {spark_submit.py:490} INFO - 24/09/30 11:29:08 INFO BlockManagerInfo: Removed broadcast_3_piece0 on 172.18.0.7:42865 in memory (size: 65.6 KiB, free: 434.4 MiB)
[2024-09-30T11:29:08.398+0000] {spark_submit.py:490} INFO - 24/09/30 11:29:08 INFO AlterTableRecoverPartitionsCommand: Recovered all partitions (1).
[2024-09-30T11:29:08.514+0000] {spark_submit.py:490} INFO - 24/09/30 11:29:08 INFO SparkContext: Invoking stop() from shutdown hook
[2024-09-30T11:29:08.533+0000] {spark_submit.py:490} INFO - 24/09/30 11:29:08 INFO SparkUI: Stopped Spark web UI at http://774e6edce74f:4042
[2024-09-30T11:29:08.543+0000] {spark_submit.py:490} INFO - 24/09/30 11:29:08 INFO StandaloneSchedulerBackend: Shutting down all executors
[2024-09-30T11:29:08.546+0000] {spark_submit.py:490} INFO - 24/09/30 11:29:08 INFO CoarseGrainedSchedulerBackend$DriverEndpoint: Asking each executor to shut down
[2024-09-30T11:29:08.592+0000] {spark_submit.py:490} INFO - 24/09/30 11:29:08 INFO MapOutputTrackerMasterEndpoint: MapOutputTrackerMasterEndpoint stopped!
[2024-09-30T11:29:08.671+0000] {spark_submit.py:490} INFO - 24/09/30 11:29:08 INFO MemoryStore: MemoryStore cleared
[2024-09-30T11:29:08.676+0000] {spark_submit.py:490} INFO - 24/09/30 11:29:08 INFO BlockManager: BlockManager stopped
[2024-09-30T11:29:08.690+0000] {spark_submit.py:490} INFO - 24/09/30 11:29:08 INFO BlockManagerMaster: BlockManagerMaster stopped
[2024-09-30T11:29:08.700+0000] {spark_submit.py:490} INFO - 24/09/30 11:29:08 INFO OutputCommitCoordinator$OutputCommitCoordinatorEndpoint: OutputCommitCoordinator stopped!
[2024-09-30T11:29:08.735+0000] {spark_submit.py:490} INFO - 24/09/30 11:29:08 INFO SparkContext: Successfully stopped SparkContext
[2024-09-30T11:29:08.737+0000] {spark_submit.py:490} INFO - 24/09/30 11:29:08 INFO ShutdownHookManager: Shutdown hook called
[2024-09-30T11:29:08.739+0000] {spark_submit.py:490} INFO - 24/09/30 11:29:08 INFO ShutdownHookManager: Deleting directory /tmp/spark-c6caa4aa-0fcd-45b9-a4fb-facd9cf9e02a
[2024-09-30T11:29:08.750+0000] {spark_submit.py:490} INFO - 24/09/30 11:29:08 INFO ShutdownHookManager: Deleting directory /tmp/spark-f59b2189-7927-4634-a667-979c3f2d3d8a/pyspark-522a8f9d-927e-473b-b745-0bb2f4d87cf8
[2024-09-30T11:29:08.763+0000] {spark_submit.py:490} INFO - 24/09/30 11:29:08 INFO ShutdownHookManager: Deleting directory /tmp/spark-f59b2189-7927-4634-a667-979c3f2d3d8a
[2024-09-30T11:29:09.072+0000] {taskinstance.py:1327} INFO - Marking task as SUCCESS. dag_id=get_cases_data, task_id=save_to_warehouse, execution_date=20221224T000000, start_date=20240930T112815, end_date=20240930T112909
[2024-09-30T11:29:09.166+0000] {local_task_job.py:159} INFO - Task exited with return code 0
[2024-09-30T11:29:09.260+0000] {taskinstance.py:2582} INFO - 1 downstream tasks scheduled from follow-on schedule check
