[2024-09-30T11:37:11.527+0000] {taskinstance.py:1087} INFO - Dependencies all met for <TaskInstance: get_cases_data.save_to_warehouse scheduled__2023-01-07T00:00:00+00:00 [queued]>
[2024-09-30T11:37:11.578+0000] {taskinstance.py:1087} INFO - Dependencies all met for <TaskInstance: get_cases_data.save_to_warehouse scheduled__2023-01-07T00:00:00+00:00 [queued]>
[2024-09-30T11:37:11.579+0000] {taskinstance.py:1283} INFO - 
--------------------------------------------------------------------------------
[2024-09-30T11:37:11.579+0000] {taskinstance.py:1284} INFO - Starting attempt 1 of 1
[2024-09-30T11:37:11.579+0000] {taskinstance.py:1285} INFO - 
--------------------------------------------------------------------------------
[2024-09-30T11:37:11.646+0000] {taskinstance.py:1304} INFO - Executing <Task(SparkSubmitOperator): save_to_warehouse> on 2023-01-07 00:00:00+00:00
[2024-09-30T11:37:11.684+0000] {standard_task_runner.py:55} INFO - Started process 7216 to run task
[2024-09-30T11:37:11.695+0000] {standard_task_runner.py:82} INFO - Running: ['***', 'tasks', 'run', 'get_cases_data', 'save_to_warehouse', 'scheduled__2023-01-07T00:00:00+00:00', '--job-id', '63', '--raw', '--subdir', 'DAGS_FOLDER/get_cases_data.py', '--cfg-path', '/tmp/tmpxcvz8rxh']
[2024-09-30T11:37:11.702+0000] {standard_task_runner.py:83} INFO - Job 63: Subtask save_to_warehouse
[2024-09-30T11:37:11.966+0000] {task_command.py:389} INFO - Running <TaskInstance: get_cases_data.save_to_warehouse scheduled__2023-01-07T00:00:00+00:00 [running]> on host 774e6edce74f
[2024-09-30T11:37:12.351+0000] {taskinstance.py:1513} INFO - Exporting the following env vars:
AIRFLOW_CTX_DAG_OWNER=***
AIRFLOW_CTX_DAG_ID=get_cases_data
AIRFLOW_CTX_TASK_ID=save_to_warehouse
AIRFLOW_CTX_EXECUTION_DATE=2023-01-07T00:00:00+00:00
AIRFLOW_CTX_TRY_NUMBER=1
AIRFLOW_CTX_DAG_RUN_ID=scheduled__2023-01-07T00:00:00+00:00
[2024-09-30T11:37:12.358+0000] {base.py:73} INFO - Using connection ID 'spark_connection' for task execution.
[2024-09-30T11:37:12.360+0000] {spark_submit.py:339} INFO - Spark-Submit cmd: spark-submit --master spark://spark-master:7077 --name save_to_warehouse --verbose /usr/local/spark/app/save_to_warehouse.py
[2024-09-30T11:37:15.819+0000] {spark_submit.py:490} INFO - Using properties file: null
[2024-09-30T11:37:16.091+0000] {spark_submit.py:490} INFO - WARNING: An illegal reflective access operation has occurred
[2024-09-30T11:37:16.091+0000] {spark_submit.py:490} INFO - WARNING: Illegal reflective access by org.apache.spark.unsafe.Platform (file:/home/***/.local/lib/python3.7/site-packages/pyspark/jars/spark-unsafe_2.12-3.1.3.jar) to constructor java.nio.DirectByteBuffer(long,int)
[2024-09-30T11:37:16.091+0000] {spark_submit.py:490} INFO - WARNING: Please consider reporting this to the maintainers of org.apache.spark.unsafe.Platform
[2024-09-30T11:37:16.091+0000] {spark_submit.py:490} INFO - WARNING: Use --illegal-access=warn to enable warnings of further illegal reflective access operations
[2024-09-30T11:37:16.091+0000] {spark_submit.py:490} INFO - WARNING: All illegal access operations will be denied in a future release
[2024-09-30T11:37:16.203+0000] {spark_submit.py:490} INFO - Parsed arguments:
[2024-09-30T11:37:16.203+0000] {spark_submit.py:490} INFO - master                  spark://spark-master:7077
[2024-09-30T11:37:16.203+0000] {spark_submit.py:490} INFO - deployMode              null
[2024-09-30T11:37:16.204+0000] {spark_submit.py:490} INFO - executorMemory          null
[2024-09-30T11:37:16.204+0000] {spark_submit.py:490} INFO - executorCores           null
[2024-09-30T11:37:16.204+0000] {spark_submit.py:490} INFO - totalExecutorCores      null
[2024-09-30T11:37:16.204+0000] {spark_submit.py:490} INFO - propertiesFile          null
[2024-09-30T11:37:16.204+0000] {spark_submit.py:490} INFO - driverMemory            null
[2024-09-30T11:37:16.204+0000] {spark_submit.py:490} INFO - driverCores             null
[2024-09-30T11:37:16.204+0000] {spark_submit.py:490} INFO - driverExtraClassPath    null
[2024-09-30T11:37:16.204+0000] {spark_submit.py:490} INFO - driverExtraLibraryPath  null
[2024-09-30T11:37:16.205+0000] {spark_submit.py:490} INFO - driverExtraJavaOptions  null
[2024-09-30T11:37:16.205+0000] {spark_submit.py:490} INFO - supervise               false
[2024-09-30T11:37:16.205+0000] {spark_submit.py:490} INFO - queue                   null
[2024-09-30T11:37:16.205+0000] {spark_submit.py:490} INFO - numExecutors            null
[2024-09-30T11:37:16.205+0000] {spark_submit.py:490} INFO - files                   null
[2024-09-30T11:37:16.209+0000] {spark_submit.py:490} INFO - pyFiles                 null
[2024-09-30T11:37:16.209+0000] {spark_submit.py:490} INFO - archives                null
[2024-09-30T11:37:16.209+0000] {spark_submit.py:490} INFO - mainClass               null
[2024-09-30T11:37:16.209+0000] {spark_submit.py:490} INFO - primaryResource         file:/usr/local/spark/app/save_to_warehouse.py
[2024-09-30T11:37:16.209+0000] {spark_submit.py:490} INFO - name                    save_to_warehouse
[2024-09-30T11:37:16.209+0000] {spark_submit.py:490} INFO - childArgs               []
[2024-09-30T11:37:16.210+0000] {spark_submit.py:490} INFO - jars                    null
[2024-09-30T11:37:16.210+0000] {spark_submit.py:490} INFO - packages                null
[2024-09-30T11:37:16.210+0000] {spark_submit.py:490} INFO - packagesExclusions      null
[2024-09-30T11:37:16.210+0000] {spark_submit.py:490} INFO - repositories            null
[2024-09-30T11:37:16.210+0000] {spark_submit.py:490} INFO - verbose                 true
[2024-09-30T11:37:16.210+0000] {spark_submit.py:490} INFO - 
[2024-09-30T11:37:16.210+0000] {spark_submit.py:490} INFO - Spark properties used, including those specified through
[2024-09-30T11:37:16.211+0000] {spark_submit.py:490} INFO - --conf and those from the properties file null:
[2024-09-30T11:37:16.215+0000] {spark_submit.py:490} INFO - 
[2024-09-30T11:37:16.215+0000] {spark_submit.py:490} INFO - 
[2024-09-30T11:37:16.215+0000] {spark_submit.py:490} INFO - 
[2024-09-30T11:37:17.412+0000] {spark_submit.py:490} INFO - 24/09/30 11:37:17 WARN NativeCodeLoader: Unable to load native-hadoop library for your platform... using builtin-java classes where applicable
[2024-09-30T11:37:17.806+0000] {spark_submit.py:490} INFO - Main class:
[2024-09-30T11:37:17.814+0000] {spark_submit.py:490} INFO - org.apache.spark.deploy.PythonRunner
[2024-09-30T11:37:17.814+0000] {spark_submit.py:490} INFO - Arguments:
[2024-09-30T11:37:17.814+0000] {spark_submit.py:490} INFO - file:/usr/local/spark/app/save_to_warehouse.py
[2024-09-30T11:37:17.814+0000] {spark_submit.py:490} INFO - null
[2024-09-30T11:37:17.827+0000] {spark_submit.py:490} INFO - Spark config:
[2024-09-30T11:37:17.828+0000] {spark_submit.py:490} INFO - (spark.app.name,save_to_warehouse)
[2024-09-30T11:37:17.828+0000] {spark_submit.py:490} INFO - (spark.master,spark://spark-master:7077)
[2024-09-30T11:37:17.828+0000] {spark_submit.py:490} INFO - (spark.submit.pyFiles,)
[2024-09-30T11:37:17.832+0000] {spark_submit.py:490} INFO - (spark.submit.deployMode,client)
[2024-09-30T11:37:17.832+0000] {spark_submit.py:490} INFO - Classpath elements:
[2024-09-30T11:37:17.832+0000] {spark_submit.py:490} INFO - 
[2024-09-30T11:37:17.832+0000] {spark_submit.py:490} INFO - 
[2024-09-30T11:37:17.833+0000] {spark_submit.py:490} INFO - 
[2024-09-30T11:37:20.050+0000] {spark_submit.py:490} INFO - Using Spark's default log4j profile: org/apache/spark/log4j-defaults.properties
[2024-09-30T11:37:20.067+0000] {spark_submit.py:490} INFO - 24/09/30 11:37:20 INFO SparkContext: Running Spark version 3.1.3
[2024-09-30T11:37:20.165+0000] {spark_submit.py:490} INFO - 24/09/30 11:37:20 INFO ResourceUtils: ==============================================================
[2024-09-30T11:37:20.166+0000] {spark_submit.py:490} INFO - 24/09/30 11:37:20 INFO ResourceUtils: No custom resources configured for spark.driver.
[2024-09-30T11:37:20.166+0000] {spark_submit.py:490} INFO - 24/09/30 11:37:20 INFO ResourceUtils: ==============================================================
[2024-09-30T11:37:20.166+0000] {spark_submit.py:490} INFO - 24/09/30 11:37:20 INFO SparkContext: Submitted application: save_to_warehouse
[2024-09-30T11:37:20.212+0000] {spark_submit.py:490} INFO - 24/09/30 11:37:20 INFO ResourceProfile: Default ResourceProfile created, executor resources: Map(cores -> name: cores, amount: 1, script: , vendor: , memory -> name: memory, amount: 1024, script: , vendor: , offHeap -> name: offHeap, amount: 0, script: , vendor: ), task resources: Map(cpus -> name: cpus, amount: 1.0)
[2024-09-30T11:37:20.234+0000] {spark_submit.py:490} INFO - 24/09/30 11:37:20 INFO ResourceProfile: Limiting resource is cpu
[2024-09-30T11:37:20.238+0000] {spark_submit.py:490} INFO - 24/09/30 11:37:20 INFO ResourceProfileManager: Added ResourceProfile id: 0
[2024-09-30T11:37:20.347+0000] {spark_submit.py:490} INFO - 24/09/30 11:37:20 INFO SecurityManager: Changing view acls to: default
[2024-09-30T11:37:20.347+0000] {spark_submit.py:490} INFO - 24/09/30 11:37:20 INFO SecurityManager: Changing modify acls to: default
[2024-09-30T11:37:20.348+0000] {spark_submit.py:490} INFO - 24/09/30 11:37:20 INFO SecurityManager: Changing view acls groups to:
[2024-09-30T11:37:20.348+0000] {spark_submit.py:490} INFO - 24/09/30 11:37:20 INFO SecurityManager: Changing modify acls groups to:
[2024-09-30T11:37:20.348+0000] {spark_submit.py:490} INFO - 24/09/30 11:37:20 INFO SecurityManager: SecurityManager: authentication disabled; ui acls disabled; users  with view permissions: Set(default); groups with view permissions: Set(); users  with modify permissions: Set(default); groups with modify permissions: Set()
[2024-09-30T11:37:20.789+0000] {spark_submit.py:490} INFO - 24/09/30 11:37:20 INFO Utils: Successfully started service 'sparkDriver' on port 46565.
[2024-09-30T11:37:20.842+0000] {spark_submit.py:490} INFO - 24/09/30 11:37:20 INFO SparkEnv: Registering MapOutputTracker
[2024-09-30T11:37:20.921+0000] {spark_submit.py:490} INFO - 24/09/30 11:37:20 INFO SparkEnv: Registering BlockManagerMaster
[2024-09-30T11:37:20.951+0000] {spark_submit.py:490} INFO - 24/09/30 11:37:20 INFO BlockManagerMasterEndpoint: Using org.apache.spark.storage.DefaultTopologyMapper for getting topology information
[2024-09-30T11:37:20.952+0000] {spark_submit.py:490} INFO - 24/09/30 11:37:20 INFO BlockManagerMasterEndpoint: BlockManagerMasterEndpoint up
[2024-09-30T11:37:20.964+0000] {spark_submit.py:490} INFO - 24/09/30 11:37:20 INFO SparkEnv: Registering BlockManagerMasterHeartbeat
[2024-09-30T11:37:20.990+0000] {spark_submit.py:490} INFO - 24/09/30 11:37:20 INFO DiskBlockManager: Created local directory at /tmp/blockmgr-76de4df4-ca1e-443f-95ab-bd551a13d5ab
[2024-09-30T11:37:21.030+0000] {spark_submit.py:490} INFO - 24/09/30 11:37:21 INFO MemoryStore: MemoryStore started with capacity 434.4 MiB
[2024-09-30T11:37:21.066+0000] {spark_submit.py:490} INFO - 24/09/30 11:37:21 INFO SparkEnv: Registering OutputCommitCoordinator
[2024-09-30T11:37:21.451+0000] {spark_submit.py:490} INFO - 24/09/30 11:37:21 INFO Utils: Successfully started service 'SparkUI' on port 4040.
[2024-09-30T11:37:21.575+0000] {spark_submit.py:490} INFO - 24/09/30 11:37:21 INFO SparkUI: Bound SparkUI to 0.0.0.0, and started at http://774e6edce74f:4040
[2024-09-30T11:37:22.146+0000] {spark_submit.py:490} INFO - 24/09/30 11:37:22 INFO StandaloneAppClient$ClientEndpoint: Connecting to master spark://spark-master:7077...
[2024-09-30T11:37:22.256+0000] {spark_submit.py:490} INFO - 24/09/30 11:37:22 INFO TransportClientFactory: Successfully created connection to spark-master/172.18.0.5:7077 after 59 ms (0 ms spent in bootstraps)
[2024-09-30T11:37:22.472+0000] {spark_submit.py:490} INFO - 24/09/30 11:37:22 INFO StandaloneSchedulerBackend: Connected to Spark cluster with app ID app-20240930113722-0039
[2024-09-30T11:37:22.489+0000] {spark_submit.py:490} INFO - 24/09/30 11:37:22 INFO Utils: Successfully started service 'org.apache.spark.network.netty.NettyBlockTransferService' on port 39413.
[2024-09-30T11:37:22.490+0000] {spark_submit.py:490} INFO - 24/09/30 11:37:22 INFO NettyBlockTransferService: Server created on 774e6edce74f:39413
[2024-09-30T11:37:22.497+0000] {spark_submit.py:490} INFO - 24/09/30 11:37:22 INFO BlockManager: Using org.apache.spark.storage.RandomBlockReplicationPolicy for block replication policy
[2024-09-30T11:37:22.511+0000] {spark_submit.py:490} INFO - 24/09/30 11:37:22 INFO BlockManagerMaster: Registering BlockManager BlockManagerId(driver, 774e6edce74f, 39413, None)
[2024-09-30T11:37:22.522+0000] {spark_submit.py:490} INFO - 24/09/30 11:37:22 INFO BlockManagerMasterEndpoint: Registering block manager 774e6edce74f:39413 with 434.4 MiB RAM, BlockManagerId(driver, 774e6edce74f, 39413, None)
[2024-09-30T11:37:22.525+0000] {spark_submit.py:490} INFO - 24/09/30 11:37:22 INFO BlockManagerMaster: Registered BlockManager BlockManagerId(driver, 774e6edce74f, 39413, None)
[2024-09-30T11:37:22.527+0000] {spark_submit.py:490} INFO - 24/09/30 11:37:22 INFO BlockManager: Initialized BlockManager: BlockManagerId(driver, 774e6edce74f, 39413, None)
[2024-09-30T11:37:22.967+0000] {spark_submit.py:490} INFO - 24/09/30 11:37:22 INFO StandaloneSchedulerBackend: SchedulerBackend is ready for scheduling beginning after reached minRegisteredResourcesRatio: 0.0
[2024-09-30T11:37:23.383+0000] {spark_submit.py:490} INFO - 24/09/30 11:37:23 INFO SharedState: Setting hive.metastore.warehouse.dir ('null') to the value of spark.sql.warehouse.dir ('/user/hive/warehouse').
[2024-09-30T11:37:23.384+0000] {spark_submit.py:490} INFO - 24/09/30 11:37:23 INFO SharedState: Warehouse path is '/user/hive/warehouse'.
[2024-09-30T11:37:25.886+0000] {spark_submit.py:490} INFO - 24/09/30 11:37:25 INFO InMemoryFileIndex: It took 170 ms to list leaf files for 1 paths.
[2024-09-30T11:37:26.731+0000] {spark_submit.py:490} INFO - 24/09/30 11:37:26 INFO SparkContext: Starting job: parquet at NativeMethodAccessorImpl.java:0
[2024-09-30T11:37:26.759+0000] {spark_submit.py:490} INFO - 24/09/30 11:37:26 INFO DAGScheduler: Got job 0 (parquet at NativeMethodAccessorImpl.java:0) with 1 output partitions
[2024-09-30T11:37:26.762+0000] {spark_submit.py:490} INFO - 24/09/30 11:37:26 INFO DAGScheduler: Final stage: ResultStage 0 (parquet at NativeMethodAccessorImpl.java:0)
[2024-09-30T11:37:26.763+0000] {spark_submit.py:490} INFO - 24/09/30 11:37:26 INFO DAGScheduler: Parents of final stage: List()
[2024-09-30T11:37:26.767+0000] {spark_submit.py:490} INFO - 24/09/30 11:37:26 INFO DAGScheduler: Missing parents: List()
[2024-09-30T11:37:26.789+0000] {spark_submit.py:490} INFO - 24/09/30 11:37:26 INFO DAGScheduler: Submitting ResultStage 0 (MapPartitionsRDD[1] at parquet at NativeMethodAccessorImpl.java:0), which has no missing parents
[2024-09-30T11:37:27.087+0000] {spark_submit.py:490} INFO - 24/09/30 11:37:27 INFO MemoryStore: Block broadcast_0 stored as values in memory (estimated size 84.0 KiB, free 434.3 MiB)
[2024-09-30T11:37:27.152+0000] {spark_submit.py:490} INFO - 24/09/30 11:37:27 INFO MemoryStore: Block broadcast_0_piece0 stored as bytes in memory (estimated size 29.8 KiB, free 434.3 MiB)
[2024-09-30T11:37:27.156+0000] {spark_submit.py:490} INFO - 24/09/30 11:37:27 INFO BlockManagerInfo: Added broadcast_0_piece0 in memory on 774e6edce74f:39413 (size: 29.8 KiB, free: 434.4 MiB)
[2024-09-30T11:37:27.164+0000] {spark_submit.py:490} INFO - 24/09/30 11:37:27 INFO SparkContext: Created broadcast 0 from broadcast at DAGScheduler.scala:1433
[2024-09-30T11:37:27.187+0000] {spark_submit.py:490} INFO - 24/09/30 11:37:27 INFO DAGScheduler: Submitting 1 missing tasks from ResultStage 0 (MapPartitionsRDD[1] at parquet at NativeMethodAccessorImpl.java:0) (first 15 tasks are for partitions Vector(0))
[2024-09-30T11:37:27.188+0000] {spark_submit.py:490} INFO - 24/09/30 11:37:27 INFO TaskSchedulerImpl: Adding task set 0.0 with 1 tasks resource profile 0
[2024-09-30T11:37:42.243+0000] {spark_submit.py:490} INFO - 24/09/30 11:37:42 WARN TaskSchedulerImpl: Initial job has not accepted any resources; check your cluster UI to ensure that workers are registered and have sufficient resources
[2024-09-30T11:37:45.721+0000] {spark_submit.py:490} INFO - 24/09/30 11:37:45 INFO StandaloneAppClient$ClientEndpoint: Executor added: app-20240930113722-0039/0 on worker-20240930112313-172.18.0.7-33165 (172.18.0.7:33165) with 4 core(s)
[2024-09-30T11:37:45.722+0000] {spark_submit.py:490} INFO - 24/09/30 11:37:45 INFO StandaloneSchedulerBackend: Granted executor ID app-20240930113722-0039/0 on hostPort 172.18.0.7:33165 with 4 core(s), 1024.0 MiB RAM
[2024-09-30T11:37:45.820+0000] {spark_submit.py:490} INFO - 24/09/30 11:37:45 INFO StandaloneAppClient$ClientEndpoint: Executor updated: app-20240930113722-0039/0 is now RUNNING
[2024-09-30T11:37:49.816+0000] {spark_submit.py:490} INFO - 24/09/30 11:37:49 INFO CoarseGrainedSchedulerBackend$DriverEndpoint: Registered executor NettyRpcEndpointRef(spark-client://Executor) (172.18.0.7:49958) with ID 0,  ResourceProfileId 0
[2024-09-30T11:37:50.165+0000] {spark_submit.py:490} INFO - 24/09/30 11:37:50 INFO BlockManagerMasterEndpoint: Registering block manager 172.18.0.7:42425 with 434.4 MiB RAM, BlockManagerId(0, 172.18.0.7, 42425, None)
[2024-09-30T11:37:50.492+0000] {spark_submit.py:490} INFO - 24/09/30 11:37:50 INFO TaskSetManager: Starting task 0.0 in stage 0.0 (TID 0) (172.18.0.7, executor 0, partition 0, PROCESS_LOCAL, 4732 bytes) taskResourceAssignments Map()
[2024-09-30T11:37:51.142+0000] {spark_submit.py:490} INFO - 24/09/30 11:37:51 INFO BlockManagerInfo: Added broadcast_0_piece0 in memory on 172.18.0.7:42425 (size: 29.8 KiB, free: 434.4 MiB)
[2024-09-30T11:37:53.051+0000] {spark_submit.py:490} INFO - 24/09/30 11:37:53 INFO TaskSetManager: Finished task 0.0 in stage 0.0 (TID 0) in 2660 ms on 172.18.0.7 (executor 0) (1/1)
[2024-09-30T11:37:53.055+0000] {spark_submit.py:490} INFO - 24/09/30 11:37:53 INFO TaskSchedulerImpl: Removed TaskSet 0.0, whose tasks have all completed, from pool
[2024-09-30T11:37:53.063+0000] {spark_submit.py:490} INFO - 24/09/30 11:37:53 INFO DAGScheduler: ResultStage 0 (parquet at NativeMethodAccessorImpl.java:0) finished in 26.155 s
[2024-09-30T11:37:53.071+0000] {spark_submit.py:490} INFO - 24/09/30 11:37:53 INFO DAGScheduler: Job 0 is finished. Cancelling potential speculative or zombie tasks for this job
[2024-09-30T11:37:53.072+0000] {spark_submit.py:490} INFO - 24/09/30 11:37:53 INFO TaskSchedulerImpl: Killing all running tasks in stage 0: Stage finished
[2024-09-30T11:37:53.072+0000] {spark_submit.py:490} INFO - 24/09/30 11:37:53 INFO DAGScheduler: Job 0 finished: parquet at NativeMethodAccessorImpl.java:0, took 26.340396 s
[2024-09-30T11:37:54.361+0000] {spark_submit.py:490} INFO - 24/09/30 11:37:54 INFO BlockManagerInfo: Removed broadcast_0_piece0 on 774e6edce74f:39413 in memory (size: 29.8 KiB, free: 434.4 MiB)
[2024-09-30T11:37:54.381+0000] {spark_submit.py:490} INFO - 24/09/30 11:37:54 INFO BlockManagerInfo: Removed broadcast_0_piece0 on 172.18.0.7:42425 in memory (size: 29.8 KiB, free: 434.4 MiB)
[2024-09-30T11:37:55.880+0000] {spark_submit.py:490} INFO - 24/09/30 11:37:55 INFO HiveConf: Found configuration file null
[2024-09-30T11:37:55.899+0000] {spark_submit.py:490} INFO - 24/09/30 11:37:55 INFO HiveUtils: Initializing HiveMetastoreConnection version 2.3.7 using Spark classes.
[2024-09-30T11:37:56.489+0000] {spark_submit.py:490} INFO - 24/09/30 11:37:56 INFO SessionState: Created HDFS directory: hdfs://namenode:8020/opt/hive/scratch_dir/default/e6a38823-d10e-4712-a0eb-9e1bc8b25df4
[2024-09-30T11:37:56.529+0000] {spark_submit.py:490} INFO - 24/09/30 11:37:56 INFO SessionState: Created local directory: /tmp/default/e6a38823-d10e-4712-a0eb-9e1bc8b25df4
[2024-09-30T11:37:56.544+0000] {spark_submit.py:490} INFO - 24/09/30 11:37:56 INFO SessionState: Created HDFS directory: hdfs://namenode:8020/opt/hive/scratch_dir/default/e6a38823-d10e-4712-a0eb-9e1bc8b25df4/_tmp_space.db
[2024-09-30T11:37:56.579+0000] {spark_submit.py:490} INFO - 24/09/30 11:37:56 INFO HiveClientImpl: Warehouse location for Hive client (version 2.3.7) is /user/hive/warehouse
[2024-09-30T11:37:57.226+0000] {spark_submit.py:490} INFO - 24/09/30 11:37:57 INFO metastore: Trying to connect to metastore with URI thrift://hive-metastore:9083
[2024-09-30T11:37:57.265+0000] {spark_submit.py:490} INFO - 24/09/30 11:37:57 INFO metastore: Opened a connection to metastore, current connections: 1
[2024-09-30T11:37:57.311+0000] {spark_submit.py:490} INFO - 24/09/30 11:37:57 INFO metastore: Connected to metastore.
[2024-09-30T11:37:59.251+0000] {spark_submit.py:490} INFO - 24/09/30 11:37:59 INFO CodeGenerator: Code generated in 410.221696 ms
[2024-09-30T11:37:59.966+0000] {spark_submit.py:490} INFO - 24/09/30 11:37:59 INFO CodeGenerator: Code generated in 37.446075 ms
[2024-09-30T11:38:00.096+0000] {spark_submit.py:490} INFO - 24/09/30 11:38:00 INFO SparkContext: Starting job: hasNext at NativeMethodAccessorImpl.java:0
[2024-09-30T11:38:00.104+0000] {spark_submit.py:490} INFO - 24/09/30 11:38:00 INFO DAGScheduler: Got job 1 (hasNext at NativeMethodAccessorImpl.java:0) with 1 output partitions
[2024-09-30T11:38:00.104+0000] {spark_submit.py:490} INFO - 24/09/30 11:38:00 INFO DAGScheduler: Final stage: ResultStage 1 (hasNext at NativeMethodAccessorImpl.java:0)
[2024-09-30T11:38:00.105+0000] {spark_submit.py:490} INFO - 24/09/30 11:38:00 INFO DAGScheduler: Parents of final stage: List()
[2024-09-30T11:38:00.105+0000] {spark_submit.py:490} INFO - 24/09/30 11:38:00 INFO DAGScheduler: Missing parents: List()
[2024-09-30T11:38:00.107+0000] {spark_submit.py:490} INFO - 24/09/30 11:38:00 INFO DAGScheduler: Submitting ResultStage 1 (MapPartitionsRDD[5] at toLocalIterator at NativeMethodAccessorImpl.java:0), which has no missing parents
[2024-09-30T11:38:00.130+0000] {spark_submit.py:490} INFO - 24/09/30 11:38:00 INFO MemoryStore: Block broadcast_1 stored as values in memory (estimated size 4.6 KiB, free 434.4 MiB)
[2024-09-30T11:38:00.147+0000] {spark_submit.py:490} INFO - 24/09/30 11:38:00 INFO MemoryStore: Block broadcast_1_piece0 stored as bytes in memory (estimated size 2.5 KiB, free 434.4 MiB)
[2024-09-30T11:38:00.148+0000] {spark_submit.py:490} INFO - 24/09/30 11:38:00 INFO BlockManagerInfo: Added broadcast_1_piece0 in memory on 774e6edce74f:39413 (size: 2.5 KiB, free: 434.4 MiB)
[2024-09-30T11:38:00.156+0000] {spark_submit.py:490} INFO - 24/09/30 11:38:00 INFO SparkContext: Created broadcast 1 from broadcast at DAGScheduler.scala:1433
[2024-09-30T11:38:00.157+0000] {spark_submit.py:490} INFO - 24/09/30 11:38:00 INFO DAGScheduler: Submitting 1 missing tasks from ResultStage 1 (MapPartitionsRDD[5] at toLocalIterator at NativeMethodAccessorImpl.java:0) (first 15 tasks are for partitions Vector(0))
[2024-09-30T11:38:00.157+0000] {spark_submit.py:490} INFO - 24/09/30 11:38:00 INFO TaskSchedulerImpl: Adding task set 1.0 with 1 tasks resource profile 0
[2024-09-30T11:38:00.179+0000] {spark_submit.py:490} INFO - 24/09/30 11:38:00 INFO TaskSetManager: Starting task 0.0 in stage 1.0 (TID 1) (172.18.0.7, executor 0, partition 0, PROCESS_LOCAL, 4713 bytes) taskResourceAssignments Map()
[2024-09-30T11:38:00.298+0000] {spark_submit.py:490} INFO - 24/09/30 11:38:00 INFO BlockManagerInfo: Added broadcast_1_piece0 in memory on 172.18.0.7:42425 (size: 2.5 KiB, free: 434.4 MiB)
[2024-09-30T11:38:00.397+0000] {spark_submit.py:490} INFO - 24/09/30 11:38:00 INFO TaskSetManager: Finished task 0.0 in stage 1.0 (TID 1) in 237 ms on 172.18.0.7 (executor 0) (1/1)
[2024-09-30T11:38:00.397+0000] {spark_submit.py:490} INFO - 24/09/30 11:38:00 INFO TaskSchedulerImpl: Removed TaskSet 1.0, whose tasks have all completed, from pool
[2024-09-30T11:38:00.399+0000] {spark_submit.py:490} INFO - 24/09/30 11:38:00 INFO DAGScheduler: ResultStage 1 (hasNext at NativeMethodAccessorImpl.java:0) finished in 0.285 s
[2024-09-30T11:38:00.400+0000] {spark_submit.py:490} INFO - 24/09/30 11:38:00 INFO DAGScheduler: Job 1 is finished. Cancelling potential speculative or zombie tasks for this job
[2024-09-30T11:38:00.402+0000] {spark_submit.py:490} INFO - 24/09/30 11:38:00 INFO TaskSchedulerImpl: Killing all running tasks in stage 1: Stage finished
[2024-09-30T11:38:00.402+0000] {spark_submit.py:490} INFO - 24/09/30 11:38:00 INFO DAGScheduler: Job 1 finished: hasNext at NativeMethodAccessorImpl.java:0, took 0.303927 s
[2024-09-30T11:38:00.455+0000] {spark_submit.py:490} INFO - 24/09/30 11:38:00 INFO CodeGenerator: Code generated in 27.974877 ms
[2024-09-30T11:38:00.836+0000] {spark_submit.py:490} INFO - 24/09/30 11:38:00 INFO DataSourceStrategy: Pruning directories with:
[2024-09-30T11:38:00.840+0000] {spark_submit.py:490} INFO - 24/09/30 11:38:00 INFO FileSourceStrategy: Pushed Filters:
[2024-09-30T11:38:00.841+0000] {spark_submit.py:490} INFO - 24/09/30 11:38:00 INFO FileSourceStrategy: Post-Scan Filters:
[2024-09-30T11:38:00.845+0000] {spark_submit.py:490} INFO - 24/09/30 11:38:00 INFO FileSourceStrategy: Output Data Schema: struct<collection_id: string, new_positive_cases: int, collection_date: timestamp ... 1 more fields>
[2024-09-30T11:38:00.973+0000] {spark_submit.py:490} INFO - 24/09/30 11:38:00 INFO ParquetFileFormat: Using default output committer for Parquet: org.apache.parquet.hadoop.ParquetOutputCommitter
[2024-09-30T11:38:01.006+0000] {spark_submit.py:490} INFO - 24/09/30 11:38:01 INFO FileOutputCommitter: File Output Committer Algorithm version is 1
[2024-09-30T11:38:01.007+0000] {spark_submit.py:490} INFO - 24/09/30 11:38:01 INFO FileOutputCommitter: FileOutputCommitter skip cleanup _temporary folders under output directory:false, ignore cleanup failures: false
[2024-09-30T11:38:01.008+0000] {spark_submit.py:490} INFO - 24/09/30 11:38:01 INFO SQLHadoopMapReduceCommitProtocol: Using user defined output committer class org.apache.parquet.hadoop.ParquetOutputCommitter
[2024-09-30T11:38:01.009+0000] {spark_submit.py:490} INFO - 24/09/30 11:38:01 INFO FileOutputCommitter: File Output Committer Algorithm version is 1
[2024-09-30T11:38:01.009+0000] {spark_submit.py:490} INFO - 24/09/30 11:38:01 INFO FileOutputCommitter: FileOutputCommitter skip cleanup _temporary folders under output directory:false, ignore cleanup failures: false
[2024-09-30T11:38:01.011+0000] {spark_submit.py:490} INFO - 24/09/30 11:38:01 INFO SQLHadoopMapReduceCommitProtocol: Using output committer class org.apache.parquet.hadoop.ParquetOutputCommitter
[2024-09-30T11:38:01.101+0000] {spark_submit.py:490} INFO - 24/09/30 11:38:01 INFO CodeGenerator: Code generated in 39.7016 ms
[2024-09-30T11:38:01.130+0000] {spark_submit.py:490} INFO - 24/09/30 11:38:01 INFO MemoryStore: Block broadcast_2 stored as values in memory (estimated size 177.0 KiB, free 434.2 MiB)
[2024-09-30T11:38:01.144+0000] {spark_submit.py:490} INFO - 24/09/30 11:38:01 INFO MemoryStore: Block broadcast_2_piece0 stored as bytes in memory (estimated size 28.3 KiB, free 434.2 MiB)
[2024-09-30T11:38:01.144+0000] {spark_submit.py:490} INFO - 24/09/30 11:38:01 INFO BlockManagerInfo: Added broadcast_2_piece0 in memory on 774e6edce74f:39413 (size: 28.3 KiB, free: 434.4 MiB)
[2024-09-30T11:38:01.146+0000] {spark_submit.py:490} INFO - 24/09/30 11:38:01 INFO SparkContext: Created broadcast 2 from saveAsTable at NativeMethodAccessorImpl.java:0
[2024-09-30T11:38:01.160+0000] {spark_submit.py:490} INFO - 24/09/30 11:38:01 INFO FileSourceScanExec: Planning scan with bin packing, max size: 4194304 bytes, open cost is considered as scanning 4194304 bytes.
[2024-09-30T11:38:01.249+0000] {spark_submit.py:490} INFO - 24/09/30 11:38:01 INFO SparkContext: Starting job: saveAsTable at NativeMethodAccessorImpl.java:0
[2024-09-30T11:38:01.250+0000] {spark_submit.py:490} INFO - 24/09/30 11:38:01 INFO DAGScheduler: Got job 2 (saveAsTable at NativeMethodAccessorImpl.java:0) with 1 output partitions
[2024-09-30T11:38:01.250+0000] {spark_submit.py:490} INFO - 24/09/30 11:38:01 INFO DAGScheduler: Final stage: ResultStage 2 (saveAsTable at NativeMethodAccessorImpl.java:0)
[2024-09-30T11:38:01.250+0000] {spark_submit.py:490} INFO - 24/09/30 11:38:01 INFO DAGScheduler: Parents of final stage: List()
[2024-09-30T11:38:01.250+0000] {spark_submit.py:490} INFO - 24/09/30 11:38:01 INFO DAGScheduler: Missing parents: List()
[2024-09-30T11:38:01.250+0000] {spark_submit.py:490} INFO - 24/09/30 11:38:01 INFO DAGScheduler: Submitting ResultStage 2 (MapPartitionsRDD[10] at saveAsTable at NativeMethodAccessorImpl.java:0), which has no missing parents
[2024-09-30T11:38:01.378+0000] {spark_submit.py:490} INFO - 24/09/30 11:38:01 INFO MemoryStore: Block broadcast_3 stored as values in memory (estimated size 182.8 KiB, free 434.0 MiB)
[2024-09-30T11:38:01.386+0000] {spark_submit.py:490} INFO - 24/09/30 11:38:01 INFO MemoryStore: Block broadcast_3_piece0 stored as bytes in memory (estimated size 65.6 KiB, free 433.9 MiB)
[2024-09-30T11:38:01.387+0000] {spark_submit.py:490} INFO - 24/09/30 11:38:01 INFO BlockManagerInfo: Added broadcast_3_piece0 in memory on 774e6edce74f:39413 (size: 65.6 KiB, free: 434.3 MiB)
[2024-09-30T11:38:01.388+0000] {spark_submit.py:490} INFO - 24/09/30 11:38:01 INFO SparkContext: Created broadcast 3 from broadcast at DAGScheduler.scala:1433
[2024-09-30T11:38:01.393+0000] {spark_submit.py:490} INFO - 24/09/30 11:38:01 INFO DAGScheduler: Submitting 1 missing tasks from ResultStage 2 (MapPartitionsRDD[10] at saveAsTable at NativeMethodAccessorImpl.java:0) (first 15 tasks are for partitions Vector(0))
[2024-09-30T11:38:01.395+0000] {spark_submit.py:490} INFO - 24/09/30 11:38:01 INFO TaskSchedulerImpl: Adding task set 2.0 with 1 tasks resource profile 0
[2024-09-30T11:38:01.407+0000] {spark_submit.py:490} INFO - 24/09/30 11:38:01 INFO TaskSetManager: Starting task 0.0 in stage 2.0 (TID 2) (172.18.0.7, executor 0, partition 0, ANY, 5048 bytes) taskResourceAssignments Map()
[2024-09-30T11:38:01.498+0000] {spark_submit.py:490} INFO - 24/09/30 11:38:01 INFO BlockManagerInfo: Added broadcast_3_piece0 in memory on 172.18.0.7:42425 (size: 65.6 KiB, free: 434.3 MiB)
[2024-09-30T11:38:02.816+0000] {spark_submit.py:490} INFO - 24/09/30 11:38:02 INFO BlockManagerInfo: Added broadcast_2_piece0 in memory on 172.18.0.7:42425 (size: 28.3 KiB, free: 434.3 MiB)
[2024-09-30T11:38:04.414+0000] {spark_submit.py:490} INFO - 24/09/30 11:38:04 INFO TaskSetManager: Finished task 0.0 in stage 2.0 (TID 2) in 3013 ms on 172.18.0.7 (executor 0) (1/1)
[2024-09-30T11:38:04.414+0000] {spark_submit.py:490} INFO - 24/09/30 11:38:04 INFO TaskSchedulerImpl: Removed TaskSet 2.0, whose tasks have all completed, from pool
[2024-09-30T11:38:04.416+0000] {spark_submit.py:490} INFO - 24/09/30 11:38:04 INFO DAGScheduler: ResultStage 2 (saveAsTable at NativeMethodAccessorImpl.java:0) finished in 3.153 s
[2024-09-30T11:38:04.416+0000] {spark_submit.py:490} INFO - 24/09/30 11:38:04 INFO DAGScheduler: Job 2 is finished. Cancelling potential speculative or zombie tasks for this job
[2024-09-30T11:38:04.417+0000] {spark_submit.py:490} INFO - 24/09/30 11:38:04 INFO TaskSchedulerImpl: Killing all running tasks in stage 2: Stage finished
[2024-09-30T11:38:04.418+0000] {spark_submit.py:490} INFO - 24/09/30 11:38:04 INFO DAGScheduler: Job 2 finished: saveAsTable at NativeMethodAccessorImpl.java:0, took 3.172551 s
[2024-09-30T11:38:04.537+0000] {spark_submit.py:490} INFO - 24/09/30 11:38:04 INFO FileFormatWriter: Write Job 81d29c43-ed29-4a0f-833b-3084c6852ef3 committed.
[2024-09-30T11:38:04.543+0000] {spark_submit.py:490} INFO - 24/09/30 11:38:04 INFO FileFormatWriter: Finished processing stats for write job 81d29c43-ed29-4a0f-833b-3084c6852ef3.
[2024-09-30T11:38:04.585+0000] {spark_submit.py:490} INFO - 24/09/30 11:38:04 INFO InMemoryFileIndex: It took 15 ms to list leaf files for 1 paths.
[2024-09-30T11:38:04.624+0000] {spark_submit.py:490} INFO - 24/09/30 11:38:04 INFO HiveExternalCatalog: Persisting file based data source table `default`.`cases` into Hive metastore in Hive compatible format.
[2024-09-30T11:38:04.641+0000] {spark_submit.py:490} INFO - 24/09/30 11:38:04 INFO SQLStdHiveAccessController: Created SQLStdHiveAccessController for session context : HiveAuthzSessionContext [sessionString=e6a38823-d10e-4712-a0eb-9e1bc8b25df4, clientType=HIVECLI]
[2024-09-30T11:38:04.644+0000] {spark_submit.py:490} INFO - 24/09/30 11:38:04 WARN SessionState: METASTORE_FILTER_HOOK will be ignored, since hive.security.authorization.manager is set to instance of HiveAuthorizerFactory.
[2024-09-30T11:38:04.645+0000] {spark_submit.py:490} INFO - 24/09/30 11:38:04 INFO metastore: Mestastore configuration hive.metastore.filter.hook changed from org.apache.hadoop.hive.metastore.DefaultMetaStoreFilterHookImpl to org.apache.hadoop.hive.ql.security.authorization.plugin.AuthorizationMetaStoreFilterHook
[2024-09-30T11:38:04.650+0000] {spark_submit.py:490} INFO - 24/09/30 11:38:04 INFO metastore: Closed a connection to metastore, current connections: 0
[2024-09-30T11:38:04.652+0000] {spark_submit.py:490} INFO - 24/09/30 11:38:04 INFO metastore: Trying to connect to metastore with URI thrift://hive-metastore:9083
[2024-09-30T11:38:04.653+0000] {spark_submit.py:490} INFO - 24/09/30 11:38:04 INFO metastore: Opened a connection to metastore, current connections: 1
[2024-09-30T11:38:04.656+0000] {spark_submit.py:490} INFO - 24/09/30 11:38:04 INFO metastore: Connected to metastore.
[2024-09-30T11:38:04.692+0000] {spark_submit.py:490} INFO - 24/09/30 11:38:04 INFO BlockManagerInfo: Removed broadcast_1_piece0 on 774e6edce74f:39413 in memory (size: 2.5 KiB, free: 434.3 MiB)
[2024-09-30T11:38:04.702+0000] {spark_submit.py:490} INFO - 24/09/30 11:38:04 INFO BlockManagerInfo: Removed broadcast_1_piece0 on 172.18.0.7:42425 in memory (size: 2.5 KiB, free: 434.3 MiB)
[2024-09-30T11:38:04.719+0000] {spark_submit.py:490} INFO - 24/09/30 11:38:04 INFO BlockManagerInfo: Removed broadcast_3_piece0 on 774e6edce74f:39413 in memory (size: 65.6 KiB, free: 434.4 MiB)
[2024-09-30T11:38:04.720+0000] {spark_submit.py:490} INFO - 24/09/30 11:38:04 INFO metastore: Trying to connect to metastore with URI thrift://hive-metastore:9083
[2024-09-30T11:38:04.721+0000] {spark_submit.py:490} INFO - 24/09/30 11:38:04 INFO metastore: Opened a connection to metastore, current connections: 2
[2024-09-30T11:38:04.723+0000] {spark_submit.py:490} INFO - 24/09/30 11:38:04 INFO metastore: Connected to metastore.
[2024-09-30T11:38:04.725+0000] {spark_submit.py:490} INFO - 24/09/30 11:38:04 INFO BlockManagerInfo: Removed broadcast_3_piece0 on 172.18.0.7:42425 in memory (size: 65.6 KiB, free: 434.4 MiB)
[2024-09-30T11:38:04.843+0000] {spark_submit.py:490} INFO - 24/09/30 11:38:04 INFO AlterTableRecoverPartitionsCommand: Recover all the partitions in hdfs://namenode:8020/opt/hive/data/warehouse/cases
[2024-09-30T11:38:04.865+0000] {spark_submit.py:490} INFO - 24/09/30 11:38:04 INFO AlterTableRecoverPartitionsCommand: Found 1 partitions in hdfs://namenode:8020/opt/hive/data/warehouse/cases
[2024-09-30T11:38:04.873+0000] {spark_submit.py:490} INFO - 24/09/30 11:38:04 INFO AlterTableRecoverPartitionsCommand: Finished to gather the fast stats for all 1 partitions.
[2024-09-30T11:38:05.290+0000] {spark_submit.py:490} INFO - 24/09/30 11:38:05 INFO AlterTableRecoverPartitionsCommand: Recovered all partitions (1).
[2024-09-30T11:38:05.411+0000] {spark_submit.py:490} INFO - 24/09/30 11:38:05 INFO SparkContext: Invoking stop() from shutdown hook
[2024-09-30T11:38:05.434+0000] {spark_submit.py:490} INFO - 24/09/30 11:38:05 INFO SparkUI: Stopped Spark web UI at http://774e6edce74f:4040
[2024-09-30T11:38:05.441+0000] {spark_submit.py:490} INFO - 24/09/30 11:38:05 INFO StandaloneSchedulerBackend: Shutting down all executors
[2024-09-30T11:38:05.445+0000] {spark_submit.py:490} INFO - 24/09/30 11:38:05 INFO CoarseGrainedSchedulerBackend$DriverEndpoint: Asking each executor to shut down
[2024-09-30T11:38:05.516+0000] {spark_submit.py:490} INFO - 24/09/30 11:38:05 INFO MapOutputTrackerMasterEndpoint: MapOutputTrackerMasterEndpoint stopped!
[2024-09-30T11:38:05.580+0000] {spark_submit.py:490} INFO - 24/09/30 11:38:05 INFO MemoryStore: MemoryStore cleared
[2024-09-30T11:38:05.592+0000] {spark_submit.py:490} INFO - 24/09/30 11:38:05 INFO BlockManager: BlockManager stopped
[2024-09-30T11:38:05.602+0000] {spark_submit.py:490} INFO - 24/09/30 11:38:05 INFO BlockManagerMaster: BlockManagerMaster stopped
[2024-09-30T11:38:05.616+0000] {spark_submit.py:490} INFO - 24/09/30 11:38:05 INFO OutputCommitCoordinator$OutputCommitCoordinatorEndpoint: OutputCommitCoordinator stopped!
[2024-09-30T11:38:05.645+0000] {spark_submit.py:490} INFO - 24/09/30 11:38:05 INFO SparkContext: Successfully stopped SparkContext
[2024-09-30T11:38:05.646+0000] {spark_submit.py:490} INFO - 24/09/30 11:38:05 INFO ShutdownHookManager: Shutdown hook called
[2024-09-30T11:38:05.646+0000] {spark_submit.py:490} INFO - 24/09/30 11:38:05 INFO ShutdownHookManager: Deleting directory /tmp/spark-a10f56f8-8082-4ba7-970d-d26aafbb1842
[2024-09-30T11:38:05.659+0000] {spark_submit.py:490} INFO - 24/09/30 11:38:05 INFO ShutdownHookManager: Deleting directory /tmp/spark-4c4bbe9d-585e-4da0-ab87-df12e22f2a1f
[2024-09-30T11:38:05.671+0000] {spark_submit.py:490} INFO - 24/09/30 11:38:05 INFO ShutdownHookManager: Deleting directory /tmp/spark-4c4bbe9d-585e-4da0-ab87-df12e22f2a1f/pyspark-a64b44c3-a1e2-4211-8839-91457648f646
[2024-09-30T11:38:05.863+0000] {taskinstance.py:1327} INFO - Marking task as SUCCESS. dag_id=get_cases_data, task_id=save_to_warehouse, execution_date=20230107T000000, start_date=20240930T113711, end_date=20240930T113805
[2024-09-30T11:38:05.944+0000] {local_task_job.py:159} INFO - Task exited with return code 0
[2024-09-30T11:38:05.993+0000] {taskinstance.py:2582} INFO - 1 downstream tasks scheduled from follow-on schedule check
