[2024-09-30T11:28:31.210+0000] {taskinstance.py:1087} INFO - Dependencies all met for <TaskInstance: get_cases_data.save_to_warehouse scheduled__2022-12-25T00:00:00+00:00 [queued]>
[2024-09-30T11:28:31.233+0000] {taskinstance.py:1087} INFO - Dependencies all met for <TaskInstance: get_cases_data.save_to_warehouse scheduled__2022-12-25T00:00:00+00:00 [queued]>
[2024-09-30T11:28:31.233+0000] {taskinstance.py:1283} INFO - 
--------------------------------------------------------------------------------
[2024-09-30T11:28:31.234+0000] {taskinstance.py:1284} INFO - Starting attempt 1 of 1
[2024-09-30T11:28:31.234+0000] {taskinstance.py:1285} INFO - 
--------------------------------------------------------------------------------
[2024-09-30T11:28:31.265+0000] {taskinstance.py:1304} INFO - Executing <Task(SparkSubmitOperator): save_to_warehouse> on 2022-12-25 00:00:00+00:00
[2024-09-30T11:28:31.279+0000] {standard_task_runner.py:55} INFO - Started process 2046 to run task
[2024-09-30T11:28:31.288+0000] {standard_task_runner.py:82} INFO - Running: ['***', 'tasks', 'run', 'get_cases_data', 'save_to_warehouse', 'scheduled__2022-12-25T00:00:00+00:00', '--job-id', '20', '--raw', '--subdir', 'DAGS_FOLDER/get_cases_data.py', '--cfg-path', '/tmp/tmpu4696092']
[2024-09-30T11:28:31.291+0000] {standard_task_runner.py:83} INFO - Job 20: Subtask save_to_warehouse
[2024-09-30T11:28:31.422+0000] {task_command.py:389} INFO - Running <TaskInstance: get_cases_data.save_to_warehouse scheduled__2022-12-25T00:00:00+00:00 [running]> on host 774e6edce74f
[2024-09-30T11:28:31.574+0000] {taskinstance.py:1513} INFO - Exporting the following env vars:
AIRFLOW_CTX_DAG_OWNER=***
AIRFLOW_CTX_DAG_ID=get_cases_data
AIRFLOW_CTX_TASK_ID=save_to_warehouse
AIRFLOW_CTX_EXECUTION_DATE=2022-12-25T00:00:00+00:00
AIRFLOW_CTX_TRY_NUMBER=1
AIRFLOW_CTX_DAG_RUN_ID=scheduled__2022-12-25T00:00:00+00:00
[2024-09-30T11:28:31.576+0000] {base.py:73} INFO - Using connection ID 'spark_connection' for task execution.
[2024-09-30T11:28:31.578+0000] {spark_submit.py:339} INFO - Spark-Submit cmd: spark-submit --master spark://spark-master:7077 --name save_to_warehouse --verbose /usr/local/spark/app/save_to_warehouse.py
[2024-09-30T11:28:33.635+0000] {spark_submit.py:490} INFO - Using properties file: null
[2024-09-30T11:28:33.899+0000] {spark_submit.py:490} INFO - WARNING: An illegal reflective access operation has occurred
[2024-09-30T11:28:33.900+0000] {spark_submit.py:490} INFO - WARNING: Illegal reflective access by org.apache.spark.unsafe.Platform (file:/home/***/.local/lib/python3.7/site-packages/pyspark/jars/spark-unsafe_2.12-3.1.3.jar) to constructor java.nio.DirectByteBuffer(long,int)
[2024-09-30T11:28:33.900+0000] {spark_submit.py:490} INFO - WARNING: Please consider reporting this to the maintainers of org.apache.spark.unsafe.Platform
[2024-09-30T11:28:33.900+0000] {spark_submit.py:490} INFO - WARNING: Use --illegal-access=warn to enable warnings of further illegal reflective access operations
[2024-09-30T11:28:33.900+0000] {spark_submit.py:490} INFO - WARNING: All illegal access operations will be denied in a future release
[2024-09-30T11:28:33.994+0000] {spark_submit.py:490} INFO - Parsed arguments:
[2024-09-30T11:28:33.995+0000] {spark_submit.py:490} INFO - master                  spark://spark-master:7077
[2024-09-30T11:28:33.995+0000] {spark_submit.py:490} INFO - deployMode              null
[2024-09-30T11:28:33.995+0000] {spark_submit.py:490} INFO - executorMemory          null
[2024-09-30T11:28:33.995+0000] {spark_submit.py:490} INFO - executorCores           null
[2024-09-30T11:28:33.995+0000] {spark_submit.py:490} INFO - totalExecutorCores      null
[2024-09-30T11:28:33.995+0000] {spark_submit.py:490} INFO - propertiesFile          null
[2024-09-30T11:28:33.996+0000] {spark_submit.py:490} INFO - driverMemory            null
[2024-09-30T11:28:33.996+0000] {spark_submit.py:490} INFO - driverCores             null
[2024-09-30T11:28:33.996+0000] {spark_submit.py:490} INFO - driverExtraClassPath    null
[2024-09-30T11:28:33.996+0000] {spark_submit.py:490} INFO - driverExtraLibraryPath  null
[2024-09-30T11:28:33.996+0000] {spark_submit.py:490} INFO - driverExtraJavaOptions  null
[2024-09-30T11:28:33.996+0000] {spark_submit.py:490} INFO - supervise               false
[2024-09-30T11:28:33.996+0000] {spark_submit.py:490} INFO - queue                   null
[2024-09-30T11:28:33.996+0000] {spark_submit.py:490} INFO - numExecutors            null
[2024-09-30T11:28:33.996+0000] {spark_submit.py:490} INFO - files                   null
[2024-09-30T11:28:33.997+0000] {spark_submit.py:490} INFO - pyFiles                 null
[2024-09-30T11:28:33.997+0000] {spark_submit.py:490} INFO - archives                null
[2024-09-30T11:28:33.997+0000] {spark_submit.py:490} INFO - mainClass               null
[2024-09-30T11:28:33.997+0000] {spark_submit.py:490} INFO - primaryResource         file:/usr/local/spark/app/save_to_warehouse.py
[2024-09-30T11:28:33.997+0000] {spark_submit.py:490} INFO - name                    save_to_warehouse
[2024-09-30T11:28:33.997+0000] {spark_submit.py:490} INFO - childArgs               []
[2024-09-30T11:28:34.000+0000] {spark_submit.py:490} INFO - jars                    null
[2024-09-30T11:28:34.000+0000] {spark_submit.py:490} INFO - packages                null
[2024-09-30T11:28:34.000+0000] {spark_submit.py:490} INFO - packagesExclusions      null
[2024-09-30T11:28:34.000+0000] {spark_submit.py:490} INFO - repositories            null
[2024-09-30T11:28:34.000+0000] {spark_submit.py:490} INFO - verbose                 true
[2024-09-30T11:28:34.000+0000] {spark_submit.py:490} INFO - 
[2024-09-30T11:28:34.000+0000] {spark_submit.py:490} INFO - Spark properties used, including those specified through
[2024-09-30T11:28:34.000+0000] {spark_submit.py:490} INFO - --conf and those from the properties file null:
[2024-09-30T11:28:34.000+0000] {spark_submit.py:490} INFO - 
[2024-09-30T11:28:34.001+0000] {spark_submit.py:490} INFO - 
[2024-09-30T11:28:34.001+0000] {spark_submit.py:490} INFO - 
[2024-09-30T11:28:34.598+0000] {spark_submit.py:490} INFO - 24/09/30 11:28:34 WARN NativeCodeLoader: Unable to load native-hadoop library for your platform... using builtin-java classes where applicable
[2024-09-30T11:28:34.922+0000] {spark_submit.py:490} INFO - Main class:
[2024-09-30T11:28:34.924+0000] {spark_submit.py:490} INFO - org.apache.spark.deploy.PythonRunner
[2024-09-30T11:28:34.926+0000] {spark_submit.py:490} INFO - Arguments:
[2024-09-30T11:28:34.926+0000] {spark_submit.py:490} INFO - file:/usr/local/spark/app/save_to_warehouse.py
[2024-09-30T11:28:34.926+0000] {spark_submit.py:490} INFO - null
[2024-09-30T11:28:34.931+0000] {spark_submit.py:490} INFO - Spark config:
[2024-09-30T11:28:34.931+0000] {spark_submit.py:490} INFO - (spark.app.name,save_to_warehouse)
[2024-09-30T11:28:34.932+0000] {spark_submit.py:490} INFO - (spark.master,spark://spark-master:7077)
[2024-09-30T11:28:34.932+0000] {spark_submit.py:490} INFO - (spark.submit.pyFiles,)
[2024-09-30T11:28:34.934+0000] {spark_submit.py:490} INFO - (spark.submit.deployMode,client)
[2024-09-30T11:28:34.935+0000] {spark_submit.py:490} INFO - Classpath elements:
[2024-09-30T11:28:34.935+0000] {spark_submit.py:490} INFO - 
[2024-09-30T11:28:34.935+0000] {spark_submit.py:490} INFO - 
[2024-09-30T11:28:34.935+0000] {spark_submit.py:490} INFO - 
[2024-09-30T11:28:36.167+0000] {spark_submit.py:490} INFO - Using Spark's default log4j profile: org/apache/spark/log4j-defaults.properties
[2024-09-30T11:28:36.193+0000] {spark_submit.py:490} INFO - 24/09/30 11:28:36 INFO SparkContext: Running Spark version 3.1.3
[2024-09-30T11:28:36.272+0000] {spark_submit.py:490} INFO - 24/09/30 11:28:36 INFO ResourceUtils: ==============================================================
[2024-09-30T11:28:36.273+0000] {spark_submit.py:490} INFO - 24/09/30 11:28:36 INFO ResourceUtils: No custom resources configured for spark.driver.
[2024-09-30T11:28:36.273+0000] {spark_submit.py:490} INFO - 24/09/30 11:28:36 INFO ResourceUtils: ==============================================================
[2024-09-30T11:28:36.275+0000] {spark_submit.py:490} INFO - 24/09/30 11:28:36 INFO SparkContext: Submitted application: save_to_warehouse
[2024-09-30T11:28:36.316+0000] {spark_submit.py:490} INFO - 24/09/30 11:28:36 INFO ResourceProfile: Default ResourceProfile created, executor resources: Map(cores -> name: cores, amount: 1, script: , vendor: , memory -> name: memory, amount: 1024, script: , vendor: , offHeap -> name: offHeap, amount: 0, script: , vendor: ), task resources: Map(cpus -> name: cpus, amount: 1.0)
[2024-09-30T11:28:36.338+0000] {spark_submit.py:490} INFO - 24/09/30 11:28:36 INFO ResourceProfile: Limiting resource is cpu
[2024-09-30T11:28:36.338+0000] {spark_submit.py:490} INFO - 24/09/30 11:28:36 INFO ResourceProfileManager: Added ResourceProfile id: 0
[2024-09-30T11:28:36.435+0000] {spark_submit.py:490} INFO - 24/09/30 11:28:36 INFO SecurityManager: Changing view acls to: default
[2024-09-30T11:28:36.436+0000] {spark_submit.py:490} INFO - 24/09/30 11:28:36 INFO SecurityManager: Changing modify acls to: default
[2024-09-30T11:28:36.436+0000] {spark_submit.py:490} INFO - 24/09/30 11:28:36 INFO SecurityManager: Changing view acls groups to:
[2024-09-30T11:28:36.436+0000] {spark_submit.py:490} INFO - 24/09/30 11:28:36 INFO SecurityManager: Changing modify acls groups to:
[2024-09-30T11:28:36.436+0000] {spark_submit.py:490} INFO - 24/09/30 11:28:36 INFO SecurityManager: SecurityManager: authentication disabled; ui acls disabled; users  with view permissions: Set(default); groups with view permissions: Set(); users  with modify permissions: Set(default); groups with modify permissions: Set()
[2024-09-30T11:28:36.775+0000] {spark_submit.py:490} INFO - 24/09/30 11:28:36 INFO Utils: Successfully started service 'sparkDriver' on port 35395.
[2024-09-30T11:28:36.813+0000] {spark_submit.py:490} INFO - 24/09/30 11:28:36 INFO SparkEnv: Registering MapOutputTracker
[2024-09-30T11:28:36.863+0000] {spark_submit.py:490} INFO - 24/09/30 11:28:36 INFO SparkEnv: Registering BlockManagerMaster
[2024-09-30T11:28:36.895+0000] {spark_submit.py:490} INFO - 24/09/30 11:28:36 INFO BlockManagerMasterEndpoint: Using org.apache.spark.storage.DefaultTopologyMapper for getting topology information
[2024-09-30T11:28:36.896+0000] {spark_submit.py:490} INFO - 24/09/30 11:28:36 INFO BlockManagerMasterEndpoint: BlockManagerMasterEndpoint up
[2024-09-30T11:28:36.903+0000] {spark_submit.py:490} INFO - 24/09/30 11:28:36 INFO SparkEnv: Registering BlockManagerMasterHeartbeat
[2024-09-30T11:28:36.926+0000] {spark_submit.py:490} INFO - 24/09/30 11:28:36 INFO DiskBlockManager: Created local directory at /tmp/blockmgr-eab9a97e-0ddb-4856-9542-d92e308089ea
[2024-09-30T11:28:36.960+0000] {spark_submit.py:490} INFO - 24/09/30 11:28:36 INFO MemoryStore: MemoryStore started with capacity 434.4 MiB
[2024-09-30T11:28:36.991+0000] {spark_submit.py:490} INFO - 24/09/30 11:28:36 INFO SparkEnv: Registering OutputCommitCoordinator
[2024-09-30T11:28:37.361+0000] {spark_submit.py:490} INFO - 24/09/30 11:28:37 WARN Utils: Service 'SparkUI' could not bind on port 4040. Attempting port 4041.
[2024-09-30T11:28:37.373+0000] {spark_submit.py:490} INFO - 24/09/30 11:28:37 INFO Utils: Successfully started service 'SparkUI' on port 4041.
[2024-09-30T11:28:37.501+0000] {spark_submit.py:490} INFO - 24/09/30 11:28:37 INFO SparkUI: Bound SparkUI to 0.0.0.0, and started at http://774e6edce74f:4041
[2024-09-30T11:28:37.981+0000] {spark_submit.py:490} INFO - 24/09/30 11:28:37 INFO StandaloneAppClient$ClientEndpoint: Connecting to master spark://spark-master:7077...
[2024-09-30T11:28:38.078+0000] {spark_submit.py:490} INFO - 24/09/30 11:28:38 INFO TransportClientFactory: Successfully created connection to spark-master/172.18.0.5:7077 after 48 ms (0 ms spent in bootstraps)
[2024-09-30T11:28:38.266+0000] {spark_submit.py:490} INFO - 24/09/30 11:28:38 INFO StandaloneSchedulerBackend: Connected to Spark cluster with app ID app-20240930112838-0011
[2024-09-30T11:28:38.276+0000] {spark_submit.py:490} INFO - 24/09/30 11:28:38 INFO Utils: Successfully started service 'org.apache.spark.network.netty.NettyBlockTransferService' on port 36489.
[2024-09-30T11:28:38.276+0000] {spark_submit.py:490} INFO - 24/09/30 11:28:38 INFO NettyBlockTransferService: Server created on 774e6edce74f:36489
[2024-09-30T11:28:38.281+0000] {spark_submit.py:490} INFO - 24/09/30 11:28:38 INFO BlockManager: Using org.apache.spark.storage.RandomBlockReplicationPolicy for block replication policy
[2024-09-30T11:28:38.290+0000] {spark_submit.py:490} INFO - 24/09/30 11:28:38 INFO BlockManagerMaster: Registering BlockManager BlockManagerId(driver, 774e6edce74f, 36489, None)
[2024-09-30T11:28:38.298+0000] {spark_submit.py:490} INFO - 24/09/30 11:28:38 INFO BlockManagerMasterEndpoint: Registering block manager 774e6edce74f:36489 with 434.4 MiB RAM, BlockManagerId(driver, 774e6edce74f, 36489, None)
[2024-09-30T11:28:38.302+0000] {spark_submit.py:490} INFO - 24/09/30 11:28:38 INFO BlockManagerMaster: Registered BlockManager BlockManagerId(driver, 774e6edce74f, 36489, None)
[2024-09-30T11:28:38.304+0000] {spark_submit.py:490} INFO - 24/09/30 11:28:38 INFO BlockManager: Initialized BlockManager: BlockManagerId(driver, 774e6edce74f, 36489, None)
[2024-09-30T11:28:38.676+0000] {spark_submit.py:490} INFO - 24/09/30 11:28:38 INFO StandaloneSchedulerBackend: SchedulerBackend is ready for scheduling beginning after reached minRegisteredResourcesRatio: 0.0
[2024-09-30T11:28:39.234+0000] {spark_submit.py:490} INFO - 24/09/30 11:28:39 INFO SharedState: Setting hive.metastore.warehouse.dir ('null') to the value of spark.sql.warehouse.dir ('/user/hive/warehouse').
[2024-09-30T11:28:39.235+0000] {spark_submit.py:490} INFO - 24/09/30 11:28:39 INFO SharedState: Warehouse path is '/user/hive/warehouse'.
[2024-09-30T11:28:41.477+0000] {spark_submit.py:490} INFO - 24/09/30 11:28:41 INFO InMemoryFileIndex: It took 228 ms to list leaf files for 1 paths.
[2024-09-30T11:28:42.381+0000] {spark_submit.py:490} INFO - 24/09/30 11:28:42 INFO SparkContext: Starting job: parquet at NativeMethodAccessorImpl.java:0
[2024-09-30T11:28:42.416+0000] {spark_submit.py:490} INFO - 24/09/30 11:28:42 INFO DAGScheduler: Got job 0 (parquet at NativeMethodAccessorImpl.java:0) with 1 output partitions
[2024-09-30T11:28:42.419+0000] {spark_submit.py:490} INFO - 24/09/30 11:28:42 INFO DAGScheduler: Final stage: ResultStage 0 (parquet at NativeMethodAccessorImpl.java:0)
[2024-09-30T11:28:42.421+0000] {spark_submit.py:490} INFO - 24/09/30 11:28:42 INFO DAGScheduler: Parents of final stage: List()
[2024-09-30T11:28:42.424+0000] {spark_submit.py:490} INFO - 24/09/30 11:28:42 INFO DAGScheduler: Missing parents: List()
[2024-09-30T11:28:42.442+0000] {spark_submit.py:490} INFO - 24/09/30 11:28:42 INFO DAGScheduler: Submitting ResultStage 0 (MapPartitionsRDD[1] at parquet at NativeMethodAccessorImpl.java:0), which has no missing parents
[2024-09-30T11:28:42.538+0000] {spark_submit.py:490} INFO - 24/09/30 11:28:42 INFO MemoryStore: Block broadcast_0 stored as values in memory (estimated size 84.0 KiB, free 434.3 MiB)
[2024-09-30T11:28:42.591+0000] {spark_submit.py:490} INFO - 24/09/30 11:28:42 INFO MemoryStore: Block broadcast_0_piece0 stored as bytes in memory (estimated size 29.8 KiB, free 434.3 MiB)
[2024-09-30T11:28:42.597+0000] {spark_submit.py:490} INFO - 24/09/30 11:28:42 INFO BlockManagerInfo: Added broadcast_0_piece0 in memory on 774e6edce74f:36489 (size: 29.8 KiB, free: 434.4 MiB)
[2024-09-30T11:28:42.606+0000] {spark_submit.py:490} INFO - 24/09/30 11:28:42 INFO SparkContext: Created broadcast 0 from broadcast at DAGScheduler.scala:1433
[2024-09-30T11:28:42.647+0000] {spark_submit.py:490} INFO - 24/09/30 11:28:42 INFO DAGScheduler: Submitting 1 missing tasks from ResultStage 0 (MapPartitionsRDD[1] at parquet at NativeMethodAccessorImpl.java:0) (first 15 tasks are for partitions Vector(0))
[2024-09-30T11:28:42.649+0000] {spark_submit.py:490} INFO - 24/09/30 11:28:42 INFO TaskSchedulerImpl: Adding task set 0.0 with 1 tasks resource profile 0
[2024-09-30T11:28:57.698+0000] {spark_submit.py:490} INFO - 24/09/30 11:28:57 WARN TaskSchedulerImpl: Initial job has not accepted any resources; check your cluster UI to ensure that workers are registered and have sufficient resources
[2024-09-30T11:29:08.595+0000] {spark_submit.py:490} INFO - 24/09/30 11:29:08 INFO StandaloneAppClient$ClientEndpoint: Executor added: app-20240930112838-0011/0 on worker-20240930112313-172.18.0.7-33165 (172.18.0.7:33165) with 4 core(s)
[2024-09-30T11:29:08.606+0000] {spark_submit.py:490} INFO - 24/09/30 11:29:08 INFO StandaloneSchedulerBackend: Granted executor ID app-20240930112838-0011/0 on hostPort 172.18.0.7:33165 with 4 core(s), 1024.0 MiB RAM
[2024-09-30T11:29:08.721+0000] {spark_submit.py:490} INFO - 24/09/30 11:29:08 INFO StandaloneAppClient$ClientEndpoint: Executor updated: app-20240930112838-0011/0 is now RUNNING
[2024-09-30T11:29:12.698+0000] {spark_submit.py:490} INFO - 24/09/30 11:29:12 WARN TaskSchedulerImpl: Initial job has not accepted any resources; check your cluster UI to ensure that workers are registered and have sufficient resources
[2024-09-30T11:29:14.536+0000] {spark_submit.py:490} INFO - 24/09/30 11:29:14 INFO CoarseGrainedSchedulerBackend$DriverEndpoint: Registered executor NettyRpcEndpointRef(spark-client://Executor) (172.18.0.7:42628) with ID 0,  ResourceProfileId 0
[2024-09-30T11:29:14.778+0000] {spark_submit.py:490} INFO - 24/09/30 11:29:14 INFO BlockManagerMasterEndpoint: Registering block manager 172.18.0.7:45823 with 434.4 MiB RAM, BlockManagerId(0, 172.18.0.7, 45823, None)
[2024-09-30T11:29:15.026+0000] {spark_submit.py:490} INFO - 24/09/30 11:29:15 INFO TaskSetManager: Starting task 0.0 in stage 0.0 (TID 0) (172.18.0.7, executor 0, partition 0, PROCESS_LOCAL, 4732 bytes) taskResourceAssignments Map()
[2024-09-30T11:29:15.539+0000] {spark_submit.py:490} INFO - 24/09/30 11:29:15 INFO BlockManagerInfo: Added broadcast_0_piece0 in memory on 172.18.0.7:45823 (size: 29.8 KiB, free: 434.4 MiB)
[2024-09-30T11:29:17.527+0000] {spark_submit.py:490} INFO - 24/09/30 11:29:17 INFO TaskSetManager: Finished task 0.0 in stage 0.0 (TID 0) in 2555 ms on 172.18.0.7 (executor 0) (1/1)
[2024-09-30T11:29:17.533+0000] {spark_submit.py:490} INFO - 24/09/30 11:29:17 INFO TaskSchedulerImpl: Removed TaskSet 0.0, whose tasks have all completed, from pool
[2024-09-30T11:29:17.542+0000] {spark_submit.py:490} INFO - 24/09/30 11:29:17 INFO DAGScheduler: ResultStage 0 (parquet at NativeMethodAccessorImpl.java:0) finished in 35.071 s
[2024-09-30T11:29:17.550+0000] {spark_submit.py:490} INFO - 24/09/30 11:29:17 INFO DAGScheduler: Job 0 is finished. Cancelling potential speculative or zombie tasks for this job
[2024-09-30T11:29:17.551+0000] {spark_submit.py:490} INFO - 24/09/30 11:29:17 INFO TaskSchedulerImpl: Killing all running tasks in stage 0: Stage finished
[2024-09-30T11:29:17.564+0000] {spark_submit.py:490} INFO - 24/09/30 11:29:17 INFO DAGScheduler: Job 0 finished: parquet at NativeMethodAccessorImpl.java:0, took 35.176520 s
[2024-09-30T11:29:18.709+0000] {spark_submit.py:490} INFO - 24/09/30 11:29:18 INFO BlockManagerInfo: Removed broadcast_0_piece0 on 774e6edce74f:36489 in memory (size: 29.8 KiB, free: 434.4 MiB)
[2024-09-30T11:29:18.709+0000] {spark_submit.py:490} INFO - 24/09/30 11:29:18 INFO BlockManagerInfo: Removed broadcast_0_piece0 on 172.18.0.7:45823 in memory (size: 29.8 KiB, free: 434.4 MiB)
[2024-09-30T11:29:19.870+0000] {spark_submit.py:490} INFO - 24/09/30 11:29:19 INFO HiveConf: Found configuration file null
[2024-09-30T11:29:19.888+0000] {spark_submit.py:490} INFO - 24/09/30 11:29:19 INFO HiveUtils: Initializing HiveMetastoreConnection version 2.3.7 using Spark classes.
[2024-09-30T11:29:20.445+0000] {spark_submit.py:490} INFO - 24/09/30 11:29:20 INFO SessionState: Created HDFS directory: hdfs://namenode:8020/opt/hive/scratch_dir/default/1b8b30ba-9ff4-4a88-9ef9-74c8cde3bec5
[2024-09-30T11:29:20.463+0000] {spark_submit.py:490} INFO - 24/09/30 11:29:20 INFO SessionState: Created local directory: /tmp/default/1b8b30ba-9ff4-4a88-9ef9-74c8cde3bec5
[2024-09-30T11:29:20.473+0000] {spark_submit.py:490} INFO - 24/09/30 11:29:20 INFO SessionState: Created HDFS directory: hdfs://namenode:8020/opt/hive/scratch_dir/default/1b8b30ba-9ff4-4a88-9ef9-74c8cde3bec5/_tmp_space.db
[2024-09-30T11:29:20.488+0000] {spark_submit.py:490} INFO - 24/09/30 11:29:20 INFO HiveClientImpl: Warehouse location for Hive client (version 2.3.7) is /user/hive/warehouse
[2024-09-30T11:29:21.063+0000] {spark_submit.py:490} INFO - 24/09/30 11:29:21 INFO metastore: Trying to connect to metastore with URI thrift://hive-metastore:9083
[2024-09-30T11:29:21.096+0000] {spark_submit.py:490} INFO - 24/09/30 11:29:21 INFO metastore: Opened a connection to metastore, current connections: 1
[2024-09-30T11:29:21.138+0000] {spark_submit.py:490} INFO - 24/09/30 11:29:21 INFO metastore: Connected to metastore.
[2024-09-30T11:29:22.699+0000] {spark_submit.py:490} INFO - 24/09/30 11:29:22 INFO CodeGenerator: Code generated in 321.945508 ms
[2024-09-30T11:29:23.495+0000] {spark_submit.py:490} INFO - 24/09/30 11:29:23 INFO CodeGenerator: Code generated in 20.596341 ms
[2024-09-30T11:29:23.571+0000] {spark_submit.py:490} INFO - 24/09/30 11:29:23 INFO SparkContext: Starting job: hasNext at NativeMethodAccessorImpl.java:0
[2024-09-30T11:29:23.574+0000] {spark_submit.py:490} INFO - 24/09/30 11:29:23 INFO DAGScheduler: Got job 1 (hasNext at NativeMethodAccessorImpl.java:0) with 1 output partitions
[2024-09-30T11:29:23.574+0000] {spark_submit.py:490} INFO - 24/09/30 11:29:23 INFO DAGScheduler: Final stage: ResultStage 1 (hasNext at NativeMethodAccessorImpl.java:0)
[2024-09-30T11:29:23.576+0000] {spark_submit.py:490} INFO - 24/09/30 11:29:23 INFO DAGScheduler: Parents of final stage: List()
[2024-09-30T11:29:23.576+0000] {spark_submit.py:490} INFO - 24/09/30 11:29:23 INFO DAGScheduler: Missing parents: List()
[2024-09-30T11:29:23.577+0000] {spark_submit.py:490} INFO - 24/09/30 11:29:23 INFO DAGScheduler: Submitting ResultStage 1 (MapPartitionsRDD[5] at toLocalIterator at NativeMethodAccessorImpl.java:0), which has no missing parents
[2024-09-30T11:29:23.586+0000] {spark_submit.py:490} INFO - 24/09/30 11:29:23 INFO MemoryStore: Block broadcast_1 stored as values in memory (estimated size 4.6 KiB, free 434.4 MiB)
[2024-09-30T11:29:23.591+0000] {spark_submit.py:490} INFO - 24/09/30 11:29:23 INFO MemoryStore: Block broadcast_1_piece0 stored as bytes in memory (estimated size 2.5 KiB, free 434.4 MiB)
[2024-09-30T11:29:23.596+0000] {spark_submit.py:490} INFO - 24/09/30 11:29:23 INFO BlockManagerInfo: Added broadcast_1_piece0 in memory on 774e6edce74f:36489 (size: 2.5 KiB, free: 434.4 MiB)
[2024-09-30T11:29:23.598+0000] {spark_submit.py:490} INFO - 24/09/30 11:29:23 INFO SparkContext: Created broadcast 1 from broadcast at DAGScheduler.scala:1433
[2024-09-30T11:29:23.600+0000] {spark_submit.py:490} INFO - 24/09/30 11:29:23 INFO DAGScheduler: Submitting 1 missing tasks from ResultStage 1 (MapPartitionsRDD[5] at toLocalIterator at NativeMethodAccessorImpl.java:0) (first 15 tasks are for partitions Vector(0))
[2024-09-30T11:29:23.600+0000] {spark_submit.py:490} INFO - 24/09/30 11:29:23 INFO TaskSchedulerImpl: Adding task set 1.0 with 1 tasks resource profile 0
[2024-09-30T11:29:23.611+0000] {spark_submit.py:490} INFO - 24/09/30 11:29:23 INFO TaskSetManager: Starting task 0.0 in stage 1.0 (TID 1) (172.18.0.7, executor 0, partition 0, PROCESS_LOCAL, 4713 bytes) taskResourceAssignments Map()
[2024-09-30T11:29:23.738+0000] {spark_submit.py:490} INFO - 24/09/30 11:29:23 INFO BlockManagerInfo: Added broadcast_1_piece0 in memory on 172.18.0.7:45823 (size: 2.5 KiB, free: 434.4 MiB)
[2024-09-30T11:29:23.900+0000] {spark_submit.py:490} INFO - 24/09/30 11:29:23 INFO TaskSetManager: Finished task 0.0 in stage 1.0 (TID 1) in 295 ms on 172.18.0.7 (executor 0) (1/1)
[2024-09-30T11:29:23.900+0000] {spark_submit.py:490} INFO - 24/09/30 11:29:23 INFO TaskSchedulerImpl: Removed TaskSet 1.0, whose tasks have all completed, from pool
[2024-09-30T11:29:23.903+0000] {spark_submit.py:490} INFO - 24/09/30 11:29:23 INFO DAGScheduler: ResultStage 1 (hasNext at NativeMethodAccessorImpl.java:0) finished in 0.323 s
[2024-09-30T11:29:23.904+0000] {spark_submit.py:490} INFO - 24/09/30 11:29:23 INFO DAGScheduler: Job 1 is finished. Cancelling potential speculative or zombie tasks for this job
[2024-09-30T11:29:23.904+0000] {spark_submit.py:490} INFO - 24/09/30 11:29:23 INFO TaskSchedulerImpl: Killing all running tasks in stage 1: Stage finished
[2024-09-30T11:29:23.906+0000] {spark_submit.py:490} INFO - 24/09/30 11:29:23 INFO DAGScheduler: Job 1 finished: hasNext at NativeMethodAccessorImpl.java:0, took 0.334428 s
[2024-09-30T11:29:23.996+0000] {spark_submit.py:490} INFO - 24/09/30 11:29:23 INFO CodeGenerator: Code generated in 55.749004 ms
[2024-09-30T11:29:24.470+0000] {spark_submit.py:490} INFO - 24/09/30 11:29:24 INFO DataSourceStrategy: Pruning directories with:
[2024-09-30T11:29:24.472+0000] {spark_submit.py:490} INFO - 24/09/30 11:29:24 INFO FileSourceStrategy: Pushed Filters:
[2024-09-30T11:29:24.475+0000] {spark_submit.py:490} INFO - 24/09/30 11:29:24 INFO FileSourceStrategy: Post-Scan Filters:
[2024-09-30T11:29:24.478+0000] {spark_submit.py:490} INFO - 24/09/30 11:29:24 INFO FileSourceStrategy: Output Data Schema: struct<collection_id: string, new_positive_cases: int, collection_date: timestamp ... 1 more fields>
[2024-09-30T11:29:24.705+0000] {spark_submit.py:490} INFO - 24/09/30 11:29:24 INFO ParquetFileFormat: Using default output committer for Parquet: org.apache.parquet.hadoop.ParquetOutputCommitter
[2024-09-30T11:29:24.716+0000] {spark_submit.py:490} INFO - 24/09/30 11:29:24 INFO BlockManagerInfo: Removed broadcast_1_piece0 on 774e6edce74f:36489 in memory (size: 2.5 KiB, free: 434.4 MiB)
[2024-09-30T11:29:24.728+0000] {spark_submit.py:490} INFO - 24/09/30 11:29:24 INFO BlockManagerInfo: Removed broadcast_1_piece0 on 172.18.0.7:45823 in memory (size: 2.5 KiB, free: 434.4 MiB)
[2024-09-30T11:29:24.796+0000] {spark_submit.py:490} INFO - 24/09/30 11:29:24 INFO FileOutputCommitter: File Output Committer Algorithm version is 1
[2024-09-30T11:29:24.797+0000] {spark_submit.py:490} INFO - 24/09/30 11:29:24 INFO FileOutputCommitter: FileOutputCommitter skip cleanup _temporary folders under output directory:false, ignore cleanup failures: false
[2024-09-30T11:29:24.798+0000] {spark_submit.py:490} INFO - 24/09/30 11:29:24 INFO SQLHadoopMapReduceCommitProtocol: Using user defined output committer class org.apache.parquet.hadoop.ParquetOutputCommitter
[2024-09-30T11:29:24.799+0000] {spark_submit.py:490} INFO - 24/09/30 11:29:24 INFO FileOutputCommitter: File Output Committer Algorithm version is 1
[2024-09-30T11:29:24.799+0000] {spark_submit.py:490} INFO - 24/09/30 11:29:24 INFO FileOutputCommitter: FileOutputCommitter skip cleanup _temporary folders under output directory:false, ignore cleanup failures: false
[2024-09-30T11:29:24.801+0000] {spark_submit.py:490} INFO - 24/09/30 11:29:24 INFO SQLHadoopMapReduceCommitProtocol: Using output committer class org.apache.parquet.hadoop.ParquetOutputCommitter
[2024-09-30T11:29:24.999+0000] {spark_submit.py:490} INFO - 24/09/30 11:29:24 INFO CodeGenerator: Code generated in 75.785786 ms
[2024-09-30T11:29:25.028+0000] {spark_submit.py:490} INFO - 24/09/30 11:29:25 INFO MemoryStore: Block broadcast_2 stored as values in memory (estimated size 177.0 KiB, free 434.2 MiB)
[2024-09-30T11:29:25.042+0000] {spark_submit.py:490} INFO - 24/09/30 11:29:25 INFO MemoryStore: Block broadcast_2_piece0 stored as bytes in memory (estimated size 28.3 KiB, free 434.2 MiB)
[2024-09-30T11:29:25.045+0000] {spark_submit.py:490} INFO - 24/09/30 11:29:25 INFO BlockManagerInfo: Added broadcast_2_piece0 in memory on 774e6edce74f:36489 (size: 28.3 KiB, free: 434.4 MiB)
[2024-09-30T11:29:25.047+0000] {spark_submit.py:490} INFO - 24/09/30 11:29:25 INFO SparkContext: Created broadcast 2 from saveAsTable at NativeMethodAccessorImpl.java:0
[2024-09-30T11:29:25.066+0000] {spark_submit.py:490} INFO - 24/09/30 11:29:25 INFO FileSourceScanExec: Planning scan with bin packing, max size: 4194304 bytes, open cost is considered as scanning 4194304 bytes.
[2024-09-30T11:29:25.173+0000] {spark_submit.py:490} INFO - 24/09/30 11:29:25 INFO SparkContext: Starting job: saveAsTable at NativeMethodAccessorImpl.java:0
[2024-09-30T11:29:25.178+0000] {spark_submit.py:490} INFO - 24/09/30 11:29:25 INFO DAGScheduler: Got job 2 (saveAsTable at NativeMethodAccessorImpl.java:0) with 1 output partitions
[2024-09-30T11:29:25.179+0000] {spark_submit.py:490} INFO - 24/09/30 11:29:25 INFO DAGScheduler: Final stage: ResultStage 2 (saveAsTable at NativeMethodAccessorImpl.java:0)
[2024-09-30T11:29:25.180+0000] {spark_submit.py:490} INFO - 24/09/30 11:29:25 INFO DAGScheduler: Parents of final stage: List()
[2024-09-30T11:29:25.180+0000] {spark_submit.py:490} INFO - 24/09/30 11:29:25 INFO DAGScheduler: Missing parents: List()
[2024-09-30T11:29:25.180+0000] {spark_submit.py:490} INFO - 24/09/30 11:29:25 INFO DAGScheduler: Submitting ResultStage 2 (MapPartitionsRDD[10] at saveAsTable at NativeMethodAccessorImpl.java:0), which has no missing parents
[2024-09-30T11:29:25.316+0000] {spark_submit.py:490} INFO - 24/09/30 11:29:25 INFO MemoryStore: Block broadcast_3 stored as values in memory (estimated size 182.8 KiB, free 434.0 MiB)
[2024-09-30T11:29:25.328+0000] {spark_submit.py:490} INFO - 24/09/30 11:29:25 INFO MemoryStore: Block broadcast_3_piece0 stored as bytes in memory (estimated size 65.6 KiB, free 434.0 MiB)
[2024-09-30T11:29:25.328+0000] {spark_submit.py:490} INFO - 24/09/30 11:29:25 INFO BlockManagerInfo: Added broadcast_3_piece0 in memory on 774e6edce74f:36489 (size: 65.6 KiB, free: 434.3 MiB)
[2024-09-30T11:29:25.331+0000] {spark_submit.py:490} INFO - 24/09/30 11:29:25 INFO SparkContext: Created broadcast 3 from broadcast at DAGScheduler.scala:1433
[2024-09-30T11:29:25.332+0000] {spark_submit.py:490} INFO - 24/09/30 11:29:25 INFO DAGScheduler: Submitting 1 missing tasks from ResultStage 2 (MapPartitionsRDD[10] at saveAsTable at NativeMethodAccessorImpl.java:0) (first 15 tasks are for partitions Vector(0))
[2024-09-30T11:29:25.332+0000] {spark_submit.py:490} INFO - 24/09/30 11:29:25 INFO TaskSchedulerImpl: Adding task set 2.0 with 1 tasks resource profile 0
[2024-09-30T11:29:25.347+0000] {spark_submit.py:490} INFO - 24/09/30 11:29:25 INFO TaskSetManager: Starting task 0.0 in stage 2.0 (TID 2) (172.18.0.7, executor 0, partition 0, ANY, 5048 bytes) taskResourceAssignments Map()
[2024-09-30T11:29:25.430+0000] {spark_submit.py:490} INFO - 24/09/30 11:29:25 INFO BlockManagerInfo: Added broadcast_3_piece0 in memory on 172.18.0.7:45823 (size: 65.6 KiB, free: 434.3 MiB)
[2024-09-30T11:29:27.140+0000] {spark_submit.py:490} INFO - 24/09/30 11:29:27 INFO BlockManagerInfo: Added broadcast_2_piece0 in memory on 172.18.0.7:45823 (size: 28.3 KiB, free: 434.3 MiB)
[2024-09-30T11:29:28.531+0000] {spark_submit.py:490} INFO - 24/09/30 11:29:28 INFO TaskSetManager: Finished task 0.0 in stage 2.0 (TID 2) in 3184 ms on 172.18.0.7 (executor 0) (1/1)
[2024-09-30T11:29:28.532+0000] {spark_submit.py:490} INFO - 24/09/30 11:29:28 INFO TaskSchedulerImpl: Removed TaskSet 2.0, whose tasks have all completed, from pool
[2024-09-30T11:29:28.533+0000] {spark_submit.py:490} INFO - 24/09/30 11:29:28 INFO DAGScheduler: ResultStage 2 (saveAsTable at NativeMethodAccessorImpl.java:0) finished in 3.344 s
[2024-09-30T11:29:28.534+0000] {spark_submit.py:490} INFO - 24/09/30 11:29:28 INFO DAGScheduler: Job 2 is finished. Cancelling potential speculative or zombie tasks for this job
[2024-09-30T11:29:28.534+0000] {spark_submit.py:490} INFO - 24/09/30 11:29:28 INFO TaskSchedulerImpl: Killing all running tasks in stage 2: Stage finished
[2024-09-30T11:29:28.538+0000] {spark_submit.py:490} INFO - 24/09/30 11:29:28 INFO DAGScheduler: Job 2 finished: saveAsTable at NativeMethodAccessorImpl.java:0, took 3.363961 s
[2024-09-30T11:29:28.671+0000] {spark_submit.py:490} INFO - 24/09/30 11:29:28 INFO FileFormatWriter: Write Job 92021456-051f-4f31-a437-7bf277fe23e9 committed.
[2024-09-30T11:29:28.676+0000] {spark_submit.py:490} INFO - 24/09/30 11:29:28 INFO FileFormatWriter: Finished processing stats for write job 92021456-051f-4f31-a437-7bf277fe23e9.
[2024-09-30T11:29:28.744+0000] {spark_submit.py:490} INFO - 24/09/30 11:29:28 INFO InMemoryFileIndex: It took 21 ms to list leaf files for 1 paths.
[2024-09-30T11:29:28.786+0000] {spark_submit.py:490} INFO - 24/09/30 11:29:28 INFO HiveExternalCatalog: Persisting file based data source table `default`.`cases` into Hive metastore in Hive compatible format.
[2024-09-30T11:29:28.817+0000] {spark_submit.py:490} INFO - 24/09/30 11:29:28 INFO SQLStdHiveAccessController: Created SQLStdHiveAccessController for session context : HiveAuthzSessionContext [sessionString=1b8b30ba-9ff4-4a88-9ef9-74c8cde3bec5, clientType=HIVECLI]
[2024-09-30T11:29:28.820+0000] {spark_submit.py:490} INFO - 24/09/30 11:29:28 WARN SessionState: METASTORE_FILTER_HOOK will be ignored, since hive.security.authorization.manager is set to instance of HiveAuthorizerFactory.
[2024-09-30T11:29:28.820+0000] {spark_submit.py:490} INFO - 24/09/30 11:29:28 INFO metastore: Mestastore configuration hive.metastore.filter.hook changed from org.apache.hadoop.hive.metastore.DefaultMetaStoreFilterHookImpl to org.apache.hadoop.hive.ql.security.authorization.plugin.AuthorizationMetaStoreFilterHook
[2024-09-30T11:29:28.830+0000] {spark_submit.py:490} INFO - 24/09/30 11:29:28 INFO metastore: Closed a connection to metastore, current connections: 0
[2024-09-30T11:29:28.831+0000] {spark_submit.py:490} INFO - 24/09/30 11:29:28 INFO metastore: Trying to connect to metastore with URI thrift://hive-metastore:9083
[2024-09-30T11:29:28.831+0000] {spark_submit.py:490} INFO - 24/09/30 11:29:28 INFO metastore: Opened a connection to metastore, current connections: 1
[2024-09-30T11:29:28.834+0000] {spark_submit.py:490} INFO - 24/09/30 11:29:28 INFO metastore: Connected to metastore.
[2024-09-30T11:29:28.915+0000] {spark_submit.py:490} INFO - 24/09/30 11:29:28 INFO metastore: Trying to connect to metastore with URI thrift://hive-metastore:9083
[2024-09-30T11:29:28.917+0000] {spark_submit.py:490} INFO - 24/09/30 11:29:28 INFO metastore: Opened a connection to metastore, current connections: 2
[2024-09-30T11:29:28.920+0000] {spark_submit.py:490} INFO - 24/09/30 11:29:28 INFO metastore: Connected to metastore.
[2024-09-30T11:29:29.056+0000] {spark_submit.py:490} INFO - 24/09/30 11:29:29 INFO AlterTableRecoverPartitionsCommand: Recover all the partitions in hdfs://namenode:8020/opt/hive/data/warehouse/cases
[2024-09-30T11:29:29.081+0000] {spark_submit.py:490} INFO - 24/09/30 11:29:29 INFO AlterTableRecoverPartitionsCommand: Found 1 partitions in hdfs://namenode:8020/opt/hive/data/warehouse/cases
[2024-09-30T11:29:29.089+0000] {spark_submit.py:490} INFO - 24/09/30 11:29:29 INFO AlterTableRecoverPartitionsCommand: Finished to gather the fast stats for all 1 partitions.
[2024-09-30T11:29:29.625+0000] {spark_submit.py:490} INFO - 24/09/30 11:29:29 INFO AlterTableRecoverPartitionsCommand: Recovered all partitions (1).
[2024-09-30T11:29:29.794+0000] {spark_submit.py:490} INFO - 24/09/30 11:29:29 INFO SparkContext: Invoking stop() from shutdown hook
[2024-09-30T11:29:29.823+0000] {spark_submit.py:490} INFO - 24/09/30 11:29:29 INFO SparkUI: Stopped Spark web UI at http://774e6edce74f:4041
[2024-09-30T11:29:29.834+0000] {spark_submit.py:490} INFO - 24/09/30 11:29:29 INFO StandaloneSchedulerBackend: Shutting down all executors
[2024-09-30T11:29:29.836+0000] {spark_submit.py:490} INFO - 24/09/30 11:29:29 INFO CoarseGrainedSchedulerBackend$DriverEndpoint: Asking each executor to shut down
[2024-09-30T11:29:29.928+0000] {spark_submit.py:490} INFO - 24/09/30 11:29:29 INFO MapOutputTrackerMasterEndpoint: MapOutputTrackerMasterEndpoint stopped!
[2024-09-30T11:29:29.969+0000] {spark_submit.py:490} INFO - 24/09/30 11:29:29 INFO MemoryStore: MemoryStore cleared
[2024-09-30T11:29:29.972+0000] {spark_submit.py:490} INFO - 24/09/30 11:29:29 INFO BlockManager: BlockManager stopped
[2024-09-30T11:29:30.003+0000] {spark_submit.py:490} INFO - 24/09/30 11:29:29 INFO BlockManagerMaster: BlockManagerMaster stopped
[2024-09-30T11:29:30.015+0000] {spark_submit.py:490} INFO - 24/09/30 11:29:30 INFO OutputCommitCoordinator$OutputCommitCoordinatorEndpoint: OutputCommitCoordinator stopped!
[2024-09-30T11:29:30.052+0000] {spark_submit.py:490} INFO - 24/09/30 11:29:30 INFO SparkContext: Successfully stopped SparkContext
[2024-09-30T11:29:30.054+0000] {spark_submit.py:490} INFO - 24/09/30 11:29:30 INFO ShutdownHookManager: Shutdown hook called
[2024-09-30T11:29:30.056+0000] {spark_submit.py:490} INFO - 24/09/30 11:29:30 INFO ShutdownHookManager: Deleting directory /tmp/spark-6cd821f4-0697-40bd-8962-f6323db345b3/pyspark-90a2dda2-628a-4b5b-8862-ff81c197e96e
[2024-09-30T11:29:30.066+0000] {spark_submit.py:490} INFO - 24/09/30 11:29:30 INFO ShutdownHookManager: Deleting directory /tmp/spark-46adc8ea-4f34-466f-9a74-280ecae7fc8a
[2024-09-30T11:29:30.078+0000] {spark_submit.py:490} INFO - 24/09/30 11:29:30 INFO ShutdownHookManager: Deleting directory /tmp/spark-6cd821f4-0697-40bd-8962-f6323db345b3
[2024-09-30T11:29:30.512+0000] {taskinstance.py:1327} INFO - Marking task as SUCCESS. dag_id=get_cases_data, task_id=save_to_warehouse, execution_date=20221225T000000, start_date=20240930T112831, end_date=20240930T112930
[2024-09-30T11:29:30.638+0000] {local_task_job.py:159} INFO - Task exited with return code 0
[2024-09-30T11:29:30.768+0000] {taskinstance.py:2582} INFO - 1 downstream tasks scheduled from follow-on schedule check
