[2024-09-26T09:41:44.754+0000] {taskinstance.py:1087} INFO - Dependencies all met for <TaskInstance: get_cases_data.download_data scheduled__2023-01-04T00:00:00+00:00 [queued]>
[2024-09-26T09:41:44.774+0000] {taskinstance.py:1087} INFO - Dependencies all met for <TaskInstance: get_cases_data.download_data scheduled__2023-01-04T00:00:00+00:00 [queued]>
[2024-09-26T09:41:44.774+0000] {taskinstance.py:1283} INFO - 
--------------------------------------------------------------------------------
[2024-09-26T09:41:44.774+0000] {taskinstance.py:1284} INFO - Starting attempt 1 of 1
[2024-09-26T09:41:44.774+0000] {taskinstance.py:1285} INFO - 
--------------------------------------------------------------------------------
[2024-09-26T09:41:44.799+0000] {taskinstance.py:1304} INFO - Executing <Task(BashOperator): download_data> on 2023-01-04 00:00:00+00:00
[2024-09-26T09:41:44.810+0000] {standard_task_runner.py:55} INFO - Started process 3186 to run task
[2024-09-26T09:41:44.818+0000] {standard_task_runner.py:82} INFO - Running: ['***', 'tasks', 'run', 'get_cases_data', 'download_data', 'scheduled__2023-01-04T00:00:00+00:00', '--job-id', '33', '--raw', '--subdir', 'DAGS_FOLDER/get_cases_data.py', '--cfg-path', '/tmp/tmpttqjcnbr']
[2024-09-26T09:41:44.820+0000] {standard_task_runner.py:83} INFO - Job 33: Subtask download_data
[2024-09-26T09:41:44.922+0000] {task_command.py:389} INFO - Running <TaskInstance: get_cases_data.download_data scheduled__2023-01-04T00:00:00+00:00 [running]> on host 3d66d2a77c1d
[2024-09-26T09:41:44.995+0000] {logging_mixin.py:137} WARNING - /home/***/.local/lib/python3.7/site-packages/***/utils/context.py:205 AirflowContextDeprecationWarning: Accessing 'execution_date' from the template is deprecated and will be removed in a future version. Please use 'data_interval_start' or 'logical_date' instead.
[2024-09-26T09:41:45.066+0000] {taskinstance.py:1513} INFO - Exporting the following env vars:
AIRFLOW_CTX_DAG_OWNER=***
AIRFLOW_CTX_DAG_ID=get_cases_data
AIRFLOW_CTX_TASK_ID=download_data
AIRFLOW_CTX_EXECUTION_DATE=2023-01-04T00:00:00+00:00
AIRFLOW_CTX_TRY_NUMBER=1
AIRFLOW_CTX_DAG_RUN_ID=scheduled__2023-01-04T00:00:00+00:00
[2024-09-26T09:41:45.067+0000] {subprocess.py:63} INFO - Tmp dir root location: 
 /tmp
[2024-09-26T09:41:45.067+0000] {subprocess.py:75} INFO - Running command: ['/bin/bash', '-c', 'curl -sSL --create-dirs -o /usr/share/covid_data/raw/2023/01/04/ita_cases_20230104.csv https://raw.githubusercontent.com/pcm-dpc/COVID-19/master/dati-andamento-nazionale/dpc-covid19-ita-andamento-nazionale-20230104.csv']
[2024-09-26T09:41:45.095+0000] {subprocess.py:86} INFO - Output:
[2024-09-26T09:41:45.381+0000] {subprocess.py:97} INFO - Command exited with return code 0
[2024-09-26T09:41:45.429+0000] {taskinstance.py:1327} INFO - Marking task as SUCCESS. dag_id=get_cases_data, task_id=download_data, execution_date=20230104T000000, start_date=20240926T094144, end_date=20240926T094145
[2024-09-26T09:41:45.470+0000] {local_task_job.py:159} INFO - Task exited with return code 0
[2024-09-26T09:41:45.516+0000] {taskinstance.py:2582} INFO - 1 downstream tasks scheduled from follow-on schedule check
[2024-09-30T11:34:26.636+0000] {taskinstance.py:1087} INFO - Dependencies all met for <TaskInstance: get_cases_data.download_data scheduled__2023-01-04T00:00:00+00:00 [queued]>
[2024-09-30T11:34:26.658+0000] {taskinstance.py:1087} INFO - Dependencies all met for <TaskInstance: get_cases_data.download_data scheduled__2023-01-04T00:00:00+00:00 [queued]>
[2024-09-30T11:34:26.658+0000] {taskinstance.py:1283} INFO - 
--------------------------------------------------------------------------------
[2024-09-30T11:34:26.659+0000] {taskinstance.py:1284} INFO - Starting attempt 1 of 1
[2024-09-30T11:34:26.659+0000] {taskinstance.py:1285} INFO - 
--------------------------------------------------------------------------------
[2024-09-30T11:34:26.689+0000] {taskinstance.py:1304} INFO - Executing <Task(BashOperator): download_data> on 2023-01-04 00:00:00+00:00
[2024-09-30T11:34:26.703+0000] {standard_task_runner.py:55} INFO - Started process 5566 to run task
[2024-09-30T11:34:26.709+0000] {standard_task_runner.py:82} INFO - Running: ['***', 'tasks', 'run', 'get_cases_data', 'download_data', 'scheduled__2023-01-04T00:00:00+00:00', '--job-id', '48', '--raw', '--subdir', 'DAGS_FOLDER/get_cases_data.py', '--cfg-path', '/tmp/tmpmkn28ltu']
[2024-09-30T11:34:26.711+0000] {standard_task_runner.py:83} INFO - Job 48: Subtask download_data
[2024-09-30T11:34:26.838+0000] {task_command.py:389} INFO - Running <TaskInstance: get_cases_data.download_data scheduled__2023-01-04T00:00:00+00:00 [running]> on host 774e6edce74f
[2024-09-30T11:34:26.916+0000] {logging_mixin.py:137} WARNING - /home/***/.local/lib/python3.7/site-packages/***/utils/context.py:205 AirflowContextDeprecationWarning: Accessing 'execution_date' from the template is deprecated and will be removed in a future version. Please use 'data_interval_start' or 'logical_date' instead.
[2024-09-30T11:34:27.055+0000] {taskinstance.py:1513} INFO - Exporting the following env vars:
AIRFLOW_CTX_DAG_OWNER=***
AIRFLOW_CTX_DAG_ID=get_cases_data
AIRFLOW_CTX_TASK_ID=download_data
AIRFLOW_CTX_EXECUTION_DATE=2023-01-04T00:00:00+00:00
AIRFLOW_CTX_TRY_NUMBER=1
AIRFLOW_CTX_DAG_RUN_ID=scheduled__2023-01-04T00:00:00+00:00
[2024-09-30T11:34:27.057+0000] {subprocess.py:63} INFO - Tmp dir root location: 
 /tmp
[2024-09-30T11:34:27.058+0000] {subprocess.py:75} INFO - Running command: ['/bin/bash', '-c', 'curl -sSL --create-dirs -o /usr/share/covid_data/raw/2023/01/04/ita_cases_20230104.csv https://raw.githubusercontent.com/pcm-dpc/COVID-19/master/dati-andamento-nazionale/dpc-covid19-ita-andamento-nazionale-20230104.csv']
[2024-09-30T11:34:27.130+0000] {subprocess.py:86} INFO - Output:
[2024-09-30T11:34:27.463+0000] {subprocess.py:97} INFO - Command exited with return code 0
[2024-09-30T11:34:27.528+0000] {taskinstance.py:1327} INFO - Marking task as SUCCESS. dag_id=get_cases_data, task_id=download_data, execution_date=20230104T000000, start_date=20240930T113426, end_date=20240930T113427
[2024-09-30T11:34:27.581+0000] {local_task_job.py:159} INFO - Task exited with return code 0
[2024-09-30T11:34:27.636+0000] {taskinstance.py:2582} INFO - 1 downstream tasks scheduled from follow-on schedule check
