[2024-09-26T09:43:20.230+0000] {taskinstance.py:1087} INFO - Dependencies all met for <TaskInstance: get_cases_data.download_data scheduled__2023-01-10T00:00:00+00:00 [queued]>
[2024-09-26T09:43:20.245+0000] {taskinstance.py:1087} INFO - Dependencies all met for <TaskInstance: get_cases_data.download_data scheduled__2023-01-10T00:00:00+00:00 [queued]>
[2024-09-26T09:43:20.245+0000] {taskinstance.py:1283} INFO - 
--------------------------------------------------------------------------------
[2024-09-26T09:43:20.245+0000] {taskinstance.py:1284} INFO - Starting attempt 1 of 1
[2024-09-26T09:43:20.246+0000] {taskinstance.py:1285} INFO - 
--------------------------------------------------------------------------------
[2024-09-26T09:43:20.277+0000] {taskinstance.py:1304} INFO - Executing <Task(BashOperator): download_data> on 2023-01-10 00:00:00+00:00
[2024-09-26T09:43:20.291+0000] {standard_task_runner.py:55} INFO - Started process 4579 to run task
[2024-09-26T09:43:20.298+0000] {standard_task_runner.py:82} INFO - Running: ['***', 'tasks', 'run', 'get_cases_data', 'download_data', 'scheduled__2023-01-10T00:00:00+00:00', '--job-id', '47', '--raw', '--subdir', 'DAGS_FOLDER/get_cases_data.py', '--cfg-path', '/tmp/tmpzc5gzv11']
[2024-09-26T09:43:20.301+0000] {standard_task_runner.py:83} INFO - Job 47: Subtask download_data
[2024-09-26T09:43:20.459+0000] {task_command.py:389} INFO - Running <TaskInstance: get_cases_data.download_data scheduled__2023-01-10T00:00:00+00:00 [running]> on host 3d66d2a77c1d
[2024-09-26T09:43:20.540+0000] {logging_mixin.py:137} WARNING - /home/***/.local/lib/python3.7/site-packages/***/utils/context.py:205 AirflowContextDeprecationWarning: Accessing 'execution_date' from the template is deprecated and will be removed in a future version. Please use 'data_interval_start' or 'logical_date' instead.
[2024-09-26T09:43:20.620+0000] {taskinstance.py:1513} INFO - Exporting the following env vars:
AIRFLOW_CTX_DAG_OWNER=***
AIRFLOW_CTX_DAG_ID=get_cases_data
AIRFLOW_CTX_TASK_ID=download_data
AIRFLOW_CTX_EXECUTION_DATE=2023-01-10T00:00:00+00:00
AIRFLOW_CTX_TRY_NUMBER=1
AIRFLOW_CTX_DAG_RUN_ID=scheduled__2023-01-10T00:00:00+00:00
[2024-09-26T09:43:20.621+0000] {subprocess.py:63} INFO - Tmp dir root location: 
 /tmp
[2024-09-26T09:43:20.622+0000] {subprocess.py:75} INFO - Running command: ['/bin/bash', '-c', 'curl -sSL --create-dirs -o /usr/share/covid_data/raw/2023/01/10/ita_cases_20230110.csv https://raw.githubusercontent.com/pcm-dpc/COVID-19/master/dati-andamento-nazionale/dpc-covid19-ita-andamento-nazionale-20230110.csv']
[2024-09-26T09:43:20.670+0000] {subprocess.py:86} INFO - Output:
[2024-09-26T09:43:20.995+0000] {subprocess.py:97} INFO - Command exited with return code 0
[2024-09-26T09:43:21.054+0000] {taskinstance.py:1327} INFO - Marking task as SUCCESS. dag_id=get_cases_data, task_id=download_data, execution_date=20230110T000000, start_date=20240926T094320, end_date=20240926T094321
[2024-09-26T09:43:21.124+0000] {local_task_job.py:159} INFO - Task exited with return code 0
[2024-09-26T09:43:21.178+0000] {taskinstance.py:2582} INFO - 1 downstream tasks scheduled from follow-on schedule check
[2024-09-30T11:38:10.797+0000] {taskinstance.py:1087} INFO - Dependencies all met for <TaskInstance: get_cases_data.download_data scheduled__2023-01-10T00:00:00+00:00 [queued]>
[2024-09-30T11:38:10.817+0000] {taskinstance.py:1087} INFO - Dependencies all met for <TaskInstance: get_cases_data.download_data scheduled__2023-01-10T00:00:00+00:00 [queued]>
[2024-09-30T11:38:10.817+0000] {taskinstance.py:1283} INFO - 
--------------------------------------------------------------------------------
[2024-09-30T11:38:10.818+0000] {taskinstance.py:1284} INFO - Starting attempt 1 of 1
[2024-09-30T11:38:10.818+0000] {taskinstance.py:1285} INFO - 
--------------------------------------------------------------------------------
[2024-09-30T11:38:10.845+0000] {taskinstance.py:1304} INFO - Executing <Task(BashOperator): download_data> on 2023-01-10 00:00:00+00:00
[2024-09-30T11:38:10.860+0000] {standard_task_runner.py:55} INFO - Started process 7782 to run task
[2024-09-30T11:38:10.864+0000] {standard_task_runner.py:82} INFO - Running: ['***', 'tasks', 'run', 'get_cases_data', 'download_data', 'scheduled__2023-01-10T00:00:00+00:00', '--job-id', '66', '--raw', '--subdir', 'DAGS_FOLDER/get_cases_data.py', '--cfg-path', '/tmp/tmpdo9xist0']
[2024-09-30T11:38:10.866+0000] {standard_task_runner.py:83} INFO - Job 66: Subtask download_data
[2024-09-30T11:38:10.986+0000] {task_command.py:389} INFO - Running <TaskInstance: get_cases_data.download_data scheduled__2023-01-10T00:00:00+00:00 [running]> on host 774e6edce74f
[2024-09-30T11:38:11.069+0000] {logging_mixin.py:137} WARNING - /home/***/.local/lib/python3.7/site-packages/***/utils/context.py:205 AirflowContextDeprecationWarning: Accessing 'execution_date' from the template is deprecated and will be removed in a future version. Please use 'data_interval_start' or 'logical_date' instead.
[2024-09-30T11:38:11.144+0000] {taskinstance.py:1513} INFO - Exporting the following env vars:
AIRFLOW_CTX_DAG_OWNER=***
AIRFLOW_CTX_DAG_ID=get_cases_data
AIRFLOW_CTX_TASK_ID=download_data
AIRFLOW_CTX_EXECUTION_DATE=2023-01-10T00:00:00+00:00
AIRFLOW_CTX_TRY_NUMBER=1
AIRFLOW_CTX_DAG_RUN_ID=scheduled__2023-01-10T00:00:00+00:00
[2024-09-30T11:38:11.145+0000] {subprocess.py:63} INFO - Tmp dir root location: 
 /tmp
[2024-09-30T11:38:11.146+0000] {subprocess.py:75} INFO - Running command: ['/bin/bash', '-c', 'curl -sSL --create-dirs -o /usr/share/covid_data/raw/2023/01/10/ita_cases_20230110.csv https://raw.githubusercontent.com/pcm-dpc/COVID-19/master/dati-andamento-nazionale/dpc-covid19-ita-andamento-nazionale-20230110.csv']
[2024-09-30T11:38:11.176+0000] {subprocess.py:86} INFO - Output:
[2024-09-30T11:38:11.394+0000] {subprocess.py:97} INFO - Command exited with return code 0
[2024-09-30T11:38:11.450+0000] {taskinstance.py:1327} INFO - Marking task as SUCCESS. dag_id=get_cases_data, task_id=download_data, execution_date=20230110T000000, start_date=20240930T113810, end_date=20240930T113811
[2024-09-30T11:38:11.522+0000] {local_task_job.py:159} INFO - Task exited with return code 0
[2024-09-30T11:38:11.581+0000] {taskinstance.py:2582} INFO - 1 downstream tasks scheduled from follow-on schedule check
