[2024-09-26T09:38:11.480+0000] {taskinstance.py:1087} INFO - Dependencies all met for <TaskInstance: get_cases_data.download_data scheduled__2022-12-21T00:00:00+00:00 [queued]>
[2024-09-26T09:38:11.503+0000] {taskinstance.py:1087} INFO - Dependencies all met for <TaskInstance: get_cases_data.download_data scheduled__2022-12-21T00:00:00+00:00 [queued]>
[2024-09-26T09:38:11.504+0000] {taskinstance.py:1283} INFO - 
--------------------------------------------------------------------------------
[2024-09-26T09:38:11.504+0000] {taskinstance.py:1284} INFO - Starting attempt 1 of 1
[2024-09-26T09:38:11.504+0000] {taskinstance.py:1285} INFO - 
--------------------------------------------------------------------------------
[2024-09-26T09:38:11.541+0000] {taskinstance.py:1304} INFO - Executing <Task(BashOperator): download_data> on 2022-12-21 00:00:00+00:00
[2024-09-26T09:38:11.561+0000] {standard_task_runner.py:55} INFO - Started process 541 to run task
[2024-09-26T09:38:11.566+0000] {standard_task_runner.py:82} INFO - Running: ['***', 'tasks', 'run', 'get_cases_data', 'download_data', 'scheduled__2022-12-21T00:00:00+00:00', '--job-id', '4', '--raw', '--subdir', 'DAGS_FOLDER/get_cases_data.py', '--cfg-path', '/tmp/tmpwsfenpa_']
[2024-09-26T09:38:11.568+0000] {standard_task_runner.py:83} INFO - Job 4: Subtask download_data
[2024-09-26T09:38:11.761+0000] {task_command.py:389} INFO - Running <TaskInstance: get_cases_data.download_data scheduled__2022-12-21T00:00:00+00:00 [running]> on host 3d66d2a77c1d
[2024-09-26T09:38:11.834+0000] {logging_mixin.py:137} WARNING - /home/***/.local/lib/python3.7/site-packages/***/utils/context.py:205 AirflowContextDeprecationWarning: Accessing 'execution_date' from the template is deprecated and will be removed in a future version. Please use 'data_interval_start' or 'logical_date' instead.
[2024-09-26T09:38:11.900+0000] {taskinstance.py:1513} INFO - Exporting the following env vars:
AIRFLOW_CTX_DAG_OWNER=***
AIRFLOW_CTX_DAG_ID=get_cases_data
AIRFLOW_CTX_TASK_ID=download_data
AIRFLOW_CTX_EXECUTION_DATE=2022-12-21T00:00:00+00:00
AIRFLOW_CTX_TRY_NUMBER=1
AIRFLOW_CTX_DAG_RUN_ID=scheduled__2022-12-21T00:00:00+00:00
[2024-09-26T09:38:11.901+0000] {subprocess.py:63} INFO - Tmp dir root location: 
 /tmp
[2024-09-26T09:38:11.902+0000] {subprocess.py:75} INFO - Running command: ['/bin/bash', '-c', 'curl -sSL --create-dirs -o /usr/share/covid_data/raw/2022/12/21/ita_cases_20221221.csv https://raw.githubusercontent.com/pcm-dpc/COVID-19/master/dati-andamento-nazionale/dpc-covid19-ita-andamento-nazionale-20221221.csv']
[2024-09-26T09:38:11.925+0000] {subprocess.py:86} INFO - Output:
[2024-09-26T09:38:12.160+0000] {subprocess.py:97} INFO - Command exited with return code 0
[2024-09-26T09:38:12.202+0000] {taskinstance.py:1327} INFO - Marking task as SUCCESS. dag_id=get_cases_data, task_id=download_data, execution_date=20221221T000000, start_date=20240926T093811, end_date=20240926T093812
[2024-09-26T09:38:12.237+0000] {local_task_job.py:159} INFO - Task exited with return code 0
[2024-09-26T09:38:12.276+0000] {taskinstance.py:2582} INFO - 1 downstream tasks scheduled from follow-on schedule check
[2024-09-30T11:25:45.009+0000] {taskinstance.py:1087} INFO - Dependencies all met for <TaskInstance: get_cases_data.download_data scheduled__2022-12-21T00:00:00+00:00 [queued]>
[2024-09-30T11:25:45.028+0000] {taskinstance.py:1087} INFO - Dependencies all met for <TaskInstance: get_cases_data.download_data scheduled__2022-12-21T00:00:00+00:00 [queued]>
[2024-09-30T11:25:45.028+0000] {taskinstance.py:1283} INFO - 
--------------------------------------------------------------------------------
[2024-09-30T11:25:45.028+0000] {taskinstance.py:1284} INFO - Starting attempt 1 of 1
[2024-09-30T11:25:45.028+0000] {taskinstance.py:1285} INFO - 
--------------------------------------------------------------------------------
[2024-09-30T11:25:45.064+0000] {taskinstance.py:1304} INFO - Executing <Task(BashOperator): download_data> on 2022-12-21 00:00:00+00:00
[2024-09-30T11:25:45.082+0000] {standard_task_runner.py:55} INFO - Started process 326 to run task
[2024-09-30T11:25:45.087+0000] {standard_task_runner.py:82} INFO - Running: ['***', 'tasks', 'run', 'get_cases_data', 'download_data', 'scheduled__2022-12-21T00:00:00+00:00', '--job-id', '5', '--raw', '--subdir', 'DAGS_FOLDER/get_cases_data.py', '--cfg-path', '/tmp/tmp2jb516po']
[2024-09-30T11:25:45.090+0000] {standard_task_runner.py:83} INFO - Job 5: Subtask download_data
[2024-09-30T11:25:45.229+0000] {task_command.py:389} INFO - Running <TaskInstance: get_cases_data.download_data scheduled__2022-12-21T00:00:00+00:00 [running]> on host 774e6edce74f
[2024-09-30T11:25:45.354+0000] {logging_mixin.py:137} WARNING - /home/***/.local/lib/python3.7/site-packages/***/utils/context.py:205 AirflowContextDeprecationWarning: Accessing 'execution_date' from the template is deprecated and will be removed in a future version. Please use 'data_interval_start' or 'logical_date' instead.
[2024-09-30T11:25:45.436+0000] {taskinstance.py:1513} INFO - Exporting the following env vars:
AIRFLOW_CTX_DAG_OWNER=***
AIRFLOW_CTX_DAG_ID=get_cases_data
AIRFLOW_CTX_TASK_ID=download_data
AIRFLOW_CTX_EXECUTION_DATE=2022-12-21T00:00:00+00:00
AIRFLOW_CTX_TRY_NUMBER=1
AIRFLOW_CTX_DAG_RUN_ID=scheduled__2022-12-21T00:00:00+00:00
[2024-09-30T11:25:45.438+0000] {subprocess.py:63} INFO - Tmp dir root location: 
 /tmp
[2024-09-30T11:25:45.439+0000] {subprocess.py:75} INFO - Running command: ['/bin/bash', '-c', 'curl -sSL --create-dirs -o /usr/share/covid_data/raw/2022/12/21/ita_cases_20221221.csv https://raw.githubusercontent.com/pcm-dpc/COVID-19/master/dati-andamento-nazionale/dpc-covid19-ita-andamento-nazionale-20221221.csv']
[2024-09-30T11:25:45.477+0000] {subprocess.py:86} INFO - Output:
[2024-09-30T11:25:45.749+0000] {subprocess.py:97} INFO - Command exited with return code 0
[2024-09-30T11:25:45.857+0000] {taskinstance.py:1327} INFO - Marking task as SUCCESS. dag_id=get_cases_data, task_id=download_data, execution_date=20221221T000000, start_date=20240930T112545, end_date=20240930T112545
[2024-09-30T11:25:45.929+0000] {local_task_job.py:159} INFO - Task exited with return code 0
[2024-09-30T11:25:46.077+0000] {taskinstance.py:2582} INFO - 0 downstream tasks scheduled from follow-on schedule check
