[2024-09-30T11:38:57.915+0000] {taskinstance.py:1087} INFO - Dependencies all met for <TaskInstance: get_cases_data.save_to_warehouse scheduled__2023-01-10T00:00:00+00:00 [queued]>
[2024-09-30T11:38:57.934+0000] {taskinstance.py:1087} INFO - Dependencies all met for <TaskInstance: get_cases_data.save_to_warehouse scheduled__2023-01-10T00:00:00+00:00 [queued]>
[2024-09-30T11:38:57.934+0000] {taskinstance.py:1283} INFO - 
--------------------------------------------------------------------------------
[2024-09-30T11:38:57.935+0000] {taskinstance.py:1284} INFO - Starting attempt 1 of 1
[2024-09-30T11:38:57.935+0000] {taskinstance.py:1285} INFO - 
--------------------------------------------------------------------------------
[2024-09-30T11:38:57.969+0000] {taskinstance.py:1304} INFO - Executing <Task(SparkSubmitOperator): save_to_warehouse> on 2023-01-10 00:00:00+00:00
[2024-09-30T11:38:57.983+0000] {standard_task_runner.py:55} INFO - Started process 8090 to run task
[2024-09-30T11:38:57.988+0000] {standard_task_runner.py:82} INFO - Running: ['***', 'tasks', 'run', 'get_cases_data', 'save_to_warehouse', 'scheduled__2023-01-10T00:00:00+00:00', '--job-id', '68', '--raw', '--subdir', 'DAGS_FOLDER/get_cases_data.py', '--cfg-path', '/tmp/tmpxwgxt6w3']
[2024-09-30T11:38:57.991+0000] {standard_task_runner.py:83} INFO - Job 68: Subtask save_to_warehouse
[2024-09-30T11:38:58.105+0000] {task_command.py:389} INFO - Running <TaskInstance: get_cases_data.save_to_warehouse scheduled__2023-01-10T00:00:00+00:00 [running]> on host 774e6edce74f
[2024-09-30T11:38:58.240+0000] {taskinstance.py:1513} INFO - Exporting the following env vars:
AIRFLOW_CTX_DAG_OWNER=***
AIRFLOW_CTX_DAG_ID=get_cases_data
AIRFLOW_CTX_TASK_ID=save_to_warehouse
AIRFLOW_CTX_EXECUTION_DATE=2023-01-10T00:00:00+00:00
AIRFLOW_CTX_TRY_NUMBER=1
AIRFLOW_CTX_DAG_RUN_ID=scheduled__2023-01-10T00:00:00+00:00
[2024-09-30T11:38:58.242+0000] {base.py:73} INFO - Using connection ID 'spark_connection' for task execution.
[2024-09-30T11:38:58.244+0000] {spark_submit.py:339} INFO - Spark-Submit cmd: spark-submit --master spark://spark-master:7077 --name save_to_warehouse --verbose /usr/local/spark/app/save_to_warehouse.py
[2024-09-30T11:38:59.953+0000] {spark_submit.py:490} INFO - Using properties file: null
[2024-09-30T11:39:00.113+0000] {spark_submit.py:490} INFO - WARNING: An illegal reflective access operation has occurred
[2024-09-30T11:39:00.114+0000] {spark_submit.py:490} INFO - WARNING: Illegal reflective access by org.apache.spark.unsafe.Platform (file:/home/***/.local/lib/python3.7/site-packages/pyspark/jars/spark-unsafe_2.12-3.1.3.jar) to constructor java.nio.DirectByteBuffer(long,int)
[2024-09-30T11:39:00.114+0000] {spark_submit.py:490} INFO - WARNING: Please consider reporting this to the maintainers of org.apache.spark.unsafe.Platform
[2024-09-30T11:39:00.114+0000] {spark_submit.py:490} INFO - WARNING: Use --illegal-access=warn to enable warnings of further illegal reflective access operations
[2024-09-30T11:39:00.114+0000] {spark_submit.py:490} INFO - WARNING: All illegal access operations will be denied in a future release
[2024-09-30T11:39:00.178+0000] {spark_submit.py:490} INFO - Parsed arguments:
[2024-09-30T11:39:00.178+0000] {spark_submit.py:490} INFO - master                  spark://spark-master:7077
[2024-09-30T11:39:00.178+0000] {spark_submit.py:490} INFO - deployMode              null
[2024-09-30T11:39:00.178+0000] {spark_submit.py:490} INFO - executorMemory          null
[2024-09-30T11:39:00.178+0000] {spark_submit.py:490} INFO - executorCores           null
[2024-09-30T11:39:00.178+0000] {spark_submit.py:490} INFO - totalExecutorCores      null
[2024-09-30T11:39:00.179+0000] {spark_submit.py:490} INFO - propertiesFile          null
[2024-09-30T11:39:00.179+0000] {spark_submit.py:490} INFO - driverMemory            null
[2024-09-30T11:39:00.179+0000] {spark_submit.py:490} INFO - driverCores             null
[2024-09-30T11:39:00.179+0000] {spark_submit.py:490} INFO - driverExtraClassPath    null
[2024-09-30T11:39:00.179+0000] {spark_submit.py:490} INFO - driverExtraLibraryPath  null
[2024-09-30T11:39:00.179+0000] {spark_submit.py:490} INFO - driverExtraJavaOptions  null
[2024-09-30T11:39:00.180+0000] {spark_submit.py:490} INFO - supervise               false
[2024-09-30T11:39:00.180+0000] {spark_submit.py:490} INFO - queue                   null
[2024-09-30T11:39:00.180+0000] {spark_submit.py:490} INFO - numExecutors            null
[2024-09-30T11:39:00.180+0000] {spark_submit.py:490} INFO - files                   null
[2024-09-30T11:39:00.180+0000] {spark_submit.py:490} INFO - pyFiles                 null
[2024-09-30T11:39:00.180+0000] {spark_submit.py:490} INFO - archives                null
[2024-09-30T11:39:00.181+0000] {spark_submit.py:490} INFO - mainClass               null
[2024-09-30T11:39:00.181+0000] {spark_submit.py:490} INFO - primaryResource         file:/usr/local/spark/app/save_to_warehouse.py
[2024-09-30T11:39:00.181+0000] {spark_submit.py:490} INFO - name                    save_to_warehouse
[2024-09-30T11:39:00.181+0000] {spark_submit.py:490} INFO - childArgs               []
[2024-09-30T11:39:00.181+0000] {spark_submit.py:490} INFO - jars                    null
[2024-09-30T11:39:00.181+0000] {spark_submit.py:490} INFO - packages                null
[2024-09-30T11:39:00.181+0000] {spark_submit.py:490} INFO - packagesExclusions      null
[2024-09-30T11:39:00.181+0000] {spark_submit.py:490} INFO - repositories            null
[2024-09-30T11:39:00.182+0000] {spark_submit.py:490} INFO - verbose                 true
[2024-09-30T11:39:00.182+0000] {spark_submit.py:490} INFO - 
[2024-09-30T11:39:00.182+0000] {spark_submit.py:490} INFO - Spark properties used, including those specified through
[2024-09-30T11:39:00.182+0000] {spark_submit.py:490} INFO - --conf and those from the properties file null:
[2024-09-30T11:39:00.182+0000] {spark_submit.py:490} INFO - 
[2024-09-30T11:39:00.182+0000] {spark_submit.py:490} INFO - 
[2024-09-30T11:39:00.182+0000] {spark_submit.py:490} INFO - 
[2024-09-30T11:39:00.617+0000] {spark_submit.py:490} INFO - 24/09/30 11:39:00 WARN NativeCodeLoader: Unable to load native-hadoop library for your platform... using builtin-java classes where applicable
[2024-09-30T11:39:00.855+0000] {spark_submit.py:490} INFO - Main class:
[2024-09-30T11:39:00.856+0000] {spark_submit.py:490} INFO - org.apache.spark.deploy.PythonRunner
[2024-09-30T11:39:00.856+0000] {spark_submit.py:490} INFO - Arguments:
[2024-09-30T11:39:00.856+0000] {spark_submit.py:490} INFO - file:/usr/local/spark/app/save_to_warehouse.py
[2024-09-30T11:39:00.856+0000] {spark_submit.py:490} INFO - null
[2024-09-30T11:39:00.861+0000] {spark_submit.py:490} INFO - Spark config:
[2024-09-30T11:39:00.862+0000] {spark_submit.py:490} INFO - (spark.app.name,save_to_warehouse)
[2024-09-30T11:39:00.862+0000] {spark_submit.py:490} INFO - (spark.master,spark://spark-master:7077)
[2024-09-30T11:39:00.862+0000] {spark_submit.py:490} INFO - (spark.submit.pyFiles,)
[2024-09-30T11:39:00.862+0000] {spark_submit.py:490} INFO - (spark.submit.deployMode,client)
[2024-09-30T11:39:00.862+0000] {spark_submit.py:490} INFO - Classpath elements:
[2024-09-30T11:39:00.862+0000] {spark_submit.py:490} INFO - 
[2024-09-30T11:39:00.862+0000] {spark_submit.py:490} INFO - 
[2024-09-30T11:39:00.863+0000] {spark_submit.py:490} INFO - 
[2024-09-30T11:39:02.113+0000] {spark_submit.py:490} INFO - Using Spark's default log4j profile: org/apache/spark/log4j-defaults.properties
[2024-09-30T11:39:02.140+0000] {spark_submit.py:490} INFO - 24/09/30 11:39:02 INFO SparkContext: Running Spark version 3.1.3
[2024-09-30T11:39:02.223+0000] {spark_submit.py:490} INFO - 24/09/30 11:39:02 INFO ResourceUtils: ==============================================================
[2024-09-30T11:39:02.224+0000] {spark_submit.py:490} INFO - 24/09/30 11:39:02 INFO ResourceUtils: No custom resources configured for spark.driver.
[2024-09-30T11:39:02.224+0000] {spark_submit.py:490} INFO - 24/09/30 11:39:02 INFO ResourceUtils: ==============================================================
[2024-09-30T11:39:02.225+0000] {spark_submit.py:490} INFO - 24/09/30 11:39:02 INFO SparkContext: Submitted application: save_to_warehouse
[2024-09-30T11:39:02.266+0000] {spark_submit.py:490} INFO - 24/09/30 11:39:02 INFO ResourceProfile: Default ResourceProfile created, executor resources: Map(cores -> name: cores, amount: 1, script: , vendor: , memory -> name: memory, amount: 1024, script: , vendor: , offHeap -> name: offHeap, amount: 0, script: , vendor: ), task resources: Map(cpus -> name: cpus, amount: 1.0)
[2024-09-30T11:39:02.284+0000] {spark_submit.py:490} INFO - 24/09/30 11:39:02 INFO ResourceProfile: Limiting resource is cpu
[2024-09-30T11:39:02.285+0000] {spark_submit.py:490} INFO - 24/09/30 11:39:02 INFO ResourceProfileManager: Added ResourceProfile id: 0
[2024-09-30T11:39:02.392+0000] {spark_submit.py:490} INFO - 24/09/30 11:39:02 INFO SecurityManager: Changing view acls to: default
[2024-09-30T11:39:02.392+0000] {spark_submit.py:490} INFO - 24/09/30 11:39:02 INFO SecurityManager: Changing modify acls to: default
[2024-09-30T11:39:02.392+0000] {spark_submit.py:490} INFO - 24/09/30 11:39:02 INFO SecurityManager: Changing view acls groups to:
[2024-09-30T11:39:02.393+0000] {spark_submit.py:490} INFO - 24/09/30 11:39:02 INFO SecurityManager: Changing modify acls groups to:
[2024-09-30T11:39:02.393+0000] {spark_submit.py:490} INFO - 24/09/30 11:39:02 INFO SecurityManager: SecurityManager: authentication disabled; ui acls disabled; users  with view permissions: Set(default); groups with view permissions: Set(); users  with modify permissions: Set(default); groups with modify permissions: Set()
[2024-09-30T11:39:02.779+0000] {spark_submit.py:490} INFO - 24/09/30 11:39:02 INFO Utils: Successfully started service 'sparkDriver' on port 42677.
[2024-09-30T11:39:02.827+0000] {spark_submit.py:490} INFO - 24/09/30 11:39:02 INFO SparkEnv: Registering MapOutputTracker
[2024-09-30T11:39:02.893+0000] {spark_submit.py:490} INFO - 24/09/30 11:39:02 INFO SparkEnv: Registering BlockManagerMaster
[2024-09-30T11:39:02.930+0000] {spark_submit.py:490} INFO - 24/09/30 11:39:02 INFO BlockManagerMasterEndpoint: Using org.apache.spark.storage.DefaultTopologyMapper for getting topology information
[2024-09-30T11:39:02.933+0000] {spark_submit.py:490} INFO - 24/09/30 11:39:02 INFO BlockManagerMasterEndpoint: BlockManagerMasterEndpoint up
[2024-09-30T11:39:02.942+0000] {spark_submit.py:490} INFO - 24/09/30 11:39:02 INFO SparkEnv: Registering BlockManagerMasterHeartbeat
[2024-09-30T11:39:02.966+0000] {spark_submit.py:490} INFO - 24/09/30 11:39:02 INFO DiskBlockManager: Created local directory at /tmp/blockmgr-e869179e-653b-4df4-bad5-481c2b7de745
[2024-09-30T11:39:03.004+0000] {spark_submit.py:490} INFO - 24/09/30 11:39:03 INFO MemoryStore: MemoryStore started with capacity 434.4 MiB
[2024-09-30T11:39:03.038+0000] {spark_submit.py:490} INFO - 24/09/30 11:39:03 INFO SparkEnv: Registering OutputCommitCoordinator
[2024-09-30T11:39:03.394+0000] {spark_submit.py:490} INFO - 24/09/30 11:39:03 INFO Utils: Successfully started service 'SparkUI' on port 4040.
[2024-09-30T11:39:03.511+0000] {spark_submit.py:490} INFO - 24/09/30 11:39:03 INFO SparkUI: Bound SparkUI to 0.0.0.0, and started at http://774e6edce74f:4040
[2024-09-30T11:39:03.865+0000] {spark_submit.py:490} INFO - 24/09/30 11:39:03 INFO StandaloneAppClient$ClientEndpoint: Connecting to master spark://spark-master:7077...
[2024-09-30T11:39:03.979+0000] {spark_submit.py:490} INFO - 24/09/30 11:39:03 INFO TransportClientFactory: Successfully created connection to spark-master/172.18.0.5:7077 after 70 ms (0 ms spent in bootstraps)
[2024-09-30T11:39:04.169+0000] {spark_submit.py:490} INFO - 24/09/30 11:39:04 INFO StandaloneSchedulerBackend: Connected to Spark cluster with app ID app-20240930113904-0043
[2024-09-30T11:39:04.176+0000] {spark_submit.py:490} INFO - 24/09/30 11:39:04 INFO StandaloneAppClient$ClientEndpoint: Executor added: app-20240930113904-0043/0 on worker-20240930112313-172.18.0.7-33165 (172.18.0.7:33165) with 4 core(s)
[2024-09-30T11:39:04.181+0000] {spark_submit.py:490} INFO - 24/09/30 11:39:04 INFO StandaloneSchedulerBackend: Granted executor ID app-20240930113904-0043/0 on hostPort 172.18.0.7:33165 with 4 core(s), 1024.0 MiB RAM
[2024-09-30T11:39:04.188+0000] {spark_submit.py:490} INFO - 24/09/30 11:39:04 INFO Utils: Successfully started service 'org.apache.spark.network.netty.NettyBlockTransferService' on port 40569.
[2024-09-30T11:39:04.189+0000] {spark_submit.py:490} INFO - 24/09/30 11:39:04 INFO NettyBlockTransferService: Server created on 774e6edce74f:40569
[2024-09-30T11:39:04.193+0000] {spark_submit.py:490} INFO - 24/09/30 11:39:04 INFO BlockManager: Using org.apache.spark.storage.RandomBlockReplicationPolicy for block replication policy
[2024-09-30T11:39:04.210+0000] {spark_submit.py:490} INFO - 24/09/30 11:39:04 INFO BlockManagerMaster: Registering BlockManager BlockManagerId(driver, 774e6edce74f, 40569, None)
[2024-09-30T11:39:04.218+0000] {spark_submit.py:490} INFO - 24/09/30 11:39:04 INFO BlockManagerMasterEndpoint: Registering block manager 774e6edce74f:40569 with 434.4 MiB RAM, BlockManagerId(driver, 774e6edce74f, 40569, None)
[2024-09-30T11:39:04.223+0000] {spark_submit.py:490} INFO - 24/09/30 11:39:04 INFO BlockManagerMaster: Registered BlockManager BlockManagerId(driver, 774e6edce74f, 40569, None)
[2024-09-30T11:39:04.225+0000] {spark_submit.py:490} INFO - 24/09/30 11:39:04 INFO BlockManager: Initialized BlockManager: BlockManagerId(driver, 774e6edce74f, 40569, None)
[2024-09-30T11:39:04.233+0000] {spark_submit.py:490} INFO - 24/09/30 11:39:04 INFO StandaloneAppClient$ClientEndpoint: Executor updated: app-20240930113904-0043/0 is now RUNNING
[2024-09-30T11:39:04.647+0000] {spark_submit.py:490} INFO - 24/09/30 11:39:04 INFO StandaloneSchedulerBackend: SchedulerBackend is ready for scheduling beginning after reached minRegisteredResourcesRatio: 0.0
[2024-09-30T11:39:05.024+0000] {spark_submit.py:490} INFO - 24/09/30 11:39:05 INFO SharedState: Setting hive.metastore.warehouse.dir ('null') to the value of spark.sql.warehouse.dir ('/user/hive/warehouse').
[2024-09-30T11:39:05.024+0000] {spark_submit.py:490} INFO - 24/09/30 11:39:05 INFO SharedState: Warehouse path is '/user/hive/warehouse'.
[2024-09-30T11:39:07.591+0000] {spark_submit.py:490} INFO - 24/09/30 11:39:07 INFO InMemoryFileIndex: It took 246 ms to list leaf files for 1 paths.
[2024-09-30T11:39:08.531+0000] {spark_submit.py:490} INFO - 24/09/30 11:39:08 INFO SparkContext: Starting job: parquet at NativeMethodAccessorImpl.java:0
[2024-09-30T11:39:08.560+0000] {spark_submit.py:490} INFO - 24/09/30 11:39:08 INFO DAGScheduler: Got job 0 (parquet at NativeMethodAccessorImpl.java:0) with 1 output partitions
[2024-09-30T11:39:08.561+0000] {spark_submit.py:490} INFO - 24/09/30 11:39:08 INFO DAGScheduler: Final stage: ResultStage 0 (parquet at NativeMethodAccessorImpl.java:0)
[2024-09-30T11:39:08.565+0000] {spark_submit.py:490} INFO - 24/09/30 11:39:08 INFO DAGScheduler: Parents of final stage: List()
[2024-09-30T11:39:08.566+0000] {spark_submit.py:490} INFO - 24/09/30 11:39:08 INFO DAGScheduler: Missing parents: List()
[2024-09-30T11:39:08.576+0000] {spark_submit.py:490} INFO - 24/09/30 11:39:08 INFO DAGScheduler: Submitting ResultStage 0 (MapPartitionsRDD[1] at parquet at NativeMethodAccessorImpl.java:0), which has no missing parents
[2024-09-30T11:39:08.707+0000] {spark_submit.py:490} INFO - 24/09/30 11:39:08 INFO MemoryStore: Block broadcast_0 stored as values in memory (estimated size 84.0 KiB, free 434.3 MiB)
[2024-09-30T11:39:08.797+0000] {spark_submit.py:490} INFO - 24/09/30 11:39:08 INFO MemoryStore: Block broadcast_0_piece0 stored as bytes in memory (estimated size 29.8 KiB, free 434.3 MiB)
[2024-09-30T11:39:08.803+0000] {spark_submit.py:490} INFO - 24/09/30 11:39:08 INFO BlockManagerInfo: Added broadcast_0_piece0 in memory on 774e6edce74f:40569 (size: 29.8 KiB, free: 434.4 MiB)
[2024-09-30T11:39:08.812+0000] {spark_submit.py:490} INFO - 24/09/30 11:39:08 INFO CoarseGrainedSchedulerBackend$DriverEndpoint: Registered executor NettyRpcEndpointRef(spark-client://Executor) (172.18.0.7:33636) with ID 0,  ResourceProfileId 0
[2024-09-30T11:39:08.821+0000] {spark_submit.py:490} INFO - 24/09/30 11:39:08 INFO SparkContext: Created broadcast 0 from broadcast at DAGScheduler.scala:1433
[2024-09-30T11:39:08.874+0000] {spark_submit.py:490} INFO - 24/09/30 11:39:08 INFO DAGScheduler: Submitting 1 missing tasks from ResultStage 0 (MapPartitionsRDD[1] at parquet at NativeMethodAccessorImpl.java:0) (first 15 tasks are for partitions Vector(0))
[2024-09-30T11:39:08.875+0000] {spark_submit.py:490} INFO - 24/09/30 11:39:08 INFO TaskSchedulerImpl: Adding task set 0.0 with 1 tasks resource profile 0
[2024-09-30T11:39:09.078+0000] {spark_submit.py:490} INFO - 24/09/30 11:39:09 INFO BlockManagerMasterEndpoint: Registering block manager 172.18.0.7:35071 with 434.4 MiB RAM, BlockManagerId(0, 172.18.0.7, 35071, None)
[2024-09-30T11:39:09.166+0000] {spark_submit.py:490} INFO - 24/09/30 11:39:09 INFO TaskSetManager: Starting task 0.0 in stage 0.0 (TID 0) (172.18.0.7, executor 0, partition 0, PROCESS_LOCAL, 4732 bytes) taskResourceAssignments Map()
[2024-09-30T11:39:09.605+0000] {spark_submit.py:490} INFO - 24/09/30 11:39:09 INFO BlockManagerInfo: Added broadcast_0_piece0 in memory on 172.18.0.7:35071 (size: 29.8 KiB, free: 434.4 MiB)
[2024-09-30T11:39:11.281+0000] {spark_submit.py:490} INFO - 24/09/30 11:39:11 INFO TaskSetManager: Finished task 0.0 in stage 0.0 (TID 0) in 2109 ms on 172.18.0.7 (executor 0) (1/1)
[2024-09-30T11:39:11.286+0000] {spark_submit.py:490} INFO - 24/09/30 11:39:11 INFO TaskSchedulerImpl: Removed TaskSet 0.0, whose tasks have all completed, from pool
[2024-09-30T11:39:11.302+0000] {spark_submit.py:490} INFO - 24/09/30 11:39:11 INFO DAGScheduler: ResultStage 0 (parquet at NativeMethodAccessorImpl.java:0) finished in 2.699 s
[2024-09-30T11:39:11.311+0000] {spark_submit.py:490} INFO - 24/09/30 11:39:11 INFO DAGScheduler: Job 0 is finished. Cancelling potential speculative or zombie tasks for this job
[2024-09-30T11:39:11.326+0000] {spark_submit.py:490} INFO - 24/09/30 11:39:11 INFO TaskSchedulerImpl: Killing all running tasks in stage 0: Stage finished
[2024-09-30T11:39:11.332+0000] {spark_submit.py:490} INFO - 24/09/30 11:39:11 INFO DAGScheduler: Job 0 finished: parquet at NativeMethodAccessorImpl.java:0, took 2.799262 s
[2024-09-30T11:39:12.566+0000] {spark_submit.py:490} INFO - 24/09/30 11:39:12 INFO BlockManagerInfo: Removed broadcast_0_piece0 on 774e6edce74f:40569 in memory (size: 29.8 KiB, free: 434.4 MiB)
[2024-09-30T11:39:12.581+0000] {spark_submit.py:490} INFO - 24/09/30 11:39:12 INFO BlockManagerInfo: Removed broadcast_0_piece0 on 172.18.0.7:35071 in memory (size: 29.8 KiB, free: 434.4 MiB)
[2024-09-30T11:39:13.375+0000] {spark_submit.py:490} INFO - 24/09/30 11:39:13 INFO HiveConf: Found configuration file null
[2024-09-30T11:39:13.394+0000] {spark_submit.py:490} INFO - 24/09/30 11:39:13 INFO HiveUtils: Initializing HiveMetastoreConnection version 2.3.7 using Spark classes.
[2024-09-30T11:39:13.822+0000] {spark_submit.py:490} INFO - 24/09/30 11:39:13 INFO SessionState: Created HDFS directory: hdfs://namenode:8020/opt/hive/scratch_dir/default/25ad0644-e872-4eac-9a83-6d6ffd0205a5
[2024-09-30T11:39:13.840+0000] {spark_submit.py:490} INFO - 24/09/30 11:39:13 INFO SessionState: Created local directory: /tmp/default/25ad0644-e872-4eac-9a83-6d6ffd0205a5
[2024-09-30T11:39:13.849+0000] {spark_submit.py:490} INFO - 24/09/30 11:39:13 INFO SessionState: Created HDFS directory: hdfs://namenode:8020/opt/hive/scratch_dir/default/25ad0644-e872-4eac-9a83-6d6ffd0205a5/_tmp_space.db
[2024-09-30T11:39:13.865+0000] {spark_submit.py:490} INFO - 24/09/30 11:39:13 INFO HiveClientImpl: Warehouse location for Hive client (version 2.3.7) is /user/hive/warehouse
[2024-09-30T11:39:14.448+0000] {spark_submit.py:490} INFO - 24/09/30 11:39:14 INFO metastore: Trying to connect to metastore with URI thrift://hive-metastore:9083
[2024-09-30T11:39:14.475+0000] {spark_submit.py:490} INFO - 24/09/30 11:39:14 INFO metastore: Opened a connection to metastore, current connections: 1
[2024-09-30T11:39:14.508+0000] {spark_submit.py:490} INFO - 24/09/30 11:39:14 INFO metastore: Connected to metastore.
[2024-09-30T11:39:15.819+0000] {spark_submit.py:490} INFO - 24/09/30 11:39:15 INFO CodeGenerator: Code generated in 295.711366 ms
[2024-09-30T11:39:16.449+0000] {spark_submit.py:490} INFO - 24/09/30 11:39:16 INFO CodeGenerator: Code generated in 21.374121 ms
[2024-09-30T11:39:16.505+0000] {spark_submit.py:490} INFO - 24/09/30 11:39:16 INFO SparkContext: Starting job: hasNext at NativeMethodAccessorImpl.java:0
[2024-09-30T11:39:16.509+0000] {spark_submit.py:490} INFO - 24/09/30 11:39:16 INFO DAGScheduler: Got job 1 (hasNext at NativeMethodAccessorImpl.java:0) with 1 output partitions
[2024-09-30T11:39:16.510+0000] {spark_submit.py:490} INFO - 24/09/30 11:39:16 INFO DAGScheduler: Final stage: ResultStage 1 (hasNext at NativeMethodAccessorImpl.java:0)
[2024-09-30T11:39:16.510+0000] {spark_submit.py:490} INFO - 24/09/30 11:39:16 INFO DAGScheduler: Parents of final stage: List()
[2024-09-30T11:39:16.510+0000] {spark_submit.py:490} INFO - 24/09/30 11:39:16 INFO DAGScheduler: Missing parents: List()
[2024-09-30T11:39:16.513+0000] {spark_submit.py:490} INFO - 24/09/30 11:39:16 INFO DAGScheduler: Submitting ResultStage 1 (MapPartitionsRDD[5] at toLocalIterator at NativeMethodAccessorImpl.java:0), which has no missing parents
[2024-09-30T11:39:16.522+0000] {spark_submit.py:490} INFO - 24/09/30 11:39:16 INFO MemoryStore: Block broadcast_1 stored as values in memory (estimated size 4.6 KiB, free 434.4 MiB)
[2024-09-30T11:39:16.531+0000] {spark_submit.py:490} INFO - 24/09/30 11:39:16 INFO MemoryStore: Block broadcast_1_piece0 stored as bytes in memory (estimated size 2.5 KiB, free 434.4 MiB)
[2024-09-30T11:39:16.532+0000] {spark_submit.py:490} INFO - 24/09/30 11:39:16 INFO BlockManagerInfo: Added broadcast_1_piece0 in memory on 774e6edce74f:40569 (size: 2.5 KiB, free: 434.4 MiB)
[2024-09-30T11:39:16.539+0000] {spark_submit.py:490} INFO - 24/09/30 11:39:16 INFO SparkContext: Created broadcast 1 from broadcast at DAGScheduler.scala:1433
[2024-09-30T11:39:16.540+0000] {spark_submit.py:490} INFO - 24/09/30 11:39:16 INFO DAGScheduler: Submitting 1 missing tasks from ResultStage 1 (MapPartitionsRDD[5] at toLocalIterator at NativeMethodAccessorImpl.java:0) (first 15 tasks are for partitions Vector(0))
[2024-09-30T11:39:16.540+0000] {spark_submit.py:490} INFO - 24/09/30 11:39:16 INFO TaskSchedulerImpl: Adding task set 1.0 with 1 tasks resource profile 0
[2024-09-30T11:39:16.546+0000] {spark_submit.py:490} INFO - 24/09/30 11:39:16 INFO TaskSetManager: Starting task 0.0 in stage 1.0 (TID 1) (172.18.0.7, executor 0, partition 0, PROCESS_LOCAL, 4713 bytes) taskResourceAssignments Map()
[2024-09-30T11:39:16.621+0000] {spark_submit.py:490} INFO - 24/09/30 11:39:16 INFO BlockManagerInfo: Added broadcast_1_piece0 in memory on 172.18.0.7:35071 (size: 2.5 KiB, free: 434.4 MiB)
[2024-09-30T11:39:16.793+0000] {spark_submit.py:490} INFO - 24/09/30 11:39:16 INFO TaskSetManager: Finished task 0.0 in stage 1.0 (TID 1) in 248 ms on 172.18.0.7 (executor 0) (1/1)
[2024-09-30T11:39:16.794+0000] {spark_submit.py:490} INFO - 24/09/30 11:39:16 INFO TaskSchedulerImpl: Removed TaskSet 1.0, whose tasks have all completed, from pool
[2024-09-30T11:39:16.799+0000] {spark_submit.py:490} INFO - 24/09/30 11:39:16 INFO DAGScheduler: ResultStage 1 (hasNext at NativeMethodAccessorImpl.java:0) finished in 0.283 s
[2024-09-30T11:39:16.800+0000] {spark_submit.py:490} INFO - 24/09/30 11:39:16 INFO DAGScheduler: Job 1 is finished. Cancelling potential speculative or zombie tasks for this job
[2024-09-30T11:39:16.800+0000] {spark_submit.py:490} INFO - 24/09/30 11:39:16 INFO TaskSchedulerImpl: Killing all running tasks in stage 1: Stage finished
[2024-09-30T11:39:16.801+0000] {spark_submit.py:490} INFO - 24/09/30 11:39:16 INFO DAGScheduler: Job 1 finished: hasNext at NativeMethodAccessorImpl.java:0, took 0.295337 s
[2024-09-30T11:39:16.880+0000] {spark_submit.py:490} INFO - 24/09/30 11:39:16 INFO CodeGenerator: Code generated in 46.699513 ms
[2024-09-30T11:39:17.245+0000] {spark_submit.py:490} INFO - 24/09/30 11:39:17 INFO DataSourceStrategy: Pruning directories with:
[2024-09-30T11:39:17.248+0000] {spark_submit.py:490} INFO - 24/09/30 11:39:17 INFO FileSourceStrategy: Pushed Filters:
[2024-09-30T11:39:17.249+0000] {spark_submit.py:490} INFO - 24/09/30 11:39:17 INFO FileSourceStrategy: Post-Scan Filters:
[2024-09-30T11:39:17.254+0000] {spark_submit.py:490} INFO - 24/09/30 11:39:17 INFO FileSourceStrategy: Output Data Schema: struct<collection_id: string, new_positive_cases: int, collection_date: timestamp ... 1 more fields>
[2024-09-30T11:39:17.381+0000] {spark_submit.py:490} INFO - 24/09/30 11:39:17 INFO ParquetFileFormat: Using default output committer for Parquet: org.apache.parquet.hadoop.ParquetOutputCommitter
[2024-09-30T11:39:17.414+0000] {spark_submit.py:490} INFO - 24/09/30 11:39:17 INFO FileOutputCommitter: File Output Committer Algorithm version is 1
[2024-09-30T11:39:17.414+0000] {spark_submit.py:490} INFO - 24/09/30 11:39:17 INFO FileOutputCommitter: FileOutputCommitter skip cleanup _temporary folders under output directory:false, ignore cleanup failures: false
[2024-09-30T11:39:17.415+0000] {spark_submit.py:490} INFO - 24/09/30 11:39:17 INFO SQLHadoopMapReduceCommitProtocol: Using user defined output committer class org.apache.parquet.hadoop.ParquetOutputCommitter
[2024-09-30T11:39:17.415+0000] {spark_submit.py:490} INFO - 24/09/30 11:39:17 INFO FileOutputCommitter: File Output Committer Algorithm version is 1
[2024-09-30T11:39:17.416+0000] {spark_submit.py:490} INFO - 24/09/30 11:39:17 INFO FileOutputCommitter: FileOutputCommitter skip cleanup _temporary folders under output directory:false, ignore cleanup failures: false
[2024-09-30T11:39:17.417+0000] {spark_submit.py:490} INFO - 24/09/30 11:39:17 INFO SQLHadoopMapReduceCommitProtocol: Using output committer class org.apache.parquet.hadoop.ParquetOutputCommitter
[2024-09-30T11:39:17.501+0000] {spark_submit.py:490} INFO - 24/09/30 11:39:17 INFO CodeGenerator: Code generated in 42.300714 ms
[2024-09-30T11:39:17.538+0000] {spark_submit.py:490} INFO - 24/09/30 11:39:17 INFO MemoryStore: Block broadcast_2 stored as values in memory (estimated size 177.0 KiB, free 434.2 MiB)
[2024-09-30T11:39:17.564+0000] {spark_submit.py:490} INFO - 24/09/30 11:39:17 INFO MemoryStore: Block broadcast_2_piece0 stored as bytes in memory (estimated size 28.3 KiB, free 434.2 MiB)
[2024-09-30T11:39:17.571+0000] {spark_submit.py:490} INFO - 24/09/30 11:39:17 INFO BlockManagerInfo: Added broadcast_2_piece0 in memory on 774e6edce74f:40569 (size: 28.3 KiB, free: 434.4 MiB)
[2024-09-30T11:39:17.575+0000] {spark_submit.py:490} INFO - 24/09/30 11:39:17 INFO SparkContext: Created broadcast 2 from saveAsTable at NativeMethodAccessorImpl.java:0
[2024-09-30T11:39:17.606+0000] {spark_submit.py:490} INFO - 24/09/30 11:39:17 INFO FileSourceScanExec: Planning scan with bin packing, max size: 4194304 bytes, open cost is considered as scanning 4194304 bytes.
[2024-09-30T11:39:17.701+0000] {spark_submit.py:490} INFO - 24/09/30 11:39:17 INFO SparkContext: Starting job: saveAsTable at NativeMethodAccessorImpl.java:0
[2024-09-30T11:39:17.704+0000] {spark_submit.py:490} INFO - 24/09/30 11:39:17 INFO DAGScheduler: Got job 2 (saveAsTable at NativeMethodAccessorImpl.java:0) with 1 output partitions
[2024-09-30T11:39:17.704+0000] {spark_submit.py:490} INFO - 24/09/30 11:39:17 INFO DAGScheduler: Final stage: ResultStage 2 (saveAsTable at NativeMethodAccessorImpl.java:0)
[2024-09-30T11:39:17.704+0000] {spark_submit.py:490} INFO - 24/09/30 11:39:17 INFO DAGScheduler: Parents of final stage: List()
[2024-09-30T11:39:17.705+0000] {spark_submit.py:490} INFO - 24/09/30 11:39:17 INFO DAGScheduler: Missing parents: List()
[2024-09-30T11:39:17.708+0000] {spark_submit.py:490} INFO - 24/09/30 11:39:17 INFO DAGScheduler: Submitting ResultStage 2 (MapPartitionsRDD[10] at saveAsTable at NativeMethodAccessorImpl.java:0), which has no missing parents
[2024-09-30T11:39:17.761+0000] {spark_submit.py:490} INFO - 24/09/30 11:39:17 INFO BlockManagerInfo: Removed broadcast_1_piece0 on 774e6edce74f:40569 in memory (size: 2.5 KiB, free: 434.4 MiB)
[2024-09-30T11:39:17.782+0000] {spark_submit.py:490} INFO - 24/09/30 11:39:17 INFO BlockManagerInfo: Removed broadcast_1_piece0 on 172.18.0.7:35071 in memory (size: 2.5 KiB, free: 434.4 MiB)
[2024-09-30T11:39:17.923+0000] {spark_submit.py:490} INFO - 24/09/30 11:39:17 INFO MemoryStore: Block broadcast_3 stored as values in memory (estimated size 182.8 KiB, free 434.0 MiB)
[2024-09-30T11:39:17.928+0000] {spark_submit.py:490} INFO - 24/09/30 11:39:17 INFO MemoryStore: Block broadcast_3_piece0 stored as bytes in memory (estimated size 65.6 KiB, free 434.0 MiB)
[2024-09-30T11:39:17.928+0000] {spark_submit.py:490} INFO - 24/09/30 11:39:17 INFO BlockManagerInfo: Added broadcast_3_piece0 in memory on 774e6edce74f:40569 (size: 65.6 KiB, free: 434.3 MiB)
[2024-09-30T11:39:17.931+0000] {spark_submit.py:490} INFO - 24/09/30 11:39:17 INFO SparkContext: Created broadcast 3 from broadcast at DAGScheduler.scala:1433
[2024-09-30T11:39:17.934+0000] {spark_submit.py:490} INFO - 24/09/30 11:39:17 INFO DAGScheduler: Submitting 1 missing tasks from ResultStage 2 (MapPartitionsRDD[10] at saveAsTable at NativeMethodAccessorImpl.java:0) (first 15 tasks are for partitions Vector(0))
[2024-09-30T11:39:17.935+0000] {spark_submit.py:490} INFO - 24/09/30 11:39:17 INFO TaskSchedulerImpl: Adding task set 2.0 with 1 tasks resource profile 0
[2024-09-30T11:39:17.945+0000] {spark_submit.py:490} INFO - 24/09/30 11:39:17 INFO TaskSetManager: Starting task 0.0 in stage 2.0 (TID 2) (172.18.0.7, executor 0, partition 0, ANY, 5048 bytes) taskResourceAssignments Map()
[2024-09-30T11:39:18.010+0000] {spark_submit.py:490} INFO - 24/09/30 11:39:18 INFO BlockManagerInfo: Added broadcast_3_piece0 in memory on 172.18.0.7:35071 (size: 65.6 KiB, free: 434.3 MiB)
[2024-09-30T11:39:19.306+0000] {spark_submit.py:490} INFO - 24/09/30 11:39:19 INFO BlockManagerInfo: Added broadcast_2_piece0 in memory on 172.18.0.7:35071 (size: 28.3 KiB, free: 434.3 MiB)
[2024-09-30T11:39:20.345+0000] {spark_submit.py:490} INFO - 24/09/30 11:39:20 INFO TaskSetManager: Finished task 0.0 in stage 2.0 (TID 2) in 2406 ms on 172.18.0.7 (executor 0) (1/1)
[2024-09-30T11:39:20.346+0000] {spark_submit.py:490} INFO - 24/09/30 11:39:20 INFO TaskSchedulerImpl: Removed TaskSet 2.0, whose tasks have all completed, from pool
[2024-09-30T11:39:20.347+0000] {spark_submit.py:490} INFO - 24/09/30 11:39:20 INFO DAGScheduler: ResultStage 2 (saveAsTable at NativeMethodAccessorImpl.java:0) finished in 2.589 s
[2024-09-30T11:39:20.347+0000] {spark_submit.py:490} INFO - 24/09/30 11:39:20 INFO DAGScheduler: Job 2 is finished. Cancelling potential speculative or zombie tasks for this job
[2024-09-30T11:39:20.348+0000] {spark_submit.py:490} INFO - 24/09/30 11:39:20 INFO TaskSchedulerImpl: Killing all running tasks in stage 2: Stage finished
[2024-09-30T11:39:20.350+0000] {spark_submit.py:490} INFO - 24/09/30 11:39:20 INFO DAGScheduler: Job 2 finished: saveAsTable at NativeMethodAccessorImpl.java:0, took 2.648041 s
[2024-09-30T11:39:20.456+0000] {spark_submit.py:490} INFO - 24/09/30 11:39:20 INFO FileFormatWriter: Write Job 6a201114-15b0-43f6-8679-2c5717b0a8d4 committed.
[2024-09-30T11:39:20.462+0000] {spark_submit.py:490} INFO - 24/09/30 11:39:20 INFO FileFormatWriter: Finished processing stats for write job 6a201114-15b0-43f6-8679-2c5717b0a8d4.
[2024-09-30T11:39:20.500+0000] {spark_submit.py:490} INFO - 24/09/30 11:39:20 INFO InMemoryFileIndex: It took 14 ms to list leaf files for 1 paths.
[2024-09-30T11:39:20.535+0000] {spark_submit.py:490} INFO - 24/09/30 11:39:20 INFO HiveExternalCatalog: Persisting file based data source table `default`.`cases` into Hive metastore in Hive compatible format.
[2024-09-30T11:39:20.554+0000] {spark_submit.py:490} INFO - 24/09/30 11:39:20 INFO SQLStdHiveAccessController: Created SQLStdHiveAccessController for session context : HiveAuthzSessionContext [sessionString=25ad0644-e872-4eac-9a83-6d6ffd0205a5, clientType=HIVECLI]
[2024-09-30T11:39:20.557+0000] {spark_submit.py:490} INFO - 24/09/30 11:39:20 WARN SessionState: METASTORE_FILTER_HOOK will be ignored, since hive.security.authorization.manager is set to instance of HiveAuthorizerFactory.
[2024-09-30T11:39:20.558+0000] {spark_submit.py:490} INFO - 24/09/30 11:39:20 INFO metastore: Mestastore configuration hive.metastore.filter.hook changed from org.apache.hadoop.hive.metastore.DefaultMetaStoreFilterHookImpl to org.apache.hadoop.hive.ql.security.authorization.plugin.AuthorizationMetaStoreFilterHook
[2024-09-30T11:39:20.564+0000] {spark_submit.py:490} INFO - 24/09/30 11:39:20 INFO metastore: Closed a connection to metastore, current connections: 0
[2024-09-30T11:39:20.566+0000] {spark_submit.py:490} INFO - 24/09/30 11:39:20 INFO metastore: Trying to connect to metastore with URI thrift://hive-metastore:9083
[2024-09-30T11:39:20.567+0000] {spark_submit.py:490} INFO - 24/09/30 11:39:20 INFO metastore: Opened a connection to metastore, current connections: 1
[2024-09-30T11:39:20.568+0000] {spark_submit.py:490} INFO - 24/09/30 11:39:20 INFO metastore: Connected to metastore.
[2024-09-30T11:39:20.604+0000] {spark_submit.py:490} INFO - 24/09/30 11:39:20 INFO metastore: Trying to connect to metastore with URI thrift://hive-metastore:9083
[2024-09-30T11:39:20.605+0000] {spark_submit.py:490} INFO - 24/09/30 11:39:20 INFO metastore: Opened a connection to metastore, current connections: 2
[2024-09-30T11:39:20.606+0000] {spark_submit.py:490} INFO - 24/09/30 11:39:20 INFO metastore: Connected to metastore.
[2024-09-30T11:39:20.701+0000] {spark_submit.py:490} INFO - 24/09/30 11:39:20 INFO AlterTableRecoverPartitionsCommand: Recover all the partitions in hdfs://namenode:8020/opt/hive/data/warehouse/cases
[2024-09-30T11:39:20.720+0000] {spark_submit.py:490} INFO - 24/09/30 11:39:20 INFO AlterTableRecoverPartitionsCommand: Found 1 partitions in hdfs://namenode:8020/opt/hive/data/warehouse/cases
[2024-09-30T11:39:20.726+0000] {spark_submit.py:490} INFO - 24/09/30 11:39:20 INFO AlterTableRecoverPartitionsCommand: Finished to gather the fast stats for all 1 partitions.
[2024-09-30T11:39:21.108+0000] {spark_submit.py:490} INFO - 24/09/30 11:39:21 INFO AlterTableRecoverPartitionsCommand: Recovered all partitions (1).
[2024-09-30T11:39:21.205+0000] {spark_submit.py:490} INFO - 24/09/30 11:39:21 INFO SparkContext: Invoking stop() from shutdown hook
[2024-09-30T11:39:21.222+0000] {spark_submit.py:490} INFO - 24/09/30 11:39:21 INFO SparkUI: Stopped Spark web UI at http://774e6edce74f:4040
[2024-09-30T11:39:21.228+0000] {spark_submit.py:490} INFO - 24/09/30 11:39:21 INFO StandaloneSchedulerBackend: Shutting down all executors
[2024-09-30T11:39:21.229+0000] {spark_submit.py:490} INFO - 24/09/30 11:39:21 INFO CoarseGrainedSchedulerBackend$DriverEndpoint: Asking each executor to shut down
[2024-09-30T11:39:21.279+0000] {spark_submit.py:490} INFO - 24/09/30 11:39:21 INFO MapOutputTrackerMasterEndpoint: MapOutputTrackerMasterEndpoint stopped!
[2024-09-30T11:39:21.318+0000] {spark_submit.py:490} INFO - 24/09/30 11:39:21 INFO MemoryStore: MemoryStore cleared
[2024-09-30T11:39:21.320+0000] {spark_submit.py:490} INFO - 24/09/30 11:39:21 INFO BlockManager: BlockManager stopped
[2024-09-30T11:39:21.326+0000] {spark_submit.py:490} INFO - 24/09/30 11:39:21 INFO BlockManagerMaster: BlockManagerMaster stopped
[2024-09-30T11:39:21.332+0000] {spark_submit.py:490} INFO - 24/09/30 11:39:21 INFO OutputCommitCoordinator$OutputCommitCoordinatorEndpoint: OutputCommitCoordinator stopped!
[2024-09-30T11:39:21.370+0000] {spark_submit.py:490} INFO - 24/09/30 11:39:21 INFO SparkContext: Successfully stopped SparkContext
[2024-09-30T11:39:21.370+0000] {spark_submit.py:490} INFO - 24/09/30 11:39:21 INFO ShutdownHookManager: Shutdown hook called
[2024-09-30T11:39:21.371+0000] {spark_submit.py:490} INFO - 24/09/30 11:39:21 INFO ShutdownHookManager: Deleting directory /tmp/spark-f700c616-249e-4459-a9a5-9bf0ff9c5383
[2024-09-30T11:39:21.379+0000] {spark_submit.py:490} INFO - 24/09/30 11:39:21 INFO ShutdownHookManager: Deleting directory /tmp/spark-f700c616-249e-4459-a9a5-9bf0ff9c5383/pyspark-749f2eb6-f55b-4a86-a700-6495e7c0be2d
[2024-09-30T11:39:21.387+0000] {spark_submit.py:490} INFO - 24/09/30 11:39:21 INFO ShutdownHookManager: Deleting directory /tmp/spark-f0be9a86-4ae4-404f-af3b-3c909ef48c83
[2024-09-30T11:39:21.640+0000] {taskinstance.py:1327} INFO - Marking task as SUCCESS. dag_id=get_cases_data, task_id=save_to_warehouse, execution_date=20230110T000000, start_date=20240930T113857, end_date=20240930T113921
[2024-09-30T11:39:21.713+0000] {local_task_job.py:159} INFO - Task exited with return code 0
[2024-09-30T11:39:21.755+0000] {taskinstance.py:2582} INFO - 1 downstream tasks scheduled from follow-on schedule check
