[2024-09-30T11:26:43.317+0000] {taskinstance.py:1087} INFO - Dependencies all met for <TaskInstance: get_cases_data.save_to_warehouse scheduled__2022-12-22T00:00:00+00:00 [queued]>
[2024-09-30T11:26:43.338+0000] {taskinstance.py:1087} INFO - Dependencies all met for <TaskInstance: get_cases_data.save_to_warehouse scheduled__2022-12-22T00:00:00+00:00 [queued]>
[2024-09-30T11:26:43.339+0000] {taskinstance.py:1283} INFO - 
--------------------------------------------------------------------------------
[2024-09-30T11:26:43.339+0000] {taskinstance.py:1284} INFO - Starting attempt 1 of 1
[2024-09-30T11:26:43.339+0000] {taskinstance.py:1285} INFO - 
--------------------------------------------------------------------------------
[2024-09-30T11:26:43.372+0000] {taskinstance.py:1304} INFO - Executing <Task(SparkSubmitOperator): save_to_warehouse> on 2022-12-22 00:00:00+00:00
[2024-09-30T11:26:43.390+0000] {standard_task_runner.py:55} INFO - Started process 981 to run task
[2024-09-30T11:26:43.409+0000] {standard_task_runner.py:82} INFO - Running: ['***', 'tasks', 'run', 'get_cases_data', 'save_to_warehouse', 'scheduled__2022-12-22T00:00:00+00:00', '--job-id', '11', '--raw', '--subdir', 'DAGS_FOLDER/get_cases_data.py', '--cfg-path', '/tmp/tmp5gff01fw']
[2024-09-30T11:26:43.416+0000] {standard_task_runner.py:83} INFO - Job 11: Subtask save_to_warehouse
[2024-09-30T11:26:43.592+0000] {task_command.py:389} INFO - Running <TaskInstance: get_cases_data.save_to_warehouse scheduled__2022-12-22T00:00:00+00:00 [running]> on host 774e6edce74f
[2024-09-30T11:26:43.753+0000] {taskinstance.py:1513} INFO - Exporting the following env vars:
AIRFLOW_CTX_DAG_OWNER=***
AIRFLOW_CTX_DAG_ID=get_cases_data
AIRFLOW_CTX_TASK_ID=save_to_warehouse
AIRFLOW_CTX_EXECUTION_DATE=2022-12-22T00:00:00+00:00
AIRFLOW_CTX_TRY_NUMBER=1
AIRFLOW_CTX_DAG_RUN_ID=scheduled__2022-12-22T00:00:00+00:00
[2024-09-30T11:26:43.756+0000] {base.py:73} INFO - Using connection ID 'spark_connection' for task execution.
[2024-09-30T11:26:43.757+0000] {spark_submit.py:339} INFO - Spark-Submit cmd: spark-submit --master spark://spark-master:7077 --name save_to_warehouse --verbose /usr/local/spark/app/save_to_warehouse.py
[2024-09-30T11:26:45.880+0000] {spark_submit.py:490} INFO - Using properties file: null
[2024-09-30T11:26:46.118+0000] {spark_submit.py:490} INFO - WARNING: An illegal reflective access operation has occurred
[2024-09-30T11:26:46.118+0000] {spark_submit.py:490} INFO - WARNING: Illegal reflective access by org.apache.spark.unsafe.Platform (file:/home/***/.local/lib/python3.7/site-packages/pyspark/jars/spark-unsafe_2.12-3.1.3.jar) to constructor java.nio.DirectByteBuffer(long,int)
[2024-09-30T11:26:46.119+0000] {spark_submit.py:490} INFO - WARNING: Please consider reporting this to the maintainers of org.apache.spark.unsafe.Platform
[2024-09-30T11:26:46.119+0000] {spark_submit.py:490} INFO - WARNING: Use --illegal-access=warn to enable warnings of further illegal reflective access operations
[2024-09-30T11:26:46.126+0000] {spark_submit.py:490} INFO - WARNING: All illegal access operations will be denied in a future release
[2024-09-30T11:26:46.259+0000] {spark_submit.py:490} INFO - Parsed arguments:
[2024-09-30T11:26:46.260+0000] {spark_submit.py:490} INFO - master                  spark://spark-master:7077
[2024-09-30T11:26:46.260+0000] {spark_submit.py:490} INFO - deployMode              null
[2024-09-30T11:26:46.260+0000] {spark_submit.py:490} INFO - executorMemory          null
[2024-09-30T11:26:46.260+0000] {spark_submit.py:490} INFO - executorCores           null
[2024-09-30T11:26:46.260+0000] {spark_submit.py:490} INFO - totalExecutorCores      null
[2024-09-30T11:26:46.260+0000] {spark_submit.py:490} INFO - propertiesFile          null
[2024-09-30T11:26:46.260+0000] {spark_submit.py:490} INFO - driverMemory            null
[2024-09-30T11:26:46.261+0000] {spark_submit.py:490} INFO - driverCores             null
[2024-09-30T11:26:46.261+0000] {spark_submit.py:490} INFO - driverExtraClassPath    null
[2024-09-30T11:26:46.261+0000] {spark_submit.py:490} INFO - driverExtraLibraryPath  null
[2024-09-30T11:26:46.261+0000] {spark_submit.py:490} INFO - driverExtraJavaOptions  null
[2024-09-30T11:26:46.261+0000] {spark_submit.py:490} INFO - supervise               false
[2024-09-30T11:26:46.261+0000] {spark_submit.py:490} INFO - queue                   null
[2024-09-30T11:26:46.261+0000] {spark_submit.py:490} INFO - numExecutors            null
[2024-09-30T11:26:46.261+0000] {spark_submit.py:490} INFO - files                   null
[2024-09-30T11:26:46.261+0000] {spark_submit.py:490} INFO - pyFiles                 null
[2024-09-30T11:26:46.261+0000] {spark_submit.py:490} INFO - archives                null
[2024-09-30T11:26:46.261+0000] {spark_submit.py:490} INFO - mainClass               null
[2024-09-30T11:26:46.262+0000] {spark_submit.py:490} INFO - primaryResource         file:/usr/local/spark/app/save_to_warehouse.py
[2024-09-30T11:26:46.262+0000] {spark_submit.py:490} INFO - name                    save_to_warehouse
[2024-09-30T11:26:46.262+0000] {spark_submit.py:490} INFO - childArgs               []
[2024-09-30T11:26:46.262+0000] {spark_submit.py:490} INFO - jars                    null
[2024-09-30T11:26:46.262+0000] {spark_submit.py:490} INFO - packages                null
[2024-09-30T11:26:46.267+0000] {spark_submit.py:490} INFO - packagesExclusions      null
[2024-09-30T11:26:46.267+0000] {spark_submit.py:490} INFO - repositories            null
[2024-09-30T11:26:46.267+0000] {spark_submit.py:490} INFO - verbose                 true
[2024-09-30T11:26:46.267+0000] {spark_submit.py:490} INFO - 
[2024-09-30T11:26:46.267+0000] {spark_submit.py:490} INFO - Spark properties used, including those specified through
[2024-09-30T11:26:46.268+0000] {spark_submit.py:490} INFO - --conf and those from the properties file null:
[2024-09-30T11:26:46.268+0000] {spark_submit.py:490} INFO - 
[2024-09-30T11:26:46.268+0000] {spark_submit.py:490} INFO - 
[2024-09-30T11:26:46.268+0000] {spark_submit.py:490} INFO - 
[2024-09-30T11:26:47.010+0000] {spark_submit.py:490} INFO - 24/09/30 11:26:47 WARN NativeCodeLoader: Unable to load native-hadoop library for your platform... using builtin-java classes where applicable
[2024-09-30T11:26:47.358+0000] {spark_submit.py:490} INFO - Main class:
[2024-09-30T11:26:47.359+0000] {spark_submit.py:490} INFO - org.apache.spark.deploy.PythonRunner
[2024-09-30T11:26:47.359+0000] {spark_submit.py:490} INFO - Arguments:
[2024-09-30T11:26:47.359+0000] {spark_submit.py:490} INFO - file:/usr/local/spark/app/save_to_warehouse.py
[2024-09-30T11:26:47.360+0000] {spark_submit.py:490} INFO - null
[2024-09-30T11:26:47.367+0000] {spark_submit.py:490} INFO - Spark config:
[2024-09-30T11:26:47.367+0000] {spark_submit.py:490} INFO - (spark.app.name,save_to_warehouse)
[2024-09-30T11:26:47.367+0000] {spark_submit.py:490} INFO - (spark.master,spark://spark-master:7077)
[2024-09-30T11:26:47.368+0000] {spark_submit.py:490} INFO - (spark.submit.pyFiles,)
[2024-09-30T11:26:47.368+0000] {spark_submit.py:490} INFO - (spark.submit.deployMode,client)
[2024-09-30T11:26:47.368+0000] {spark_submit.py:490} INFO - Classpath elements:
[2024-09-30T11:26:47.368+0000] {spark_submit.py:490} INFO - 
[2024-09-30T11:26:47.368+0000] {spark_submit.py:490} INFO - 
[2024-09-30T11:26:47.368+0000] {spark_submit.py:490} INFO - 
[2024-09-30T11:26:48.643+0000] {spark_submit.py:490} INFO - Using Spark's default log4j profile: org/apache/spark/log4j-defaults.properties
[2024-09-30T11:26:48.662+0000] {spark_submit.py:490} INFO - 24/09/30 11:26:48 INFO SparkContext: Running Spark version 3.1.3
[2024-09-30T11:26:48.749+0000] {spark_submit.py:490} INFO - 24/09/30 11:26:48 INFO ResourceUtils: ==============================================================
[2024-09-30T11:26:48.757+0000] {spark_submit.py:490} INFO - 24/09/30 11:26:48 INFO ResourceUtils: No custom resources configured for spark.driver.
[2024-09-30T11:26:48.757+0000] {spark_submit.py:490} INFO - 24/09/30 11:26:48 INFO ResourceUtils: ==============================================================
[2024-09-30T11:26:48.757+0000] {spark_submit.py:490} INFO - 24/09/30 11:26:48 INFO SparkContext: Submitted application: save_to_warehouse
[2024-09-30T11:26:48.821+0000] {spark_submit.py:490} INFO - 24/09/30 11:26:48 INFO ResourceProfile: Default ResourceProfile created, executor resources: Map(cores -> name: cores, amount: 1, script: , vendor: , memory -> name: memory, amount: 1024, script: , vendor: , offHeap -> name: offHeap, amount: 0, script: , vendor: ), task resources: Map(cpus -> name: cpus, amount: 1.0)
[2024-09-30T11:26:48.844+0000] {spark_submit.py:490} INFO - 24/09/30 11:26:48 INFO ResourceProfile: Limiting resource is cpu
[2024-09-30T11:26:48.846+0000] {spark_submit.py:490} INFO - 24/09/30 11:26:48 INFO ResourceProfileManager: Added ResourceProfile id: 0
[2024-09-30T11:26:48.920+0000] {spark_submit.py:490} INFO - 24/09/30 11:26:48 INFO SecurityManager: Changing view acls to: default
[2024-09-30T11:26:48.920+0000] {spark_submit.py:490} INFO - 24/09/30 11:26:48 INFO SecurityManager: Changing modify acls to: default
[2024-09-30T11:26:48.920+0000] {spark_submit.py:490} INFO - 24/09/30 11:26:48 INFO SecurityManager: Changing view acls groups to:
[2024-09-30T11:26:48.921+0000] {spark_submit.py:490} INFO - 24/09/30 11:26:48 INFO SecurityManager: Changing modify acls groups to:
[2024-09-30T11:26:48.921+0000] {spark_submit.py:490} INFO - 24/09/30 11:26:48 INFO SecurityManager: SecurityManager: authentication disabled; ui acls disabled; users  with view permissions: Set(default); groups with view permissions: Set(); users  with modify permissions: Set(default); groups with modify permissions: Set()
[2024-09-30T11:26:49.307+0000] {spark_submit.py:490} INFO - 24/09/30 11:26:49 INFO Utils: Successfully started service 'sparkDriver' on port 36299.
[2024-09-30T11:26:49.351+0000] {spark_submit.py:490} INFO - 24/09/30 11:26:49 INFO SparkEnv: Registering MapOutputTracker
[2024-09-30T11:26:49.413+0000] {spark_submit.py:490} INFO - 24/09/30 11:26:49 INFO SparkEnv: Registering BlockManagerMaster
[2024-09-30T11:26:49.447+0000] {spark_submit.py:490} INFO - 24/09/30 11:26:49 INFO BlockManagerMasterEndpoint: Using org.apache.spark.storage.DefaultTopologyMapper for getting topology information
[2024-09-30T11:26:49.448+0000] {spark_submit.py:490} INFO - 24/09/30 11:26:49 INFO BlockManagerMasterEndpoint: BlockManagerMasterEndpoint up
[2024-09-30T11:26:49.457+0000] {spark_submit.py:490} INFO - 24/09/30 11:26:49 INFO SparkEnv: Registering BlockManagerMasterHeartbeat
[2024-09-30T11:26:49.480+0000] {spark_submit.py:490} INFO - 24/09/30 11:26:49 INFO DiskBlockManager: Created local directory at /tmp/blockmgr-1e791a7a-9569-4c4a-8f69-84adf2040444
[2024-09-30T11:26:49.517+0000] {spark_submit.py:490} INFO - 24/09/30 11:26:49 INFO MemoryStore: MemoryStore started with capacity 434.4 MiB
[2024-09-30T11:26:49.548+0000] {spark_submit.py:490} INFO - 24/09/30 11:26:49 INFO SparkEnv: Registering OutputCommitCoordinator
[2024-09-30T11:26:49.930+0000] {spark_submit.py:490} INFO - 24/09/30 11:26:49 WARN Utils: Service 'SparkUI' could not bind on port 4040. Attempting port 4041.
[2024-09-30T11:26:49.955+0000] {spark_submit.py:490} INFO - 24/09/30 11:26:49 INFO Utils: Successfully started service 'SparkUI' on port 4041.
[2024-09-30T11:26:50.089+0000] {spark_submit.py:490} INFO - 24/09/30 11:26:50 INFO SparkUI: Bound SparkUI to 0.0.0.0, and started at http://774e6edce74f:4041
[2024-09-30T11:26:50.415+0000] {spark_submit.py:490} INFO - 24/09/30 11:26:50 INFO StandaloneAppClient$ClientEndpoint: Connecting to master spark://spark-master:7077...
[2024-09-30T11:26:50.513+0000] {spark_submit.py:490} INFO - 24/09/30 11:26:50 INFO TransportClientFactory: Successfully created connection to spark-master/172.18.0.5:7077 after 52 ms (0 ms spent in bootstraps)
[2024-09-30T11:26:50.783+0000] {spark_submit.py:490} INFO - 24/09/30 11:26:50 INFO StandaloneSchedulerBackend: Connected to Spark cluster with app ID app-20240930112650-0005
[2024-09-30T11:26:50.797+0000] {spark_submit.py:490} INFO - 24/09/30 11:26:50 INFO Utils: Successfully started service 'org.apache.spark.network.netty.NettyBlockTransferService' on port 39917.
[2024-09-30T11:26:50.799+0000] {spark_submit.py:490} INFO - 24/09/30 11:26:50 INFO NettyBlockTransferService: Server created on 774e6edce74f:39917
[2024-09-30T11:26:50.802+0000] {spark_submit.py:490} INFO - 24/09/30 11:26:50 INFO BlockManager: Using org.apache.spark.storage.RandomBlockReplicationPolicy for block replication policy
[2024-09-30T11:26:50.817+0000] {spark_submit.py:490} INFO - 24/09/30 11:26:50 INFO BlockManagerMaster: Registering BlockManager BlockManagerId(driver, 774e6edce74f, 39917, None)
[2024-09-30T11:26:50.829+0000] {spark_submit.py:490} INFO - 24/09/30 11:26:50 INFO BlockManagerMasterEndpoint: Registering block manager 774e6edce74f:39917 with 434.4 MiB RAM, BlockManagerId(driver, 774e6edce74f, 39917, None)
[2024-09-30T11:26:50.836+0000] {spark_submit.py:490} INFO - 24/09/30 11:26:50 INFO BlockManagerMaster: Registered BlockManager BlockManagerId(driver, 774e6edce74f, 39917, None)
[2024-09-30T11:26:50.837+0000] {spark_submit.py:490} INFO - 24/09/30 11:26:50 INFO BlockManager: Initialized BlockManager: BlockManagerId(driver, 774e6edce74f, 39917, None)
[2024-09-30T11:26:51.150+0000] {spark_submit.py:490} INFO - 24/09/30 11:26:51 INFO StandaloneSchedulerBackend: SchedulerBackend is ready for scheduling beginning after reached minRegisteredResourcesRatio: 0.0
[2024-09-30T11:26:51.497+0000] {spark_submit.py:490} INFO - 24/09/30 11:26:51 INFO SharedState: Setting hive.metastore.warehouse.dir ('null') to the value of spark.sql.warehouse.dir ('/user/hive/warehouse').
[2024-09-30T11:26:51.498+0000] {spark_submit.py:490} INFO - 24/09/30 11:26:51 INFO SharedState: Warehouse path is '/user/hive/warehouse'.
[2024-09-30T11:26:53.763+0000] {spark_submit.py:490} INFO - 24/09/30 11:26:53 INFO InMemoryFileIndex: It took 121 ms to list leaf files for 1 paths.
[2024-09-30T11:26:54.461+0000] {spark_submit.py:490} INFO - 24/09/30 11:26:54 INFO SparkContext: Starting job: parquet at NativeMethodAccessorImpl.java:0
[2024-09-30T11:26:54.487+0000] {spark_submit.py:490} INFO - 24/09/30 11:26:54 INFO DAGScheduler: Got job 0 (parquet at NativeMethodAccessorImpl.java:0) with 1 output partitions
[2024-09-30T11:26:54.487+0000] {spark_submit.py:490} INFO - 24/09/30 11:26:54 INFO DAGScheduler: Final stage: ResultStage 0 (parquet at NativeMethodAccessorImpl.java:0)
[2024-09-30T11:26:54.487+0000] {spark_submit.py:490} INFO - 24/09/30 11:26:54 INFO DAGScheduler: Parents of final stage: List()
[2024-09-30T11:26:54.489+0000] {spark_submit.py:490} INFO - 24/09/30 11:26:54 INFO DAGScheduler: Missing parents: List()
[2024-09-30T11:26:54.497+0000] {spark_submit.py:490} INFO - 24/09/30 11:26:54 INFO DAGScheduler: Submitting ResultStage 0 (MapPartitionsRDD[1] at parquet at NativeMethodAccessorImpl.java:0), which has no missing parents
[2024-09-30T11:26:54.569+0000] {spark_submit.py:490} INFO - 24/09/30 11:26:54 INFO MemoryStore: Block broadcast_0 stored as values in memory (estimated size 84.0 KiB, free 434.3 MiB)
[2024-09-30T11:26:54.621+0000] {spark_submit.py:490} INFO - 24/09/30 11:26:54 INFO MemoryStore: Block broadcast_0_piece0 stored as bytes in memory (estimated size 29.8 KiB, free 434.3 MiB)
[2024-09-30T11:26:54.628+0000] {spark_submit.py:490} INFO - 24/09/30 11:26:54 INFO BlockManagerInfo: Added broadcast_0_piece0 in memory on 774e6edce74f:39917 (size: 29.8 KiB, free: 434.4 MiB)
[2024-09-30T11:26:54.636+0000] {spark_submit.py:490} INFO - 24/09/30 11:26:54 INFO SparkContext: Created broadcast 0 from broadcast at DAGScheduler.scala:1433
[2024-09-30T11:26:54.660+0000] {spark_submit.py:490} INFO - 24/09/30 11:26:54 INFO DAGScheduler: Submitting 1 missing tasks from ResultStage 0 (MapPartitionsRDD[1] at parquet at NativeMethodAccessorImpl.java:0) (first 15 tasks are for partitions Vector(0))
[2024-09-30T11:26:54.663+0000] {spark_submit.py:490} INFO - 24/09/30 11:26:54 INFO TaskSchedulerImpl: Adding task set 0.0 with 1 tasks resource profile 0
[2024-09-30T11:27:09.704+0000] {spark_submit.py:490} INFO - 24/09/30 11:27:09 WARN TaskSchedulerImpl: Initial job has not accepted any resources; check your cluster UI to ensure that workers are registered and have sufficient resources
[2024-09-30T11:27:19.570+0000] {spark_submit.py:490} INFO - 24/09/30 11:27:19 INFO StandaloneAppClient$ClientEndpoint: Executor added: app-20240930112650-0005/0 on worker-20240930112313-172.18.0.7-33165 (172.18.0.7:33165) with 4 core(s)
[2024-09-30T11:27:19.574+0000] {spark_submit.py:490} INFO - 24/09/30 11:27:19 INFO StandaloneSchedulerBackend: Granted executor ID app-20240930112650-0005/0 on hostPort 172.18.0.7:33165 with 4 core(s), 1024.0 MiB RAM
[2024-09-30T11:27:19.741+0000] {spark_submit.py:490} INFO - 24/09/30 11:27:19 INFO StandaloneAppClient$ClientEndpoint: Executor updated: app-20240930112650-0005/0 is now RUNNING
[2024-09-30T11:27:24.129+0000] {spark_submit.py:490} INFO - 24/09/30 11:27:24 INFO CoarseGrainedSchedulerBackend$DriverEndpoint: Registered executor NettyRpcEndpointRef(spark-client://Executor) (172.18.0.7:50226) with ID 0,  ResourceProfileId 0
[2024-09-30T11:27:24.341+0000] {spark_submit.py:490} INFO - 24/09/30 11:27:24 INFO BlockManagerMasterEndpoint: Registering block manager 172.18.0.7:41531 with 434.4 MiB RAM, BlockManagerId(0, 172.18.0.7, 41531, None)
[2024-09-30T11:27:24.435+0000] {spark_submit.py:490} INFO - 24/09/30 11:27:24 INFO TaskSetManager: Starting task 0.0 in stage 0.0 (TID 0) (172.18.0.7, executor 0, partition 0, PROCESS_LOCAL, 4732 bytes) taskResourceAssignments Map()
[2024-09-30T11:27:24.859+0000] {spark_submit.py:490} INFO - 24/09/30 11:27:24 INFO BlockManagerInfo: Added broadcast_0_piece0 in memory on 172.18.0.7:41531 (size: 29.8 KiB, free: 434.4 MiB)
[2024-09-30T11:27:26.670+0000] {spark_submit.py:490} INFO - 24/09/30 11:27:26 INFO TaskSetManager: Finished task 0.0 in stage 0.0 (TID 0) in 2255 ms on 172.18.0.7 (executor 0) (1/1)
[2024-09-30T11:27:26.673+0000] {spark_submit.py:490} INFO - 24/09/30 11:27:26 INFO TaskSchedulerImpl: Removed TaskSet 0.0, whose tasks have all completed, from pool
[2024-09-30T11:27:26.682+0000] {spark_submit.py:490} INFO - 24/09/30 11:27:26 INFO DAGScheduler: ResultStage 0 (parquet at NativeMethodAccessorImpl.java:0) finished in 32.167 s
[2024-09-30T11:27:26.688+0000] {spark_submit.py:490} INFO - 24/09/30 11:27:26 INFO DAGScheduler: Job 0 is finished. Cancelling potential speculative or zombie tasks for this job
[2024-09-30T11:27:26.689+0000] {spark_submit.py:490} INFO - 24/09/30 11:27:26 INFO TaskSchedulerImpl: Killing all running tasks in stage 0: Stage finished
[2024-09-30T11:27:26.692+0000] {spark_submit.py:490} INFO - 24/09/30 11:27:26 INFO DAGScheduler: Job 0 finished: parquet at NativeMethodAccessorImpl.java:0, took 32.228880 s
[2024-09-30T11:27:27.616+0000] {spark_submit.py:490} INFO - 24/09/30 11:27:27 INFO BlockManagerInfo: Removed broadcast_0_piece0 on 774e6edce74f:39917 in memory (size: 29.8 KiB, free: 434.4 MiB)
[2024-09-30T11:27:27.621+0000] {spark_submit.py:490} INFO - 24/09/30 11:27:27 INFO BlockManagerInfo: Removed broadcast_0_piece0 on 172.18.0.7:41531 in memory (size: 29.8 KiB, free: 434.4 MiB)
[2024-09-30T11:27:28.988+0000] {spark_submit.py:490} INFO - 24/09/30 11:27:28 INFO HiveConf: Found configuration file null
[2024-09-30T11:27:29.006+0000] {spark_submit.py:490} INFO - 24/09/30 11:27:29 INFO HiveUtils: Initializing HiveMetastoreConnection version 2.3.7 using Spark classes.
[2024-09-30T11:27:29.567+0000] {spark_submit.py:490} INFO - 24/09/30 11:27:29 INFO SessionState: Created HDFS directory: hdfs://namenode:8020/opt/hive/scratch_dir/default/4df316fc-a366-48b2-b31b-41a696dcabb0
[2024-09-30T11:27:29.615+0000] {spark_submit.py:490} INFO - 24/09/30 11:27:29 INFO SessionState: Created local directory: /tmp/default/4df316fc-a366-48b2-b31b-41a696dcabb0
[2024-09-30T11:27:29.635+0000] {spark_submit.py:490} INFO - 24/09/30 11:27:29 INFO SessionState: Created HDFS directory: hdfs://namenode:8020/opt/hive/scratch_dir/default/4df316fc-a366-48b2-b31b-41a696dcabb0/_tmp_space.db
[2024-09-30T11:27:29.649+0000] {spark_submit.py:490} INFO - 24/09/30 11:27:29 INFO HiveClientImpl: Warehouse location for Hive client (version 2.3.7) is /user/hive/warehouse
[2024-09-30T11:27:30.438+0000] {spark_submit.py:490} INFO - 24/09/30 11:27:30 INFO metastore: Trying to connect to metastore with URI thrift://hive-metastore:9083
[2024-09-30T11:27:30.469+0000] {spark_submit.py:490} INFO - 24/09/30 11:27:30 INFO metastore: Opened a connection to metastore, current connections: 1
[2024-09-30T11:27:30.508+0000] {spark_submit.py:490} INFO - 24/09/30 11:27:30 INFO metastore: Connected to metastore.
[2024-09-30T11:27:32.152+0000] {spark_submit.py:490} INFO - 24/09/30 11:27:32 INFO CodeGenerator: Code generated in 350.961999 ms
[2024-09-30T11:27:32.866+0000] {spark_submit.py:490} INFO - 24/09/30 11:27:32 INFO CodeGenerator: Code generated in 21.609691 ms
[2024-09-30T11:27:32.981+0000] {spark_submit.py:490} INFO - 24/09/30 11:27:32 INFO SparkContext: Starting job: hasNext at NativeMethodAccessorImpl.java:0
[2024-09-30T11:27:32.985+0000] {spark_submit.py:490} INFO - 24/09/30 11:27:32 INFO DAGScheduler: Got job 1 (hasNext at NativeMethodAccessorImpl.java:0) with 1 output partitions
[2024-09-30T11:27:32.985+0000] {spark_submit.py:490} INFO - 24/09/30 11:27:32 INFO DAGScheduler: Final stage: ResultStage 1 (hasNext at NativeMethodAccessorImpl.java:0)
[2024-09-30T11:27:32.985+0000] {spark_submit.py:490} INFO - 24/09/30 11:27:32 INFO DAGScheduler: Parents of final stage: List()
[2024-09-30T11:27:32.987+0000] {spark_submit.py:490} INFO - 24/09/30 11:27:32 INFO DAGScheduler: Missing parents: List()
[2024-09-30T11:27:32.989+0000] {spark_submit.py:490} INFO - 24/09/30 11:27:32 INFO DAGScheduler: Submitting ResultStage 1 (MapPartitionsRDD[5] at toLocalIterator at NativeMethodAccessorImpl.java:0), which has no missing parents
[2024-09-30T11:27:33.002+0000] {spark_submit.py:490} INFO - 24/09/30 11:27:33 INFO MemoryStore: Block broadcast_1 stored as values in memory (estimated size 4.6 KiB, free 434.4 MiB)
[2024-09-30T11:27:33.019+0000] {spark_submit.py:490} INFO - 24/09/30 11:27:33 INFO MemoryStore: Block broadcast_1_piece0 stored as bytes in memory (estimated size 2.5 KiB, free 434.4 MiB)
[2024-09-30T11:27:33.020+0000] {spark_submit.py:490} INFO - 24/09/30 11:27:33 INFO BlockManagerInfo: Added broadcast_1_piece0 in memory on 774e6edce74f:39917 (size: 2.5 KiB, free: 434.4 MiB)
[2024-09-30T11:27:33.022+0000] {spark_submit.py:490} INFO - 24/09/30 11:27:33 INFO SparkContext: Created broadcast 1 from broadcast at DAGScheduler.scala:1433
[2024-09-30T11:27:33.027+0000] {spark_submit.py:490} INFO - 24/09/30 11:27:33 INFO DAGScheduler: Submitting 1 missing tasks from ResultStage 1 (MapPartitionsRDD[5] at toLocalIterator at NativeMethodAccessorImpl.java:0) (first 15 tasks are for partitions Vector(0))
[2024-09-30T11:27:33.029+0000] {spark_submit.py:490} INFO - 24/09/30 11:27:33 INFO TaskSchedulerImpl: Adding task set 1.0 with 1 tasks resource profile 0
[2024-09-30T11:27:33.042+0000] {spark_submit.py:490} INFO - 24/09/30 11:27:33 INFO TaskSetManager: Starting task 0.0 in stage 1.0 (TID 1) (172.18.0.7, executor 0, partition 0, PROCESS_LOCAL, 4713 bytes) taskResourceAssignments Map()
[2024-09-30T11:27:33.133+0000] {spark_submit.py:490} INFO - 24/09/30 11:27:33 INFO BlockManagerInfo: Added broadcast_1_piece0 in memory on 172.18.0.7:41531 (size: 2.5 KiB, free: 434.4 MiB)
[2024-09-30T11:27:33.330+0000] {spark_submit.py:490} INFO - 24/09/30 11:27:33 INFO TaskSetManager: Finished task 0.0 in stage 1.0 (TID 1) in 298 ms on 172.18.0.7 (executor 0) (1/1)
[2024-09-30T11:27:33.331+0000] {spark_submit.py:490} INFO - 24/09/30 11:27:33 INFO TaskSchedulerImpl: Removed TaskSet 1.0, whose tasks have all completed, from pool
[2024-09-30T11:27:33.335+0000] {spark_submit.py:490} INFO - 24/09/30 11:27:33 INFO DAGScheduler: ResultStage 1 (hasNext at NativeMethodAccessorImpl.java:0) finished in 0.342 s
[2024-09-30T11:27:33.343+0000] {spark_submit.py:490} INFO - 24/09/30 11:27:33 INFO DAGScheduler: Job 1 is finished. Cancelling potential speculative or zombie tasks for this job
[2024-09-30T11:27:33.343+0000] {spark_submit.py:490} INFO - 24/09/30 11:27:33 INFO TaskSchedulerImpl: Killing all running tasks in stage 1: Stage finished
[2024-09-30T11:27:33.345+0000] {spark_submit.py:490} INFO - 24/09/30 11:27:33 INFO DAGScheduler: Job 1 finished: hasNext at NativeMethodAccessorImpl.java:0, took 0.357317 s
[2024-09-30T11:27:33.418+0000] {spark_submit.py:490} INFO - 24/09/30 11:27:33 INFO CodeGenerator: Code generated in 19.716025 ms
[2024-09-30T11:27:34.149+0000] {spark_submit.py:490} INFO - 24/09/30 11:27:34 INFO BlockManagerInfo: Removed broadcast_1_piece0 on 774e6edce74f:39917 in memory (size: 2.5 KiB, free: 434.4 MiB)
[2024-09-30T11:27:34.160+0000] {spark_submit.py:490} INFO - 24/09/30 11:27:34 INFO BlockManagerInfo: Removed broadcast_1_piece0 on 172.18.0.7:41531 in memory (size: 2.5 KiB, free: 434.4 MiB)
[2024-09-30T11:27:34.182+0000] {spark_submit.py:490} INFO - 24/09/30 11:27:34 INFO DataSourceStrategy: Pruning directories with:
[2024-09-30T11:27:34.191+0000] {spark_submit.py:490} INFO - 24/09/30 11:27:34 INFO FileSourceStrategy: Pushed Filters:
[2024-09-30T11:27:34.201+0000] {spark_submit.py:490} INFO - 24/09/30 11:27:34 INFO FileSourceStrategy: Post-Scan Filters:
[2024-09-30T11:27:34.208+0000] {spark_submit.py:490} INFO - 24/09/30 11:27:34 INFO FileSourceStrategy: Output Data Schema: struct<collection_id: string, new_positive_cases: int, collection_date: timestamp ... 1 more fields>
[2024-09-30T11:27:34.546+0000] {spark_submit.py:490} INFO - 24/09/30 11:27:34 INFO ParquetFileFormat: Using default output committer for Parquet: org.apache.parquet.hadoop.ParquetOutputCommitter
[2024-09-30T11:27:34.588+0000] {spark_submit.py:490} INFO - 24/09/30 11:27:34 INFO FileOutputCommitter: File Output Committer Algorithm version is 1
[2024-09-30T11:27:34.589+0000] {spark_submit.py:490} INFO - 24/09/30 11:27:34 INFO FileOutputCommitter: FileOutputCommitter skip cleanup _temporary folders under output directory:false, ignore cleanup failures: false
[2024-09-30T11:27:34.594+0000] {spark_submit.py:490} INFO - 24/09/30 11:27:34 INFO SQLHadoopMapReduceCommitProtocol: Using user defined output committer class org.apache.parquet.hadoop.ParquetOutputCommitter
[2024-09-30T11:27:34.594+0000] {spark_submit.py:490} INFO - 24/09/30 11:27:34 INFO FileOutputCommitter: File Output Committer Algorithm version is 1
[2024-09-30T11:27:34.594+0000] {spark_submit.py:490} INFO - 24/09/30 11:27:34 INFO FileOutputCommitter: FileOutputCommitter skip cleanup _temporary folders under output directory:false, ignore cleanup failures: false
[2024-09-30T11:27:34.595+0000] {spark_submit.py:490} INFO - 24/09/30 11:27:34 INFO SQLHadoopMapReduceCommitProtocol: Using output committer class org.apache.parquet.hadoop.ParquetOutputCommitter
[2024-09-30T11:27:34.715+0000] {spark_submit.py:490} INFO - 24/09/30 11:27:34 INFO CodeGenerator: Code generated in 53.860965 ms
[2024-09-30T11:27:34.740+0000] {spark_submit.py:490} INFO - 24/09/30 11:27:34 INFO MemoryStore: Block broadcast_2 stored as values in memory (estimated size 177.0 KiB, free 434.2 MiB)
[2024-09-30T11:27:34.754+0000] {spark_submit.py:490} INFO - 24/09/30 11:27:34 INFO MemoryStore: Block broadcast_2_piece0 stored as bytes in memory (estimated size 28.3 KiB, free 434.2 MiB)
[2024-09-30T11:27:34.758+0000] {spark_submit.py:490} INFO - 24/09/30 11:27:34 INFO BlockManagerInfo: Added broadcast_2_piece0 in memory on 774e6edce74f:39917 (size: 28.3 KiB, free: 434.4 MiB)
[2024-09-30T11:27:34.762+0000] {spark_submit.py:490} INFO - 24/09/30 11:27:34 INFO SparkContext: Created broadcast 2 from saveAsTable at NativeMethodAccessorImpl.java:0
[2024-09-30T11:27:34.777+0000] {spark_submit.py:490} INFO - 24/09/30 11:27:34 INFO FileSourceScanExec: Planning scan with bin packing, max size: 4194304 bytes, open cost is considered as scanning 4194304 bytes.
[2024-09-30T11:27:34.871+0000] {spark_submit.py:490} INFO - 24/09/30 11:27:34 INFO SparkContext: Starting job: saveAsTable at NativeMethodAccessorImpl.java:0
[2024-09-30T11:27:34.872+0000] {spark_submit.py:490} INFO - 24/09/30 11:27:34 INFO DAGScheduler: Got job 2 (saveAsTable at NativeMethodAccessorImpl.java:0) with 1 output partitions
[2024-09-30T11:27:34.872+0000] {spark_submit.py:490} INFO - 24/09/30 11:27:34 INFO DAGScheduler: Final stage: ResultStage 2 (saveAsTable at NativeMethodAccessorImpl.java:0)
[2024-09-30T11:27:34.872+0000] {spark_submit.py:490} INFO - 24/09/30 11:27:34 INFO DAGScheduler: Parents of final stage: List()
[2024-09-30T11:27:34.873+0000] {spark_submit.py:490} INFO - 24/09/30 11:27:34 INFO DAGScheduler: Missing parents: List()
[2024-09-30T11:27:34.879+0000] {spark_submit.py:490} INFO - 24/09/30 11:27:34 INFO DAGScheduler: Submitting ResultStage 2 (MapPartitionsRDD[10] at saveAsTable at NativeMethodAccessorImpl.java:0), which has no missing parents
[2024-09-30T11:27:35.001+0000] {spark_submit.py:490} INFO - 24/09/30 11:27:35 INFO MemoryStore: Block broadcast_3 stored as values in memory (estimated size 182.8 KiB, free 434.0 MiB)
[2024-09-30T11:27:35.018+0000] {spark_submit.py:490} INFO - 24/09/30 11:27:35 INFO MemoryStore: Block broadcast_3_piece0 stored as bytes in memory (estimated size 65.6 KiB, free 434.0 MiB)
[2024-09-30T11:27:35.026+0000] {spark_submit.py:490} INFO - 24/09/30 11:27:35 INFO BlockManagerInfo: Added broadcast_3_piece0 in memory on 774e6edce74f:39917 (size: 65.6 KiB, free: 434.3 MiB)
[2024-09-30T11:27:35.026+0000] {spark_submit.py:490} INFO - 24/09/30 11:27:35 INFO SparkContext: Created broadcast 3 from broadcast at DAGScheduler.scala:1433
[2024-09-30T11:27:35.026+0000] {spark_submit.py:490} INFO - 24/09/30 11:27:35 INFO DAGScheduler: Submitting 1 missing tasks from ResultStage 2 (MapPartitionsRDD[10] at saveAsTable at NativeMethodAccessorImpl.java:0) (first 15 tasks are for partitions Vector(0))
[2024-09-30T11:27:35.027+0000] {spark_submit.py:490} INFO - 24/09/30 11:27:35 INFO TaskSchedulerImpl: Adding task set 2.0 with 1 tasks resource profile 0
[2024-09-30T11:27:35.040+0000] {spark_submit.py:490} INFO - 24/09/30 11:27:35 INFO TaskSetManager: Starting task 0.0 in stage 2.0 (TID 2) (172.18.0.7, executor 0, partition 0, ANY, 5048 bytes) taskResourceAssignments Map()
[2024-09-30T11:27:35.100+0000] {spark_submit.py:490} INFO - 24/09/30 11:27:35 INFO BlockManagerInfo: Added broadcast_3_piece0 in memory on 172.18.0.7:41531 (size: 65.6 KiB, free: 434.3 MiB)
[2024-09-30T11:27:36.535+0000] {spark_submit.py:490} INFO - 24/09/30 11:27:36 INFO BlockManagerInfo: Added broadcast_2_piece0 in memory on 172.18.0.7:41531 (size: 28.3 KiB, free: 434.3 MiB)
[2024-09-30T11:27:37.828+0000] {spark_submit.py:490} INFO - 24/09/30 11:27:37 INFO TaskSetManager: Finished task 0.0 in stage 2.0 (TID 2) in 2795 ms on 172.18.0.7 (executor 0) (1/1)
[2024-09-30T11:27:37.828+0000] {spark_submit.py:490} INFO - 24/09/30 11:27:37 INFO TaskSchedulerImpl: Removed TaskSet 2.0, whose tasks have all completed, from pool
[2024-09-30T11:27:37.829+0000] {spark_submit.py:490} INFO - 24/09/30 11:27:37 INFO DAGScheduler: ResultStage 2 (saveAsTable at NativeMethodAccessorImpl.java:0) finished in 2.948 s
[2024-09-30T11:27:37.830+0000] {spark_submit.py:490} INFO - 24/09/30 11:27:37 INFO DAGScheduler: Job 2 is finished. Cancelling potential speculative or zombie tasks for this job
[2024-09-30T11:27:37.830+0000] {spark_submit.py:490} INFO - 24/09/30 11:27:37 INFO TaskSchedulerImpl: Killing all running tasks in stage 2: Stage finished
[2024-09-30T11:27:37.833+0000] {spark_submit.py:490} INFO - 24/09/30 11:27:37 INFO DAGScheduler: Job 2 finished: saveAsTable at NativeMethodAccessorImpl.java:0, took 2.960367 s
[2024-09-30T11:27:37.963+0000] {spark_submit.py:490} INFO - 24/09/30 11:27:37 INFO FileFormatWriter: Write Job 950b9b9b-41d4-48b9-b41b-50a7079c01bf committed.
[2024-09-30T11:27:37.970+0000] {spark_submit.py:490} INFO - 24/09/30 11:27:37 INFO FileFormatWriter: Finished processing stats for write job 950b9b9b-41d4-48b9-b41b-50a7079c01bf.
[2024-09-30T11:27:38.022+0000] {spark_submit.py:490} INFO - 24/09/30 11:27:38 INFO InMemoryFileIndex: It took 20 ms to list leaf files for 1 paths.
[2024-09-30T11:27:38.062+0000] {spark_submit.py:490} INFO - 24/09/30 11:27:38 INFO HiveExternalCatalog: Persisting file based data source table `default`.`cases` into Hive metastore in Hive compatible format.
[2024-09-30T11:27:38.079+0000] {spark_submit.py:490} INFO - 24/09/30 11:27:38 INFO SQLStdHiveAccessController: Created SQLStdHiveAccessController for session context : HiveAuthzSessionContext [sessionString=4df316fc-a366-48b2-b31b-41a696dcabb0, clientType=HIVECLI]
[2024-09-30T11:27:38.082+0000] {spark_submit.py:490} INFO - 24/09/30 11:27:38 WARN SessionState: METASTORE_FILTER_HOOK will be ignored, since hive.security.authorization.manager is set to instance of HiveAuthorizerFactory.
[2024-09-30T11:27:38.083+0000] {spark_submit.py:490} INFO - 24/09/30 11:27:38 INFO metastore: Mestastore configuration hive.metastore.filter.hook changed from org.apache.hadoop.hive.metastore.DefaultMetaStoreFilterHookImpl to org.apache.hadoop.hive.ql.security.authorization.plugin.AuthorizationMetaStoreFilterHook
[2024-09-30T11:27:38.090+0000] {spark_submit.py:490} INFO - 24/09/30 11:27:38 INFO metastore: Closed a connection to metastore, current connections: 0
[2024-09-30T11:27:38.093+0000] {spark_submit.py:490} INFO - 24/09/30 11:27:38 INFO metastore: Trying to connect to metastore with URI thrift://hive-metastore:9083
[2024-09-30T11:27:38.094+0000] {spark_submit.py:490} INFO - 24/09/30 11:27:38 INFO metastore: Opened a connection to metastore, current connections: 1
[2024-09-30T11:27:38.096+0000] {spark_submit.py:490} INFO - 24/09/30 11:27:38 INFO metastore: Connected to metastore.
[2024-09-30T11:27:38.134+0000] {spark_submit.py:490} INFO - 24/09/30 11:27:38 INFO metastore: Trying to connect to metastore with URI thrift://hive-metastore:9083
[2024-09-30T11:27:38.135+0000] {spark_submit.py:490} INFO - 24/09/30 11:27:38 INFO metastore: Opened a connection to metastore, current connections: 2
[2024-09-30T11:27:38.137+0000] {spark_submit.py:490} INFO - 24/09/30 11:27:38 INFO metastore: Connected to metastore.
[2024-09-30T11:27:38.295+0000] {spark_submit.py:490} INFO - 24/09/30 11:27:38 INFO AlterTableRecoverPartitionsCommand: Recover all the partitions in hdfs://namenode:8020/opt/hive/data/warehouse/cases
[2024-09-30T11:27:38.331+0000] {spark_submit.py:490} INFO - 24/09/30 11:27:38 INFO AlterTableRecoverPartitionsCommand: Found 1 partitions in hdfs://namenode:8020/opt/hive/data/warehouse/cases
[2024-09-30T11:27:38.348+0000] {spark_submit.py:490} INFO - 24/09/30 11:27:38 INFO AlterTableRecoverPartitionsCommand: Finished to gather the fast stats for all 1 partitions.
[2024-09-30T11:27:38.981+0000] {spark_submit.py:490} INFO - 24/09/30 11:27:38 INFO AlterTableRecoverPartitionsCommand: Recovered all partitions (1).
[2024-09-30T11:27:39.145+0000] {spark_submit.py:490} INFO - 24/09/30 11:27:39 INFO SparkContext: Invoking stop() from shutdown hook
[2024-09-30T11:27:39.161+0000] {spark_submit.py:490} INFO - 24/09/30 11:27:39 INFO SparkUI: Stopped Spark web UI at http://774e6edce74f:4041
[2024-09-30T11:27:39.171+0000] {spark_submit.py:490} INFO - 24/09/30 11:27:39 INFO StandaloneSchedulerBackend: Shutting down all executors
[2024-09-30T11:27:39.175+0000] {spark_submit.py:490} INFO - 24/09/30 11:27:39 INFO CoarseGrainedSchedulerBackend$DriverEndpoint: Asking each executor to shut down
[2024-09-30T11:27:39.248+0000] {spark_submit.py:490} INFO - 24/09/30 11:27:39 INFO MapOutputTrackerMasterEndpoint: MapOutputTrackerMasterEndpoint stopped!
[2024-09-30T11:27:39.349+0000] {spark_submit.py:490} INFO - 24/09/30 11:27:39 INFO MemoryStore: MemoryStore cleared
[2024-09-30T11:27:39.353+0000] {spark_submit.py:490} INFO - 24/09/30 11:27:39 INFO BlockManager: BlockManager stopped
[2024-09-30T11:27:39.377+0000] {spark_submit.py:490} INFO - 24/09/30 11:27:39 INFO BlockManagerMaster: BlockManagerMaster stopped
[2024-09-30T11:27:39.387+0000] {spark_submit.py:490} INFO - 24/09/30 11:27:39 INFO OutputCommitCoordinator$OutputCommitCoordinatorEndpoint: OutputCommitCoordinator stopped!
[2024-09-30T11:27:39.445+0000] {spark_submit.py:490} INFO - 24/09/30 11:27:39 INFO SparkContext: Successfully stopped SparkContext
[2024-09-30T11:27:39.446+0000] {spark_submit.py:490} INFO - 24/09/30 11:27:39 INFO ShutdownHookManager: Shutdown hook called
[2024-09-30T11:27:39.446+0000] {spark_submit.py:490} INFO - 24/09/30 11:27:39 INFO ShutdownHookManager: Deleting directory /tmp/spark-55925c0e-2836-4cb8-b435-df529a01e06a
[2024-09-30T11:27:39.459+0000] {spark_submit.py:490} INFO - 24/09/30 11:27:39 INFO ShutdownHookManager: Deleting directory /tmp/spark-78adc124-49d8-4d9b-9882-38674b17ac7c
[2024-09-30T11:27:39.478+0000] {spark_submit.py:490} INFO - 24/09/30 11:27:39 INFO ShutdownHookManager: Deleting directory /tmp/spark-78adc124-49d8-4d9b-9882-38674b17ac7c/pyspark-95c2105e-fddd-4caa-8f20-7e2f7f3303b8
[2024-09-30T11:27:39.824+0000] {taskinstance.py:1327} INFO - Marking task as SUCCESS. dag_id=get_cases_data, task_id=save_to_warehouse, execution_date=20221222T000000, start_date=20240930T112643, end_date=20240930T112739
[2024-09-30T11:27:39.896+0000] {local_task_job.py:159} INFO - Task exited with return code 0
[2024-09-30T11:27:39.959+0000] {taskinstance.py:2582} INFO - 1 downstream tasks scheduled from follow-on schedule check
