[2024-09-26T09:41:15.140+0000] {taskinstance.py:1087} INFO - Dependencies all met for <TaskInstance: get_cases_data.download_data scheduled__2023-01-02T00:00:00+00:00 [queued]>
[2024-09-26T09:41:15.158+0000] {taskinstance.py:1087} INFO - Dependencies all met for <TaskInstance: get_cases_data.download_data scheduled__2023-01-02T00:00:00+00:00 [queued]>
[2024-09-26T09:41:15.159+0000] {taskinstance.py:1283} INFO - 
--------------------------------------------------------------------------------
[2024-09-26T09:41:15.159+0000] {taskinstance.py:1284} INFO - Starting attempt 1 of 1
[2024-09-26T09:41:15.159+0000] {taskinstance.py:1285} INFO - 
--------------------------------------------------------------------------------
[2024-09-26T09:41:15.188+0000] {taskinstance.py:1304} INFO - Executing <Task(BashOperator): download_data> on 2023-01-02 00:00:00+00:00
[2024-09-26T09:41:15.210+0000] {standard_task_runner.py:55} INFO - Started process 2815 to run task
[2024-09-26T09:41:15.220+0000] {standard_task_runner.py:82} INFO - Running: ['***', 'tasks', 'run', 'get_cases_data', 'download_data', 'scheduled__2023-01-02T00:00:00+00:00', '--job-id', '29', '--raw', '--subdir', 'DAGS_FOLDER/get_cases_data.py', '--cfg-path', '/tmp/tmp8d78k0z8']
[2024-09-26T09:41:15.223+0000] {standard_task_runner.py:83} INFO - Job 29: Subtask download_data
[2024-09-26T09:41:15.336+0000] {task_command.py:389} INFO - Running <TaskInstance: get_cases_data.download_data scheduled__2023-01-02T00:00:00+00:00 [running]> on host 3d66d2a77c1d
[2024-09-26T09:41:15.411+0000] {logging_mixin.py:137} WARNING - /home/***/.local/lib/python3.7/site-packages/***/utils/context.py:205 AirflowContextDeprecationWarning: Accessing 'execution_date' from the template is deprecated and will be removed in a future version. Please use 'data_interval_start' or 'logical_date' instead.
[2024-09-26T09:41:15.482+0000] {taskinstance.py:1513} INFO - Exporting the following env vars:
AIRFLOW_CTX_DAG_OWNER=***
AIRFLOW_CTX_DAG_ID=get_cases_data
AIRFLOW_CTX_TASK_ID=download_data
AIRFLOW_CTX_EXECUTION_DATE=2023-01-02T00:00:00+00:00
AIRFLOW_CTX_TRY_NUMBER=1
AIRFLOW_CTX_DAG_RUN_ID=scheduled__2023-01-02T00:00:00+00:00
[2024-09-26T09:41:15.483+0000] {subprocess.py:63} INFO - Tmp dir root location: 
 /tmp
[2024-09-26T09:41:15.484+0000] {subprocess.py:75} INFO - Running command: ['/bin/bash', '-c', 'curl -sSL --create-dirs -o /usr/share/covid_data/raw/2023/01/02/ita_cases_20230102.csv https://raw.githubusercontent.com/pcm-dpc/COVID-19/master/dati-andamento-nazionale/dpc-covid19-ita-andamento-nazionale-20230102.csv']
[2024-09-26T09:41:15.513+0000] {subprocess.py:86} INFO - Output:
[2024-09-26T09:41:15.742+0000] {subprocess.py:97} INFO - Command exited with return code 0
[2024-09-26T09:41:15.794+0000] {taskinstance.py:1327} INFO - Marking task as SUCCESS. dag_id=get_cases_data, task_id=download_data, execution_date=20230102T000000, start_date=20240926T094115, end_date=20240926T094115
[2024-09-26T09:41:15.832+0000] {local_task_job.py:159} INFO - Task exited with return code 0
[2024-09-26T09:41:15.880+0000] {taskinstance.py:2582} INFO - 1 downstream tasks scheduled from follow-on schedule check
[2024-09-30T11:32:55.445+0000] {taskinstance.py:1087} INFO - Dependencies all met for <TaskInstance: get_cases_data.download_data scheduled__2023-01-02T00:00:00+00:00 [queued]>
[2024-09-30T11:32:55.469+0000] {taskinstance.py:1087} INFO - Dependencies all met for <TaskInstance: get_cases_data.download_data scheduled__2023-01-02T00:00:00+00:00 [queued]>
[2024-09-30T11:32:55.469+0000] {taskinstance.py:1283} INFO - 
--------------------------------------------------------------------------------
[2024-09-30T11:32:55.469+0000] {taskinstance.py:1284} INFO - Starting attempt 1 of 1
[2024-09-30T11:32:55.469+0000] {taskinstance.py:1285} INFO - 
--------------------------------------------------------------------------------
[2024-09-30T11:32:55.509+0000] {taskinstance.py:1304} INFO - Executing <Task(BashOperator): download_data> on 2023-01-02 00:00:00+00:00
[2024-09-30T11:32:55.529+0000] {standard_task_runner.py:55} INFO - Started process 4630 to run task
[2024-09-30T11:32:55.538+0000] {standard_task_runner.py:82} INFO - Running: ['***', 'tasks', 'run', 'get_cases_data', 'download_data', 'scheduled__2023-01-02T00:00:00+00:00', '--job-id', '41', '--raw', '--subdir', 'DAGS_FOLDER/get_cases_data.py', '--cfg-path', '/tmp/tmpwzp1skh9']
[2024-09-30T11:32:55.540+0000] {standard_task_runner.py:83} INFO - Job 41: Subtask download_data
[2024-09-30T11:32:55.679+0000] {task_command.py:389} INFO - Running <TaskInstance: get_cases_data.download_data scheduled__2023-01-02T00:00:00+00:00 [running]> on host 774e6edce74f
[2024-09-30T11:32:55.763+0000] {logging_mixin.py:137} WARNING - /home/***/.local/lib/python3.7/site-packages/***/utils/context.py:205 AirflowContextDeprecationWarning: Accessing 'execution_date' from the template is deprecated and will be removed in a future version. Please use 'data_interval_start' or 'logical_date' instead.
[2024-09-30T11:32:55.839+0000] {taskinstance.py:1513} INFO - Exporting the following env vars:
AIRFLOW_CTX_DAG_OWNER=***
AIRFLOW_CTX_DAG_ID=get_cases_data
AIRFLOW_CTX_TASK_ID=download_data
AIRFLOW_CTX_EXECUTION_DATE=2023-01-02T00:00:00+00:00
AIRFLOW_CTX_TRY_NUMBER=1
AIRFLOW_CTX_DAG_RUN_ID=scheduled__2023-01-02T00:00:00+00:00
[2024-09-30T11:32:55.841+0000] {subprocess.py:63} INFO - Tmp dir root location: 
 /tmp
[2024-09-30T11:32:55.842+0000] {subprocess.py:75} INFO - Running command: ['/bin/bash', '-c', 'curl -sSL --create-dirs -o /usr/share/covid_data/raw/2023/01/02/ita_cases_20230102.csv https://raw.githubusercontent.com/pcm-dpc/COVID-19/master/dati-andamento-nazionale/dpc-covid19-ita-andamento-nazionale-20230102.csv']
[2024-09-30T11:32:55.873+0000] {subprocess.py:86} INFO - Output:
[2024-09-30T11:32:56.108+0000] {subprocess.py:97} INFO - Command exited with return code 0
[2024-09-30T11:32:56.176+0000] {taskinstance.py:1327} INFO - Marking task as SUCCESS. dag_id=get_cases_data, task_id=download_data, execution_date=20230102T000000, start_date=20240930T113255, end_date=20240930T113256
[2024-09-30T11:32:56.240+0000] {local_task_job.py:159} INFO - Task exited with return code 0
[2024-09-30T11:32:56.299+0000] {taskinstance.py:2582} INFO - 1 downstream tasks scheduled from follow-on schedule check
