[2024-09-26T09:41:28.414+0000] {taskinstance.py:1087} INFO - Dependencies all met for <TaskInstance: get_cases_data.download_data scheduled__2023-01-03T00:00:00+00:00 [queued]>
[2024-09-26T09:41:28.446+0000] {taskinstance.py:1087} INFO - Dependencies all met for <TaskInstance: get_cases_data.download_data scheduled__2023-01-03T00:00:00+00:00 [queued]>
[2024-09-26T09:41:28.449+0000] {taskinstance.py:1283} INFO - 
--------------------------------------------------------------------------------
[2024-09-26T09:41:28.449+0000] {taskinstance.py:1284} INFO - Starting attempt 1 of 1
[2024-09-26T09:41:28.449+0000] {taskinstance.py:1285} INFO - 
--------------------------------------------------------------------------------
[2024-09-26T09:41:28.485+0000] {taskinstance.py:1304} INFO - Executing <Task(BashOperator): download_data> on 2023-01-03 00:00:00+00:00
[2024-09-26T09:41:28.508+0000] {standard_task_runner.py:55} INFO - Started process 2995 to run task
[2024-09-26T09:41:28.521+0000] {standard_task_runner.py:82} INFO - Running: ['***', 'tasks', 'run', 'get_cases_data', 'download_data', 'scheduled__2023-01-03T00:00:00+00:00', '--job-id', '31', '--raw', '--subdir', 'DAGS_FOLDER/get_cases_data.py', '--cfg-path', '/tmp/tmpylp16cnt']
[2024-09-26T09:41:28.526+0000] {standard_task_runner.py:83} INFO - Job 31: Subtask download_data
[2024-09-26T09:41:28.649+0000] {task_command.py:389} INFO - Running <TaskInstance: get_cases_data.download_data scheduled__2023-01-03T00:00:00+00:00 [running]> on host 3d66d2a77c1d
[2024-09-26T09:41:28.728+0000] {logging_mixin.py:137} WARNING - /home/***/.local/lib/python3.7/site-packages/***/utils/context.py:205 AirflowContextDeprecationWarning: Accessing 'execution_date' from the template is deprecated and will be removed in a future version. Please use 'data_interval_start' or 'logical_date' instead.
[2024-09-26T09:41:28.792+0000] {taskinstance.py:1513} INFO - Exporting the following env vars:
AIRFLOW_CTX_DAG_OWNER=***
AIRFLOW_CTX_DAG_ID=get_cases_data
AIRFLOW_CTX_TASK_ID=download_data
AIRFLOW_CTX_EXECUTION_DATE=2023-01-03T00:00:00+00:00
AIRFLOW_CTX_TRY_NUMBER=1
AIRFLOW_CTX_DAG_RUN_ID=scheduled__2023-01-03T00:00:00+00:00
[2024-09-26T09:41:28.793+0000] {subprocess.py:63} INFO - Tmp dir root location: 
 /tmp
[2024-09-26T09:41:28.794+0000] {subprocess.py:75} INFO - Running command: ['/bin/bash', '-c', 'curl -sSL --create-dirs -o /usr/share/covid_data/raw/2023/01/03/ita_cases_20230103.csv https://raw.githubusercontent.com/pcm-dpc/COVID-19/master/dati-andamento-nazionale/dpc-covid19-ita-andamento-nazionale-20230103.csv']
[2024-09-26T09:41:28.821+0000] {subprocess.py:86} INFO - Output:
[2024-09-26T09:41:29.066+0000] {subprocess.py:97} INFO - Command exited with return code 0
[2024-09-26T09:41:29.118+0000] {taskinstance.py:1327} INFO - Marking task as SUCCESS. dag_id=get_cases_data, task_id=download_data, execution_date=20230103T000000, start_date=20240926T094128, end_date=20240926T094129
[2024-09-26T09:41:29.180+0000] {local_task_job.py:159} INFO - Task exited with return code 0
[2024-09-26T09:41:29.251+0000] {taskinstance.py:2582} INFO - 1 downstream tasks scheduled from follow-on schedule check
[2024-09-30T11:33:16.238+0000] {taskinstance.py:1087} INFO - Dependencies all met for <TaskInstance: get_cases_data.download_data scheduled__2023-01-03T00:00:00+00:00 [queued]>
[2024-09-30T11:33:16.261+0000] {taskinstance.py:1087} INFO - Dependencies all met for <TaskInstance: get_cases_data.download_data scheduled__2023-01-03T00:00:00+00:00 [queued]>
[2024-09-30T11:33:16.261+0000] {taskinstance.py:1283} INFO - 
--------------------------------------------------------------------------------
[2024-09-30T11:33:16.261+0000] {taskinstance.py:1284} INFO - Starting attempt 1 of 1
[2024-09-30T11:33:16.261+0000] {taskinstance.py:1285} INFO - 
--------------------------------------------------------------------------------
[2024-09-30T11:33:16.291+0000] {taskinstance.py:1304} INFO - Executing <Task(BashOperator): download_data> on 2023-01-03 00:00:00+00:00
[2024-09-30T11:33:16.307+0000] {standard_task_runner.py:55} INFO - Started process 4806 to run task
[2024-09-30T11:33:16.312+0000] {standard_task_runner.py:82} INFO - Running: ['***', 'tasks', 'run', 'get_cases_data', 'download_data', 'scheduled__2023-01-03T00:00:00+00:00', '--job-id', '43', '--raw', '--subdir', 'DAGS_FOLDER/get_cases_data.py', '--cfg-path', '/tmp/tmpoyhwo_ke']
[2024-09-30T11:33:16.315+0000] {standard_task_runner.py:83} INFO - Job 43: Subtask download_data
[2024-09-30T11:33:16.451+0000] {task_command.py:389} INFO - Running <TaskInstance: get_cases_data.download_data scheduled__2023-01-03T00:00:00+00:00 [running]> on host 774e6edce74f
[2024-09-30T11:33:16.543+0000] {logging_mixin.py:137} WARNING - /home/***/.local/lib/python3.7/site-packages/***/utils/context.py:205 AirflowContextDeprecationWarning: Accessing 'execution_date' from the template is deprecated and will be removed in a future version. Please use 'data_interval_start' or 'logical_date' instead.
[2024-09-30T11:33:16.634+0000] {taskinstance.py:1513} INFO - Exporting the following env vars:
AIRFLOW_CTX_DAG_OWNER=***
AIRFLOW_CTX_DAG_ID=get_cases_data
AIRFLOW_CTX_TASK_ID=download_data
AIRFLOW_CTX_EXECUTION_DATE=2023-01-03T00:00:00+00:00
AIRFLOW_CTX_TRY_NUMBER=1
AIRFLOW_CTX_DAG_RUN_ID=scheduled__2023-01-03T00:00:00+00:00
[2024-09-30T11:33:16.636+0000] {subprocess.py:63} INFO - Tmp dir root location: 
 /tmp
[2024-09-30T11:33:16.639+0000] {subprocess.py:75} INFO - Running command: ['/bin/bash', '-c', 'curl -sSL --create-dirs -o /usr/share/covid_data/raw/2023/01/03/ita_cases_20230103.csv https://raw.githubusercontent.com/pcm-dpc/COVID-19/master/dati-andamento-nazionale/dpc-covid19-ita-andamento-nazionale-20230103.csv']
[2024-09-30T11:33:16.668+0000] {subprocess.py:86} INFO - Output:
[2024-09-30T11:33:16.908+0000] {subprocess.py:97} INFO - Command exited with return code 0
[2024-09-30T11:33:16.959+0000] {taskinstance.py:1327} INFO - Marking task as SUCCESS. dag_id=get_cases_data, task_id=download_data, execution_date=20230103T000000, start_date=20240930T113316, end_date=20240930T113316
[2024-09-30T11:33:17.007+0000] {local_task_job.py:159} INFO - Task exited with return code 0
[2024-09-30T11:33:17.059+0000] {taskinstance.py:2582} INFO - 1 downstream tasks scheduled from follow-on schedule check
