[2024-09-26T09:39:44.944+0000] {taskinstance.py:1087} INFO - Dependencies all met for <TaskInstance: get_cases_data.download_data scheduled__2022-12-27T00:00:00+00:00 [queued]>
[2024-09-26T09:39:44.961+0000] {taskinstance.py:1087} INFO - Dependencies all met for <TaskInstance: get_cases_data.download_data scheduled__2022-12-27T00:00:00+00:00 [queued]>
[2024-09-26T09:39:44.961+0000] {taskinstance.py:1283} INFO - 
--------------------------------------------------------------------------------
[2024-09-26T09:39:44.962+0000] {taskinstance.py:1284} INFO - Starting attempt 1 of 1
[2024-09-26T09:39:44.962+0000] {taskinstance.py:1285} INFO - 
--------------------------------------------------------------------------------
[2024-09-26T09:39:44.995+0000] {taskinstance.py:1304} INFO - Executing <Task(BashOperator): download_data> on 2022-12-27 00:00:00+00:00
[2024-09-26T09:39:45.013+0000] {standard_task_runner.py:55} INFO - Started process 1695 to run task
[2024-09-26T09:39:45.020+0000] {standard_task_runner.py:82} INFO - Running: ['***', 'tasks', 'run', 'get_cases_data', 'download_data', 'scheduled__2022-12-27T00:00:00+00:00', '--job-id', '17', '--raw', '--subdir', 'DAGS_FOLDER/get_cases_data.py', '--cfg-path', '/tmp/tmpjoecxhn6']
[2024-09-26T09:39:45.025+0000] {standard_task_runner.py:83} INFO - Job 17: Subtask download_data
[2024-09-26T09:39:45.197+0000] {task_command.py:389} INFO - Running <TaskInstance: get_cases_data.download_data scheduled__2022-12-27T00:00:00+00:00 [running]> on host 3d66d2a77c1d
[2024-09-26T09:39:45.318+0000] {logging_mixin.py:137} WARNING - /home/***/.local/lib/python3.7/site-packages/***/utils/context.py:205 AirflowContextDeprecationWarning: Accessing 'execution_date' from the template is deprecated and will be removed in a future version. Please use 'data_interval_start' or 'logical_date' instead.
[2024-09-26T09:39:45.421+0000] {taskinstance.py:1513} INFO - Exporting the following env vars:
AIRFLOW_CTX_DAG_OWNER=***
AIRFLOW_CTX_DAG_ID=get_cases_data
AIRFLOW_CTX_TASK_ID=download_data
AIRFLOW_CTX_EXECUTION_DATE=2022-12-27T00:00:00+00:00
AIRFLOW_CTX_TRY_NUMBER=1
AIRFLOW_CTX_DAG_RUN_ID=scheduled__2022-12-27T00:00:00+00:00
[2024-09-26T09:39:45.423+0000] {subprocess.py:63} INFO - Tmp dir root location: 
 /tmp
[2024-09-26T09:39:45.424+0000] {subprocess.py:75} INFO - Running command: ['/bin/bash', '-c', 'curl -sSL --create-dirs -o /usr/share/covid_data/raw/2022/12/27/ita_cases_20221227.csv https://raw.githubusercontent.com/pcm-dpc/COVID-19/master/dati-andamento-nazionale/dpc-covid19-ita-andamento-nazionale-20221227.csv']
[2024-09-26T09:39:45.458+0000] {subprocess.py:86} INFO - Output:
[2024-09-26T09:39:45.738+0000] {subprocess.py:97} INFO - Command exited with return code 0
[2024-09-26T09:39:45.827+0000] {taskinstance.py:1327} INFO - Marking task as SUCCESS. dag_id=get_cases_data, task_id=download_data, execution_date=20221227T000000, start_date=20240926T093944, end_date=20240926T093945
[2024-09-26T09:39:45.890+0000] {local_task_job.py:159} INFO - Task exited with return code 0
[2024-09-26T09:39:45.943+0000] {taskinstance.py:2582} INFO - 1 downstream tasks scheduled from follow-on schedule check
[2024-09-30T11:29:13.899+0000] {taskinstance.py:1087} INFO - Dependencies all met for <TaskInstance: get_cases_data.download_data scheduled__2022-12-27T00:00:00+00:00 [queued]>
[2024-09-30T11:29:13.927+0000] {taskinstance.py:1087} INFO - Dependencies all met for <TaskInstance: get_cases_data.download_data scheduled__2022-12-27T00:00:00+00:00 [queued]>
[2024-09-30T11:29:13.927+0000] {taskinstance.py:1283} INFO - 
--------------------------------------------------------------------------------
[2024-09-30T11:29:13.927+0000] {taskinstance.py:1284} INFO - Starting attempt 1 of 1
[2024-09-30T11:29:13.927+0000] {taskinstance.py:1285} INFO - 
--------------------------------------------------------------------------------
[2024-09-30T11:29:13.957+0000] {taskinstance.py:1304} INFO - Executing <Task(BashOperator): download_data> on 2022-12-27 00:00:00+00:00
[2024-09-30T11:29:13.972+0000] {standard_task_runner.py:55} INFO - Started process 2413 to run task
[2024-09-30T11:29:13.978+0000] {standard_task_runner.py:82} INFO - Running: ['***', 'tasks', 'run', 'get_cases_data', 'download_data', 'scheduled__2022-12-27T00:00:00+00:00', '--job-id', '23', '--raw', '--subdir', 'DAGS_FOLDER/get_cases_data.py', '--cfg-path', '/tmp/tmp8srgxb7z']
[2024-09-30T11:29:13.980+0000] {standard_task_runner.py:83} INFO - Job 23: Subtask download_data
[2024-09-30T11:29:14.101+0000] {task_command.py:389} INFO - Running <TaskInstance: get_cases_data.download_data scheduled__2022-12-27T00:00:00+00:00 [running]> on host 774e6edce74f
[2024-09-30T11:29:14.179+0000] {logging_mixin.py:137} WARNING - /home/***/.local/lib/python3.7/site-packages/***/utils/context.py:205 AirflowContextDeprecationWarning: Accessing 'execution_date' from the template is deprecated and will be removed in a future version. Please use 'data_interval_start' or 'logical_date' instead.
[2024-09-30T11:29:14.247+0000] {taskinstance.py:1513} INFO - Exporting the following env vars:
AIRFLOW_CTX_DAG_OWNER=***
AIRFLOW_CTX_DAG_ID=get_cases_data
AIRFLOW_CTX_TASK_ID=download_data
AIRFLOW_CTX_EXECUTION_DATE=2022-12-27T00:00:00+00:00
AIRFLOW_CTX_TRY_NUMBER=1
AIRFLOW_CTX_DAG_RUN_ID=scheduled__2022-12-27T00:00:00+00:00
[2024-09-30T11:29:14.248+0000] {subprocess.py:63} INFO - Tmp dir root location: 
 /tmp
[2024-09-30T11:29:14.249+0000] {subprocess.py:75} INFO - Running command: ['/bin/bash', '-c', 'curl -sSL --create-dirs -o /usr/share/covid_data/raw/2022/12/27/ita_cases_20221227.csv https://raw.githubusercontent.com/pcm-dpc/COVID-19/master/dati-andamento-nazionale/dpc-covid19-ita-andamento-nazionale-20221227.csv']
[2024-09-30T11:29:14.279+0000] {subprocess.py:86} INFO - Output:
[2024-09-30T11:29:14.505+0000] {subprocess.py:97} INFO - Command exited with return code 0
[2024-09-30T11:29:14.562+0000] {taskinstance.py:1327} INFO - Marking task as SUCCESS. dag_id=get_cases_data, task_id=download_data, execution_date=20221227T000000, start_date=20240930T112913, end_date=20240930T112914
[2024-09-30T11:29:14.636+0000] {local_task_job.py:159} INFO - Task exited with return code 0
[2024-09-30T11:29:14.702+0000] {taskinstance.py:2582} INFO - 1 downstream tasks scheduled from follow-on schedule check
