[2024-09-30T11:31:58.422+0000] {taskinstance.py:1087} INFO - Dependencies all met for <TaskInstance: get_cases_data.save_to_warehouse scheduled__2022-12-30T00:00:00+00:00 [queued]>
[2024-09-30T11:31:58.448+0000] {taskinstance.py:1087} INFO - Dependencies all met for <TaskInstance: get_cases_data.save_to_warehouse scheduled__2022-12-30T00:00:00+00:00 [queued]>
[2024-09-30T11:31:58.448+0000] {taskinstance.py:1283} INFO - 
--------------------------------------------------------------------------------
[2024-09-30T11:31:58.448+0000] {taskinstance.py:1284} INFO - Starting attempt 1 of 1
[2024-09-30T11:31:58.448+0000] {taskinstance.py:1285} INFO - 
--------------------------------------------------------------------------------
[2024-09-30T11:31:58.480+0000] {taskinstance.py:1304} INFO - Executing <Task(SparkSubmitOperator): save_to_warehouse> on 2022-12-30 00:00:00+00:00
[2024-09-30T11:31:58.500+0000] {standard_task_runner.py:55} INFO - Started process 4072 to run task
[2024-09-30T11:31:58.506+0000] {standard_task_runner.py:82} INFO - Running: ['***', 'tasks', 'run', 'get_cases_data', 'save_to_warehouse', 'scheduled__2022-12-30T00:00:00+00:00', '--job-id', '37', '--raw', '--subdir', 'DAGS_FOLDER/get_cases_data.py', '--cfg-path', '/tmp/tmppr6_p1k6']
[2024-09-30T11:31:58.509+0000] {standard_task_runner.py:83} INFO - Job 37: Subtask save_to_warehouse
[2024-09-30T11:31:58.650+0000] {task_command.py:389} INFO - Running <TaskInstance: get_cases_data.save_to_warehouse scheduled__2022-12-30T00:00:00+00:00 [running]> on host 774e6edce74f
[2024-09-30T11:31:58.807+0000] {taskinstance.py:1513} INFO - Exporting the following env vars:
AIRFLOW_CTX_DAG_OWNER=***
AIRFLOW_CTX_DAG_ID=get_cases_data
AIRFLOW_CTX_TASK_ID=save_to_warehouse
AIRFLOW_CTX_EXECUTION_DATE=2022-12-30T00:00:00+00:00
AIRFLOW_CTX_TRY_NUMBER=1
AIRFLOW_CTX_DAG_RUN_ID=scheduled__2022-12-30T00:00:00+00:00
[2024-09-30T11:31:58.812+0000] {base.py:73} INFO - Using connection ID 'spark_connection' for task execution.
[2024-09-30T11:31:58.814+0000] {spark_submit.py:339} INFO - Spark-Submit cmd: spark-submit --master spark://spark-master:7077 --name save_to_warehouse --verbose /usr/local/spark/app/save_to_warehouse.py
[2024-09-30T11:32:01.097+0000] {spark_submit.py:490} INFO - Using properties file: null
[2024-09-30T11:32:01.369+0000] {spark_submit.py:490} INFO - WARNING: An illegal reflective access operation has occurred
[2024-09-30T11:32:01.369+0000] {spark_submit.py:490} INFO - WARNING: Illegal reflective access by org.apache.spark.unsafe.Platform (file:/home/***/.local/lib/python3.7/site-packages/pyspark/jars/spark-unsafe_2.12-3.1.3.jar) to constructor java.nio.DirectByteBuffer(long,int)
[2024-09-30T11:32:01.370+0000] {spark_submit.py:490} INFO - WARNING: Please consider reporting this to the maintainers of org.apache.spark.unsafe.Platform
[2024-09-30T11:32:01.370+0000] {spark_submit.py:490} INFO - WARNING: Use --illegal-access=warn to enable warnings of further illegal reflective access operations
[2024-09-30T11:32:01.370+0000] {spark_submit.py:490} INFO - WARNING: All illegal access operations will be denied in a future release
[2024-09-30T11:32:01.470+0000] {spark_submit.py:490} INFO - Parsed arguments:
[2024-09-30T11:32:01.471+0000] {spark_submit.py:490} INFO - master                  spark://spark-master:7077
[2024-09-30T11:32:01.471+0000] {spark_submit.py:490} INFO - deployMode              null
[2024-09-30T11:32:01.471+0000] {spark_submit.py:490} INFO - executorMemory          null
[2024-09-30T11:32:01.471+0000] {spark_submit.py:490} INFO - executorCores           null
[2024-09-30T11:32:01.471+0000] {spark_submit.py:490} INFO - totalExecutorCores      null
[2024-09-30T11:32:01.471+0000] {spark_submit.py:490} INFO - propertiesFile          null
[2024-09-30T11:32:01.472+0000] {spark_submit.py:490} INFO - driverMemory            null
[2024-09-30T11:32:01.472+0000] {spark_submit.py:490} INFO - driverCores             null
[2024-09-30T11:32:01.472+0000] {spark_submit.py:490} INFO - driverExtraClassPath    null
[2024-09-30T11:32:01.472+0000] {spark_submit.py:490} INFO - driverExtraLibraryPath  null
[2024-09-30T11:32:01.472+0000] {spark_submit.py:490} INFO - driverExtraJavaOptions  null
[2024-09-30T11:32:01.472+0000] {spark_submit.py:490} INFO - supervise               false
[2024-09-30T11:32:01.472+0000] {spark_submit.py:490} INFO - queue                   null
[2024-09-30T11:32:01.472+0000] {spark_submit.py:490} INFO - numExecutors            null
[2024-09-30T11:32:01.472+0000] {spark_submit.py:490} INFO - files                   null
[2024-09-30T11:32:01.472+0000] {spark_submit.py:490} INFO - pyFiles                 null
[2024-09-30T11:32:01.473+0000] {spark_submit.py:490} INFO - archives                null
[2024-09-30T11:32:01.473+0000] {spark_submit.py:490} INFO - mainClass               null
[2024-09-30T11:32:01.473+0000] {spark_submit.py:490} INFO - primaryResource         file:/usr/local/spark/app/save_to_warehouse.py
[2024-09-30T11:32:01.473+0000] {spark_submit.py:490} INFO - name                    save_to_warehouse
[2024-09-30T11:32:01.473+0000] {spark_submit.py:490} INFO - childArgs               []
[2024-09-30T11:32:01.473+0000] {spark_submit.py:490} INFO - jars                    null
[2024-09-30T11:32:01.473+0000] {spark_submit.py:490} INFO - packages                null
[2024-09-30T11:32:01.477+0000] {spark_submit.py:490} INFO - packagesExclusions      null
[2024-09-30T11:32:01.477+0000] {spark_submit.py:490} INFO - repositories            null
[2024-09-30T11:32:01.477+0000] {spark_submit.py:490} INFO - verbose                 true
[2024-09-30T11:32:01.477+0000] {spark_submit.py:490} INFO - 
[2024-09-30T11:32:01.477+0000] {spark_submit.py:490} INFO - Spark properties used, including those specified through
[2024-09-30T11:32:01.478+0000] {spark_submit.py:490} INFO - --conf and those from the properties file null:
[2024-09-30T11:32:01.478+0000] {spark_submit.py:490} INFO - 
[2024-09-30T11:32:01.478+0000] {spark_submit.py:490} INFO - 
[2024-09-30T11:32:01.478+0000] {spark_submit.py:490} INFO - 
[2024-09-30T11:32:02.134+0000] {spark_submit.py:490} INFO - 24/09/30 11:32:02 WARN NativeCodeLoader: Unable to load native-hadoop library for your platform... using builtin-java classes where applicable
[2024-09-30T11:32:02.725+0000] {spark_submit.py:490} INFO - Main class:
[2024-09-30T11:32:02.726+0000] {spark_submit.py:490} INFO - org.apache.spark.deploy.PythonRunner
[2024-09-30T11:32:02.726+0000] {spark_submit.py:490} INFO - Arguments:
[2024-09-30T11:32:02.726+0000] {spark_submit.py:490} INFO - file:/usr/local/spark/app/save_to_warehouse.py
[2024-09-30T11:32:02.726+0000] {spark_submit.py:490} INFO - null
[2024-09-30T11:32:02.732+0000] {spark_submit.py:490} INFO - Spark config:
[2024-09-30T11:32:02.733+0000] {spark_submit.py:490} INFO - (spark.app.name,save_to_warehouse)
[2024-09-30T11:32:02.733+0000] {spark_submit.py:490} INFO - (spark.master,spark://spark-master:7077)
[2024-09-30T11:32:02.733+0000] {spark_submit.py:490} INFO - (spark.submit.pyFiles,)
[2024-09-30T11:32:02.733+0000] {spark_submit.py:490} INFO - (spark.submit.deployMode,client)
[2024-09-30T11:32:02.733+0000] {spark_submit.py:490} INFO - Classpath elements:
[2024-09-30T11:32:02.733+0000] {spark_submit.py:490} INFO - 
[2024-09-30T11:32:02.734+0000] {spark_submit.py:490} INFO - 
[2024-09-30T11:32:02.735+0000] {spark_submit.py:490} INFO - 
[2024-09-30T11:32:04.324+0000] {spark_submit.py:490} INFO - Using Spark's default log4j profile: org/apache/spark/log4j-defaults.properties
[2024-09-30T11:32:04.368+0000] {spark_submit.py:490} INFO - 24/09/30 11:32:04 INFO SparkContext: Running Spark version 3.1.3
[2024-09-30T11:32:04.486+0000] {spark_submit.py:490} INFO - 24/09/30 11:32:04 INFO ResourceUtils: ==============================================================
[2024-09-30T11:32:04.490+0000] {spark_submit.py:490} INFO - 24/09/30 11:32:04 INFO ResourceUtils: No custom resources configured for spark.driver.
[2024-09-30T11:32:04.490+0000] {spark_submit.py:490} INFO - 24/09/30 11:32:04 INFO ResourceUtils: ==============================================================
[2024-09-30T11:32:04.491+0000] {spark_submit.py:490} INFO - 24/09/30 11:32:04 INFO SparkContext: Submitted application: save_to_warehouse
[2024-09-30T11:32:04.541+0000] {spark_submit.py:490} INFO - 24/09/30 11:32:04 INFO ResourceProfile: Default ResourceProfile created, executor resources: Map(cores -> name: cores, amount: 1, script: , vendor: , memory -> name: memory, amount: 1024, script: , vendor: , offHeap -> name: offHeap, amount: 0, script: , vendor: ), task resources: Map(cpus -> name: cpus, amount: 1.0)
[2024-09-30T11:32:04.568+0000] {spark_submit.py:490} INFO - 24/09/30 11:32:04 INFO ResourceProfile: Limiting resource is cpu
[2024-09-30T11:32:04.570+0000] {spark_submit.py:490} INFO - 24/09/30 11:32:04 INFO ResourceProfileManager: Added ResourceProfile id: 0
[2024-09-30T11:32:04.671+0000] {spark_submit.py:490} INFO - 24/09/30 11:32:04 INFO SecurityManager: Changing view acls to: default
[2024-09-30T11:32:04.672+0000] {spark_submit.py:490} INFO - 24/09/30 11:32:04 INFO SecurityManager: Changing modify acls to: default
[2024-09-30T11:32:04.672+0000] {spark_submit.py:490} INFO - 24/09/30 11:32:04 INFO SecurityManager: Changing view acls groups to:
[2024-09-30T11:32:04.673+0000] {spark_submit.py:490} INFO - 24/09/30 11:32:04 INFO SecurityManager: Changing modify acls groups to:
[2024-09-30T11:32:04.673+0000] {spark_submit.py:490} INFO - 24/09/30 11:32:04 INFO SecurityManager: SecurityManager: authentication disabled; ui acls disabled; users  with view permissions: Set(default); groups with view permissions: Set(); users  with modify permissions: Set(default); groups with modify permissions: Set()
[2024-09-30T11:32:05.175+0000] {spark_submit.py:490} INFO - 24/09/30 11:32:05 INFO Utils: Successfully started service 'sparkDriver' on port 46847.
[2024-09-30T11:32:05.243+0000] {spark_submit.py:490} INFO - 24/09/30 11:32:05 INFO SparkEnv: Registering MapOutputTracker
[2024-09-30T11:32:05.326+0000] {spark_submit.py:490} INFO - 24/09/30 11:32:05 INFO SparkEnv: Registering BlockManagerMaster
[2024-09-30T11:32:05.360+0000] {spark_submit.py:490} INFO - 24/09/30 11:32:05 INFO BlockManagerMasterEndpoint: Using org.apache.spark.storage.DefaultTopologyMapper for getting topology information
[2024-09-30T11:32:05.362+0000] {spark_submit.py:490} INFO - 24/09/30 11:32:05 INFO BlockManagerMasterEndpoint: BlockManagerMasterEndpoint up
[2024-09-30T11:32:05.370+0000] {spark_submit.py:490} INFO - 24/09/30 11:32:05 INFO SparkEnv: Registering BlockManagerMasterHeartbeat
[2024-09-30T11:32:05.394+0000] {spark_submit.py:490} INFO - 24/09/30 11:32:05 INFO DiskBlockManager: Created local directory at /tmp/blockmgr-280346db-016b-4ede-bc9f-11997293b5cc
[2024-09-30T11:32:05.439+0000] {spark_submit.py:490} INFO - 24/09/30 11:32:05 INFO MemoryStore: MemoryStore started with capacity 434.4 MiB
[2024-09-30T11:32:05.477+0000] {spark_submit.py:490} INFO - 24/09/30 11:32:05 INFO SparkEnv: Registering OutputCommitCoordinator
[2024-09-30T11:32:05.827+0000] {spark_submit.py:490} INFO - 24/09/30 11:32:05 WARN Utils: Service 'SparkUI' could not bind on port 4040. Attempting port 4041.
[2024-09-30T11:32:05.829+0000] {spark_submit.py:490} INFO - 24/09/30 11:32:05 WARN Utils: Service 'SparkUI' could not bind on port 4041. Attempting port 4042.
[2024-09-30T11:32:05.849+0000] {spark_submit.py:490} INFO - 24/09/30 11:32:05 INFO Utils: Successfully started service 'SparkUI' on port 4042.
[2024-09-30T11:32:06.031+0000] {spark_submit.py:490} INFO - 24/09/30 11:32:06 INFO SparkUI: Bound SparkUI to 0.0.0.0, and started at http://774e6edce74f:4042
[2024-09-30T11:32:06.460+0000] {spark_submit.py:490} INFO - 24/09/30 11:32:06 INFO StandaloneAppClient$ClientEndpoint: Connecting to master spark://spark-master:7077...
[2024-09-30T11:32:06.569+0000] {spark_submit.py:490} INFO - 24/09/30 11:32:06 INFO TransportClientFactory: Successfully created connection to spark-master/172.18.0.5:7077 after 65 ms (1 ms spent in bootstraps)
[2024-09-30T11:32:06.841+0000] {spark_submit.py:490} INFO - 24/09/30 11:32:06 INFO StandaloneSchedulerBackend: Connected to Spark cluster with app ID app-20240930113206-0022
[2024-09-30T11:32:06.875+0000] {spark_submit.py:490} INFO - 24/09/30 11:32:06 INFO Utils: Successfully started service 'org.apache.spark.network.netty.NettyBlockTransferService' on port 36761.
[2024-09-30T11:32:06.876+0000] {spark_submit.py:490} INFO - 24/09/30 11:32:06 INFO NettyBlockTransferService: Server created on 774e6edce74f:36761
[2024-09-30T11:32:06.889+0000] {spark_submit.py:490} INFO - 24/09/30 11:32:06 INFO BlockManager: Using org.apache.spark.storage.RandomBlockReplicationPolicy for block replication policy
[2024-09-30T11:32:06.917+0000] {spark_submit.py:490} INFO - 24/09/30 11:32:06 INFO BlockManagerMaster: Registering BlockManager BlockManagerId(driver, 774e6edce74f, 36761, None)
[2024-09-30T11:32:06.928+0000] {spark_submit.py:490} INFO - 24/09/30 11:32:06 INFO BlockManagerMasterEndpoint: Registering block manager 774e6edce74f:36761 with 434.4 MiB RAM, BlockManagerId(driver, 774e6edce74f, 36761, None)
[2024-09-30T11:32:06.933+0000] {spark_submit.py:490} INFO - 24/09/30 11:32:06 INFO BlockManagerMaster: Registered BlockManager BlockManagerId(driver, 774e6edce74f, 36761, None)
[2024-09-30T11:32:06.936+0000] {spark_submit.py:490} INFO - 24/09/30 11:32:06 INFO BlockManager: Initialized BlockManager: BlockManagerId(driver, 774e6edce74f, 36761, None)
[2024-09-30T11:32:07.435+0000] {spark_submit.py:490} INFO - 24/09/30 11:32:07 INFO StandaloneSchedulerBackend: SchedulerBackend is ready for scheduling beginning after reached minRegisteredResourcesRatio: 0.0
[2024-09-30T11:32:08.023+0000] {spark_submit.py:490} INFO - 24/09/30 11:32:08 INFO SharedState: Setting hive.metastore.warehouse.dir ('null') to the value of spark.sql.warehouse.dir ('/user/hive/warehouse').
[2024-09-30T11:32:08.026+0000] {spark_submit.py:490} INFO - 24/09/30 11:32:08 INFO SharedState: Warehouse path is '/user/hive/warehouse'.
[2024-09-30T11:32:10.429+0000] {spark_submit.py:490} INFO - 24/09/30 11:32:10 INFO InMemoryFileIndex: It took 129 ms to list leaf files for 1 paths.
[2024-09-30T11:32:11.187+0000] {spark_submit.py:490} INFO - 24/09/30 11:32:11 INFO SparkContext: Starting job: parquet at NativeMethodAccessorImpl.java:0
[2024-09-30T11:32:11.207+0000] {spark_submit.py:490} INFO - 24/09/30 11:32:11 INFO DAGScheduler: Got job 0 (parquet at NativeMethodAccessorImpl.java:0) with 1 output partitions
[2024-09-30T11:32:11.208+0000] {spark_submit.py:490} INFO - 24/09/30 11:32:11 INFO DAGScheduler: Final stage: ResultStage 0 (parquet at NativeMethodAccessorImpl.java:0)
[2024-09-30T11:32:11.211+0000] {spark_submit.py:490} INFO - 24/09/30 11:32:11 INFO DAGScheduler: Parents of final stage: List()
[2024-09-30T11:32:11.212+0000] {spark_submit.py:490} INFO - 24/09/30 11:32:11 INFO DAGScheduler: Missing parents: List()
[2024-09-30T11:32:11.225+0000] {spark_submit.py:490} INFO - 24/09/30 11:32:11 INFO DAGScheduler: Submitting ResultStage 0 (MapPartitionsRDD[1] at parquet at NativeMethodAccessorImpl.java:0), which has no missing parents
[2024-09-30T11:32:11.379+0000] {spark_submit.py:490} INFO - 24/09/30 11:32:11 INFO MemoryStore: Block broadcast_0 stored as values in memory (estimated size 84.0 KiB, free 434.3 MiB)
[2024-09-30T11:32:11.561+0000] {spark_submit.py:490} INFO - 24/09/30 11:32:11 INFO MemoryStore: Block broadcast_0_piece0 stored as bytes in memory (estimated size 29.8 KiB, free 434.3 MiB)
[2024-09-30T11:32:11.619+0000] {spark_submit.py:490} INFO - 24/09/30 11:32:11 INFO BlockManagerInfo: Added broadcast_0_piece0 in memory on 774e6edce74f:36761 (size: 29.8 KiB, free: 434.4 MiB)
[2024-09-30T11:32:11.638+0000] {spark_submit.py:490} INFO - 24/09/30 11:32:11 INFO SparkContext: Created broadcast 0 from broadcast at DAGScheduler.scala:1433
[2024-09-30T11:32:11.705+0000] {spark_submit.py:490} INFO - 24/09/30 11:32:11 INFO DAGScheduler: Submitting 1 missing tasks from ResultStage 0 (MapPartitionsRDD[1] at parquet at NativeMethodAccessorImpl.java:0) (first 15 tasks are for partitions Vector(0))
[2024-09-30T11:32:11.709+0000] {spark_submit.py:490} INFO - 24/09/30 11:32:11 INFO TaskSchedulerImpl: Adding task set 0.0 with 1 tasks resource profile 0
[2024-09-30T11:32:26.763+0000] {spark_submit.py:490} INFO - 24/09/30 11:32:26 WARN TaskSchedulerImpl: Initial job has not accepted any resources; check your cluster UI to ensure that workers are registered and have sufficient resources
[2024-09-30T11:32:31.649+0000] {spark_submit.py:490} INFO - 24/09/30 11:32:31 INFO StandaloneAppClient$ClientEndpoint: Executor added: app-20240930113206-0022/0 on worker-20240930112313-172.18.0.7-33165 (172.18.0.7:33165) with 4 core(s)
[2024-09-30T11:32:31.656+0000] {spark_submit.py:490} INFO - 24/09/30 11:32:31 INFO StandaloneSchedulerBackend: Granted executor ID app-20240930113206-0022/0 on hostPort 172.18.0.7:33165 with 4 core(s), 1024.0 MiB RAM
[2024-09-30T11:32:31.732+0000] {spark_submit.py:490} INFO - 24/09/30 11:32:31 INFO StandaloneAppClient$ClientEndpoint: Executor updated: app-20240930113206-0022/0 is now RUNNING
[2024-09-30T11:32:34.991+0000] {spark_submit.py:490} INFO - 24/09/30 11:32:34 INFO CoarseGrainedSchedulerBackend$DriverEndpoint: Registered executor NettyRpcEndpointRef(spark-client://Executor) (172.18.0.7:36292) with ID 0,  ResourceProfileId 0
[2024-09-30T11:32:35.212+0000] {spark_submit.py:490} INFO - 24/09/30 11:32:35 INFO BlockManagerMasterEndpoint: Registering block manager 172.18.0.7:35413 with 434.4 MiB RAM, BlockManagerId(0, 172.18.0.7, 35413, None)
[2024-09-30T11:32:35.318+0000] {spark_submit.py:490} INFO - 24/09/30 11:32:35 INFO TaskSetManager: Starting task 0.0 in stage 0.0 (TID 0) (172.18.0.7, executor 0, partition 0, PROCESS_LOCAL, 4732 bytes) taskResourceAssignments Map()
[2024-09-30T11:32:35.715+0000] {spark_submit.py:490} INFO - 24/09/30 11:32:35 INFO BlockManagerInfo: Added broadcast_0_piece0 in memory on 172.18.0.7:35413 (size: 29.8 KiB, free: 434.4 MiB)
[2024-09-30T11:32:37.394+0000] {spark_submit.py:490} INFO - 24/09/30 11:32:37 INFO TaskSetManager: Finished task 0.0 in stage 0.0 (TID 0) in 2104 ms on 172.18.0.7 (executor 0) (1/1)
[2024-09-30T11:32:37.398+0000] {spark_submit.py:490} INFO - 24/09/30 11:32:37 INFO TaskSchedulerImpl: Removed TaskSet 0.0, whose tasks have all completed, from pool
[2024-09-30T11:32:37.409+0000] {spark_submit.py:490} INFO - 24/09/30 11:32:37 INFO DAGScheduler: ResultStage 0 (parquet at NativeMethodAccessorImpl.java:0) finished in 26.143 s
[2024-09-30T11:32:37.412+0000] {spark_submit.py:490} INFO - 24/09/30 11:32:37 INFO DAGScheduler: Job 0 is finished. Cancelling potential speculative or zombie tasks for this job
[2024-09-30T11:32:37.413+0000] {spark_submit.py:490} INFO - 24/09/30 11:32:37 INFO TaskSchedulerImpl: Killing all running tasks in stage 0: Stage finished
[2024-09-30T11:32:37.421+0000] {spark_submit.py:490} INFO - 24/09/30 11:32:37 INFO DAGScheduler: Job 0 finished: parquet at NativeMethodAccessorImpl.java:0, took 26.230465 s
[2024-09-30T11:32:38.102+0000] {spark_submit.py:490} INFO - 24/09/30 11:32:38 INFO BlockManagerInfo: Removed broadcast_0_piece0 on 774e6edce74f:36761 in memory (size: 29.8 KiB, free: 434.4 MiB)
[2024-09-30T11:32:38.123+0000] {spark_submit.py:490} INFO - 24/09/30 11:32:38 INFO BlockManagerInfo: Removed broadcast_0_piece0 on 172.18.0.7:35413 in memory (size: 29.8 KiB, free: 434.4 MiB)
[2024-09-30T11:32:39.585+0000] {spark_submit.py:490} INFO - 24/09/30 11:32:39 INFO HiveConf: Found configuration file null
[2024-09-30T11:32:39.600+0000] {spark_submit.py:490} INFO - 24/09/30 11:32:39 INFO HiveUtils: Initializing HiveMetastoreConnection version 2.3.7 using Spark classes.
[2024-09-30T11:32:40.226+0000] {spark_submit.py:490} INFO - 24/09/30 11:32:40 INFO SessionState: Created HDFS directory: hdfs://namenode:8020/opt/hive/scratch_dir/default/d398e96b-89da-4cc0-aaa1-b451170d3621
[2024-09-30T11:32:40.256+0000] {spark_submit.py:490} INFO - 24/09/30 11:32:40 INFO SessionState: Created local directory: /tmp/default/d398e96b-89da-4cc0-aaa1-b451170d3621
[2024-09-30T11:32:40.279+0000] {spark_submit.py:490} INFO - 24/09/30 11:32:40 INFO SessionState: Created HDFS directory: hdfs://namenode:8020/opt/hive/scratch_dir/default/d398e96b-89da-4cc0-aaa1-b451170d3621/_tmp_space.db
[2024-09-30T11:32:40.293+0000] {spark_submit.py:490} INFO - 24/09/30 11:32:40 INFO HiveClientImpl: Warehouse location for Hive client (version 2.3.7) is /user/hive/warehouse
[2024-09-30T11:32:40.861+0000] {spark_submit.py:490} INFO - 24/09/30 11:32:40 INFO metastore: Trying to connect to metastore with URI thrift://hive-metastore:9083
[2024-09-30T11:32:40.888+0000] {spark_submit.py:490} INFO - 24/09/30 11:32:40 INFO metastore: Opened a connection to metastore, current connections: 1
[2024-09-30T11:32:40.922+0000] {spark_submit.py:490} INFO - 24/09/30 11:32:40 INFO metastore: Connected to metastore.
[2024-09-30T11:32:42.583+0000] {spark_submit.py:490} INFO - 24/09/30 11:32:42 INFO CodeGenerator: Code generated in 447.708078 ms
[2024-09-30T11:32:43.395+0000] {spark_submit.py:490} INFO - 24/09/30 11:32:43 INFO CodeGenerator: Code generated in 18.403141 ms
[2024-09-30T11:32:43.484+0000] {spark_submit.py:490} INFO - 24/09/30 11:32:43 INFO SparkContext: Starting job: hasNext at NativeMethodAccessorImpl.java:0
[2024-09-30T11:32:43.494+0000] {spark_submit.py:490} INFO - 24/09/30 11:32:43 INFO DAGScheduler: Got job 1 (hasNext at NativeMethodAccessorImpl.java:0) with 1 output partitions
[2024-09-30T11:32:43.495+0000] {spark_submit.py:490} INFO - 24/09/30 11:32:43 INFO DAGScheduler: Final stage: ResultStage 1 (hasNext at NativeMethodAccessorImpl.java:0)
[2024-09-30T11:32:43.495+0000] {spark_submit.py:490} INFO - 24/09/30 11:32:43 INFO DAGScheduler: Parents of final stage: List()
[2024-09-30T11:32:43.495+0000] {spark_submit.py:490} INFO - 24/09/30 11:32:43 INFO DAGScheduler: Missing parents: List()
[2024-09-30T11:32:43.495+0000] {spark_submit.py:490} INFO - 24/09/30 11:32:43 INFO DAGScheduler: Submitting ResultStage 1 (MapPartitionsRDD[5] at toLocalIterator at NativeMethodAccessorImpl.java:0), which has no missing parents
[2024-09-30T11:32:43.505+0000] {spark_submit.py:490} INFO - 24/09/30 11:32:43 INFO MemoryStore: Block broadcast_1 stored as values in memory (estimated size 4.6 KiB, free 434.4 MiB)
[2024-09-30T11:32:43.527+0000] {spark_submit.py:490} INFO - 24/09/30 11:32:43 INFO MemoryStore: Block broadcast_1_piece0 stored as bytes in memory (estimated size 2.5 KiB, free 434.4 MiB)
[2024-09-30T11:32:43.528+0000] {spark_submit.py:490} INFO - 24/09/30 11:32:43 INFO BlockManagerInfo: Added broadcast_1_piece0 in memory on 774e6edce74f:36761 (size: 2.5 KiB, free: 434.4 MiB)
[2024-09-30T11:32:43.528+0000] {spark_submit.py:490} INFO - 24/09/30 11:32:43 INFO SparkContext: Created broadcast 1 from broadcast at DAGScheduler.scala:1433
[2024-09-30T11:32:43.529+0000] {spark_submit.py:490} INFO - 24/09/30 11:32:43 INFO DAGScheduler: Submitting 1 missing tasks from ResultStage 1 (MapPartitionsRDD[5] at toLocalIterator at NativeMethodAccessorImpl.java:0) (first 15 tasks are for partitions Vector(0))
[2024-09-30T11:32:43.529+0000] {spark_submit.py:490} INFO - 24/09/30 11:32:43 INFO TaskSchedulerImpl: Adding task set 1.0 with 1 tasks resource profile 0
[2024-09-30T11:32:43.540+0000] {spark_submit.py:490} INFO - 24/09/30 11:32:43 INFO TaskSetManager: Starting task 0.0 in stage 1.0 (TID 1) (172.18.0.7, executor 0, partition 0, PROCESS_LOCAL, 4713 bytes) taskResourceAssignments Map()
[2024-09-30T11:32:43.701+0000] {spark_submit.py:490} INFO - 24/09/30 11:32:43 INFO BlockManagerInfo: Added broadcast_1_piece0 in memory on 172.18.0.7:35413 (size: 2.5 KiB, free: 434.4 MiB)
[2024-09-30T11:32:43.860+0000] {spark_submit.py:490} INFO - 24/09/30 11:32:43 INFO TaskSetManager: Finished task 0.0 in stage 1.0 (TID 1) in 326 ms on 172.18.0.7 (executor 0) (1/1)
[2024-09-30T11:32:43.861+0000] {spark_submit.py:490} INFO - 24/09/30 11:32:43 INFO TaskSchedulerImpl: Removed TaskSet 1.0, whose tasks have all completed, from pool
[2024-09-30T11:32:43.861+0000] {spark_submit.py:490} INFO - 24/09/30 11:32:43 INFO DAGScheduler: ResultStage 1 (hasNext at NativeMethodAccessorImpl.java:0) finished in 0.367 s
[2024-09-30T11:32:43.861+0000] {spark_submit.py:490} INFO - 24/09/30 11:32:43 INFO DAGScheduler: Job 1 is finished. Cancelling potential speculative or zombie tasks for this job
[2024-09-30T11:32:43.861+0000] {spark_submit.py:490} INFO - 24/09/30 11:32:43 INFO TaskSchedulerImpl: Killing all running tasks in stage 1: Stage finished
[2024-09-30T11:32:43.865+0000] {spark_submit.py:490} INFO - 24/09/30 11:32:43 INFO DAGScheduler: Job 1 finished: hasNext at NativeMethodAccessorImpl.java:0, took 0.380553 s
[2024-09-30T11:32:43.914+0000] {spark_submit.py:490} INFO - 24/09/30 11:32:43 INFO CodeGenerator: Code generated in 20.464138 ms
[2024-09-30T11:32:44.463+0000] {spark_submit.py:490} INFO - 24/09/30 11:32:44 INFO DataSourceStrategy: Pruning directories with:
[2024-09-30T11:32:44.464+0000] {spark_submit.py:490} INFO - 24/09/30 11:32:44 INFO FileSourceStrategy: Pushed Filters:
[2024-09-30T11:32:44.465+0000] {spark_submit.py:490} INFO - 24/09/30 11:32:44 INFO FileSourceStrategy: Post-Scan Filters:
[2024-09-30T11:32:44.470+0000] {spark_submit.py:490} INFO - 24/09/30 11:32:44 INFO FileSourceStrategy: Output Data Schema: struct<collection_id: string, new_positive_cases: int, collection_date: timestamp ... 1 more fields>
[2024-09-30T11:32:44.608+0000] {spark_submit.py:490} INFO - 24/09/30 11:32:44 INFO ParquetFileFormat: Using default output committer for Parquet: org.apache.parquet.hadoop.ParquetOutputCommitter
[2024-09-30T11:32:44.652+0000] {spark_submit.py:490} INFO - 24/09/30 11:32:44 INFO FileOutputCommitter: File Output Committer Algorithm version is 1
[2024-09-30T11:32:44.653+0000] {spark_submit.py:490} INFO - 24/09/30 11:32:44 INFO FileOutputCommitter: FileOutputCommitter skip cleanup _temporary folders under output directory:false, ignore cleanup failures: false
[2024-09-30T11:32:44.653+0000] {spark_submit.py:490} INFO - 24/09/30 11:32:44 INFO SQLHadoopMapReduceCommitProtocol: Using user defined output committer class org.apache.parquet.hadoop.ParquetOutputCommitter
[2024-09-30T11:32:44.653+0000] {spark_submit.py:490} INFO - 24/09/30 11:32:44 INFO FileOutputCommitter: File Output Committer Algorithm version is 1
[2024-09-30T11:32:44.653+0000] {spark_submit.py:490} INFO - 24/09/30 11:32:44 INFO FileOutputCommitter: FileOutputCommitter skip cleanup _temporary folders under output directory:false, ignore cleanup failures: false
[2024-09-30T11:32:44.654+0000] {spark_submit.py:490} INFO - 24/09/30 11:32:44 INFO SQLHadoopMapReduceCommitProtocol: Using output committer class org.apache.parquet.hadoop.ParquetOutputCommitter
[2024-09-30T11:32:44.777+0000] {spark_submit.py:490} INFO - 24/09/30 11:32:44 INFO CodeGenerator: Code generated in 64.927854 ms
[2024-09-30T11:32:44.814+0000] {spark_submit.py:490} INFO - 24/09/30 11:32:44 INFO MemoryStore: Block broadcast_2 stored as values in memory (estimated size 177.0 KiB, free 434.2 MiB)
[2024-09-30T11:32:44.840+0000] {spark_submit.py:490} INFO - 24/09/30 11:32:44 INFO MemoryStore: Block broadcast_2_piece0 stored as bytes in memory (estimated size 28.3 KiB, free 434.2 MiB)
[2024-09-30T11:32:44.846+0000] {spark_submit.py:490} INFO - 24/09/30 11:32:44 INFO BlockManagerInfo: Added broadcast_2_piece0 in memory on 774e6edce74f:36761 (size: 28.3 KiB, free: 434.4 MiB)
[2024-09-30T11:32:44.847+0000] {spark_submit.py:490} INFO - 24/09/30 11:32:44 INFO SparkContext: Created broadcast 2 from saveAsTable at NativeMethodAccessorImpl.java:0
[2024-09-30T11:32:44.870+0000] {spark_submit.py:490} INFO - 24/09/30 11:32:44 INFO FileSourceScanExec: Planning scan with bin packing, max size: 4194304 bytes, open cost is considered as scanning 4194304 bytes.
[2024-09-30T11:32:44.959+0000] {spark_submit.py:490} INFO - 24/09/30 11:32:44 INFO SparkContext: Starting job: saveAsTable at NativeMethodAccessorImpl.java:0
[2024-09-30T11:32:44.959+0000] {spark_submit.py:490} INFO - 24/09/30 11:32:44 INFO DAGScheduler: Got job 2 (saveAsTable at NativeMethodAccessorImpl.java:0) with 1 output partitions
[2024-09-30T11:32:44.959+0000] {spark_submit.py:490} INFO - 24/09/30 11:32:44 INFO DAGScheduler: Final stage: ResultStage 2 (saveAsTable at NativeMethodAccessorImpl.java:0)
[2024-09-30T11:32:44.960+0000] {spark_submit.py:490} INFO - 24/09/30 11:32:44 INFO DAGScheduler: Parents of final stage: List()
[2024-09-30T11:32:44.960+0000] {spark_submit.py:490} INFO - 24/09/30 11:32:44 INFO DAGScheduler: Missing parents: List()
[2024-09-30T11:32:44.961+0000] {spark_submit.py:490} INFO - 24/09/30 11:32:44 INFO DAGScheduler: Submitting ResultStage 2 (MapPartitionsRDD[10] at saveAsTable at NativeMethodAccessorImpl.java:0), which has no missing parents
[2024-09-30T11:32:45.069+0000] {spark_submit.py:490} INFO - 24/09/30 11:32:45 INFO MemoryStore: Block broadcast_3 stored as values in memory (estimated size 182.8 KiB, free 434.0 MiB)
[2024-09-30T11:32:45.081+0000] {spark_submit.py:490} INFO - 24/09/30 11:32:45 INFO MemoryStore: Block broadcast_3_piece0 stored as bytes in memory (estimated size 65.6 KiB, free 433.9 MiB)
[2024-09-30T11:32:45.082+0000] {spark_submit.py:490} INFO - 24/09/30 11:32:45 INFO BlockManagerInfo: Added broadcast_3_piece0 in memory on 774e6edce74f:36761 (size: 65.6 KiB, free: 434.3 MiB)
[2024-09-30T11:32:45.083+0000] {spark_submit.py:490} INFO - 24/09/30 11:32:45 INFO SparkContext: Created broadcast 3 from broadcast at DAGScheduler.scala:1433
[2024-09-30T11:32:45.084+0000] {spark_submit.py:490} INFO - 24/09/30 11:32:45 INFO DAGScheduler: Submitting 1 missing tasks from ResultStage 2 (MapPartitionsRDD[10] at saveAsTable at NativeMethodAccessorImpl.java:0) (first 15 tasks are for partitions Vector(0))
[2024-09-30T11:32:45.084+0000] {spark_submit.py:490} INFO - 24/09/30 11:32:45 INFO TaskSchedulerImpl: Adding task set 2.0 with 1 tasks resource profile 0
[2024-09-30T11:32:45.102+0000] {spark_submit.py:490} INFO - 24/09/30 11:32:45 INFO TaskSetManager: Starting task 0.0 in stage 2.0 (TID 2) (172.18.0.7, executor 0, partition 0, ANY, 5048 bytes) taskResourceAssignments Map()
[2024-09-30T11:32:45.181+0000] {spark_submit.py:490} INFO - 24/09/30 11:32:45 INFO BlockManagerInfo: Added broadcast_3_piece0 in memory on 172.18.0.7:35413 (size: 65.6 KiB, free: 434.3 MiB)
[2024-09-30T11:32:47.186+0000] {spark_submit.py:490} INFO - 24/09/30 11:32:47 INFO BlockManagerInfo: Added broadcast_2_piece0 in memory on 172.18.0.7:35413 (size: 28.3 KiB, free: 434.3 MiB)
[2024-09-30T11:32:48.653+0000] {spark_submit.py:490} INFO - 24/09/30 11:32:48 INFO TaskSetManager: Finished task 0.0 in stage 2.0 (TID 2) in 3560 ms on 172.18.0.7 (executor 0) (1/1)
[2024-09-30T11:32:48.653+0000] {spark_submit.py:490} INFO - 24/09/30 11:32:48 INFO TaskSchedulerImpl: Removed TaskSet 2.0, whose tasks have all completed, from pool
[2024-09-30T11:32:48.661+0000] {spark_submit.py:490} INFO - 24/09/30 11:32:48 INFO DAGScheduler: ResultStage 2 (saveAsTable at NativeMethodAccessorImpl.java:0) finished in 3.693 s
[2024-09-30T11:32:48.662+0000] {spark_submit.py:490} INFO - 24/09/30 11:32:48 INFO DAGScheduler: Job 2 is finished. Cancelling potential speculative or zombie tasks for this job
[2024-09-30T11:32:48.662+0000] {spark_submit.py:490} INFO - 24/09/30 11:32:48 INFO TaskSchedulerImpl: Killing all running tasks in stage 2: Stage finished
[2024-09-30T11:32:48.664+0000] {spark_submit.py:490} INFO - 24/09/30 11:32:48 INFO DAGScheduler: Job 2 finished: saveAsTable at NativeMethodAccessorImpl.java:0, took 3.705430 s
[2024-09-30T11:32:48.783+0000] {spark_submit.py:490} INFO - 24/09/30 11:32:48 INFO FileFormatWriter: Write Job 8c211e64-7652-43d4-8de4-aa287f068c43 committed.
[2024-09-30T11:32:48.789+0000] {spark_submit.py:490} INFO - 24/09/30 11:32:48 INFO FileFormatWriter: Finished processing stats for write job 8c211e64-7652-43d4-8de4-aa287f068c43.
[2024-09-30T11:32:48.834+0000] {spark_submit.py:490} INFO - 24/09/30 11:32:48 INFO InMemoryFileIndex: It took 17 ms to list leaf files for 1 paths.
[2024-09-30T11:32:48.870+0000] {spark_submit.py:490} INFO - 24/09/30 11:32:48 INFO HiveExternalCatalog: Persisting file based data source table `default`.`cases` into Hive metastore in Hive compatible format.
[2024-09-30T11:32:48.894+0000] {spark_submit.py:490} INFO - 24/09/30 11:32:48 INFO SQLStdHiveAccessController: Created SQLStdHiveAccessController for session context : HiveAuthzSessionContext [sessionString=d398e96b-89da-4cc0-aaa1-b451170d3621, clientType=HIVECLI]
[2024-09-30T11:32:48.900+0000] {spark_submit.py:490} INFO - 24/09/30 11:32:48 WARN SessionState: METASTORE_FILTER_HOOK will be ignored, since hive.security.authorization.manager is set to instance of HiveAuthorizerFactory.
[2024-09-30T11:32:48.901+0000] {spark_submit.py:490} INFO - 24/09/30 11:32:48 INFO metastore: Mestastore configuration hive.metastore.filter.hook changed from org.apache.hadoop.hive.metastore.DefaultMetaStoreFilterHookImpl to org.apache.hadoop.hive.ql.security.authorization.plugin.AuthorizationMetaStoreFilterHook
[2024-09-30T11:32:48.905+0000] {spark_submit.py:490} INFO - 24/09/30 11:32:48 INFO metastore: Closed a connection to metastore, current connections: 0
[2024-09-30T11:32:48.908+0000] {spark_submit.py:490} INFO - 24/09/30 11:32:48 INFO metastore: Trying to connect to metastore with URI thrift://hive-metastore:9083
[2024-09-30T11:32:48.910+0000] {spark_submit.py:490} INFO - 24/09/30 11:32:48 INFO metastore: Opened a connection to metastore, current connections: 1
[2024-09-30T11:32:48.910+0000] {spark_submit.py:490} INFO - 24/09/30 11:32:48 INFO metastore: Connected to metastore.
[2024-09-30T11:32:48.961+0000] {spark_submit.py:490} INFO - 24/09/30 11:32:48 INFO metastore: Trying to connect to metastore with URI thrift://hive-metastore:9083
[2024-09-30T11:32:48.963+0000] {spark_submit.py:490} INFO - 24/09/30 11:32:48 INFO metastore: Opened a connection to metastore, current connections: 2
[2024-09-30T11:32:48.966+0000] {spark_submit.py:490} INFO - 24/09/30 11:32:48 INFO metastore: Connected to metastore.
[2024-09-30T11:32:49.114+0000] {spark_submit.py:490} INFO - 24/09/30 11:32:49 INFO AlterTableRecoverPartitionsCommand: Recover all the partitions in hdfs://namenode:8020/opt/hive/data/warehouse/cases
[2024-09-30T11:32:49.132+0000] {spark_submit.py:490} INFO - 24/09/30 11:32:49 INFO AlterTableRecoverPartitionsCommand: Found 1 partitions in hdfs://namenode:8020/opt/hive/data/warehouse/cases
[2024-09-30T11:32:49.138+0000] {spark_submit.py:490} INFO - 24/09/30 11:32:49 INFO AlterTableRecoverPartitionsCommand: Finished to gather the fast stats for all 1 partitions.
[2024-09-30T11:32:49.365+0000] {spark_submit.py:490} INFO - 24/09/30 11:32:49 INFO BlockManagerInfo: Removed broadcast_1_piece0 on 774e6edce74f:36761 in memory (size: 2.5 KiB, free: 434.3 MiB)
[2024-09-30T11:32:49.376+0000] {spark_submit.py:490} INFO - 24/09/30 11:32:49 INFO BlockManagerInfo: Removed broadcast_1_piece0 on 172.18.0.7:35413 in memory (size: 2.5 KiB, free: 434.3 MiB)
[2024-09-30T11:32:49.428+0000] {spark_submit.py:490} INFO - 24/09/30 11:32:49 INFO BlockManagerInfo: Removed broadcast_3_piece0 on 774e6edce74f:36761 in memory (size: 65.6 KiB, free: 434.4 MiB)
[2024-09-30T11:32:49.443+0000] {spark_submit.py:490} INFO - 24/09/30 11:32:49 INFO BlockManagerInfo: Removed broadcast_3_piece0 on 172.18.0.7:35413 in memory (size: 65.6 KiB, free: 434.4 MiB)
[2024-09-30T11:32:49.630+0000] {spark_submit.py:490} INFO - 24/09/30 11:32:49 INFO AlterTableRecoverPartitionsCommand: Recovered all partitions (1).
[2024-09-30T11:32:49.763+0000] {spark_submit.py:490} INFO - 24/09/30 11:32:49 INFO SparkContext: Invoking stop() from shutdown hook
[2024-09-30T11:32:49.784+0000] {spark_submit.py:490} INFO - 24/09/30 11:32:49 INFO SparkUI: Stopped Spark web UI at http://774e6edce74f:4042
[2024-09-30T11:32:49.792+0000] {spark_submit.py:490} INFO - 24/09/30 11:32:49 INFO StandaloneSchedulerBackend: Shutting down all executors
[2024-09-30T11:32:49.794+0000] {spark_submit.py:490} INFO - 24/09/30 11:32:49 INFO CoarseGrainedSchedulerBackend$DriverEndpoint: Asking each executor to shut down
[2024-09-30T11:32:49.858+0000] {spark_submit.py:490} INFO - 24/09/30 11:32:49 INFO MapOutputTrackerMasterEndpoint: MapOutputTrackerMasterEndpoint stopped!
[2024-09-30T11:32:49.897+0000] {spark_submit.py:490} INFO - 24/09/30 11:32:49 INFO MemoryStore: MemoryStore cleared
[2024-09-30T11:32:49.898+0000] {spark_submit.py:490} INFO - 24/09/30 11:32:49 INFO BlockManager: BlockManager stopped
[2024-09-30T11:32:49.915+0000] {spark_submit.py:490} INFO - 24/09/30 11:32:49 INFO BlockManagerMaster: BlockManagerMaster stopped
[2024-09-30T11:32:49.928+0000] {spark_submit.py:490} INFO - 24/09/30 11:32:49 INFO OutputCommitCoordinator$OutputCommitCoordinatorEndpoint: OutputCommitCoordinator stopped!
[2024-09-30T11:32:49.970+0000] {spark_submit.py:490} INFO - 24/09/30 11:32:49 INFO SparkContext: Successfully stopped SparkContext
[2024-09-30T11:32:49.970+0000] {spark_submit.py:490} INFO - 24/09/30 11:32:49 INFO ShutdownHookManager: Shutdown hook called
[2024-09-30T11:32:49.974+0000] {spark_submit.py:490} INFO - 24/09/30 11:32:49 INFO ShutdownHookManager: Deleting directory /tmp/spark-930be062-629b-46f1-9d02-8c9eb6cbb654
[2024-09-30T11:32:49.999+0000] {spark_submit.py:490} INFO - 24/09/30 11:32:49 INFO ShutdownHookManager: Deleting directory /tmp/spark-d0fcb734-00ca-4757-bc90-68d493e67828/pyspark-0a8b6c16-f10c-46f9-9b02-00af9a5ff36c
[2024-09-30T11:32:50.015+0000] {spark_submit.py:490} INFO - 24/09/30 11:32:50 INFO ShutdownHookManager: Deleting directory /tmp/spark-d0fcb734-00ca-4757-bc90-68d493e67828
[2024-09-30T11:32:50.364+0000] {taskinstance.py:1327} INFO - Marking task as SUCCESS. dag_id=get_cases_data, task_id=save_to_warehouse, execution_date=20221230T000000, start_date=20240930T113158, end_date=20240930T113250
[2024-09-30T11:32:50.442+0000] {local_task_job.py:159} INFO - Task exited with return code 0
[2024-09-30T11:32:50.488+0000] {taskinstance.py:2582} INFO - 1 downstream tasks scheduled from follow-on schedule check
