[2024-09-26T09:39:01.797+0000] {taskinstance.py:1087} INFO - Dependencies all met for <TaskInstance: get_cases_data.download_data scheduled__2022-12-24T00:00:00+00:00 [queued]>
[2024-09-26T09:39:01.814+0000] {taskinstance.py:1087} INFO - Dependencies all met for <TaskInstance: get_cases_data.download_data scheduled__2022-12-24T00:00:00+00:00 [queued]>
[2024-09-26T09:39:01.815+0000] {taskinstance.py:1283} INFO - 
--------------------------------------------------------------------------------
[2024-09-26T09:39:01.815+0000] {taskinstance.py:1284} INFO - Starting attempt 1 of 1
[2024-09-26T09:39:01.815+0000] {taskinstance.py:1285} INFO - 
--------------------------------------------------------------------------------
[2024-09-26T09:39:01.847+0000] {taskinstance.py:1304} INFO - Executing <Task(BashOperator): download_data> on 2022-12-24 00:00:00+00:00
[2024-09-26T09:39:01.858+0000] {standard_task_runner.py:55} INFO - Started process 1141 to run task
[2024-09-26T09:39:01.865+0000] {standard_task_runner.py:82} INFO - Running: ['***', 'tasks', 'run', 'get_cases_data', 'download_data', 'scheduled__2022-12-24T00:00:00+00:00', '--job-id', '11', '--raw', '--subdir', 'DAGS_FOLDER/get_cases_data.py', '--cfg-path', '/tmp/tmpi0czr25u']
[2024-09-26T09:39:01.868+0000] {standard_task_runner.py:83} INFO - Job 11: Subtask download_data
[2024-09-26T09:39:02.009+0000] {task_command.py:389} INFO - Running <TaskInstance: get_cases_data.download_data scheduled__2022-12-24T00:00:00+00:00 [running]> on host 3d66d2a77c1d
[2024-09-26T09:39:02.094+0000] {logging_mixin.py:137} WARNING - /home/***/.local/lib/python3.7/site-packages/***/utils/context.py:205 AirflowContextDeprecationWarning: Accessing 'execution_date' from the template is deprecated and will be removed in a future version. Please use 'data_interval_start' or 'logical_date' instead.
[2024-09-26T09:39:02.163+0000] {taskinstance.py:1513} INFO - Exporting the following env vars:
AIRFLOW_CTX_DAG_OWNER=***
AIRFLOW_CTX_DAG_ID=get_cases_data
AIRFLOW_CTX_TASK_ID=download_data
AIRFLOW_CTX_EXECUTION_DATE=2022-12-24T00:00:00+00:00
AIRFLOW_CTX_TRY_NUMBER=1
AIRFLOW_CTX_DAG_RUN_ID=scheduled__2022-12-24T00:00:00+00:00
[2024-09-26T09:39:02.165+0000] {subprocess.py:63} INFO - Tmp dir root location: 
 /tmp
[2024-09-26T09:39:02.165+0000] {subprocess.py:75} INFO - Running command: ['/bin/bash', '-c', 'curl -sSL --create-dirs -o /usr/share/covid_data/raw/2022/12/24/ita_cases_20221224.csv https://raw.githubusercontent.com/pcm-dpc/COVID-19/master/dati-andamento-nazionale/dpc-covid19-ita-andamento-nazionale-20221224.csv']
[2024-09-26T09:39:02.192+0000] {subprocess.py:86} INFO - Output:
[2024-09-26T09:39:02.460+0000] {subprocess.py:97} INFO - Command exited with return code 0
[2024-09-26T09:39:02.514+0000] {taskinstance.py:1327} INFO - Marking task as SUCCESS. dag_id=get_cases_data, task_id=download_data, execution_date=20221224T000000, start_date=20240926T093901, end_date=20240926T093902
[2024-09-26T09:39:02.563+0000] {local_task_job.py:159} INFO - Task exited with return code 0
[2024-09-26T09:39:02.615+0000] {taskinstance.py:2582} INFO - 1 downstream tasks scheduled from follow-on schedule check
[2024-09-30T11:27:25.278+0000] {taskinstance.py:1087} INFO - Dependencies all met for <TaskInstance: get_cases_data.download_data scheduled__2022-12-24T00:00:00+00:00 [queued]>
[2024-09-30T11:27:25.298+0000] {taskinstance.py:1087} INFO - Dependencies all met for <TaskInstance: get_cases_data.download_data scheduled__2022-12-24T00:00:00+00:00 [queued]>
[2024-09-30T11:27:25.298+0000] {taskinstance.py:1283} INFO - 
--------------------------------------------------------------------------------
[2024-09-30T11:27:25.299+0000] {taskinstance.py:1284} INFO - Starting attempt 1 of 1
[2024-09-30T11:27:25.299+0000] {taskinstance.py:1285} INFO - 
--------------------------------------------------------------------------------
[2024-09-30T11:27:25.325+0000] {taskinstance.py:1304} INFO - Executing <Task(BashOperator): download_data> on 2022-12-24 00:00:00+00:00
[2024-09-30T11:27:25.338+0000] {standard_task_runner.py:55} INFO - Started process 1331 to run task
[2024-09-30T11:27:25.343+0000] {standard_task_runner.py:82} INFO - Running: ['***', 'tasks', 'run', 'get_cases_data', 'download_data', 'scheduled__2022-12-24T00:00:00+00:00', '--job-id', '14', '--raw', '--subdir', 'DAGS_FOLDER/get_cases_data.py', '--cfg-path', '/tmp/tmp00804wf3']
[2024-09-30T11:27:25.348+0000] {standard_task_runner.py:83} INFO - Job 14: Subtask download_data
[2024-09-30T11:27:25.469+0000] {task_command.py:389} INFO - Running <TaskInstance: get_cases_data.download_data scheduled__2022-12-24T00:00:00+00:00 [running]> on host 774e6edce74f
[2024-09-30T11:27:25.545+0000] {logging_mixin.py:137} WARNING - /home/***/.local/lib/python3.7/site-packages/***/utils/context.py:205 AirflowContextDeprecationWarning: Accessing 'execution_date' from the template is deprecated and will be removed in a future version. Please use 'data_interval_start' or 'logical_date' instead.
[2024-09-30T11:27:25.629+0000] {taskinstance.py:1513} INFO - Exporting the following env vars:
AIRFLOW_CTX_DAG_OWNER=***
AIRFLOW_CTX_DAG_ID=get_cases_data
AIRFLOW_CTX_TASK_ID=download_data
AIRFLOW_CTX_EXECUTION_DATE=2022-12-24T00:00:00+00:00
AIRFLOW_CTX_TRY_NUMBER=1
AIRFLOW_CTX_DAG_RUN_ID=scheduled__2022-12-24T00:00:00+00:00
[2024-09-30T11:27:25.631+0000] {subprocess.py:63} INFO - Tmp dir root location: 
 /tmp
[2024-09-30T11:27:25.632+0000] {subprocess.py:75} INFO - Running command: ['/bin/bash', '-c', 'curl -sSL --create-dirs -o /usr/share/covid_data/raw/2022/12/24/ita_cases_20221224.csv https://raw.githubusercontent.com/pcm-dpc/COVID-19/master/dati-andamento-nazionale/dpc-covid19-ita-andamento-nazionale-20221224.csv']
[2024-09-30T11:27:25.659+0000] {subprocess.py:86} INFO - Output:
[2024-09-30T11:27:25.916+0000] {subprocess.py:97} INFO - Command exited with return code 0
[2024-09-30T11:27:25.976+0000] {taskinstance.py:1327} INFO - Marking task as SUCCESS. dag_id=get_cases_data, task_id=download_data, execution_date=20221224T000000, start_date=20240930T112725, end_date=20240930T112725
[2024-09-30T11:27:26.048+0000] {local_task_job.py:159} INFO - Task exited with return code 0
[2024-09-30T11:27:26.102+0000] {taskinstance.py:2582} INFO - 1 downstream tasks scheduled from follow-on schedule check
