[2024-09-26T09:38:45.045+0000] {taskinstance.py:1087} INFO - Dependencies all met for <TaskInstance: get_cases_data.download_data scheduled__2022-12-23T00:00:00+00:00 [queued]>
[2024-09-26T09:38:45.068+0000] {taskinstance.py:1087} INFO - Dependencies all met for <TaskInstance: get_cases_data.download_data scheduled__2022-12-23T00:00:00+00:00 [queued]>
[2024-09-26T09:38:45.068+0000] {taskinstance.py:1283} INFO - 
--------------------------------------------------------------------------------
[2024-09-26T09:38:45.069+0000] {taskinstance.py:1284} INFO - Starting attempt 1 of 1
[2024-09-26T09:38:45.069+0000] {taskinstance.py:1285} INFO - 
--------------------------------------------------------------------------------
[2024-09-26T09:38:45.100+0000] {taskinstance.py:1304} INFO - Executing <Task(BashOperator): download_data> on 2022-12-23 00:00:00+00:00
[2024-09-26T09:38:45.111+0000] {standard_task_runner.py:55} INFO - Started process 950 to run task
[2024-09-26T09:38:45.116+0000] {standard_task_runner.py:82} INFO - Running: ['***', 'tasks', 'run', 'get_cases_data', 'download_data', 'scheduled__2022-12-23T00:00:00+00:00', '--job-id', '9', '--raw', '--subdir', 'DAGS_FOLDER/get_cases_data.py', '--cfg-path', '/tmp/tmpj29fkj5s']
[2024-09-26T09:38:45.118+0000] {standard_task_runner.py:83} INFO - Job 9: Subtask download_data
[2024-09-26T09:38:45.229+0000] {task_command.py:389} INFO - Running <TaskInstance: get_cases_data.download_data scheduled__2022-12-23T00:00:00+00:00 [running]> on host 3d66d2a77c1d
[2024-09-26T09:38:45.302+0000] {logging_mixin.py:137} WARNING - /home/***/.local/lib/python3.7/site-packages/***/utils/context.py:205 AirflowContextDeprecationWarning: Accessing 'execution_date' from the template is deprecated and will be removed in a future version. Please use 'data_interval_start' or 'logical_date' instead.
[2024-09-26T09:38:45.369+0000] {taskinstance.py:1513} INFO - Exporting the following env vars:
AIRFLOW_CTX_DAG_OWNER=***
AIRFLOW_CTX_DAG_ID=get_cases_data
AIRFLOW_CTX_TASK_ID=download_data
AIRFLOW_CTX_EXECUTION_DATE=2022-12-23T00:00:00+00:00
AIRFLOW_CTX_TRY_NUMBER=1
AIRFLOW_CTX_DAG_RUN_ID=scheduled__2022-12-23T00:00:00+00:00
[2024-09-26T09:38:45.370+0000] {subprocess.py:63} INFO - Tmp dir root location: 
 /tmp
[2024-09-26T09:38:45.375+0000] {subprocess.py:75} INFO - Running command: ['/bin/bash', '-c', 'curl -sSL --create-dirs -o /usr/share/covid_data/raw/2022/12/23/ita_cases_20221223.csv https://raw.githubusercontent.com/pcm-dpc/COVID-19/master/dati-andamento-nazionale/dpc-covid19-ita-andamento-nazionale-20221223.csv']
[2024-09-26T09:38:45.405+0000] {subprocess.py:86} INFO - Output:
[2024-09-26T09:38:45.675+0000] {subprocess.py:97} INFO - Command exited with return code 0
[2024-09-26T09:38:45.728+0000] {taskinstance.py:1327} INFO - Marking task as SUCCESS. dag_id=get_cases_data, task_id=download_data, execution_date=20221223T000000, start_date=20240926T093845, end_date=20240926T093845
[2024-09-26T09:38:45.780+0000] {local_task_job.py:159} INFO - Task exited with return code 0
[2024-09-26T09:38:45.836+0000] {taskinstance.py:2582} INFO - 1 downstream tasks scheduled from follow-on schedule check
[2024-09-30T11:27:06.585+0000] {taskinstance.py:1087} INFO - Dependencies all met for <TaskInstance: get_cases_data.download_data scheduled__2022-12-23T00:00:00+00:00 [queued]>
[2024-09-30T11:27:06.605+0000] {taskinstance.py:1087} INFO - Dependencies all met for <TaskInstance: get_cases_data.download_data scheduled__2022-12-23T00:00:00+00:00 [queued]>
[2024-09-30T11:27:06.606+0000] {taskinstance.py:1283} INFO - 
--------------------------------------------------------------------------------
[2024-09-30T11:27:06.606+0000] {taskinstance.py:1284} INFO - Starting attempt 1 of 1
[2024-09-30T11:27:06.606+0000] {taskinstance.py:1285} INFO - 
--------------------------------------------------------------------------------
[2024-09-30T11:27:06.637+0000] {taskinstance.py:1304} INFO - Executing <Task(BashOperator): download_data> on 2022-12-23 00:00:00+00:00
[2024-09-30T11:27:06.650+0000] {standard_task_runner.py:55} INFO - Started process 1156 to run task
[2024-09-30T11:27:06.657+0000] {standard_task_runner.py:82} INFO - Running: ['***', 'tasks', 'run', 'get_cases_data', 'download_data', 'scheduled__2022-12-23T00:00:00+00:00', '--job-id', '12', '--raw', '--subdir', 'DAGS_FOLDER/get_cases_data.py', '--cfg-path', '/tmp/tmp2ytll4x3']
[2024-09-30T11:27:06.660+0000] {standard_task_runner.py:83} INFO - Job 12: Subtask download_data
[2024-09-30T11:27:06.799+0000] {task_command.py:389} INFO - Running <TaskInstance: get_cases_data.download_data scheduled__2022-12-23T00:00:00+00:00 [running]> on host 774e6edce74f
[2024-09-30T11:27:06.892+0000] {logging_mixin.py:137} WARNING - /home/***/.local/lib/python3.7/site-packages/***/utils/context.py:205 AirflowContextDeprecationWarning: Accessing 'execution_date' from the template is deprecated and will be removed in a future version. Please use 'data_interval_start' or 'logical_date' instead.
[2024-09-30T11:27:06.972+0000] {taskinstance.py:1513} INFO - Exporting the following env vars:
AIRFLOW_CTX_DAG_OWNER=***
AIRFLOW_CTX_DAG_ID=get_cases_data
AIRFLOW_CTX_TASK_ID=download_data
AIRFLOW_CTX_EXECUTION_DATE=2022-12-23T00:00:00+00:00
AIRFLOW_CTX_TRY_NUMBER=1
AIRFLOW_CTX_DAG_RUN_ID=scheduled__2022-12-23T00:00:00+00:00
[2024-09-30T11:27:06.974+0000] {subprocess.py:63} INFO - Tmp dir root location: 
 /tmp
[2024-09-30T11:27:06.979+0000] {subprocess.py:75} INFO - Running command: ['/bin/bash', '-c', 'curl -sSL --create-dirs -o /usr/share/covid_data/raw/2022/12/23/ita_cases_20221223.csv https://raw.githubusercontent.com/pcm-dpc/COVID-19/master/dati-andamento-nazionale/dpc-covid19-ita-andamento-nazionale-20221223.csv']
[2024-09-30T11:27:07.008+0000] {subprocess.py:86} INFO - Output:
[2024-09-30T11:27:07.297+0000] {subprocess.py:97} INFO - Command exited with return code 0
[2024-09-30T11:27:07.361+0000] {taskinstance.py:1327} INFO - Marking task as SUCCESS. dag_id=get_cases_data, task_id=download_data, execution_date=20221223T000000, start_date=20240930T112706, end_date=20240930T112707
[2024-09-30T11:27:07.446+0000] {local_task_job.py:159} INFO - Task exited with return code 0
[2024-09-30T11:27:07.565+0000] {taskinstance.py:2582} INFO - 0 downstream tasks scheduled from follow-on schedule check
