[2024-09-30T11:31:40.311+0000] {taskinstance.py:1087} INFO - Dependencies all met for <TaskInstance: get_cases_data.save_to_warehouse scheduled__2022-12-29T00:00:00+00:00 [queued]>
[2024-09-30T11:31:40.331+0000] {taskinstance.py:1087} INFO - Dependencies all met for <TaskInstance: get_cases_data.save_to_warehouse scheduled__2022-12-29T00:00:00+00:00 [queued]>
[2024-09-30T11:31:40.332+0000] {taskinstance.py:1283} INFO - 
--------------------------------------------------------------------------------
[2024-09-30T11:31:40.332+0000] {taskinstance.py:1284} INFO - Starting attempt 1 of 1
[2024-09-30T11:31:40.332+0000] {taskinstance.py:1285} INFO - 
--------------------------------------------------------------------------------
[2024-09-30T11:31:40.365+0000] {taskinstance.py:1304} INFO - Executing <Task(SparkSubmitOperator): save_to_warehouse> on 2022-12-29 00:00:00+00:00
[2024-09-30T11:31:40.389+0000] {standard_task_runner.py:55} INFO - Started process 3880 to run task
[2024-09-30T11:31:40.397+0000] {standard_task_runner.py:82} INFO - Running: ['***', 'tasks', 'run', 'get_cases_data', 'save_to_warehouse', 'scheduled__2022-12-29T00:00:00+00:00', '--job-id', '36', '--raw', '--subdir', 'DAGS_FOLDER/get_cases_data.py', '--cfg-path', '/tmp/tmpm7la2ix3']
[2024-09-30T11:31:40.406+0000] {standard_task_runner.py:83} INFO - Job 36: Subtask save_to_warehouse
[2024-09-30T11:31:40.594+0000] {task_command.py:389} INFO - Running <TaskInstance: get_cases_data.save_to_warehouse scheduled__2022-12-29T00:00:00+00:00 [running]> on host 774e6edce74f
[2024-09-30T11:31:40.771+0000] {taskinstance.py:1513} INFO - Exporting the following env vars:
AIRFLOW_CTX_DAG_OWNER=***
AIRFLOW_CTX_DAG_ID=get_cases_data
AIRFLOW_CTX_TASK_ID=save_to_warehouse
AIRFLOW_CTX_EXECUTION_DATE=2022-12-29T00:00:00+00:00
AIRFLOW_CTX_TRY_NUMBER=1
AIRFLOW_CTX_DAG_RUN_ID=scheduled__2022-12-29T00:00:00+00:00
[2024-09-30T11:31:40.777+0000] {base.py:73} INFO - Using connection ID 'spark_connection' for task execution.
[2024-09-30T11:31:40.779+0000] {spark_submit.py:339} INFO - Spark-Submit cmd: spark-submit --master spark://spark-master:7077 --name save_to_warehouse --verbose /usr/local/spark/app/save_to_warehouse.py
[2024-09-30T11:31:44.035+0000] {spark_submit.py:490} INFO - Using properties file: null
[2024-09-30T11:31:44.282+0000] {spark_submit.py:490} INFO - WARNING: An illegal reflective access operation has occurred
[2024-09-30T11:31:44.283+0000] {spark_submit.py:490} INFO - WARNING: Illegal reflective access by org.apache.spark.unsafe.Platform (file:/home/***/.local/lib/python3.7/site-packages/pyspark/jars/spark-unsafe_2.12-3.1.3.jar) to constructor java.nio.DirectByteBuffer(long,int)
[2024-09-30T11:31:44.283+0000] {spark_submit.py:490} INFO - WARNING: Please consider reporting this to the maintainers of org.apache.spark.unsafe.Platform
[2024-09-30T11:31:44.283+0000] {spark_submit.py:490} INFO - WARNING: Use --illegal-access=warn to enable warnings of further illegal reflective access operations
[2024-09-30T11:31:44.288+0000] {spark_submit.py:490} INFO - WARNING: All illegal access operations will be denied in a future release
[2024-09-30T11:31:44.473+0000] {spark_submit.py:490} INFO - Parsed arguments:
[2024-09-30T11:31:44.474+0000] {spark_submit.py:490} INFO - master                  spark://spark-master:7077
[2024-09-30T11:31:44.474+0000] {spark_submit.py:490} INFO - deployMode              null
[2024-09-30T11:31:44.474+0000] {spark_submit.py:490} INFO - executorMemory          null
[2024-09-30T11:31:44.474+0000] {spark_submit.py:490} INFO - executorCores           null
[2024-09-30T11:31:44.474+0000] {spark_submit.py:490} INFO - totalExecutorCores      null
[2024-09-30T11:31:44.474+0000] {spark_submit.py:490} INFO - propertiesFile          null
[2024-09-30T11:31:44.474+0000] {spark_submit.py:490} INFO - driverMemory            null
[2024-09-30T11:31:44.475+0000] {spark_submit.py:490} INFO - driverCores             null
[2024-09-30T11:31:44.475+0000] {spark_submit.py:490} INFO - driverExtraClassPath    null
[2024-09-30T11:31:44.475+0000] {spark_submit.py:490} INFO - driverExtraLibraryPath  null
[2024-09-30T11:31:44.475+0000] {spark_submit.py:490} INFO - driverExtraJavaOptions  null
[2024-09-30T11:31:44.475+0000] {spark_submit.py:490} INFO - supervise               false
[2024-09-30T11:31:44.475+0000] {spark_submit.py:490} INFO - queue                   null
[2024-09-30T11:31:44.475+0000] {spark_submit.py:490} INFO - numExecutors            null
[2024-09-30T11:31:44.475+0000] {spark_submit.py:490} INFO - files                   null
[2024-09-30T11:31:44.475+0000] {spark_submit.py:490} INFO - pyFiles                 null
[2024-09-30T11:31:44.476+0000] {spark_submit.py:490} INFO - archives                null
[2024-09-30T11:31:44.476+0000] {spark_submit.py:490} INFO - mainClass               null
[2024-09-30T11:31:44.476+0000] {spark_submit.py:490} INFO - primaryResource         file:/usr/local/spark/app/save_to_warehouse.py
[2024-09-30T11:31:44.476+0000] {spark_submit.py:490} INFO - name                    save_to_warehouse
[2024-09-30T11:31:44.476+0000] {spark_submit.py:490} INFO - childArgs               []
[2024-09-30T11:31:44.476+0000] {spark_submit.py:490} INFO - jars                    null
[2024-09-30T11:31:44.476+0000] {spark_submit.py:490} INFO - packages                null
[2024-09-30T11:31:44.482+0000] {spark_submit.py:490} INFO - packagesExclusions      null
[2024-09-30T11:31:44.483+0000] {spark_submit.py:490} INFO - repositories            null
[2024-09-30T11:31:44.483+0000] {spark_submit.py:490} INFO - verbose                 true
[2024-09-30T11:31:44.483+0000] {spark_submit.py:490} INFO - 
[2024-09-30T11:31:44.483+0000] {spark_submit.py:490} INFO - Spark properties used, including those specified through
[2024-09-30T11:31:44.483+0000] {spark_submit.py:490} INFO - --conf and those from the properties file null:
[2024-09-30T11:31:44.483+0000] {spark_submit.py:490} INFO - 
[2024-09-30T11:31:44.483+0000] {spark_submit.py:490} INFO - 
[2024-09-30T11:31:44.483+0000] {spark_submit.py:490} INFO - 
[2024-09-30T11:31:45.577+0000] {spark_submit.py:490} INFO - 24/09/30 11:31:45 WARN NativeCodeLoader: Unable to load native-hadoop library for your platform... using builtin-java classes where applicable
[2024-09-30T11:31:45.931+0000] {spark_submit.py:490} INFO - Main class:
[2024-09-30T11:31:45.931+0000] {spark_submit.py:490} INFO - org.apache.spark.deploy.PythonRunner
[2024-09-30T11:31:45.933+0000] {spark_submit.py:490} INFO - Arguments:
[2024-09-30T11:31:45.933+0000] {spark_submit.py:490} INFO - file:/usr/local/spark/app/save_to_warehouse.py
[2024-09-30T11:31:45.933+0000] {spark_submit.py:490} INFO - null
[2024-09-30T11:31:45.936+0000] {spark_submit.py:490} INFO - Spark config:
[2024-09-30T11:31:45.937+0000] {spark_submit.py:490} INFO - (spark.app.name,save_to_warehouse)
[2024-09-30T11:31:45.937+0000] {spark_submit.py:490} INFO - (spark.master,spark://spark-master:7077)
[2024-09-30T11:31:45.937+0000] {spark_submit.py:490} INFO - (spark.submit.pyFiles,)
[2024-09-30T11:31:45.937+0000] {spark_submit.py:490} INFO - (spark.submit.deployMode,client)
[2024-09-30T11:31:45.938+0000] {spark_submit.py:490} INFO - Classpath elements:
[2024-09-30T11:31:45.938+0000] {spark_submit.py:490} INFO - 
[2024-09-30T11:31:45.942+0000] {spark_submit.py:490} INFO - 
[2024-09-30T11:31:45.942+0000] {spark_submit.py:490} INFO - 
[2024-09-30T11:31:47.446+0000] {spark_submit.py:490} INFO - Using Spark's default log4j profile: org/apache/spark/log4j-defaults.properties
[2024-09-30T11:31:47.464+0000] {spark_submit.py:490} INFO - 24/09/30 11:31:47 INFO SparkContext: Running Spark version 3.1.3
[2024-09-30T11:31:47.538+0000] {spark_submit.py:490} INFO - 24/09/30 11:31:47 INFO ResourceUtils: ==============================================================
[2024-09-30T11:31:47.539+0000] {spark_submit.py:490} INFO - 24/09/30 11:31:47 INFO ResourceUtils: No custom resources configured for spark.driver.
[2024-09-30T11:31:47.539+0000] {spark_submit.py:490} INFO - 24/09/30 11:31:47 INFO ResourceUtils: ==============================================================
[2024-09-30T11:31:47.539+0000] {spark_submit.py:490} INFO - 24/09/30 11:31:47 INFO SparkContext: Submitted application: save_to_warehouse
[2024-09-30T11:31:47.577+0000] {spark_submit.py:490} INFO - 24/09/30 11:31:47 INFO ResourceProfile: Default ResourceProfile created, executor resources: Map(cores -> name: cores, amount: 1, script: , vendor: , memory -> name: memory, amount: 1024, script: , vendor: , offHeap -> name: offHeap, amount: 0, script: , vendor: ), task resources: Map(cpus -> name: cpus, amount: 1.0)
[2024-09-30T11:31:47.601+0000] {spark_submit.py:490} INFO - 24/09/30 11:31:47 INFO ResourceProfile: Limiting resource is cpu
[2024-09-30T11:31:47.604+0000] {spark_submit.py:490} INFO - 24/09/30 11:31:47 INFO ResourceProfileManager: Added ResourceProfile id: 0
[2024-09-30T11:31:47.690+0000] {spark_submit.py:490} INFO - 24/09/30 11:31:47 INFO SecurityManager: Changing view acls to: default
[2024-09-30T11:31:47.692+0000] {spark_submit.py:490} INFO - 24/09/30 11:31:47 INFO SecurityManager: Changing modify acls to: default
[2024-09-30T11:31:47.692+0000] {spark_submit.py:490} INFO - 24/09/30 11:31:47 INFO SecurityManager: Changing view acls groups to:
[2024-09-30T11:31:47.692+0000] {spark_submit.py:490} INFO - 24/09/30 11:31:47 INFO SecurityManager: Changing modify acls groups to:
[2024-09-30T11:31:47.692+0000] {spark_submit.py:490} INFO - 24/09/30 11:31:47 INFO SecurityManager: SecurityManager: authentication disabled; ui acls disabled; users  with view permissions: Set(default); groups with view permissions: Set(); users  with modify permissions: Set(default); groups with modify permissions: Set()
[2024-09-30T11:31:48.038+0000] {spark_submit.py:490} INFO - 24/09/30 11:31:48 INFO Utils: Successfully started service 'sparkDriver' on port 34687.
[2024-09-30T11:31:48.080+0000] {spark_submit.py:490} INFO - 24/09/30 11:31:48 INFO SparkEnv: Registering MapOutputTracker
[2024-09-30T11:31:48.124+0000] {spark_submit.py:490} INFO - 24/09/30 11:31:48 INFO SparkEnv: Registering BlockManagerMaster
[2024-09-30T11:31:48.156+0000] {spark_submit.py:490} INFO - 24/09/30 11:31:48 INFO BlockManagerMasterEndpoint: Using org.apache.spark.storage.DefaultTopologyMapper for getting topology information
[2024-09-30T11:31:48.158+0000] {spark_submit.py:490} INFO - 24/09/30 11:31:48 INFO BlockManagerMasterEndpoint: BlockManagerMasterEndpoint up
[2024-09-30T11:31:48.168+0000] {spark_submit.py:490} INFO - 24/09/30 11:31:48 INFO SparkEnv: Registering BlockManagerMasterHeartbeat
[2024-09-30T11:31:48.214+0000] {spark_submit.py:490} INFO - 24/09/30 11:31:48 INFO DiskBlockManager: Created local directory at /tmp/blockmgr-facf0297-052f-41a8-8caa-59d66e989737
[2024-09-30T11:31:48.259+0000] {spark_submit.py:490} INFO - 24/09/30 11:31:48 INFO MemoryStore: MemoryStore started with capacity 434.4 MiB
[2024-09-30T11:31:48.298+0000] {spark_submit.py:490} INFO - 24/09/30 11:31:48 INFO SparkEnv: Registering OutputCommitCoordinator
[2024-09-30T11:31:48.700+0000] {spark_submit.py:490} INFO - 24/09/30 11:31:48 INFO Utils: Successfully started service 'SparkUI' on port 4040.
[2024-09-30T11:31:48.931+0000] {spark_submit.py:490} INFO - 24/09/30 11:31:48 INFO SparkUI: Bound SparkUI to 0.0.0.0, and started at http://774e6edce74f:4040
[2024-09-30T11:31:49.394+0000] {spark_submit.py:490} INFO - 24/09/30 11:31:49 INFO StandaloneAppClient$ClientEndpoint: Connecting to master spark://spark-master:7077...
[2024-09-30T11:31:49.481+0000] {spark_submit.py:490} INFO - 24/09/30 11:31:49 INFO TransportClientFactory: Successfully created connection to spark-master/172.18.0.5:7077 after 47 ms (0 ms spent in bootstraps)
[2024-09-30T11:31:49.694+0000] {spark_submit.py:490} INFO - 24/09/30 11:31:49 INFO StandaloneSchedulerBackend: Connected to Spark cluster with app ID app-20240930113149-0021
[2024-09-30T11:31:49.722+0000] {spark_submit.py:490} INFO - 24/09/30 11:31:49 INFO Utils: Successfully started service 'org.apache.spark.network.netty.NettyBlockTransferService' on port 35809.
[2024-09-30T11:31:49.723+0000] {spark_submit.py:490} INFO - 24/09/30 11:31:49 INFO NettyBlockTransferService: Server created on 774e6edce74f:35809
[2024-09-30T11:31:49.731+0000] {spark_submit.py:490} INFO - 24/09/30 11:31:49 INFO BlockManager: Using org.apache.spark.storage.RandomBlockReplicationPolicy for block replication policy
[2024-09-30T11:31:49.752+0000] {spark_submit.py:490} INFO - 24/09/30 11:31:49 INFO BlockManagerMaster: Registering BlockManager BlockManagerId(driver, 774e6edce74f, 35809, None)
[2024-09-30T11:31:49.762+0000] {spark_submit.py:490} INFO - 24/09/30 11:31:49 INFO BlockManagerMasterEndpoint: Registering block manager 774e6edce74f:35809 with 434.4 MiB RAM, BlockManagerId(driver, 774e6edce74f, 35809, None)
[2024-09-30T11:31:49.766+0000] {spark_submit.py:490} INFO - 24/09/30 11:31:49 INFO BlockManagerMaster: Registered BlockManager BlockManagerId(driver, 774e6edce74f, 35809, None)
[2024-09-30T11:31:49.768+0000] {spark_submit.py:490} INFO - 24/09/30 11:31:49 INFO BlockManager: Initialized BlockManager: BlockManagerId(driver, 774e6edce74f, 35809, None)
[2024-09-30T11:31:50.249+0000] {spark_submit.py:490} INFO - 24/09/30 11:31:50 INFO StandaloneSchedulerBackend: SchedulerBackend is ready for scheduling beginning after reached minRegisteredResourcesRatio: 0.0
[2024-09-30T11:31:50.700+0000] {spark_submit.py:490} INFO - 24/09/30 11:31:50 INFO SharedState: Setting hive.metastore.warehouse.dir ('null') to the value of spark.sql.warehouse.dir ('/user/hive/warehouse').
[2024-09-30T11:31:50.703+0000] {spark_submit.py:490} INFO - 24/09/30 11:31:50 INFO SharedState: Warehouse path is '/user/hive/warehouse'.
[2024-09-30T11:31:53.105+0000] {spark_submit.py:490} INFO - 24/09/30 11:31:53 INFO InMemoryFileIndex: It took 143 ms to list leaf files for 1 paths.
[2024-09-30T11:31:54.113+0000] {spark_submit.py:490} INFO - 24/09/30 11:31:54 INFO SparkContext: Starting job: parquet at NativeMethodAccessorImpl.java:0
[2024-09-30T11:31:54.137+0000] {spark_submit.py:490} INFO - 24/09/30 11:31:54 INFO DAGScheduler: Got job 0 (parquet at NativeMethodAccessorImpl.java:0) with 1 output partitions
[2024-09-30T11:31:54.137+0000] {spark_submit.py:490} INFO - 24/09/30 11:31:54 INFO DAGScheduler: Final stage: ResultStage 0 (parquet at NativeMethodAccessorImpl.java:0)
[2024-09-30T11:31:54.138+0000] {spark_submit.py:490} INFO - 24/09/30 11:31:54 INFO DAGScheduler: Parents of final stage: List()
[2024-09-30T11:31:54.143+0000] {spark_submit.py:490} INFO - 24/09/30 11:31:54 INFO DAGScheduler: Missing parents: List()
[2024-09-30T11:31:54.156+0000] {spark_submit.py:490} INFO - 24/09/30 11:31:54 INFO DAGScheduler: Submitting ResultStage 0 (MapPartitionsRDD[1] at parquet at NativeMethodAccessorImpl.java:0), which has no missing parents
[2024-09-30T11:31:54.274+0000] {spark_submit.py:490} INFO - 24/09/30 11:31:54 INFO MemoryStore: Block broadcast_0 stored as values in memory (estimated size 84.0 KiB, free 434.3 MiB)
[2024-09-30T11:31:54.330+0000] {spark_submit.py:490} INFO - 24/09/30 11:31:54 INFO MemoryStore: Block broadcast_0_piece0 stored as bytes in memory (estimated size 29.8 KiB, free 434.3 MiB)
[2024-09-30T11:31:54.335+0000] {spark_submit.py:490} INFO - 24/09/30 11:31:54 INFO BlockManagerInfo: Added broadcast_0_piece0 in memory on 774e6edce74f:35809 (size: 29.8 KiB, free: 434.4 MiB)
[2024-09-30T11:31:54.343+0000] {spark_submit.py:490} INFO - 24/09/30 11:31:54 INFO SparkContext: Created broadcast 0 from broadcast at DAGScheduler.scala:1433
[2024-09-30T11:31:54.367+0000] {spark_submit.py:490} INFO - 24/09/30 11:31:54 INFO DAGScheduler: Submitting 1 missing tasks from ResultStage 0 (MapPartitionsRDD[1] at parquet at NativeMethodAccessorImpl.java:0) (first 15 tasks are for partitions Vector(0))
[2024-09-30T11:31:54.368+0000] {spark_submit.py:490} INFO - 24/09/30 11:31:54 INFO TaskSchedulerImpl: Adding task set 0.0 with 1 tasks resource profile 0
[2024-09-30T11:32:09.399+0000] {spark_submit.py:490} INFO - 24/09/30 11:32:09 WARN TaskSchedulerImpl: Initial job has not accepted any resources; check your cluster UI to ensure that workers are registered and have sufficient resources
[2024-09-30T11:32:13.060+0000] {spark_submit.py:490} INFO - 24/09/30 11:32:13 INFO StandaloneAppClient$ClientEndpoint: Executor added: app-20240930113149-0021/0 on worker-20240930112313-172.18.0.7-33165 (172.18.0.7:33165) with 4 core(s)
[2024-09-30T11:32:13.066+0000] {spark_submit.py:490} INFO - 24/09/30 11:32:13 INFO StandaloneSchedulerBackend: Granted executor ID app-20240930113149-0021/0 on hostPort 172.18.0.7:33165 with 4 core(s), 1024.0 MiB RAM
[2024-09-30T11:32:13.200+0000] {spark_submit.py:490} INFO - 24/09/30 11:32:13 INFO StandaloneAppClient$ClientEndpoint: Executor updated: app-20240930113149-0021/0 is now RUNNING
[2024-09-30T11:32:17.236+0000] {spark_submit.py:490} INFO - 24/09/30 11:32:17 INFO CoarseGrainedSchedulerBackend$DriverEndpoint: Registered executor NettyRpcEndpointRef(spark-client://Executor) (172.18.0.7:34336) with ID 0,  ResourceProfileId 0
[2024-09-30T11:32:17.504+0000] {spark_submit.py:490} INFO - 24/09/30 11:32:17 INFO BlockManagerMasterEndpoint: Registering block manager 172.18.0.7:40419 with 434.4 MiB RAM, BlockManagerId(0, 172.18.0.7, 40419, None)
[2024-09-30T11:32:17.645+0000] {spark_submit.py:490} INFO - 24/09/30 11:32:17 INFO TaskSetManager: Starting task 0.0 in stage 0.0 (TID 0) (172.18.0.7, executor 0, partition 0, PROCESS_LOCAL, 4732 bytes) taskResourceAssignments Map()
[2024-09-30T11:32:18.459+0000] {spark_submit.py:490} INFO - 24/09/30 11:32:18 INFO BlockManagerInfo: Added broadcast_0_piece0 in memory on 172.18.0.7:40419 (size: 29.8 KiB, free: 434.4 MiB)
[2024-09-30T11:32:20.283+0000] {spark_submit.py:490} INFO - 24/09/30 11:32:20 INFO TaskSetManager: Finished task 0.0 in stage 0.0 (TID 0) in 2674 ms on 172.18.0.7 (executor 0) (1/1)
[2024-09-30T11:32:20.284+0000] {spark_submit.py:490} INFO - 24/09/30 11:32:20 INFO TaskSchedulerImpl: Removed TaskSet 0.0, whose tasks have all completed, from pool
[2024-09-30T11:32:20.293+0000] {spark_submit.py:490} INFO - 24/09/30 11:32:20 INFO DAGScheduler: ResultStage 0 (parquet at NativeMethodAccessorImpl.java:0) finished in 26.110 s
[2024-09-30T11:32:20.299+0000] {spark_submit.py:490} INFO - 24/09/30 11:32:20 INFO DAGScheduler: Job 0 is finished. Cancelling potential speculative or zombie tasks for this job
[2024-09-30T11:32:20.299+0000] {spark_submit.py:490} INFO - 24/09/30 11:32:20 INFO TaskSchedulerImpl: Killing all running tasks in stage 0: Stage finished
[2024-09-30T11:32:20.308+0000] {spark_submit.py:490} INFO - 24/09/30 11:32:20 INFO DAGScheduler: Job 0 finished: parquet at NativeMethodAccessorImpl.java:0, took 26.188356 s
[2024-09-30T11:32:20.606+0000] {spark_submit.py:490} INFO - 24/09/30 11:32:20 INFO BlockManagerInfo: Removed broadcast_0_piece0 on 774e6edce74f:35809 in memory (size: 29.8 KiB, free: 434.4 MiB)
[2024-09-30T11:32:20.634+0000] {spark_submit.py:490} INFO - 24/09/30 11:32:20 INFO BlockManagerInfo: Removed broadcast_0_piece0 on 172.18.0.7:40419 in memory (size: 29.8 KiB, free: 434.4 MiB)
[2024-09-30T11:32:22.943+0000] {spark_submit.py:490} INFO - 24/09/30 11:32:22 INFO HiveConf: Found configuration file null
[2024-09-30T11:32:22.961+0000] {spark_submit.py:490} INFO - 24/09/30 11:32:22 INFO HiveUtils: Initializing HiveMetastoreConnection version 2.3.7 using Spark classes.
[2024-09-30T11:32:23.609+0000] {spark_submit.py:490} INFO - 24/09/30 11:32:23 INFO SessionState: Created HDFS directory: hdfs://namenode:8020/opt/hive/scratch_dir/default/2f766b42-f514-4fb9-bd77-37b0f6aa0cc6
[2024-09-30T11:32:23.633+0000] {spark_submit.py:490} INFO - 24/09/30 11:32:23 INFO SessionState: Created local directory: /tmp/default/2f766b42-f514-4fb9-bd77-37b0f6aa0cc6
[2024-09-30T11:32:23.643+0000] {spark_submit.py:490} INFO - 24/09/30 11:32:23 INFO SessionState: Created HDFS directory: hdfs://namenode:8020/opt/hive/scratch_dir/default/2f766b42-f514-4fb9-bd77-37b0f6aa0cc6/_tmp_space.db
[2024-09-30T11:32:23.658+0000] {spark_submit.py:490} INFO - 24/09/30 11:32:23 INFO HiveClientImpl: Warehouse location for Hive client (version 2.3.7) is /user/hive/warehouse
[2024-09-30T11:32:24.325+0000] {spark_submit.py:490} INFO - 24/09/30 11:32:24 INFO metastore: Trying to connect to metastore with URI thrift://hive-metastore:9083
[2024-09-30T11:32:24.356+0000] {spark_submit.py:490} INFO - 24/09/30 11:32:24 INFO metastore: Opened a connection to metastore, current connections: 1
[2024-09-30T11:32:24.393+0000] {spark_submit.py:490} INFO - 24/09/30 11:32:24 INFO metastore: Connected to metastore.
[2024-09-30T11:32:26.281+0000] {spark_submit.py:490} INFO - 24/09/30 11:32:26 INFO CodeGenerator: Code generated in 622.707682 ms
[2024-09-30T11:32:26.977+0000] {spark_submit.py:490} INFO - 24/09/30 11:32:26 INFO CodeGenerator: Code generated in 18.802331 ms
[2024-09-30T11:32:27.030+0000] {spark_submit.py:490} INFO - 24/09/30 11:32:27 INFO SparkContext: Starting job: hasNext at NativeMethodAccessorImpl.java:0
[2024-09-30T11:32:27.033+0000] {spark_submit.py:490} INFO - 24/09/30 11:32:27 INFO DAGScheduler: Got job 1 (hasNext at NativeMethodAccessorImpl.java:0) with 1 output partitions
[2024-09-30T11:32:27.033+0000] {spark_submit.py:490} INFO - 24/09/30 11:32:27 INFO DAGScheduler: Final stage: ResultStage 1 (hasNext at NativeMethodAccessorImpl.java:0)
[2024-09-30T11:32:27.033+0000] {spark_submit.py:490} INFO - 24/09/30 11:32:27 INFO DAGScheduler: Parents of final stage: List()
[2024-09-30T11:32:27.034+0000] {spark_submit.py:490} INFO - 24/09/30 11:32:27 INFO DAGScheduler: Missing parents: List()
[2024-09-30T11:32:27.037+0000] {spark_submit.py:490} INFO - 24/09/30 11:32:27 INFO DAGScheduler: Submitting ResultStage 1 (MapPartitionsRDD[5] at toLocalIterator at NativeMethodAccessorImpl.java:0), which has no missing parents
[2024-09-30T11:32:27.040+0000] {spark_submit.py:490} INFO - 24/09/30 11:32:27 INFO MemoryStore: Block broadcast_1 stored as values in memory (estimated size 4.6 KiB, free 434.4 MiB)
[2024-09-30T11:32:27.048+0000] {spark_submit.py:490} INFO - 24/09/30 11:32:27 INFO MemoryStore: Block broadcast_1_piece0 stored as bytes in memory (estimated size 2.5 KiB, free 434.4 MiB)
[2024-09-30T11:32:27.050+0000] {spark_submit.py:490} INFO - 24/09/30 11:32:27 INFO BlockManagerInfo: Added broadcast_1_piece0 in memory on 774e6edce74f:35809 (size: 2.5 KiB, free: 434.4 MiB)
[2024-09-30T11:32:27.051+0000] {spark_submit.py:490} INFO - 24/09/30 11:32:27 INFO SparkContext: Created broadcast 1 from broadcast at DAGScheduler.scala:1433
[2024-09-30T11:32:27.052+0000] {spark_submit.py:490} INFO - 24/09/30 11:32:27 INFO DAGScheduler: Submitting 1 missing tasks from ResultStage 1 (MapPartitionsRDD[5] at toLocalIterator at NativeMethodAccessorImpl.java:0) (first 15 tasks are for partitions Vector(0))
[2024-09-30T11:32:27.053+0000] {spark_submit.py:490} INFO - 24/09/30 11:32:27 INFO TaskSchedulerImpl: Adding task set 1.0 with 1 tasks resource profile 0
[2024-09-30T11:32:27.059+0000] {spark_submit.py:490} INFO - 24/09/30 11:32:27 INFO TaskSetManager: Starting task 0.0 in stage 1.0 (TID 1) (172.18.0.7, executor 0, partition 0, PROCESS_LOCAL, 4713 bytes) taskResourceAssignments Map()
[2024-09-30T11:32:27.123+0000] {spark_submit.py:490} INFO - 24/09/30 11:32:27 INFO BlockManagerInfo: Added broadcast_1_piece0 in memory on 172.18.0.7:40419 (size: 2.5 KiB, free: 434.4 MiB)
[2024-09-30T11:32:27.238+0000] {spark_submit.py:490} INFO - 24/09/30 11:32:27 INFO TaskSetManager: Finished task 0.0 in stage 1.0 (TID 1) in 184 ms on 172.18.0.7 (executor 0) (1/1)
[2024-09-30T11:32:27.239+0000] {spark_submit.py:490} INFO - 24/09/30 11:32:27 INFO TaskSchedulerImpl: Removed TaskSet 1.0, whose tasks have all completed, from pool
[2024-09-30T11:32:27.241+0000] {spark_submit.py:490} INFO - 24/09/30 11:32:27 INFO DAGScheduler: ResultStage 1 (hasNext at NativeMethodAccessorImpl.java:0) finished in 0.204 s
[2024-09-30T11:32:27.247+0000] {spark_submit.py:490} INFO - 24/09/30 11:32:27 INFO DAGScheduler: Job 1 is finished. Cancelling potential speculative or zombie tasks for this job
[2024-09-30T11:32:27.248+0000] {spark_submit.py:490} INFO - 24/09/30 11:32:27 INFO TaskSchedulerImpl: Killing all running tasks in stage 1: Stage finished
[2024-09-30T11:32:27.248+0000] {spark_submit.py:490} INFO - 24/09/30 11:32:27 INFO DAGScheduler: Job 1 finished: hasNext at NativeMethodAccessorImpl.java:0, took 0.215965 s
[2024-09-30T11:32:27.321+0000] {spark_submit.py:490} INFO - 24/09/30 11:32:27 INFO CodeGenerator: Code generated in 43.54019 ms
[2024-09-30T11:32:27.755+0000] {spark_submit.py:490} INFO - 24/09/30 11:32:27 INFO DataSourceStrategy: Pruning directories with:
[2024-09-30T11:32:27.758+0000] {spark_submit.py:490} INFO - 24/09/30 11:32:27 INFO FileSourceStrategy: Pushed Filters:
[2024-09-30T11:32:27.759+0000] {spark_submit.py:490} INFO - 24/09/30 11:32:27 INFO FileSourceStrategy: Post-Scan Filters:
[2024-09-30T11:32:27.763+0000] {spark_submit.py:490} INFO - 24/09/30 11:32:27 INFO FileSourceStrategy: Output Data Schema: struct<collection_id: string, new_positive_cases: int, collection_date: timestamp ... 1 more fields>
[2024-09-30T11:32:27.894+0000] {spark_submit.py:490} INFO - 24/09/30 11:32:27 INFO ParquetFileFormat: Using default output committer for Parquet: org.apache.parquet.hadoop.ParquetOutputCommitter
[2024-09-30T11:32:27.925+0000] {spark_submit.py:490} INFO - 24/09/30 11:32:27 INFO FileOutputCommitter: File Output Committer Algorithm version is 1
[2024-09-30T11:32:27.926+0000] {spark_submit.py:490} INFO - 24/09/30 11:32:27 INFO FileOutputCommitter: FileOutputCommitter skip cleanup _temporary folders under output directory:false, ignore cleanup failures: false
[2024-09-30T11:32:27.927+0000] {spark_submit.py:490} INFO - 24/09/30 11:32:27 INFO SQLHadoopMapReduceCommitProtocol: Using user defined output committer class org.apache.parquet.hadoop.ParquetOutputCommitter
[2024-09-30T11:32:27.927+0000] {spark_submit.py:490} INFO - 24/09/30 11:32:27 INFO FileOutputCommitter: File Output Committer Algorithm version is 1
[2024-09-30T11:32:27.928+0000] {spark_submit.py:490} INFO - 24/09/30 11:32:27 INFO FileOutputCommitter: FileOutputCommitter skip cleanup _temporary folders under output directory:false, ignore cleanup failures: false
[2024-09-30T11:32:27.928+0000] {spark_submit.py:490} INFO - 24/09/30 11:32:27 INFO SQLHadoopMapReduceCommitProtocol: Using output committer class org.apache.parquet.hadoop.ParquetOutputCommitter
[2024-09-30T11:32:28.058+0000] {spark_submit.py:490} INFO - 24/09/30 11:32:28 INFO CodeGenerator: Code generated in 38.977409 ms
[2024-09-30T11:32:28.083+0000] {spark_submit.py:490} INFO - 24/09/30 11:32:28 INFO MemoryStore: Block broadcast_2 stored as values in memory (estimated size 177.0 KiB, free 434.2 MiB)
[2024-09-30T11:32:28.097+0000] {spark_submit.py:490} INFO - 24/09/30 11:32:28 INFO MemoryStore: Block broadcast_2_piece0 stored as bytes in memory (estimated size 28.3 KiB, free 434.2 MiB)
[2024-09-30T11:32:28.105+0000] {spark_submit.py:490} INFO - 24/09/30 11:32:28 INFO BlockManagerInfo: Added broadcast_2_piece0 in memory on 774e6edce74f:35809 (size: 28.3 KiB, free: 434.4 MiB)
[2024-09-30T11:32:28.108+0000] {spark_submit.py:490} INFO - 24/09/30 11:32:28 INFO SparkContext: Created broadcast 2 from saveAsTable at NativeMethodAccessorImpl.java:0
[2024-09-30T11:32:28.149+0000] {spark_submit.py:490} INFO - 24/09/30 11:32:28 INFO BlockManagerInfo: Removed broadcast_1_piece0 on 774e6edce74f:35809 in memory (size: 2.5 KiB, free: 434.4 MiB)
[2024-09-30T11:32:28.154+0000] {spark_submit.py:490} INFO - 24/09/30 11:32:28 INFO BlockManagerInfo: Removed broadcast_1_piece0 on 172.18.0.7:40419 in memory (size: 2.5 KiB, free: 434.4 MiB)
[2024-09-30T11:32:28.161+0000] {spark_submit.py:490} INFO - 24/09/30 11:32:28 INFO FileSourceScanExec: Planning scan with bin packing, max size: 4194304 bytes, open cost is considered as scanning 4194304 bytes.
[2024-09-30T11:32:28.255+0000] {spark_submit.py:490} INFO - 24/09/30 11:32:28 INFO SparkContext: Starting job: saveAsTable at NativeMethodAccessorImpl.java:0
[2024-09-30T11:32:28.259+0000] {spark_submit.py:490} INFO - 24/09/30 11:32:28 INFO DAGScheduler: Got job 2 (saveAsTable at NativeMethodAccessorImpl.java:0) with 1 output partitions
[2024-09-30T11:32:28.260+0000] {spark_submit.py:490} INFO - 24/09/30 11:32:28 INFO DAGScheduler: Final stage: ResultStage 2 (saveAsTable at NativeMethodAccessorImpl.java:0)
[2024-09-30T11:32:28.260+0000] {spark_submit.py:490} INFO - 24/09/30 11:32:28 INFO DAGScheduler: Parents of final stage: List()
[2024-09-30T11:32:28.261+0000] {spark_submit.py:490} INFO - 24/09/30 11:32:28 INFO DAGScheduler: Missing parents: List()
[2024-09-30T11:32:28.264+0000] {spark_submit.py:490} INFO - 24/09/30 11:32:28 INFO DAGScheduler: Submitting ResultStage 2 (MapPartitionsRDD[10] at saveAsTable at NativeMethodAccessorImpl.java:0), which has no missing parents
[2024-09-30T11:32:28.370+0000] {spark_submit.py:490} INFO - 24/09/30 11:32:28 INFO MemoryStore: Block broadcast_3 stored as values in memory (estimated size 182.8 KiB, free 434.0 MiB)
[2024-09-30T11:32:28.374+0000] {spark_submit.py:490} INFO - 24/09/30 11:32:28 INFO MemoryStore: Block broadcast_3_piece0 stored as bytes in memory (estimated size 65.6 KiB, free 434.0 MiB)
[2024-09-30T11:32:28.379+0000] {spark_submit.py:490} INFO - 24/09/30 11:32:28 INFO BlockManagerInfo: Added broadcast_3_piece0 in memory on 774e6edce74f:35809 (size: 65.6 KiB, free: 434.3 MiB)
[2024-09-30T11:32:28.379+0000] {spark_submit.py:490} INFO - 24/09/30 11:32:28 INFO SparkContext: Created broadcast 3 from broadcast at DAGScheduler.scala:1433
[2024-09-30T11:32:28.379+0000] {spark_submit.py:490} INFO - 24/09/30 11:32:28 INFO DAGScheduler: Submitting 1 missing tasks from ResultStage 2 (MapPartitionsRDD[10] at saveAsTable at NativeMethodAccessorImpl.java:0) (first 15 tasks are for partitions Vector(0))
[2024-09-30T11:32:28.379+0000] {spark_submit.py:490} INFO - 24/09/30 11:32:28 INFO TaskSchedulerImpl: Adding task set 2.0 with 1 tasks resource profile 0
[2024-09-30T11:32:28.390+0000] {spark_submit.py:490} INFO - 24/09/30 11:32:28 INFO TaskSetManager: Starting task 0.0 in stage 2.0 (TID 2) (172.18.0.7, executor 0, partition 0, ANY, 5048 bytes) taskResourceAssignments Map()
[2024-09-30T11:32:28.435+0000] {spark_submit.py:490} INFO - 24/09/30 11:32:28 INFO BlockManagerInfo: Added broadcast_3_piece0 in memory on 172.18.0.7:40419 (size: 65.6 KiB, free: 434.3 MiB)
[2024-09-30T11:32:29.653+0000] {spark_submit.py:490} INFO - 24/09/30 11:32:29 INFO BlockManagerInfo: Added broadcast_2_piece0 in memory on 172.18.0.7:40419 (size: 28.3 KiB, free: 434.3 MiB)
[2024-09-30T11:32:30.672+0000] {spark_submit.py:490} INFO - 24/09/30 11:32:30 INFO TaskSetManager: Finished task 0.0 in stage 2.0 (TID 2) in 2287 ms on 172.18.0.7 (executor 0) (1/1)
[2024-09-30T11:32:30.673+0000] {spark_submit.py:490} INFO - 24/09/30 11:32:30 INFO TaskSchedulerImpl: Removed TaskSet 2.0, whose tasks have all completed, from pool
[2024-09-30T11:32:30.675+0000] {spark_submit.py:490} INFO - 24/09/30 11:32:30 INFO DAGScheduler: ResultStage 2 (saveAsTable at NativeMethodAccessorImpl.java:0) finished in 2.399 s
[2024-09-30T11:32:30.679+0000] {spark_submit.py:490} INFO - 24/09/30 11:32:30 INFO DAGScheduler: Job 2 is finished. Cancelling potential speculative or zombie tasks for this job
[2024-09-30T11:32:30.679+0000] {spark_submit.py:490} INFO - 24/09/30 11:32:30 INFO TaskSchedulerImpl: Killing all running tasks in stage 2: Stage finished
[2024-09-30T11:32:30.682+0000] {spark_submit.py:490} INFO - 24/09/30 11:32:30 INFO DAGScheduler: Job 2 finished: saveAsTable at NativeMethodAccessorImpl.java:0, took 2.425657 s
[2024-09-30T11:32:30.793+0000] {spark_submit.py:490} INFO - 24/09/30 11:32:30 INFO FileFormatWriter: Write Job 1e71c9c0-16a5-44e2-ba9f-45949e52b463 committed.
[2024-09-30T11:32:30.799+0000] {spark_submit.py:490} INFO - 24/09/30 11:32:30 INFO FileFormatWriter: Finished processing stats for write job 1e71c9c0-16a5-44e2-ba9f-45949e52b463.
[2024-09-30T11:32:30.845+0000] {spark_submit.py:490} INFO - 24/09/30 11:32:30 INFO InMemoryFileIndex: It took 15 ms to list leaf files for 1 paths.
[2024-09-30T11:32:30.887+0000] {spark_submit.py:490} INFO - 24/09/30 11:32:30 INFO HiveExternalCatalog: Persisting file based data source table `default`.`cases` into Hive metastore in Hive compatible format.
[2024-09-30T11:32:30.904+0000] {spark_submit.py:490} INFO - 24/09/30 11:32:30 INFO SQLStdHiveAccessController: Created SQLStdHiveAccessController for session context : HiveAuthzSessionContext [sessionString=2f766b42-f514-4fb9-bd77-37b0f6aa0cc6, clientType=HIVECLI]
[2024-09-30T11:32:30.906+0000] {spark_submit.py:490} INFO - 24/09/30 11:32:30 WARN SessionState: METASTORE_FILTER_HOOK will be ignored, since hive.security.authorization.manager is set to instance of HiveAuthorizerFactory.
[2024-09-30T11:32:30.906+0000] {spark_submit.py:490} INFO - 24/09/30 11:32:30 INFO metastore: Mestastore configuration hive.metastore.filter.hook changed from org.apache.hadoop.hive.metastore.DefaultMetaStoreFilterHookImpl to org.apache.hadoop.hive.ql.security.authorization.plugin.AuthorizationMetaStoreFilterHook
[2024-09-30T11:32:30.912+0000] {spark_submit.py:490} INFO - 24/09/30 11:32:30 INFO metastore: Closed a connection to metastore, current connections: 0
[2024-09-30T11:32:30.913+0000] {spark_submit.py:490} INFO - 24/09/30 11:32:30 INFO metastore: Trying to connect to metastore with URI thrift://hive-metastore:9083
[2024-09-30T11:32:30.914+0000] {spark_submit.py:490} INFO - 24/09/30 11:32:30 INFO metastore: Opened a connection to metastore, current connections: 1
[2024-09-30T11:32:30.916+0000] {spark_submit.py:490} INFO - 24/09/30 11:32:30 INFO metastore: Connected to metastore.
[2024-09-30T11:32:30.951+0000] {spark_submit.py:490} INFO - 24/09/30 11:32:30 INFO metastore: Trying to connect to metastore with URI thrift://hive-metastore:9083
[2024-09-30T11:32:30.951+0000] {spark_submit.py:490} INFO - 24/09/30 11:32:30 INFO metastore: Opened a connection to metastore, current connections: 2
[2024-09-30T11:32:30.953+0000] {spark_submit.py:490} INFO - 24/09/30 11:32:30 INFO metastore: Connected to metastore.
[2024-09-30T11:32:31.043+0000] {spark_submit.py:490} INFO - 24/09/30 11:32:31 INFO AlterTableRecoverPartitionsCommand: Recover all the partitions in hdfs://namenode:8020/opt/hive/data/warehouse/cases
[2024-09-30T11:32:31.059+0000] {spark_submit.py:490} INFO - 24/09/30 11:32:31 INFO AlterTableRecoverPartitionsCommand: Found 1 partitions in hdfs://namenode:8020/opt/hive/data/warehouse/cases
[2024-09-30T11:32:31.067+0000] {spark_submit.py:490} INFO - 24/09/30 11:32:31 INFO AlterTableRecoverPartitionsCommand: Finished to gather the fast stats for all 1 partitions.
[2024-09-30T11:32:31.425+0000] {spark_submit.py:490} INFO - 24/09/30 11:32:31 INFO AlterTableRecoverPartitionsCommand: Recovered all partitions (1).
[2024-09-30T11:32:31.542+0000] {spark_submit.py:490} INFO - 24/09/30 11:32:31 INFO SparkContext: Invoking stop() from shutdown hook
[2024-09-30T11:32:31.571+0000] {spark_submit.py:490} INFO - 24/09/30 11:32:31 INFO SparkUI: Stopped Spark web UI at http://774e6edce74f:4040
[2024-09-30T11:32:31.584+0000] {spark_submit.py:490} INFO - 24/09/30 11:32:31 INFO StandaloneSchedulerBackend: Shutting down all executors
[2024-09-30T11:32:31.588+0000] {spark_submit.py:490} INFO - 24/09/30 11:32:31 INFO CoarseGrainedSchedulerBackend$DriverEndpoint: Asking each executor to shut down
[2024-09-30T11:32:31.662+0000] {spark_submit.py:490} INFO - 24/09/30 11:32:31 INFO MapOutputTrackerMasterEndpoint: MapOutputTrackerMasterEndpoint stopped!
[2024-09-30T11:32:31.709+0000] {spark_submit.py:490} INFO - 24/09/30 11:32:31 INFO MemoryStore: MemoryStore cleared
[2024-09-30T11:32:31.714+0000] {spark_submit.py:490} INFO - 24/09/30 11:32:31 INFO BlockManager: BlockManager stopped
[2024-09-30T11:32:31.727+0000] {spark_submit.py:490} INFO - 24/09/30 11:32:31 INFO BlockManagerMaster: BlockManagerMaster stopped
[2024-09-30T11:32:31.736+0000] {spark_submit.py:490} INFO - 24/09/30 11:32:31 INFO OutputCommitCoordinator$OutputCommitCoordinatorEndpoint: OutputCommitCoordinator stopped!
[2024-09-30T11:32:31.754+0000] {spark_submit.py:490} INFO - 24/09/30 11:32:31 INFO SparkContext: Successfully stopped SparkContext
[2024-09-30T11:32:31.754+0000] {spark_submit.py:490} INFO - 24/09/30 11:32:31 INFO ShutdownHookManager: Shutdown hook called
[2024-09-30T11:32:31.755+0000] {spark_submit.py:490} INFO - 24/09/30 11:32:31 INFO ShutdownHookManager: Deleting directory /tmp/spark-e54037ec-863c-43c0-8feb-53407a5b9cad
[2024-09-30T11:32:31.764+0000] {spark_submit.py:490} INFO - 24/09/30 11:32:31 INFO ShutdownHookManager: Deleting directory /tmp/spark-e54037ec-863c-43c0-8feb-53407a5b9cad/pyspark-3c259427-33c8-490b-b781-c2b5763fd530
[2024-09-30T11:32:31.769+0000] {spark_submit.py:490} INFO - 24/09/30 11:32:31 INFO ShutdownHookManager: Deleting directory /tmp/spark-dde69308-2124-4a77-bdec-1e1ea6c11174
[2024-09-30T11:32:32.055+0000] {taskinstance.py:1327} INFO - Marking task as SUCCESS. dag_id=get_cases_data, task_id=save_to_warehouse, execution_date=20221229T000000, start_date=20240930T113140, end_date=20240930T113232
[2024-09-30T11:32:32.102+0000] {local_task_job.py:159} INFO - Task exited with return code 0
[2024-09-30T11:32:32.143+0000] {taskinstance.py:2582} INFO - 1 downstream tasks scheduled from follow-on schedule check
