[2024-09-30T11:33:46.728+0000] {taskinstance.py:1087} INFO - Dependencies all met for <TaskInstance: get_cases_data.save_to_warehouse scheduled__2023-01-02T00:00:00+00:00 [queued]>
[2024-09-30T11:33:46.749+0000] {taskinstance.py:1087} INFO - Dependencies all met for <TaskInstance: get_cases_data.save_to_warehouse scheduled__2023-01-02T00:00:00+00:00 [queued]>
[2024-09-30T11:33:46.750+0000] {taskinstance.py:1283} INFO - 
--------------------------------------------------------------------------------
[2024-09-30T11:33:46.750+0000] {taskinstance.py:1284} INFO - Starting attempt 1 of 1
[2024-09-30T11:33:46.750+0000] {taskinstance.py:1285} INFO - 
--------------------------------------------------------------------------------
[2024-09-30T11:33:46.783+0000] {taskinstance.py:1304} INFO - Executing <Task(SparkSubmitOperator): save_to_warehouse> on 2023-01-02 00:00:00+00:00
[2024-09-30T11:33:46.802+0000] {standard_task_runner.py:55} INFO - Started process 5181 to run task
[2024-09-30T11:33:46.811+0000] {standard_task_runner.py:82} INFO - Running: ['***', 'tasks', 'run', 'get_cases_data', 'save_to_warehouse', 'scheduled__2023-01-02T00:00:00+00:00', '--job-id', '46', '--raw', '--subdir', 'DAGS_FOLDER/get_cases_data.py', '--cfg-path', '/tmp/tmpx373e_zo']
[2024-09-30T11:33:46.817+0000] {standard_task_runner.py:83} INFO - Job 46: Subtask save_to_warehouse
[2024-09-30T11:33:46.951+0000] {task_command.py:389} INFO - Running <TaskInstance: get_cases_data.save_to_warehouse scheduled__2023-01-02T00:00:00+00:00 [running]> on host 774e6edce74f
[2024-09-30T11:33:47.119+0000] {taskinstance.py:1513} INFO - Exporting the following env vars:
AIRFLOW_CTX_DAG_OWNER=***
AIRFLOW_CTX_DAG_ID=get_cases_data
AIRFLOW_CTX_TASK_ID=save_to_warehouse
AIRFLOW_CTX_EXECUTION_DATE=2023-01-02T00:00:00+00:00
AIRFLOW_CTX_TRY_NUMBER=1
AIRFLOW_CTX_DAG_RUN_ID=scheduled__2023-01-02T00:00:00+00:00
[2024-09-30T11:33:47.125+0000] {base.py:73} INFO - Using connection ID 'spark_connection' for task execution.
[2024-09-30T11:33:47.127+0000] {spark_submit.py:339} INFO - Spark-Submit cmd: spark-submit --master spark://spark-master:7077 --name save_to_warehouse --verbose /usr/local/spark/app/save_to_warehouse.py
[2024-09-30T11:33:49.262+0000] {spark_submit.py:490} INFO - Using properties file: null
[2024-09-30T11:33:49.485+0000] {spark_submit.py:490} INFO - WARNING: An illegal reflective access operation has occurred
[2024-09-30T11:33:49.486+0000] {spark_submit.py:490} INFO - WARNING: Illegal reflective access by org.apache.spark.unsafe.Platform (file:/home/***/.local/lib/python3.7/site-packages/pyspark/jars/spark-unsafe_2.12-3.1.3.jar) to constructor java.nio.DirectByteBuffer(long,int)
[2024-09-30T11:33:49.486+0000] {spark_submit.py:490} INFO - WARNING: Please consider reporting this to the maintainers of org.apache.spark.unsafe.Platform
[2024-09-30T11:33:49.486+0000] {spark_submit.py:490} INFO - WARNING: Use --illegal-access=warn to enable warnings of further illegal reflective access operations
[2024-09-30T11:33:49.486+0000] {spark_submit.py:490} INFO - WARNING: All illegal access operations will be denied in a future release
[2024-09-30T11:33:49.620+0000] {spark_submit.py:490} INFO - Parsed arguments:
[2024-09-30T11:33:49.621+0000] {spark_submit.py:490} INFO - master                  spark://spark-master:7077
[2024-09-30T11:33:49.621+0000] {spark_submit.py:490} INFO - deployMode              null
[2024-09-30T11:33:49.621+0000] {spark_submit.py:490} INFO - executorMemory          null
[2024-09-30T11:33:49.621+0000] {spark_submit.py:490} INFO - executorCores           null
[2024-09-30T11:33:49.621+0000] {spark_submit.py:490} INFO - totalExecutorCores      null
[2024-09-30T11:33:49.621+0000] {spark_submit.py:490} INFO - propertiesFile          null
[2024-09-30T11:33:49.621+0000] {spark_submit.py:490} INFO - driverMemory            null
[2024-09-30T11:33:49.621+0000] {spark_submit.py:490} INFO - driverCores             null
[2024-09-30T11:33:49.622+0000] {spark_submit.py:490} INFO - driverExtraClassPath    null
[2024-09-30T11:33:49.622+0000] {spark_submit.py:490} INFO - driverExtraLibraryPath  null
[2024-09-30T11:33:49.622+0000] {spark_submit.py:490} INFO - driverExtraJavaOptions  null
[2024-09-30T11:33:49.622+0000] {spark_submit.py:490} INFO - supervise               false
[2024-09-30T11:33:49.622+0000] {spark_submit.py:490} INFO - queue                   null
[2024-09-30T11:33:49.622+0000] {spark_submit.py:490} INFO - numExecutors            null
[2024-09-30T11:33:49.622+0000] {spark_submit.py:490} INFO - files                   null
[2024-09-30T11:33:49.622+0000] {spark_submit.py:490} INFO - pyFiles                 null
[2024-09-30T11:33:49.622+0000] {spark_submit.py:490} INFO - archives                null
[2024-09-30T11:33:49.622+0000] {spark_submit.py:490} INFO - mainClass               null
[2024-09-30T11:33:49.622+0000] {spark_submit.py:490} INFO - primaryResource         file:/usr/local/spark/app/save_to_warehouse.py
[2024-09-30T11:33:49.623+0000] {spark_submit.py:490} INFO - name                    save_to_warehouse
[2024-09-30T11:33:49.623+0000] {spark_submit.py:490} INFO - childArgs               []
[2024-09-30T11:33:49.623+0000] {spark_submit.py:490} INFO - jars                    null
[2024-09-30T11:33:49.623+0000] {spark_submit.py:490} INFO - packages                null
[2024-09-30T11:33:49.623+0000] {spark_submit.py:490} INFO - packagesExclusions      null
[2024-09-30T11:33:49.623+0000] {spark_submit.py:490} INFO - repositories            null
[2024-09-30T11:33:49.626+0000] {spark_submit.py:490} INFO - verbose                 true
[2024-09-30T11:33:49.627+0000] {spark_submit.py:490} INFO - 
[2024-09-30T11:33:49.627+0000] {spark_submit.py:490} INFO - Spark properties used, including those specified through
[2024-09-30T11:33:49.627+0000] {spark_submit.py:490} INFO - --conf and those from the properties file null:
[2024-09-30T11:33:49.627+0000] {spark_submit.py:490} INFO - 
[2024-09-30T11:33:49.627+0000] {spark_submit.py:490} INFO - 
[2024-09-30T11:33:49.627+0000] {spark_submit.py:490} INFO - 
[2024-09-30T11:33:50.454+0000] {spark_submit.py:490} INFO - 24/09/30 11:33:50 WARN NativeCodeLoader: Unable to load native-hadoop library for your platform... using builtin-java classes where applicable
[2024-09-30T11:33:50.772+0000] {spark_submit.py:490} INFO - Main class:
[2024-09-30T11:33:50.773+0000] {spark_submit.py:490} INFO - org.apache.spark.deploy.PythonRunner
[2024-09-30T11:33:50.773+0000] {spark_submit.py:490} INFO - Arguments:
[2024-09-30T11:33:50.773+0000] {spark_submit.py:490} INFO - file:/usr/local/spark/app/save_to_warehouse.py
[2024-09-30T11:33:50.773+0000] {spark_submit.py:490} INFO - null
[2024-09-30T11:33:50.780+0000] {spark_submit.py:490} INFO - Spark config:
[2024-09-30T11:33:50.781+0000] {spark_submit.py:490} INFO - (spark.app.name,save_to_warehouse)
[2024-09-30T11:33:50.781+0000] {spark_submit.py:490} INFO - (spark.master,spark://spark-master:7077)
[2024-09-30T11:33:50.781+0000] {spark_submit.py:490} INFO - (spark.submit.pyFiles,)
[2024-09-30T11:33:50.781+0000] {spark_submit.py:490} INFO - (spark.submit.deployMode,client)
[2024-09-30T11:33:50.781+0000] {spark_submit.py:490} INFO - Classpath elements:
[2024-09-30T11:33:50.781+0000] {spark_submit.py:490} INFO - 
[2024-09-30T11:33:50.781+0000] {spark_submit.py:490} INFO - 
[2024-09-30T11:33:50.781+0000] {spark_submit.py:490} INFO - 
[2024-09-30T11:33:52.128+0000] {spark_submit.py:490} INFO - Using Spark's default log4j profile: org/apache/spark/log4j-defaults.properties
[2024-09-30T11:33:52.142+0000] {spark_submit.py:490} INFO - 24/09/30 11:33:52 INFO SparkContext: Running Spark version 3.1.3
[2024-09-30T11:33:52.212+0000] {spark_submit.py:490} INFO - 24/09/30 11:33:52 INFO ResourceUtils: ==============================================================
[2024-09-30T11:33:52.213+0000] {spark_submit.py:490} INFO - 24/09/30 11:33:52 INFO ResourceUtils: No custom resources configured for spark.driver.
[2024-09-30T11:33:52.213+0000] {spark_submit.py:490} INFO - 24/09/30 11:33:52 INFO ResourceUtils: ==============================================================
[2024-09-30T11:33:52.213+0000] {spark_submit.py:490} INFO - 24/09/30 11:33:52 INFO SparkContext: Submitted application: save_to_warehouse
[2024-09-30T11:33:52.264+0000] {spark_submit.py:490} INFO - 24/09/30 11:33:52 INFO ResourceProfile: Default ResourceProfile created, executor resources: Map(cores -> name: cores, amount: 1, script: , vendor: , memory -> name: memory, amount: 1024, script: , vendor: , offHeap -> name: offHeap, amount: 0, script: , vendor: ), task resources: Map(cpus -> name: cpus, amount: 1.0)
[2024-09-30T11:33:52.302+0000] {spark_submit.py:490} INFO - 24/09/30 11:33:52 INFO ResourceProfile: Limiting resource is cpu
[2024-09-30T11:33:52.303+0000] {spark_submit.py:490} INFO - 24/09/30 11:33:52 INFO ResourceProfileManager: Added ResourceProfile id: 0
[2024-09-30T11:33:52.366+0000] {spark_submit.py:490} INFO - 24/09/30 11:33:52 INFO SecurityManager: Changing view acls to: default
[2024-09-30T11:33:52.368+0000] {spark_submit.py:490} INFO - 24/09/30 11:33:52 INFO SecurityManager: Changing modify acls to: default
[2024-09-30T11:33:52.368+0000] {spark_submit.py:490} INFO - 24/09/30 11:33:52 INFO SecurityManager: Changing view acls groups to:
[2024-09-30T11:33:52.368+0000] {spark_submit.py:490} INFO - 24/09/30 11:33:52 INFO SecurityManager: Changing modify acls groups to:
[2024-09-30T11:33:52.368+0000] {spark_submit.py:490} INFO - 24/09/30 11:33:52 INFO SecurityManager: SecurityManager: authentication disabled; ui acls disabled; users  with view permissions: Set(default); groups with view permissions: Set(); users  with modify permissions: Set(default); groups with modify permissions: Set()
[2024-09-30T11:33:52.700+0000] {spark_submit.py:490} INFO - 24/09/30 11:33:52 INFO Utils: Successfully started service 'sparkDriver' on port 33775.
[2024-09-30T11:33:52.741+0000] {spark_submit.py:490} INFO - 24/09/30 11:33:52 INFO SparkEnv: Registering MapOutputTracker
[2024-09-30T11:33:52.819+0000] {spark_submit.py:490} INFO - 24/09/30 11:33:52 INFO SparkEnv: Registering BlockManagerMaster
[2024-09-30T11:33:52.859+0000] {spark_submit.py:490} INFO - 24/09/30 11:33:52 INFO BlockManagerMasterEndpoint: Using org.apache.spark.storage.DefaultTopologyMapper for getting topology information
[2024-09-30T11:33:52.863+0000] {spark_submit.py:490} INFO - 24/09/30 11:33:52 INFO BlockManagerMasterEndpoint: BlockManagerMasterEndpoint up
[2024-09-30T11:33:52.869+0000] {spark_submit.py:490} INFO - 24/09/30 11:33:52 INFO SparkEnv: Registering BlockManagerMasterHeartbeat
[2024-09-30T11:33:52.895+0000] {spark_submit.py:490} INFO - 24/09/30 11:33:52 INFO DiskBlockManager: Created local directory at /tmp/blockmgr-273c07d8-1d0b-4899-8a23-437f36437177
[2024-09-30T11:33:52.934+0000] {spark_submit.py:490} INFO - 24/09/30 11:33:52 INFO MemoryStore: MemoryStore started with capacity 434.4 MiB
[2024-09-30T11:33:52.970+0000] {spark_submit.py:490} INFO - 24/09/30 11:33:52 INFO SparkEnv: Registering OutputCommitCoordinator
[2024-09-30T11:33:53.320+0000] {spark_submit.py:490} INFO - 24/09/30 11:33:53 WARN Utils: Service 'SparkUI' could not bind on port 4040. Attempting port 4041.
[2024-09-30T11:33:53.321+0000] {spark_submit.py:490} INFO - 24/09/30 11:33:53 WARN Utils: Service 'SparkUI' could not bind on port 4041. Attempting port 4042.
[2024-09-30T11:33:53.346+0000] {spark_submit.py:490} INFO - 24/09/30 11:33:53 INFO Utils: Successfully started service 'SparkUI' on port 4042.
[2024-09-30T11:33:53.454+0000] {spark_submit.py:490} INFO - 24/09/30 11:33:53 INFO SparkUI: Bound SparkUI to 0.0.0.0, and started at http://774e6edce74f:4042
[2024-09-30T11:33:54.115+0000] {spark_submit.py:490} INFO - 24/09/30 11:33:54 INFO StandaloneAppClient$ClientEndpoint: Connecting to master spark://spark-master:7077...
[2024-09-30T11:33:54.263+0000] {spark_submit.py:490} INFO - 24/09/30 11:33:54 INFO TransportClientFactory: Successfully created connection to spark-master/172.18.0.5:7077 after 70 ms (0 ms spent in bootstraps)
[2024-09-30T11:33:54.597+0000] {spark_submit.py:490} INFO - 24/09/30 11:33:54 INFO StandaloneSchedulerBackend: Connected to Spark cluster with app ID app-20240930113354-0028
[2024-09-30T11:33:54.620+0000] {spark_submit.py:490} INFO - 24/09/30 11:33:54 INFO Utils: Successfully started service 'org.apache.spark.network.netty.NettyBlockTransferService' on port 33999.
[2024-09-30T11:33:54.621+0000] {spark_submit.py:490} INFO - 24/09/30 11:33:54 INFO NettyBlockTransferService: Server created on 774e6edce74f:33999
[2024-09-30T11:33:54.628+0000] {spark_submit.py:490} INFO - 24/09/30 11:33:54 INFO BlockManager: Using org.apache.spark.storage.RandomBlockReplicationPolicy for block replication policy
[2024-09-30T11:33:54.651+0000] {spark_submit.py:490} INFO - 24/09/30 11:33:54 INFO BlockManagerMaster: Registering BlockManager BlockManagerId(driver, 774e6edce74f, 33999, None)
[2024-09-30T11:33:54.667+0000] {spark_submit.py:490} INFO - 24/09/30 11:33:54 INFO BlockManagerMasterEndpoint: Registering block manager 774e6edce74f:33999 with 434.4 MiB RAM, BlockManagerId(driver, 774e6edce74f, 33999, None)
[2024-09-30T11:33:54.674+0000] {spark_submit.py:490} INFO - 24/09/30 11:33:54 INFO BlockManagerMaster: Registered BlockManager BlockManagerId(driver, 774e6edce74f, 33999, None)
[2024-09-30T11:33:54.677+0000] {spark_submit.py:490} INFO - 24/09/30 11:33:54 INFO BlockManager: Initialized BlockManager: BlockManagerId(driver, 774e6edce74f, 33999, None)
[2024-09-30T11:33:55.020+0000] {spark_submit.py:490} INFO - 24/09/30 11:33:55 INFO StandaloneSchedulerBackend: SchedulerBackend is ready for scheduling beginning after reached minRegisteredResourcesRatio: 0.0
[2024-09-30T11:33:55.468+0000] {spark_submit.py:490} INFO - 24/09/30 11:33:55 INFO SharedState: Setting hive.metastore.warehouse.dir ('null') to the value of spark.sql.warehouse.dir ('/user/hive/warehouse').
[2024-09-30T11:33:55.470+0000] {spark_submit.py:490} INFO - 24/09/30 11:33:55 INFO SharedState: Warehouse path is '/user/hive/warehouse'.
[2024-09-30T11:33:58.070+0000] {spark_submit.py:490} INFO - 24/09/30 11:33:58 INFO InMemoryFileIndex: It took 250 ms to list leaf files for 1 paths.
[2024-09-30T11:33:58.808+0000] {spark_submit.py:490} INFO - 24/09/30 11:33:58 INFO SparkContext: Starting job: parquet at NativeMethodAccessorImpl.java:0
[2024-09-30T11:33:58.859+0000] {spark_submit.py:490} INFO - 24/09/30 11:33:58 INFO DAGScheduler: Got job 0 (parquet at NativeMethodAccessorImpl.java:0) with 1 output partitions
[2024-09-30T11:33:58.859+0000] {spark_submit.py:490} INFO - 24/09/30 11:33:58 INFO DAGScheduler: Final stage: ResultStage 0 (parquet at NativeMethodAccessorImpl.java:0)
[2024-09-30T11:33:58.859+0000] {spark_submit.py:490} INFO - 24/09/30 11:33:58 INFO DAGScheduler: Parents of final stage: List()
[2024-09-30T11:33:58.866+0000] {spark_submit.py:490} INFO - 24/09/30 11:33:58 INFO DAGScheduler: Missing parents: List()
[2024-09-30T11:33:58.874+0000] {spark_submit.py:490} INFO - 24/09/30 11:33:58 INFO DAGScheduler: Submitting ResultStage 0 (MapPartitionsRDD[1] at parquet at NativeMethodAccessorImpl.java:0), which has no missing parents
[2024-09-30T11:33:59.042+0000] {spark_submit.py:490} INFO - 24/09/30 11:33:59 INFO MemoryStore: Block broadcast_0 stored as values in memory (estimated size 84.0 KiB, free 434.3 MiB)
[2024-09-30T11:33:59.159+0000] {spark_submit.py:490} INFO - 24/09/30 11:33:59 INFO MemoryStore: Block broadcast_0_piece0 stored as bytes in memory (estimated size 29.8 KiB, free 434.3 MiB)
[2024-09-30T11:33:59.164+0000] {spark_submit.py:490} INFO - 24/09/30 11:33:59 INFO BlockManagerInfo: Added broadcast_0_piece0 in memory on 774e6edce74f:33999 (size: 29.8 KiB, free: 434.4 MiB)
[2024-09-30T11:33:59.175+0000] {spark_submit.py:490} INFO - 24/09/30 11:33:59 INFO SparkContext: Created broadcast 0 from broadcast at DAGScheduler.scala:1433
[2024-09-30T11:33:59.226+0000] {spark_submit.py:490} INFO - 24/09/30 11:33:59 INFO DAGScheduler: Submitting 1 missing tasks from ResultStage 0 (MapPartitionsRDD[1] at parquet at NativeMethodAccessorImpl.java:0) (first 15 tasks are for partitions Vector(0))
[2024-09-30T11:33:59.233+0000] {spark_submit.py:490} INFO - 24/09/30 11:33:59 INFO TaskSchedulerImpl: Adding task set 0.0 with 1 tasks resource profile 0
[2024-09-30T11:34:14.269+0000] {spark_submit.py:490} INFO - 24/09/30 11:34:14 WARN TaskSchedulerImpl: Initial job has not accepted any resources; check your cluster UI to ensure that workers are registered and have sufficient resources
[2024-09-30T11:34:20.669+0000] {spark_submit.py:490} INFO - 24/09/30 11:34:20 INFO StandaloneAppClient$ClientEndpoint: Executor added: app-20240930113354-0028/0 on worker-20240930112313-172.18.0.7-33165 (172.18.0.7:33165) with 4 core(s)
[2024-09-30T11:34:20.675+0000] {spark_submit.py:490} INFO - 24/09/30 11:34:20 INFO StandaloneSchedulerBackend: Granted executor ID app-20240930113354-0028/0 on hostPort 172.18.0.7:33165 with 4 core(s), 1024.0 MiB RAM
[2024-09-30T11:34:20.765+0000] {spark_submit.py:490} INFO - 24/09/30 11:34:20 INFO StandaloneAppClient$ClientEndpoint: Executor updated: app-20240930113354-0028/0 is now RUNNING
[2024-09-30T11:34:24.286+0000] {spark_submit.py:490} INFO - 24/09/30 11:34:24 INFO CoarseGrainedSchedulerBackend$DriverEndpoint: Registered executor NettyRpcEndpointRef(spark-client://Executor) (172.18.0.7:48910) with ID 0,  ResourceProfileId 0
[2024-09-30T11:34:24.531+0000] {spark_submit.py:490} INFO - 24/09/30 11:34:24 INFO BlockManagerMasterEndpoint: Registering block manager 172.18.0.7:43269 with 434.4 MiB RAM, BlockManagerId(0, 172.18.0.7, 43269, None)
[2024-09-30T11:34:24.687+0000] {spark_submit.py:490} INFO - 24/09/30 11:34:24 INFO TaskSetManager: Starting task 0.0 in stage 0.0 (TID 0) (172.18.0.7, executor 0, partition 0, PROCESS_LOCAL, 4732 bytes) taskResourceAssignments Map()
[2024-09-30T11:34:25.145+0000] {spark_submit.py:490} INFO - 24/09/30 11:34:25 INFO BlockManagerInfo: Added broadcast_0_piece0 in memory on 172.18.0.7:43269 (size: 29.8 KiB, free: 434.4 MiB)
[2024-09-30T11:34:26.789+0000] {spark_submit.py:490} INFO - 24/09/30 11:34:26 INFO TaskSetManager: Finished task 0.0 in stage 0.0 (TID 0) in 2130 ms on 172.18.0.7 (executor 0) (1/1)
[2024-09-30T11:34:26.795+0000] {spark_submit.py:490} INFO - 24/09/30 11:34:26 INFO TaskSchedulerImpl: Removed TaskSet 0.0, whose tasks have all completed, from pool
[2024-09-30T11:34:26.807+0000] {spark_submit.py:490} INFO - 24/09/30 11:34:26 INFO DAGScheduler: ResultStage 0 (parquet at NativeMethodAccessorImpl.java:0) finished in 27.880 s
[2024-09-30T11:34:26.812+0000] {spark_submit.py:490} INFO - 24/09/30 11:34:26 INFO DAGScheduler: Job 0 is finished. Cancelling potential speculative or zombie tasks for this job
[2024-09-30T11:34:26.815+0000] {spark_submit.py:490} INFO - 24/09/30 11:34:26 INFO TaskSchedulerImpl: Killing all running tasks in stage 0: Stage finished
[2024-09-30T11:34:26.824+0000] {spark_submit.py:490} INFO - 24/09/30 11:34:26 INFO DAGScheduler: Job 0 finished: parquet at NativeMethodAccessorImpl.java:0, took 28.013276 s
[2024-09-30T11:34:26.996+0000] {spark_submit.py:490} INFO - 24/09/30 11:34:26 INFO BlockManagerInfo: Removed broadcast_0_piece0 on 774e6edce74f:33999 in memory (size: 29.8 KiB, free: 434.4 MiB)
[2024-09-30T11:34:27.002+0000] {spark_submit.py:490} INFO - 24/09/30 11:34:27 INFO BlockManagerInfo: Removed broadcast_0_piece0 on 172.18.0.7:43269 in memory (size: 29.8 KiB, free: 434.4 MiB)
[2024-09-30T11:34:29.034+0000] {spark_submit.py:490} INFO - 24/09/30 11:34:29 INFO HiveConf: Found configuration file null
[2024-09-30T11:34:29.055+0000] {spark_submit.py:490} INFO - 24/09/30 11:34:29 INFO HiveUtils: Initializing HiveMetastoreConnection version 2.3.7 using Spark classes.
[2024-09-30T11:34:29.684+0000] {spark_submit.py:490} INFO - 24/09/30 11:34:29 INFO SessionState: Created HDFS directory: hdfs://namenode:8020/opt/hive/scratch_dir/default/ca32ac89-b5e7-4be9-ab24-f9332b2cd19b
[2024-09-30T11:34:29.707+0000] {spark_submit.py:490} INFO - 24/09/30 11:34:29 INFO SessionState: Created local directory: /tmp/default/ca32ac89-b5e7-4be9-ab24-f9332b2cd19b
[2024-09-30T11:34:29.722+0000] {spark_submit.py:490} INFO - 24/09/30 11:34:29 INFO SessionState: Created HDFS directory: hdfs://namenode:8020/opt/hive/scratch_dir/default/ca32ac89-b5e7-4be9-ab24-f9332b2cd19b/_tmp_space.db
[2024-09-30T11:34:29.747+0000] {spark_submit.py:490} INFO - 24/09/30 11:34:29 INFO HiveClientImpl: Warehouse location for Hive client (version 2.3.7) is /user/hive/warehouse
[2024-09-30T11:34:30.416+0000] {spark_submit.py:490} INFO - 24/09/30 11:34:30 INFO metastore: Trying to connect to metastore with URI thrift://hive-metastore:9083
[2024-09-30T11:34:30.447+0000] {spark_submit.py:490} INFO - 24/09/30 11:34:30 INFO metastore: Opened a connection to metastore, current connections: 1
[2024-09-30T11:34:30.488+0000] {spark_submit.py:490} INFO - 24/09/30 11:34:30 INFO metastore: Connected to metastore.
[2024-09-30T11:34:32.437+0000] {spark_submit.py:490} INFO - 24/09/30 11:34:32 INFO CodeGenerator: Code generated in 455.580739 ms
[2024-09-30T11:34:33.213+0000] {spark_submit.py:490} INFO - 24/09/30 11:34:33 INFO CodeGenerator: Code generated in 29.133277 ms
[2024-09-30T11:34:33.275+0000] {spark_submit.py:490} INFO - 24/09/30 11:34:33 INFO SparkContext: Starting job: hasNext at NativeMethodAccessorImpl.java:0
[2024-09-30T11:34:33.276+0000] {spark_submit.py:490} INFO - 24/09/30 11:34:33 INFO DAGScheduler: Got job 1 (hasNext at NativeMethodAccessorImpl.java:0) with 1 output partitions
[2024-09-30T11:34:33.276+0000] {spark_submit.py:490} INFO - 24/09/30 11:34:33 INFO DAGScheduler: Final stage: ResultStage 1 (hasNext at NativeMethodAccessorImpl.java:0)
[2024-09-30T11:34:33.276+0000] {spark_submit.py:490} INFO - 24/09/30 11:34:33 INFO DAGScheduler: Parents of final stage: List()
[2024-09-30T11:34:33.276+0000] {spark_submit.py:490} INFO - 24/09/30 11:34:33 INFO DAGScheduler: Missing parents: List()
[2024-09-30T11:34:33.276+0000] {spark_submit.py:490} INFO - 24/09/30 11:34:33 INFO DAGScheduler: Submitting ResultStage 1 (MapPartitionsRDD[5] at toLocalIterator at NativeMethodAccessorImpl.java:0), which has no missing parents
[2024-09-30T11:34:33.284+0000] {spark_submit.py:490} INFO - 24/09/30 11:34:33 INFO MemoryStore: Block broadcast_1 stored as values in memory (estimated size 4.6 KiB, free 434.4 MiB)
[2024-09-30T11:34:33.295+0000] {spark_submit.py:490} INFO - 24/09/30 11:34:33 INFO MemoryStore: Block broadcast_1_piece0 stored as bytes in memory (estimated size 2.5 KiB, free 434.4 MiB)
[2024-09-30T11:34:33.296+0000] {spark_submit.py:490} INFO - 24/09/30 11:34:33 INFO BlockManagerInfo: Added broadcast_1_piece0 in memory on 774e6edce74f:33999 (size: 2.5 KiB, free: 434.4 MiB)
[2024-09-30T11:34:33.297+0000] {spark_submit.py:490} INFO - 24/09/30 11:34:33 INFO SparkContext: Created broadcast 1 from broadcast at DAGScheduler.scala:1433
[2024-09-30T11:34:33.301+0000] {spark_submit.py:490} INFO - 24/09/30 11:34:33 INFO DAGScheduler: Submitting 1 missing tasks from ResultStage 1 (MapPartitionsRDD[5] at toLocalIterator at NativeMethodAccessorImpl.java:0) (first 15 tasks are for partitions Vector(0))
[2024-09-30T11:34:33.302+0000] {spark_submit.py:490} INFO - 24/09/30 11:34:33 INFO TaskSchedulerImpl: Adding task set 1.0 with 1 tasks resource profile 0
[2024-09-30T11:34:33.310+0000] {spark_submit.py:490} INFO - 24/09/30 11:34:33 INFO TaskSetManager: Starting task 0.0 in stage 1.0 (TID 1) (172.18.0.7, executor 0, partition 0, PROCESS_LOCAL, 4713 bytes) taskResourceAssignments Map()
[2024-09-30T11:34:33.402+0000] {spark_submit.py:490} INFO - 24/09/30 11:34:33 INFO BlockManagerInfo: Added broadcast_1_piece0 in memory on 172.18.0.7:43269 (size: 2.5 KiB, free: 434.4 MiB)
[2024-09-30T11:34:33.531+0000] {spark_submit.py:490} INFO - 24/09/30 11:34:33 INFO TaskSetManager: Finished task 0.0 in stage 1.0 (TID 1) in 227 ms on 172.18.0.7 (executor 0) (1/1)
[2024-09-30T11:34:33.534+0000] {spark_submit.py:490} INFO - 24/09/30 11:34:33 INFO TaskSchedulerImpl: Removed TaskSet 1.0, whose tasks have all completed, from pool
[2024-09-30T11:34:33.534+0000] {spark_submit.py:490} INFO - 24/09/30 11:34:33 INFO DAGScheduler: ResultStage 1 (hasNext at NativeMethodAccessorImpl.java:0) finished in 0.254 s
[2024-09-30T11:34:33.535+0000] {spark_submit.py:490} INFO - 24/09/30 11:34:33 INFO DAGScheduler: Job 1 is finished. Cancelling potential speculative or zombie tasks for this job
[2024-09-30T11:34:33.538+0000] {spark_submit.py:490} INFO - 24/09/30 11:34:33 INFO TaskSchedulerImpl: Killing all running tasks in stage 1: Stage finished
[2024-09-30T11:34:33.539+0000] {spark_submit.py:490} INFO - 24/09/30 11:34:33 INFO DAGScheduler: Job 1 finished: hasNext at NativeMethodAccessorImpl.java:0, took 0.262418 s
[2024-09-30T11:34:33.601+0000] {spark_submit.py:490} INFO - 24/09/30 11:34:33 INFO CodeGenerator: Code generated in 37.1988 ms
[2024-09-30T11:34:34.000+0000] {spark_submit.py:490} INFO - 24/09/30 11:34:34 INFO DataSourceStrategy: Pruning directories with:
[2024-09-30T11:34:34.003+0000] {spark_submit.py:490} INFO - 24/09/30 11:34:34 INFO FileSourceStrategy: Pushed Filters:
[2024-09-30T11:34:34.004+0000] {spark_submit.py:490} INFO - 24/09/30 11:34:34 INFO FileSourceStrategy: Post-Scan Filters:
[2024-09-30T11:34:34.008+0000] {spark_submit.py:490} INFO - 24/09/30 11:34:34 INFO FileSourceStrategy: Output Data Schema: struct<collection_id: string, new_positive_cases: int, collection_date: timestamp ... 1 more fields>
[2024-09-30T11:34:34.161+0000] {spark_submit.py:490} INFO - 24/09/30 11:34:34 INFO ParquetFileFormat: Using default output committer for Parquet: org.apache.parquet.hadoop.ParquetOutputCommitter
[2024-09-30T11:34:34.192+0000] {spark_submit.py:490} INFO - 24/09/30 11:34:34 INFO FileOutputCommitter: File Output Committer Algorithm version is 1
[2024-09-30T11:34:34.193+0000] {spark_submit.py:490} INFO - 24/09/30 11:34:34 INFO FileOutputCommitter: FileOutputCommitter skip cleanup _temporary folders under output directory:false, ignore cleanup failures: false
[2024-09-30T11:34:34.196+0000] {spark_submit.py:490} INFO - 24/09/30 11:34:34 INFO SQLHadoopMapReduceCommitProtocol: Using user defined output committer class org.apache.parquet.hadoop.ParquetOutputCommitter
[2024-09-30T11:34:34.197+0000] {spark_submit.py:490} INFO - 24/09/30 11:34:34 INFO FileOutputCommitter: File Output Committer Algorithm version is 1
[2024-09-30T11:34:34.197+0000] {spark_submit.py:490} INFO - 24/09/30 11:34:34 INFO FileOutputCommitter: FileOutputCommitter skip cleanup _temporary folders under output directory:false, ignore cleanup failures: false
[2024-09-30T11:34:34.197+0000] {spark_submit.py:490} INFO - 24/09/30 11:34:34 INFO SQLHadoopMapReduceCommitProtocol: Using output committer class org.apache.parquet.hadoop.ParquetOutputCommitter
[2024-09-30T11:34:34.311+0000] {spark_submit.py:490} INFO - 24/09/30 11:34:34 INFO CodeGenerator: Code generated in 66.973774 ms
[2024-09-30T11:34:34.365+0000] {spark_submit.py:490} INFO - 24/09/30 11:34:34 INFO MemoryStore: Block broadcast_2 stored as values in memory (estimated size 177.0 KiB, free 434.2 MiB)
[2024-09-30T11:34:34.409+0000] {spark_submit.py:490} INFO - 24/09/30 11:34:34 INFO MemoryStore: Block broadcast_2_piece0 stored as bytes in memory (estimated size 28.3 KiB, free 434.2 MiB)
[2024-09-30T11:34:34.420+0000] {spark_submit.py:490} INFO - 24/09/30 11:34:34 INFO BlockManagerInfo: Added broadcast_2_piece0 in memory on 774e6edce74f:33999 (size: 28.3 KiB, free: 434.4 MiB)
[2024-09-30T11:34:34.421+0000] {spark_submit.py:490} INFO - 24/09/30 11:34:34 INFO SparkContext: Created broadcast 2 from saveAsTable at NativeMethodAccessorImpl.java:0
[2024-09-30T11:34:34.440+0000] {spark_submit.py:490} INFO - 24/09/30 11:34:34 INFO FileSourceScanExec: Planning scan with bin packing, max size: 4194304 bytes, open cost is considered as scanning 4194304 bytes.
[2024-09-30T11:34:34.566+0000] {spark_submit.py:490} INFO - 24/09/30 11:34:34 INFO SparkContext: Starting job: saveAsTable at NativeMethodAccessorImpl.java:0
[2024-09-30T11:34:34.571+0000] {spark_submit.py:490} INFO - 24/09/30 11:34:34 INFO DAGScheduler: Got job 2 (saveAsTable at NativeMethodAccessorImpl.java:0) with 1 output partitions
[2024-09-30T11:34:34.571+0000] {spark_submit.py:490} INFO - 24/09/30 11:34:34 INFO DAGScheduler: Final stage: ResultStage 2 (saveAsTable at NativeMethodAccessorImpl.java:0)
[2024-09-30T11:34:34.571+0000] {spark_submit.py:490} INFO - 24/09/30 11:34:34 INFO DAGScheduler: Parents of final stage: List()
[2024-09-30T11:34:34.571+0000] {spark_submit.py:490} INFO - 24/09/30 11:34:34 INFO DAGScheduler: Missing parents: List()
[2024-09-30T11:34:34.574+0000] {spark_submit.py:490} INFO - 24/09/30 11:34:34 INFO DAGScheduler: Submitting ResultStage 2 (MapPartitionsRDD[10] at saveAsTable at NativeMethodAccessorImpl.java:0), which has no missing parents
[2024-09-30T11:34:34.697+0000] {spark_submit.py:490} INFO - 24/09/30 11:34:34 INFO MemoryStore: Block broadcast_3 stored as values in memory (estimated size 182.8 KiB, free 434.0 MiB)
[2024-09-30T11:34:34.706+0000] {spark_submit.py:490} INFO - 24/09/30 11:34:34 INFO MemoryStore: Block broadcast_3_piece0 stored as bytes in memory (estimated size 65.6 KiB, free 433.9 MiB)
[2024-09-30T11:34:34.711+0000] {spark_submit.py:490} INFO - 24/09/30 11:34:34 INFO BlockManagerInfo: Added broadcast_3_piece0 in memory on 774e6edce74f:33999 (size: 65.6 KiB, free: 434.3 MiB)
[2024-09-30T11:34:34.711+0000] {spark_submit.py:490} INFO - 24/09/30 11:34:34 INFO SparkContext: Created broadcast 3 from broadcast at DAGScheduler.scala:1433
[2024-09-30T11:34:34.712+0000] {spark_submit.py:490} INFO - 24/09/30 11:34:34 INFO DAGScheduler: Submitting 1 missing tasks from ResultStage 2 (MapPartitionsRDD[10] at saveAsTable at NativeMethodAccessorImpl.java:0) (first 15 tasks are for partitions Vector(0))
[2024-09-30T11:34:34.712+0000] {spark_submit.py:490} INFO - 24/09/30 11:34:34 INFO TaskSchedulerImpl: Adding task set 2.0 with 1 tasks resource profile 0
[2024-09-30T11:34:34.728+0000] {spark_submit.py:490} INFO - 24/09/30 11:34:34 INFO TaskSetManager: Starting task 0.0 in stage 2.0 (TID 2) (172.18.0.7, executor 0, partition 0, ANY, 5048 bytes) taskResourceAssignments Map()
[2024-09-30T11:34:34.835+0000] {spark_submit.py:490} INFO - 24/09/30 11:34:34 INFO BlockManagerInfo: Added broadcast_3_piece0 in memory on 172.18.0.7:43269 (size: 65.6 KiB, free: 434.3 MiB)
[2024-09-30T11:34:36.860+0000] {spark_submit.py:490} INFO - 24/09/30 11:34:36 INFO BlockManagerInfo: Added broadcast_2_piece0 in memory on 172.18.0.7:43269 (size: 28.3 KiB, free: 434.3 MiB)
[2024-09-30T11:34:39.143+0000] {spark_submit.py:490} INFO - 24/09/30 11:34:39 INFO TaskSetManager: Finished task 0.0 in stage 2.0 (TID 2) in 4422 ms on 172.18.0.7 (executor 0) (1/1)
[2024-09-30T11:34:39.144+0000] {spark_submit.py:490} INFO - 24/09/30 11:34:39 INFO TaskSchedulerImpl: Removed TaskSet 2.0, whose tasks have all completed, from pool
[2024-09-30T11:34:39.148+0000] {spark_submit.py:490} INFO - 24/09/30 11:34:39 INFO DAGScheduler: ResultStage 2 (saveAsTable at NativeMethodAccessorImpl.java:0) finished in 4.560 s
[2024-09-30T11:34:39.149+0000] {spark_submit.py:490} INFO - 24/09/30 11:34:39 INFO DAGScheduler: Job 2 is finished. Cancelling potential speculative or zombie tasks for this job
[2024-09-30T11:34:39.149+0000] {spark_submit.py:490} INFO - 24/09/30 11:34:39 INFO TaskSchedulerImpl: Killing all running tasks in stage 2: Stage finished
[2024-09-30T11:34:39.151+0000] {spark_submit.py:490} INFO - 24/09/30 11:34:39 INFO DAGScheduler: Job 2 finished: saveAsTable at NativeMethodAccessorImpl.java:0, took 4.584305 s
[2024-09-30T11:34:39.283+0000] {spark_submit.py:490} INFO - 24/09/30 11:34:39 INFO FileFormatWriter: Write Job 35ba0895-e8c9-4981-b072-bcbf055fe9b1 committed.
[2024-09-30T11:34:39.288+0000] {spark_submit.py:490} INFO - 24/09/30 11:34:39 INFO FileFormatWriter: Finished processing stats for write job 35ba0895-e8c9-4981-b072-bcbf055fe9b1.
[2024-09-30T11:34:39.332+0000] {spark_submit.py:490} INFO - 24/09/30 11:34:39 INFO InMemoryFileIndex: It took 23 ms to list leaf files for 1 paths.
[2024-09-30T11:34:39.382+0000] {spark_submit.py:490} INFO - 24/09/30 11:34:39 INFO HiveExternalCatalog: Persisting file based data source table `default`.`cases` into Hive metastore in Hive compatible format.
[2024-09-30T11:34:39.399+0000] {spark_submit.py:490} INFO - 24/09/30 11:34:39 INFO SQLStdHiveAccessController: Created SQLStdHiveAccessController for session context : HiveAuthzSessionContext [sessionString=ca32ac89-b5e7-4be9-ab24-f9332b2cd19b, clientType=HIVECLI]
[2024-09-30T11:34:39.400+0000] {spark_submit.py:490} INFO - 24/09/30 11:34:39 WARN SessionState: METASTORE_FILTER_HOOK will be ignored, since hive.security.authorization.manager is set to instance of HiveAuthorizerFactory.
[2024-09-30T11:34:39.401+0000] {spark_submit.py:490} INFO - 24/09/30 11:34:39 INFO metastore: Mestastore configuration hive.metastore.filter.hook changed from org.apache.hadoop.hive.metastore.DefaultMetaStoreFilterHookImpl to org.apache.hadoop.hive.ql.security.authorization.plugin.AuthorizationMetaStoreFilterHook
[2024-09-30T11:34:39.407+0000] {spark_submit.py:490} INFO - 24/09/30 11:34:39 INFO metastore: Closed a connection to metastore, current connections: 0
[2024-09-30T11:34:39.410+0000] {spark_submit.py:490} INFO - 24/09/30 11:34:39 INFO metastore: Trying to connect to metastore with URI thrift://hive-metastore:9083
[2024-09-30T11:34:39.411+0000] {spark_submit.py:490} INFO - 24/09/30 11:34:39 INFO metastore: Opened a connection to metastore, current connections: 1
[2024-09-30T11:34:39.413+0000] {spark_submit.py:490} INFO - 24/09/30 11:34:39 INFO metastore: Connected to metastore.
[2024-09-30T11:34:39.451+0000] {spark_submit.py:490} INFO - 24/09/30 11:34:39 INFO metastore: Trying to connect to metastore with URI thrift://hive-metastore:9083
[2024-09-30T11:34:39.452+0000] {spark_submit.py:490} INFO - 24/09/30 11:34:39 INFO metastore: Opened a connection to metastore, current connections: 2
[2024-09-30T11:34:39.453+0000] {spark_submit.py:490} INFO - 24/09/30 11:34:39 INFO metastore: Connected to metastore.
[2024-09-30T11:34:39.565+0000] {spark_submit.py:490} INFO - 24/09/30 11:34:39 INFO AlterTableRecoverPartitionsCommand: Recover all the partitions in hdfs://namenode:8020/opt/hive/data/warehouse/cases
[2024-09-30T11:34:39.591+0000] {spark_submit.py:490} INFO - 24/09/30 11:34:39 INFO AlterTableRecoverPartitionsCommand: Found 1 partitions in hdfs://namenode:8020/opt/hive/data/warehouse/cases
[2024-09-30T11:34:39.600+0000] {spark_submit.py:490} INFO - 24/09/30 11:34:39 INFO AlterTableRecoverPartitionsCommand: Finished to gather the fast stats for all 1 partitions.
[2024-09-30T11:34:39.818+0000] {spark_submit.py:490} INFO - 24/09/30 11:34:39 INFO BlockManagerInfo: Removed broadcast_1_piece0 on 172.18.0.7:43269 in memory (size: 2.5 KiB, free: 434.3 MiB)
[2024-09-30T11:34:39.822+0000] {spark_submit.py:490} INFO - 24/09/30 11:34:39 INFO BlockManagerInfo: Removed broadcast_1_piece0 on 774e6edce74f:33999 in memory (size: 2.5 KiB, free: 434.3 MiB)
[2024-09-30T11:34:39.860+0000] {spark_submit.py:490} INFO - 24/09/30 11:34:39 INFO BlockManagerInfo: Removed broadcast_3_piece0 on 774e6edce74f:33999 in memory (size: 65.6 KiB, free: 434.4 MiB)
[2024-09-30T11:34:39.869+0000] {spark_submit.py:490} INFO - 24/09/30 11:34:39 INFO BlockManagerInfo: Removed broadcast_3_piece0 on 172.18.0.7:43269 in memory (size: 65.6 KiB, free: 434.4 MiB)
[2024-09-30T11:34:40.037+0000] {spark_submit.py:490} INFO - 24/09/30 11:34:40 INFO AlterTableRecoverPartitionsCommand: Recovered all partitions (1).
[2024-09-30T11:34:40.150+0000] {spark_submit.py:490} INFO - 24/09/30 11:34:40 INFO SparkContext: Invoking stop() from shutdown hook
[2024-09-30T11:34:40.170+0000] {spark_submit.py:490} INFO - 24/09/30 11:34:40 INFO SparkUI: Stopped Spark web UI at http://774e6edce74f:4042
[2024-09-30T11:34:40.176+0000] {spark_submit.py:490} INFO - 24/09/30 11:34:40 INFO StandaloneSchedulerBackend: Shutting down all executors
[2024-09-30T11:34:40.176+0000] {spark_submit.py:490} INFO - 24/09/30 11:34:40 INFO CoarseGrainedSchedulerBackend$DriverEndpoint: Asking each executor to shut down
[2024-09-30T11:34:40.285+0000] {spark_submit.py:490} INFO - 24/09/30 11:34:40 INFO MapOutputTrackerMasterEndpoint: MapOutputTrackerMasterEndpoint stopped!
[2024-09-30T11:34:40.361+0000] {spark_submit.py:490} INFO - 24/09/30 11:34:40 INFO MemoryStore: MemoryStore cleared
[2024-09-30T11:34:40.368+0000] {spark_submit.py:490} INFO - 24/09/30 11:34:40 INFO BlockManager: BlockManager stopped
[2024-09-30T11:34:40.375+0000] {spark_submit.py:490} INFO - 24/09/30 11:34:40 INFO BlockManagerMaster: BlockManagerMaster stopped
[2024-09-30T11:34:40.391+0000] {spark_submit.py:490} INFO - 24/09/30 11:34:40 INFO OutputCommitCoordinator$OutputCommitCoordinatorEndpoint: OutputCommitCoordinator stopped!
[2024-09-30T11:34:40.411+0000] {spark_submit.py:490} INFO - 24/09/30 11:34:40 INFO SparkContext: Successfully stopped SparkContext
[2024-09-30T11:34:40.415+0000] {spark_submit.py:490} INFO - 24/09/30 11:34:40 INFO ShutdownHookManager: Shutdown hook called
[2024-09-30T11:34:40.416+0000] {spark_submit.py:490} INFO - 24/09/30 11:34:40 INFO ShutdownHookManager: Deleting directory /tmp/spark-c5a94ecb-97df-4bda-ba81-753754d50e6b/pyspark-826dab7c-dc95-4aa9-a581-0388d90ed8c9
[2024-09-30T11:34:40.429+0000] {spark_submit.py:490} INFO - 24/09/30 11:34:40 INFO ShutdownHookManager: Deleting directory /tmp/spark-6912d576-5e02-4d60-9fd7-fd90a795635c
[2024-09-30T11:34:40.439+0000] {spark_submit.py:490} INFO - 24/09/30 11:34:40 INFO ShutdownHookManager: Deleting directory /tmp/spark-c5a94ecb-97df-4bda-ba81-753754d50e6b
[2024-09-30T11:34:40.785+0000] {taskinstance.py:1327} INFO - Marking task as SUCCESS. dag_id=get_cases_data, task_id=save_to_warehouse, execution_date=20230102T000000, start_date=20240930T113346, end_date=20240930T113440
[2024-09-30T11:34:40.862+0000] {local_task_job.py:159} INFO - Task exited with return code 0
[2024-09-30T11:34:40.929+0000] {taskinstance.py:2582} INFO - 1 downstream tasks scheduled from follow-on schedule check
