[2024-09-30T11:32:14.476+0000] {taskinstance.py:1087} INFO - Dependencies all met for <TaskInstance: get_cases_data.save_to_warehouse scheduled__2022-12-31T00:00:00+00:00 [queued]>
[2024-09-30T11:32:14.495+0000] {taskinstance.py:1087} INFO - Dependencies all met for <TaskInstance: get_cases_data.save_to_warehouse scheduled__2022-12-31T00:00:00+00:00 [queued]>
[2024-09-30T11:32:14.495+0000] {taskinstance.py:1283} INFO - 
--------------------------------------------------------------------------------
[2024-09-30T11:32:14.495+0000] {taskinstance.py:1284} INFO - Starting attempt 1 of 1
[2024-09-30T11:32:14.496+0000] {taskinstance.py:1285} INFO - 
--------------------------------------------------------------------------------
[2024-09-30T11:32:14.525+0000] {taskinstance.py:1304} INFO - Executing <Task(SparkSubmitOperator): save_to_warehouse> on 2022-12-31 00:00:00+00:00
[2024-09-30T11:32:14.544+0000] {standard_task_runner.py:55} INFO - Started process 4249 to run task
[2024-09-30T11:32:14.548+0000] {standard_task_runner.py:82} INFO - Running: ['***', 'tasks', 'run', 'get_cases_data', 'save_to_warehouse', 'scheduled__2022-12-31T00:00:00+00:00', '--job-id', '38', '--raw', '--subdir', 'DAGS_FOLDER/get_cases_data.py', '--cfg-path', '/tmp/tmpp68qjekv']
[2024-09-30T11:32:14.552+0000] {standard_task_runner.py:83} INFO - Job 38: Subtask save_to_warehouse
[2024-09-30T11:32:14.678+0000] {task_command.py:389} INFO - Running <TaskInstance: get_cases_data.save_to_warehouse scheduled__2022-12-31T00:00:00+00:00 [running]> on host 774e6edce74f
[2024-09-30T11:32:14.829+0000] {taskinstance.py:1513} INFO - Exporting the following env vars:
AIRFLOW_CTX_DAG_OWNER=***
AIRFLOW_CTX_DAG_ID=get_cases_data
AIRFLOW_CTX_TASK_ID=save_to_warehouse
AIRFLOW_CTX_EXECUTION_DATE=2022-12-31T00:00:00+00:00
AIRFLOW_CTX_TRY_NUMBER=1
AIRFLOW_CTX_DAG_RUN_ID=scheduled__2022-12-31T00:00:00+00:00
[2024-09-30T11:32:14.831+0000] {base.py:73} INFO - Using connection ID 'spark_connection' for task execution.
[2024-09-30T11:32:14.833+0000] {spark_submit.py:339} INFO - Spark-Submit cmd: spark-submit --master spark://spark-master:7077 --name save_to_warehouse --verbose /usr/local/spark/app/save_to_warehouse.py
[2024-09-30T11:32:16.957+0000] {spark_submit.py:490} INFO - Using properties file: null
[2024-09-30T11:32:17.192+0000] {spark_submit.py:490} INFO - WARNING: An illegal reflective access operation has occurred
[2024-09-30T11:32:17.193+0000] {spark_submit.py:490} INFO - WARNING: Illegal reflective access by org.apache.spark.unsafe.Platform (file:/home/***/.local/lib/python3.7/site-packages/pyspark/jars/spark-unsafe_2.12-3.1.3.jar) to constructor java.nio.DirectByteBuffer(long,int)
[2024-09-30T11:32:17.193+0000] {spark_submit.py:490} INFO - WARNING: Please consider reporting this to the maintainers of org.apache.spark.unsafe.Platform
[2024-09-30T11:32:17.193+0000] {spark_submit.py:490} INFO - WARNING: Use --illegal-access=warn to enable warnings of further illegal reflective access operations
[2024-09-30T11:32:17.193+0000] {spark_submit.py:490} INFO - WARNING: All illegal access operations will be denied in a future release
[2024-09-30T11:32:17.268+0000] {spark_submit.py:490} INFO - Parsed arguments:
[2024-09-30T11:32:17.269+0000] {spark_submit.py:490} INFO - master                  spark://spark-master:7077
[2024-09-30T11:32:17.269+0000] {spark_submit.py:490} INFO - deployMode              null
[2024-09-30T11:32:17.269+0000] {spark_submit.py:490} INFO - executorMemory          null
[2024-09-30T11:32:17.269+0000] {spark_submit.py:490} INFO - executorCores           null
[2024-09-30T11:32:17.269+0000] {spark_submit.py:490} INFO - totalExecutorCores      null
[2024-09-30T11:32:17.269+0000] {spark_submit.py:490} INFO - propertiesFile          null
[2024-09-30T11:32:17.270+0000] {spark_submit.py:490} INFO - driverMemory            null
[2024-09-30T11:32:17.270+0000] {spark_submit.py:490} INFO - driverCores             null
[2024-09-30T11:32:17.270+0000] {spark_submit.py:490} INFO - driverExtraClassPath    null
[2024-09-30T11:32:17.270+0000] {spark_submit.py:490} INFO - driverExtraLibraryPath  null
[2024-09-30T11:32:17.270+0000] {spark_submit.py:490} INFO - driverExtraJavaOptions  null
[2024-09-30T11:32:17.270+0000] {spark_submit.py:490} INFO - supervise               false
[2024-09-30T11:32:17.270+0000] {spark_submit.py:490} INFO - queue                   null
[2024-09-30T11:32:17.270+0000] {spark_submit.py:490} INFO - numExecutors            null
[2024-09-30T11:32:17.271+0000] {spark_submit.py:490} INFO - files                   null
[2024-09-30T11:32:17.271+0000] {spark_submit.py:490} INFO - pyFiles                 null
[2024-09-30T11:32:17.271+0000] {spark_submit.py:490} INFO - archives                null
[2024-09-30T11:32:17.271+0000] {spark_submit.py:490} INFO - mainClass               null
[2024-09-30T11:32:17.271+0000] {spark_submit.py:490} INFO - primaryResource         file:/usr/local/spark/app/save_to_warehouse.py
[2024-09-30T11:32:17.271+0000] {spark_submit.py:490} INFO - name                    save_to_warehouse
[2024-09-30T11:32:17.271+0000] {spark_submit.py:490} INFO - childArgs               []
[2024-09-30T11:32:17.271+0000] {spark_submit.py:490} INFO - jars                    null
[2024-09-30T11:32:17.271+0000] {spark_submit.py:490} INFO - packages                null
[2024-09-30T11:32:17.272+0000] {spark_submit.py:490} INFO - packagesExclusions      null
[2024-09-30T11:32:17.272+0000] {spark_submit.py:490} INFO - repositories            null
[2024-09-30T11:32:17.272+0000] {spark_submit.py:490} INFO - verbose                 true
[2024-09-30T11:32:17.272+0000] {spark_submit.py:490} INFO - 
[2024-09-30T11:32:17.272+0000] {spark_submit.py:490} INFO - Spark properties used, including those specified through
[2024-09-30T11:32:17.272+0000] {spark_submit.py:490} INFO - --conf and those from the properties file null:
[2024-09-30T11:32:17.272+0000] {spark_submit.py:490} INFO - 
[2024-09-30T11:32:17.272+0000] {spark_submit.py:490} INFO - 
[2024-09-30T11:32:17.273+0000] {spark_submit.py:490} INFO - 
[2024-09-30T11:32:17.917+0000] {spark_submit.py:490} INFO - 24/09/30 11:32:17 WARN NativeCodeLoader: Unable to load native-hadoop library for your platform... using builtin-java classes where applicable
[2024-09-30T11:32:18.392+0000] {spark_submit.py:490} INFO - Main class:
[2024-09-30T11:32:18.393+0000] {spark_submit.py:490} INFO - org.apache.spark.deploy.PythonRunner
[2024-09-30T11:32:18.394+0000] {spark_submit.py:490} INFO - Arguments:
[2024-09-30T11:32:18.394+0000] {spark_submit.py:490} INFO - file:/usr/local/spark/app/save_to_warehouse.py
[2024-09-30T11:32:18.394+0000] {spark_submit.py:490} INFO - null
[2024-09-30T11:32:18.406+0000] {spark_submit.py:490} INFO - Spark config:
[2024-09-30T11:32:18.407+0000] {spark_submit.py:490} INFO - (spark.app.name,save_to_warehouse)
[2024-09-30T11:32:18.407+0000] {spark_submit.py:490} INFO - (spark.master,spark://spark-master:7077)
[2024-09-30T11:32:18.407+0000] {spark_submit.py:490} INFO - (spark.submit.pyFiles,)
[2024-09-30T11:32:18.407+0000] {spark_submit.py:490} INFO - (spark.submit.deployMode,client)
[2024-09-30T11:32:18.407+0000] {spark_submit.py:490} INFO - Classpath elements:
[2024-09-30T11:32:18.407+0000] {spark_submit.py:490} INFO - 
[2024-09-30T11:32:18.407+0000] {spark_submit.py:490} INFO - 
[2024-09-30T11:32:18.408+0000] {spark_submit.py:490} INFO - 
[2024-09-30T11:32:19.690+0000] {spark_submit.py:490} INFO - Using Spark's default log4j profile: org/apache/spark/log4j-defaults.properties
[2024-09-30T11:32:19.709+0000] {spark_submit.py:490} INFO - 24/09/30 11:32:19 INFO SparkContext: Running Spark version 3.1.3
[2024-09-30T11:32:19.778+0000] {spark_submit.py:490} INFO - 24/09/30 11:32:19 INFO ResourceUtils: ==============================================================
[2024-09-30T11:32:19.780+0000] {spark_submit.py:490} INFO - 24/09/30 11:32:19 INFO ResourceUtils: No custom resources configured for spark.driver.
[2024-09-30T11:32:19.781+0000] {spark_submit.py:490} INFO - 24/09/30 11:32:19 INFO ResourceUtils: ==============================================================
[2024-09-30T11:32:19.782+0000] {spark_submit.py:490} INFO - 24/09/30 11:32:19 INFO SparkContext: Submitted application: save_to_warehouse
[2024-09-30T11:32:19.853+0000] {spark_submit.py:490} INFO - 24/09/30 11:32:19 INFO ResourceProfile: Default ResourceProfile created, executor resources: Map(cores -> name: cores, amount: 1, script: , vendor: , memory -> name: memory, amount: 1024, script: , vendor: , offHeap -> name: offHeap, amount: 0, script: , vendor: ), task resources: Map(cpus -> name: cpus, amount: 1.0)
[2024-09-30T11:32:19.878+0000] {spark_submit.py:490} INFO - 24/09/30 11:32:19 INFO ResourceProfile: Limiting resource is cpu
[2024-09-30T11:32:19.879+0000] {spark_submit.py:490} INFO - 24/09/30 11:32:19 INFO ResourceProfileManager: Added ResourceProfile id: 0
[2024-09-30T11:32:19.963+0000] {spark_submit.py:490} INFO - 24/09/30 11:32:19 INFO SecurityManager: Changing view acls to: default
[2024-09-30T11:32:19.963+0000] {spark_submit.py:490} INFO - 24/09/30 11:32:19 INFO SecurityManager: Changing modify acls to: default
[2024-09-30T11:32:19.963+0000] {spark_submit.py:490} INFO - 24/09/30 11:32:19 INFO SecurityManager: Changing view acls groups to:
[2024-09-30T11:32:19.963+0000] {spark_submit.py:490} INFO - 24/09/30 11:32:19 INFO SecurityManager: Changing modify acls groups to:
[2024-09-30T11:32:19.964+0000] {spark_submit.py:490} INFO - 24/09/30 11:32:19 INFO SecurityManager: SecurityManager: authentication disabled; ui acls disabled; users  with view permissions: Set(default); groups with view permissions: Set(); users  with modify permissions: Set(default); groups with modify permissions: Set()
[2024-09-30T11:32:20.328+0000] {spark_submit.py:490} INFO - 24/09/30 11:32:20 INFO Utils: Successfully started service 'sparkDriver' on port 43925.
[2024-09-30T11:32:20.361+0000] {spark_submit.py:490} INFO - 24/09/30 11:32:20 INFO SparkEnv: Registering MapOutputTracker
[2024-09-30T11:32:20.418+0000] {spark_submit.py:490} INFO - 24/09/30 11:32:20 INFO SparkEnv: Registering BlockManagerMaster
[2024-09-30T11:32:20.447+0000] {spark_submit.py:490} INFO - 24/09/30 11:32:20 INFO BlockManagerMasterEndpoint: Using org.apache.spark.storage.DefaultTopologyMapper for getting topology information
[2024-09-30T11:32:20.448+0000] {spark_submit.py:490} INFO - 24/09/30 11:32:20 INFO BlockManagerMasterEndpoint: BlockManagerMasterEndpoint up
[2024-09-30T11:32:20.453+0000] {spark_submit.py:490} INFO - 24/09/30 11:32:20 INFO SparkEnv: Registering BlockManagerMasterHeartbeat
[2024-09-30T11:32:20.472+0000] {spark_submit.py:490} INFO - 24/09/30 11:32:20 INFO DiskBlockManager: Created local directory at /tmp/blockmgr-cdd33802-6762-4ff9-aa30-a200d1a14ae6
[2024-09-30T11:32:20.506+0000] {spark_submit.py:490} INFO - 24/09/30 11:32:20 INFO MemoryStore: MemoryStore started with capacity 434.4 MiB
[2024-09-30T11:32:20.534+0000] {spark_submit.py:490} INFO - 24/09/30 11:32:20 INFO SparkEnv: Registering OutputCommitCoordinator
[2024-09-30T11:32:20.926+0000] {spark_submit.py:490} INFO - 24/09/30 11:32:20 WARN Utils: Service 'SparkUI' could not bind on port 4040. Attempting port 4041.
[2024-09-30T11:32:20.944+0000] {spark_submit.py:490} INFO - 24/09/30 11:32:20 INFO Utils: Successfully started service 'SparkUI' on port 4041.
[2024-09-30T11:32:21.033+0000] {spark_submit.py:490} INFO - 24/09/30 11:32:21 INFO SparkUI: Bound SparkUI to 0.0.0.0, and started at http://774e6edce74f:4041
[2024-09-30T11:32:21.411+0000] {spark_submit.py:490} INFO - 24/09/30 11:32:21 INFO StandaloneAppClient$ClientEndpoint: Connecting to master spark://spark-master:7077...
[2024-09-30T11:32:21.568+0000] {spark_submit.py:490} INFO - 24/09/30 11:32:21 INFO TransportClientFactory: Successfully created connection to spark-master/172.18.0.5:7077 after 79 ms (0 ms spent in bootstraps)
[2024-09-30T11:32:21.824+0000] {spark_submit.py:490} INFO - 24/09/30 11:32:21 INFO StandaloneSchedulerBackend: Connected to Spark cluster with app ID app-20240930113221-0023
[2024-09-30T11:32:21.850+0000] {spark_submit.py:490} INFO - 24/09/30 11:32:21 INFO Utils: Successfully started service 'org.apache.spark.network.netty.NettyBlockTransferService' on port 40517.
[2024-09-30T11:32:21.850+0000] {spark_submit.py:490} INFO - 24/09/30 11:32:21 INFO NettyBlockTransferService: Server created on 774e6edce74f:40517
[2024-09-30T11:32:21.857+0000] {spark_submit.py:490} INFO - 24/09/30 11:32:21 INFO BlockManager: Using org.apache.spark.storage.RandomBlockReplicationPolicy for block replication policy
[2024-09-30T11:32:21.887+0000] {spark_submit.py:490} INFO - 24/09/30 11:32:21 INFO BlockManagerMaster: Registering BlockManager BlockManagerId(driver, 774e6edce74f, 40517, None)
[2024-09-30T11:32:21.897+0000] {spark_submit.py:490} INFO - 24/09/30 11:32:21 INFO BlockManagerMasterEndpoint: Registering block manager 774e6edce74f:40517 with 434.4 MiB RAM, BlockManagerId(driver, 774e6edce74f, 40517, None)
[2024-09-30T11:32:21.905+0000] {spark_submit.py:490} INFO - 24/09/30 11:32:21 INFO BlockManagerMaster: Registered BlockManager BlockManagerId(driver, 774e6edce74f, 40517, None)
[2024-09-30T11:32:21.906+0000] {spark_submit.py:490} INFO - 24/09/30 11:32:21 INFO BlockManager: Initialized BlockManager: BlockManagerId(driver, 774e6edce74f, 40517, None)
[2024-09-30T11:32:22.396+0000] {spark_submit.py:490} INFO - 24/09/30 11:32:22 INFO StandaloneSchedulerBackend: SchedulerBackend is ready for scheduling beginning after reached minRegisteredResourcesRatio: 0.0
[2024-09-30T11:32:22.771+0000] {spark_submit.py:490} INFO - 24/09/30 11:32:22 INFO SharedState: Setting hive.metastore.warehouse.dir ('null') to the value of spark.sql.warehouse.dir ('/user/hive/warehouse').
[2024-09-30T11:32:22.772+0000] {spark_submit.py:490} INFO - 24/09/30 11:32:22 INFO SharedState: Warehouse path is '/user/hive/warehouse'.
[2024-09-30T11:32:25.170+0000] {spark_submit.py:490} INFO - 24/09/30 11:32:25 INFO InMemoryFileIndex: It took 138 ms to list leaf files for 1 paths.
[2024-09-30T11:32:26.062+0000] {spark_submit.py:490} INFO - 24/09/30 11:32:26 INFO SparkContext: Starting job: parquet at NativeMethodAccessorImpl.java:0
[2024-09-30T11:32:26.110+0000] {spark_submit.py:490} INFO - 24/09/30 11:32:26 INFO DAGScheduler: Got job 0 (parquet at NativeMethodAccessorImpl.java:0) with 1 output partitions
[2024-09-30T11:32:26.111+0000] {spark_submit.py:490} INFO - 24/09/30 11:32:26 INFO DAGScheduler: Final stage: ResultStage 0 (parquet at NativeMethodAccessorImpl.java:0)
[2024-09-30T11:32:26.111+0000] {spark_submit.py:490} INFO - 24/09/30 11:32:26 INFO DAGScheduler: Parents of final stage: List()
[2024-09-30T11:32:26.113+0000] {spark_submit.py:490} INFO - 24/09/30 11:32:26 INFO DAGScheduler: Missing parents: List()
[2024-09-30T11:32:26.132+0000] {spark_submit.py:490} INFO - 24/09/30 11:32:26 INFO DAGScheduler: Submitting ResultStage 0 (MapPartitionsRDD[1] at parquet at NativeMethodAccessorImpl.java:0), which has no missing parents
[2024-09-30T11:32:26.313+0000] {spark_submit.py:490} INFO - 24/09/30 11:32:26 INFO MemoryStore: Block broadcast_0 stored as values in memory (estimated size 84.0 KiB, free 434.3 MiB)
[2024-09-30T11:32:26.411+0000] {spark_submit.py:490} INFO - 24/09/30 11:32:26 INFO MemoryStore: Block broadcast_0_piece0 stored as bytes in memory (estimated size 29.8 KiB, free 434.3 MiB)
[2024-09-30T11:32:26.416+0000] {spark_submit.py:490} INFO - 24/09/30 11:32:26 INFO BlockManagerInfo: Added broadcast_0_piece0 in memory on 774e6edce74f:40517 (size: 29.8 KiB, free: 434.4 MiB)
[2024-09-30T11:32:26.424+0000] {spark_submit.py:490} INFO - 24/09/30 11:32:26 INFO SparkContext: Created broadcast 0 from broadcast at DAGScheduler.scala:1433
[2024-09-30T11:32:26.446+0000] {spark_submit.py:490} INFO - 24/09/30 11:32:26 INFO DAGScheduler: Submitting 1 missing tasks from ResultStage 0 (MapPartitionsRDD[1] at parquet at NativeMethodAccessorImpl.java:0) (first 15 tasks are for partitions Vector(0))
[2024-09-30T11:32:26.448+0000] {spark_submit.py:490} INFO - 24/09/30 11:32:26 INFO TaskSchedulerImpl: Adding task set 0.0 with 1 tasks resource profile 0
[2024-09-30T11:32:41.483+0000] {spark_submit.py:490} INFO - 24/09/30 11:32:41 WARN TaskSchedulerImpl: Initial job has not accepted any resources; check your cluster UI to ensure that workers are registered and have sufficient resources
[2024-09-30T11:32:49.871+0000] {spark_submit.py:490} INFO - 24/09/30 11:32:49 INFO StandaloneAppClient$ClientEndpoint: Executor added: app-20240930113221-0023/0 on worker-20240930112313-172.18.0.7-33165 (172.18.0.7:33165) with 4 core(s)
[2024-09-30T11:32:49.872+0000] {spark_submit.py:490} INFO - 24/09/30 11:32:49 INFO StandaloneSchedulerBackend: Granted executor ID app-20240930113221-0023/0 on hostPort 172.18.0.7:33165 with 4 core(s), 1024.0 MiB RAM
[2024-09-30T11:32:49.994+0000] {spark_submit.py:490} INFO - 24/09/30 11:32:49 INFO StandaloneAppClient$ClientEndpoint: Executor updated: app-20240930113221-0023/0 is now RUNNING
[2024-09-30T11:32:54.271+0000] {spark_submit.py:490} INFO - 24/09/30 11:32:54 INFO CoarseGrainedSchedulerBackend$DriverEndpoint: Registered executor NettyRpcEndpointRef(spark-client://Executor) (172.18.0.7:54778) with ID 0,  ResourceProfileId 0
[2024-09-30T11:32:54.543+0000] {spark_submit.py:490} INFO - 24/09/30 11:32:54 INFO BlockManagerMasterEndpoint: Registering block manager 172.18.0.7:43393 with 434.4 MiB RAM, BlockManagerId(0, 172.18.0.7, 43393, None)
[2024-09-30T11:32:54.685+0000] {spark_submit.py:490} INFO - 24/09/30 11:32:54 INFO TaskSetManager: Starting task 0.0 in stage 0.0 (TID 0) (172.18.0.7, executor 0, partition 0, PROCESS_LOCAL, 4732 bytes) taskResourceAssignments Map()
[2024-09-30T11:32:55.489+0000] {spark_submit.py:490} INFO - 24/09/30 11:32:55 INFO BlockManagerInfo: Added broadcast_0_piece0 in memory on 172.18.0.7:43393 (size: 29.8 KiB, free: 434.4 MiB)
[2024-09-30T11:32:57.156+0000] {spark_submit.py:490} INFO - 24/09/30 11:32:57 INFO TaskSetManager: Finished task 0.0 in stage 0.0 (TID 0) in 2508 ms on 172.18.0.7 (executor 0) (1/1)
[2024-09-30T11:32:57.159+0000] {spark_submit.py:490} INFO - 24/09/30 11:32:57 INFO TaskSchedulerImpl: Removed TaskSet 0.0, whose tasks have all completed, from pool
[2024-09-30T11:32:57.168+0000] {spark_submit.py:490} INFO - 24/09/30 11:32:57 INFO DAGScheduler: ResultStage 0 (parquet at NativeMethodAccessorImpl.java:0) finished in 30.995 s
[2024-09-30T11:32:57.173+0000] {spark_submit.py:490} INFO - 24/09/30 11:32:57 INFO DAGScheduler: Job 0 is finished. Cancelling potential speculative or zombie tasks for this job
[2024-09-30T11:32:57.175+0000] {spark_submit.py:490} INFO - 24/09/30 11:32:57 INFO TaskSchedulerImpl: Killing all running tasks in stage 0: Stage finished
[2024-09-30T11:32:57.176+0000] {spark_submit.py:490} INFO - 24/09/30 11:32:57 INFO DAGScheduler: Job 0 finished: parquet at NativeMethodAccessorImpl.java:0, took 31.114050 s
[2024-09-30T11:32:57.416+0000] {spark_submit.py:490} INFO - 24/09/30 11:32:57 INFO BlockManagerInfo: Removed broadcast_0_piece0 on 774e6edce74f:40517 in memory (size: 29.8 KiB, free: 434.4 MiB)
[2024-09-30T11:32:57.422+0000] {spark_submit.py:490} INFO - 24/09/30 11:32:57 INFO BlockManagerInfo: Removed broadcast_0_piece0 on 172.18.0.7:43393 in memory (size: 29.8 KiB, free: 434.4 MiB)
[2024-09-30T11:32:59.580+0000] {spark_submit.py:490} INFO - 24/09/30 11:32:59 INFO HiveConf: Found configuration file null
[2024-09-30T11:32:59.602+0000] {spark_submit.py:490} INFO - 24/09/30 11:32:59 INFO HiveUtils: Initializing HiveMetastoreConnection version 2.3.7 using Spark classes.
[2024-09-30T11:33:00.414+0000] {spark_submit.py:490} INFO - 24/09/30 11:33:00 INFO SessionState: Created HDFS directory: hdfs://namenode:8020/opt/hive/scratch_dir/default/e0de6385-3265-412c-95a1-32fb2cd117d1
[2024-09-30T11:33:00.479+0000] {spark_submit.py:490} INFO - 24/09/30 11:33:00 INFO SessionState: Created local directory: /tmp/default/e0de6385-3265-412c-95a1-32fb2cd117d1
[2024-09-30T11:33:00.497+0000] {spark_submit.py:490} INFO - 24/09/30 11:33:00 INFO SessionState: Created HDFS directory: hdfs://namenode:8020/opt/hive/scratch_dir/default/e0de6385-3265-412c-95a1-32fb2cd117d1/_tmp_space.db
[2024-09-30T11:33:00.555+0000] {spark_submit.py:490} INFO - 24/09/30 11:33:00 INFO HiveClientImpl: Warehouse location for Hive client (version 2.3.7) is /user/hive/warehouse
[2024-09-30T11:33:01.231+0000] {spark_submit.py:490} INFO - 24/09/30 11:33:01 INFO metastore: Trying to connect to metastore with URI thrift://hive-metastore:9083
[2024-09-30T11:33:01.270+0000] {spark_submit.py:490} INFO - 24/09/30 11:33:01 INFO metastore: Opened a connection to metastore, current connections: 1
[2024-09-30T11:33:01.323+0000] {spark_submit.py:490} INFO - 24/09/30 11:33:01 INFO metastore: Connected to metastore.
[2024-09-30T11:33:03.007+0000] {spark_submit.py:490} INFO - 24/09/30 11:33:03 INFO CodeGenerator: Code generated in 351.833392 ms
[2024-09-30T11:33:03.719+0000] {spark_submit.py:490} INFO - 24/09/30 11:33:03 INFO CodeGenerator: Code generated in 22.080163 ms
[2024-09-30T11:33:03.786+0000] {spark_submit.py:490} INFO - 24/09/30 11:33:03 INFO SparkContext: Starting job: hasNext at NativeMethodAccessorImpl.java:0
[2024-09-30T11:33:03.790+0000] {spark_submit.py:490} INFO - 24/09/30 11:33:03 INFO DAGScheduler: Got job 1 (hasNext at NativeMethodAccessorImpl.java:0) with 1 output partitions
[2024-09-30T11:33:03.790+0000] {spark_submit.py:490} INFO - 24/09/30 11:33:03 INFO DAGScheduler: Final stage: ResultStage 1 (hasNext at NativeMethodAccessorImpl.java:0)
[2024-09-30T11:33:03.791+0000] {spark_submit.py:490} INFO - 24/09/30 11:33:03 INFO DAGScheduler: Parents of final stage: List()
[2024-09-30T11:33:03.791+0000] {spark_submit.py:490} INFO - 24/09/30 11:33:03 INFO DAGScheduler: Missing parents: List()
[2024-09-30T11:33:03.796+0000] {spark_submit.py:490} INFO - 24/09/30 11:33:03 INFO DAGScheduler: Submitting ResultStage 1 (MapPartitionsRDD[5] at toLocalIterator at NativeMethodAccessorImpl.java:0), which has no missing parents
[2024-09-30T11:33:03.811+0000] {spark_submit.py:490} INFO - 24/09/30 11:33:03 INFO MemoryStore: Block broadcast_1 stored as values in memory (estimated size 4.6 KiB, free 434.4 MiB)
[2024-09-30T11:33:03.829+0000] {spark_submit.py:490} INFO - 24/09/30 11:33:03 INFO MemoryStore: Block broadcast_1_piece0 stored as bytes in memory (estimated size 2.5 KiB, free 434.4 MiB)
[2024-09-30T11:33:03.833+0000] {spark_submit.py:490} INFO - 24/09/30 11:33:03 INFO BlockManagerInfo: Added broadcast_1_piece0 in memory on 774e6edce74f:40517 (size: 2.5 KiB, free: 434.4 MiB)
[2024-09-30T11:33:03.839+0000] {spark_submit.py:490} INFO - 24/09/30 11:33:03 INFO SparkContext: Created broadcast 1 from broadcast at DAGScheduler.scala:1433
[2024-09-30T11:33:03.841+0000] {spark_submit.py:490} INFO - 24/09/30 11:33:03 INFO DAGScheduler: Submitting 1 missing tasks from ResultStage 1 (MapPartitionsRDD[5] at toLocalIterator at NativeMethodAccessorImpl.java:0) (first 15 tasks are for partitions Vector(0))
[2024-09-30T11:33:03.841+0000] {spark_submit.py:490} INFO - 24/09/30 11:33:03 INFO TaskSchedulerImpl: Adding task set 1.0 with 1 tasks resource profile 0
[2024-09-30T11:33:03.851+0000] {spark_submit.py:490} INFO - 24/09/30 11:33:03 INFO TaskSetManager: Starting task 0.0 in stage 1.0 (TID 1) (172.18.0.7, executor 0, partition 0, PROCESS_LOCAL, 4713 bytes) taskResourceAssignments Map()
[2024-09-30T11:33:03.956+0000] {spark_submit.py:490} INFO - 24/09/30 11:33:03 INFO BlockManagerInfo: Added broadcast_1_piece0 in memory on 172.18.0.7:43393 (size: 2.5 KiB, free: 434.4 MiB)
[2024-09-30T11:33:04.219+0000] {spark_submit.py:490} INFO - 24/09/30 11:33:04 INFO TaskSetManager: Finished task 0.0 in stage 1.0 (TID 1) in 373 ms on 172.18.0.7 (executor 0) (1/1)
[2024-09-30T11:33:04.222+0000] {spark_submit.py:490} INFO - 24/09/30 11:33:04 INFO TaskSchedulerImpl: Removed TaskSet 1.0, whose tasks have all completed, from pool
[2024-09-30T11:33:04.231+0000] {spark_submit.py:490} INFO - 24/09/30 11:33:04 INFO DAGScheduler: ResultStage 1 (hasNext at NativeMethodAccessorImpl.java:0) finished in 0.433 s
[2024-09-30T11:33:04.233+0000] {spark_submit.py:490} INFO - 24/09/30 11:33:04 INFO DAGScheduler: Job 1 is finished. Cancelling potential speculative or zombie tasks for this job
[2024-09-30T11:33:04.234+0000] {spark_submit.py:490} INFO - 24/09/30 11:33:04 INFO TaskSchedulerImpl: Killing all running tasks in stage 1: Stage finished
[2024-09-30T11:33:04.240+0000] {spark_submit.py:490} INFO - 24/09/30 11:33:04 INFO DAGScheduler: Job 1 finished: hasNext at NativeMethodAccessorImpl.java:0, took 0.453907 s
[2024-09-30T11:33:04.374+0000] {spark_submit.py:490} INFO - 24/09/30 11:33:04 INFO CodeGenerator: Code generated in 49.208716 ms
[2024-09-30T11:33:04.924+0000] {spark_submit.py:490} INFO - 24/09/30 11:33:04 INFO DataSourceStrategy: Pruning directories with:
[2024-09-30T11:33:04.925+0000] {spark_submit.py:490} INFO - 24/09/30 11:33:04 INFO FileSourceStrategy: Pushed Filters:
[2024-09-30T11:33:04.929+0000] {spark_submit.py:490} INFO - 24/09/30 11:33:04 INFO FileSourceStrategy: Post-Scan Filters:
[2024-09-30T11:33:04.930+0000] {spark_submit.py:490} INFO - 24/09/30 11:33:04 INFO FileSourceStrategy: Output Data Schema: struct<collection_id: string, new_positive_cases: int, collection_date: timestamp ... 1 more fields>
[2024-09-30T11:33:05.104+0000] {spark_submit.py:490} INFO - 24/09/30 11:33:05 INFO ParquetFileFormat: Using default output committer for Parquet: org.apache.parquet.hadoop.ParquetOutputCommitter
[2024-09-30T11:33:05.140+0000] {spark_submit.py:490} INFO - 24/09/30 11:33:05 INFO FileOutputCommitter: File Output Committer Algorithm version is 1
[2024-09-30T11:33:05.142+0000] {spark_submit.py:490} INFO - 24/09/30 11:33:05 INFO FileOutputCommitter: FileOutputCommitter skip cleanup _temporary folders under output directory:false, ignore cleanup failures: false
[2024-09-30T11:33:05.144+0000] {spark_submit.py:490} INFO - 24/09/30 11:33:05 INFO SQLHadoopMapReduceCommitProtocol: Using user defined output committer class org.apache.parquet.hadoop.ParquetOutputCommitter
[2024-09-30T11:33:05.145+0000] {spark_submit.py:490} INFO - 24/09/30 11:33:05 INFO FileOutputCommitter: File Output Committer Algorithm version is 1
[2024-09-30T11:33:05.145+0000] {spark_submit.py:490} INFO - 24/09/30 11:33:05 INFO FileOutputCommitter: FileOutputCommitter skip cleanup _temporary folders under output directory:false, ignore cleanup failures: false
[2024-09-30T11:33:05.152+0000] {spark_submit.py:490} INFO - 24/09/30 11:33:05 INFO SQLHadoopMapReduceCommitProtocol: Using output committer class org.apache.parquet.hadoop.ParquetOutputCommitter
[2024-09-30T11:33:05.275+0000] {spark_submit.py:490} INFO - 24/09/30 11:33:05 INFO CodeGenerator: Code generated in 68.054157 ms
[2024-09-30T11:33:05.318+0000] {spark_submit.py:490} INFO - 24/09/30 11:33:05 INFO MemoryStore: Block broadcast_2 stored as values in memory (estimated size 177.0 KiB, free 434.2 MiB)
[2024-09-30T11:33:05.335+0000] {spark_submit.py:490} INFO - 24/09/30 11:33:05 INFO MemoryStore: Block broadcast_2_piece0 stored as bytes in memory (estimated size 28.3 KiB, free 434.2 MiB)
[2024-09-30T11:33:05.338+0000] {spark_submit.py:490} INFO - 24/09/30 11:33:05 INFO BlockManagerInfo: Added broadcast_2_piece0 in memory on 774e6edce74f:40517 (size: 28.3 KiB, free: 434.4 MiB)
[2024-09-30T11:33:05.341+0000] {spark_submit.py:490} INFO - 24/09/30 11:33:05 INFO SparkContext: Created broadcast 2 from saveAsTable at NativeMethodAccessorImpl.java:0
[2024-09-30T11:33:05.376+0000] {spark_submit.py:490} INFO - 24/09/30 11:33:05 INFO FileSourceScanExec: Planning scan with bin packing, max size: 4194304 bytes, open cost is considered as scanning 4194304 bytes.
[2024-09-30T11:33:05.469+0000] {spark_submit.py:490} INFO - 24/09/30 11:33:05 INFO SparkContext: Starting job: saveAsTable at NativeMethodAccessorImpl.java:0
[2024-09-30T11:33:05.472+0000] {spark_submit.py:490} INFO - 24/09/30 11:33:05 INFO DAGScheduler: Got job 2 (saveAsTable at NativeMethodAccessorImpl.java:0) with 1 output partitions
[2024-09-30T11:33:05.472+0000] {spark_submit.py:490} INFO - 24/09/30 11:33:05 INFO DAGScheduler: Final stage: ResultStage 2 (saveAsTable at NativeMethodAccessorImpl.java:0)
[2024-09-30T11:33:05.472+0000] {spark_submit.py:490} INFO - 24/09/30 11:33:05 INFO DAGScheduler: Parents of final stage: List()
[2024-09-30T11:33:05.473+0000] {spark_submit.py:490} INFO - 24/09/30 11:33:05 INFO DAGScheduler: Missing parents: List()
[2024-09-30T11:33:05.476+0000] {spark_submit.py:490} INFO - 24/09/30 11:33:05 INFO DAGScheduler: Submitting ResultStage 2 (MapPartitionsRDD[10] at saveAsTable at NativeMethodAccessorImpl.java:0), which has no missing parents
[2024-09-30T11:33:05.653+0000] {spark_submit.py:490} INFO - 24/09/30 11:33:05 INFO BlockManagerInfo: Removed broadcast_1_piece0 on 774e6edce74f:40517 in memory (size: 2.5 KiB, free: 434.4 MiB)
[2024-09-30T11:33:05.655+0000] {spark_submit.py:490} INFO - 24/09/30 11:33:05 INFO BlockManagerInfo: Removed broadcast_1_piece0 on 172.18.0.7:43393 in memory (size: 2.5 KiB, free: 434.4 MiB)
[2024-09-30T11:33:05.714+0000] {spark_submit.py:490} INFO - 24/09/30 11:33:05 INFO MemoryStore: Block broadcast_3 stored as values in memory (estimated size 182.8 KiB, free 434.0 MiB)
[2024-09-30T11:33:05.717+0000] {spark_submit.py:490} INFO - 24/09/30 11:33:05 INFO MemoryStore: Block broadcast_3_piece0 stored as bytes in memory (estimated size 65.6 KiB, free 434.0 MiB)
[2024-09-30T11:33:05.721+0000] {spark_submit.py:490} INFO - 24/09/30 11:33:05 INFO BlockManagerInfo: Added broadcast_3_piece0 in memory on 774e6edce74f:40517 (size: 65.6 KiB, free: 434.3 MiB)
[2024-09-30T11:33:05.722+0000] {spark_submit.py:490} INFO - 24/09/30 11:33:05 INFO SparkContext: Created broadcast 3 from broadcast at DAGScheduler.scala:1433
[2024-09-30T11:33:05.727+0000] {spark_submit.py:490} INFO - 24/09/30 11:33:05 INFO DAGScheduler: Submitting 1 missing tasks from ResultStage 2 (MapPartitionsRDD[10] at saveAsTable at NativeMethodAccessorImpl.java:0) (first 15 tasks are for partitions Vector(0))
[2024-09-30T11:33:05.728+0000] {spark_submit.py:490} INFO - 24/09/30 11:33:05 INFO TaskSchedulerImpl: Adding task set 2.0 with 1 tasks resource profile 0
[2024-09-30T11:33:05.759+0000] {spark_submit.py:490} INFO - 24/09/30 11:33:05 INFO TaskSetManager: Starting task 0.0 in stage 2.0 (TID 2) (172.18.0.7, executor 0, partition 0, ANY, 5048 bytes) taskResourceAssignments Map()
[2024-09-30T11:33:05.876+0000] {spark_submit.py:490} INFO - 24/09/30 11:33:05 INFO BlockManagerInfo: Added broadcast_3_piece0 in memory on 172.18.0.7:43393 (size: 65.6 KiB, free: 434.3 MiB)
[2024-09-30T11:33:07.508+0000] {spark_submit.py:490} INFO - 24/09/30 11:33:07 INFO BlockManagerInfo: Added broadcast_2_piece0 in memory on 172.18.0.7:43393 (size: 28.3 KiB, free: 434.3 MiB)
[2024-09-30T11:33:08.942+0000] {spark_submit.py:490} INFO - 24/09/30 11:33:08 INFO TaskSetManager: Finished task 0.0 in stage 2.0 (TID 2) in 3204 ms on 172.18.0.7 (executor 0) (1/1)
[2024-09-30T11:33:08.943+0000] {spark_submit.py:490} INFO - 24/09/30 11:33:08 INFO TaskSchedulerImpl: Removed TaskSet 2.0, whose tasks have all completed, from pool
[2024-09-30T11:33:08.947+0000] {spark_submit.py:490} INFO - 24/09/30 11:33:08 INFO DAGScheduler: ResultStage 2 (saveAsTable at NativeMethodAccessorImpl.java:0) finished in 3.444 s
[2024-09-30T11:33:08.948+0000] {spark_submit.py:490} INFO - 24/09/30 11:33:08 INFO DAGScheduler: Job 2 is finished. Cancelling potential speculative or zombie tasks for this job
[2024-09-30T11:33:08.948+0000] {spark_submit.py:490} INFO - 24/09/30 11:33:08 INFO TaskSchedulerImpl: Killing all running tasks in stage 2: Stage finished
[2024-09-30T11:33:08.960+0000] {spark_submit.py:490} INFO - 24/09/30 11:33:08 INFO DAGScheduler: Job 2 finished: saveAsTable at NativeMethodAccessorImpl.java:0, took 3.486626 s
[2024-09-30T11:33:09.135+0000] {spark_submit.py:490} INFO - 24/09/30 11:33:09 INFO FileFormatWriter: Write Job 0c5491ba-3716-4f7a-833b-8c9743d7ecb2 committed.
[2024-09-30T11:33:09.139+0000] {spark_submit.py:490} INFO - 24/09/30 11:33:09 INFO FileFormatWriter: Finished processing stats for write job 0c5491ba-3716-4f7a-833b-8c9743d7ecb2.
[2024-09-30T11:33:09.200+0000] {spark_submit.py:490} INFO - 24/09/30 11:33:09 INFO InMemoryFileIndex: It took 23 ms to list leaf files for 1 paths.
[2024-09-30T11:33:09.245+0000] {spark_submit.py:490} INFO - 24/09/30 11:33:09 INFO HiveExternalCatalog: Persisting file based data source table `default`.`cases` into Hive metastore in Hive compatible format.
[2024-09-30T11:33:09.269+0000] {spark_submit.py:490} INFO - 24/09/30 11:33:09 INFO SQLStdHiveAccessController: Created SQLStdHiveAccessController for session context : HiveAuthzSessionContext [sessionString=e0de6385-3265-412c-95a1-32fb2cd117d1, clientType=HIVECLI]
[2024-09-30T11:33:09.276+0000] {spark_submit.py:490} INFO - 24/09/30 11:33:09 WARN SessionState: METASTORE_FILTER_HOOK will be ignored, since hive.security.authorization.manager is set to instance of HiveAuthorizerFactory.
[2024-09-30T11:33:09.277+0000] {spark_submit.py:490} INFO - 24/09/30 11:33:09 INFO metastore: Mestastore configuration hive.metastore.filter.hook changed from org.apache.hadoop.hive.metastore.DefaultMetaStoreFilterHookImpl to org.apache.hadoop.hive.ql.security.authorization.plugin.AuthorizationMetaStoreFilterHook
[2024-09-30T11:33:09.294+0000] {spark_submit.py:490} INFO - 24/09/30 11:33:09 INFO metastore: Closed a connection to metastore, current connections: 0
[2024-09-30T11:33:09.297+0000] {spark_submit.py:490} INFO - 24/09/30 11:33:09 INFO metastore: Trying to connect to metastore with URI thrift://hive-metastore:9083
[2024-09-30T11:33:09.303+0000] {spark_submit.py:490} INFO - 24/09/30 11:33:09 INFO metastore: Opened a connection to metastore, current connections: 1
[2024-09-30T11:33:09.304+0000] {spark_submit.py:490} INFO - 24/09/30 11:33:09 INFO metastore: Connected to metastore.
[2024-09-30T11:33:09.437+0000] {spark_submit.py:490} INFO - 24/09/30 11:33:09 INFO metastore: Trying to connect to metastore with URI thrift://hive-metastore:9083
[2024-09-30T11:33:09.445+0000] {spark_submit.py:490} INFO - 24/09/30 11:33:09 INFO metastore: Opened a connection to metastore, current connections: 2
[2024-09-30T11:33:09.446+0000] {spark_submit.py:490} INFO - 24/09/30 11:33:09 INFO metastore: Connected to metastore.
[2024-09-30T11:33:09.663+0000] {spark_submit.py:490} INFO - 24/09/30 11:33:09 INFO AlterTableRecoverPartitionsCommand: Recover all the partitions in hdfs://namenode:8020/opt/hive/data/warehouse/cases
[2024-09-30T11:33:09.692+0000] {spark_submit.py:490} INFO - 24/09/30 11:33:09 INFO AlterTableRecoverPartitionsCommand: Found 1 partitions in hdfs://namenode:8020/opt/hive/data/warehouse/cases
[2024-09-30T11:33:09.702+0000] {spark_submit.py:490} INFO - 24/09/30 11:33:09 INFO AlterTableRecoverPartitionsCommand: Finished to gather the fast stats for all 1 partitions.
[2024-09-30T11:33:10.132+0000] {spark_submit.py:490} INFO - 24/09/30 11:33:10 INFO AlterTableRecoverPartitionsCommand: Recovered all partitions (1).
[2024-09-30T11:33:10.237+0000] {spark_submit.py:490} INFO - 24/09/30 11:33:10 INFO SparkContext: Invoking stop() from shutdown hook
[2024-09-30T11:33:10.266+0000] {spark_submit.py:490} INFO - 24/09/30 11:33:10 INFO SparkUI: Stopped Spark web UI at http://774e6edce74f:4041
[2024-09-30T11:33:10.275+0000] {spark_submit.py:490} INFO - 24/09/30 11:33:10 INFO StandaloneSchedulerBackend: Shutting down all executors
[2024-09-30T11:33:10.278+0000] {spark_submit.py:490} INFO - 24/09/30 11:33:10 INFO CoarseGrainedSchedulerBackend$DriverEndpoint: Asking each executor to shut down
[2024-09-30T11:33:10.419+0000] {spark_submit.py:490} INFO - 24/09/30 11:33:10 INFO MapOutputTrackerMasterEndpoint: MapOutputTrackerMasterEndpoint stopped!
[2024-09-30T11:33:10.465+0000] {spark_submit.py:490} INFO - 24/09/30 11:33:10 INFO MemoryStore: MemoryStore cleared
[2024-09-30T11:33:10.471+0000] {spark_submit.py:490} INFO - 24/09/30 11:33:10 INFO BlockManager: BlockManager stopped
[2024-09-30T11:33:10.480+0000] {spark_submit.py:490} INFO - 24/09/30 11:33:10 INFO BlockManagerMaster: BlockManagerMaster stopped
[2024-09-30T11:33:10.486+0000] {spark_submit.py:490} INFO - 24/09/30 11:33:10 INFO OutputCommitCoordinator$OutputCommitCoordinatorEndpoint: OutputCommitCoordinator stopped!
[2024-09-30T11:33:10.553+0000] {spark_submit.py:490} INFO - 24/09/30 11:33:10 INFO SparkContext: Successfully stopped SparkContext
[2024-09-30T11:33:10.553+0000] {spark_submit.py:490} INFO - 24/09/30 11:33:10 INFO ShutdownHookManager: Shutdown hook called
[2024-09-30T11:33:10.553+0000] {spark_submit.py:490} INFO - 24/09/30 11:33:10 INFO ShutdownHookManager: Deleting directory /tmp/spark-0614a655-a4fd-4cc6-9334-ee691ddf8c66
[2024-09-30T11:33:10.566+0000] {spark_submit.py:490} INFO - 24/09/30 11:33:10 INFO ShutdownHookManager: Deleting directory /tmp/spark-2a514d83-1de2-4191-95ff-5e842fd6b08d
[2024-09-30T11:33:10.601+0000] {spark_submit.py:490} INFO - 24/09/30 11:33:10 INFO ShutdownHookManager: Deleting directory /tmp/spark-0614a655-a4fd-4cc6-9334-ee691ddf8c66/pyspark-bab520d0-e2c2-4ae0-900d-7a947ba7f5cc
[2024-09-30T11:33:10.999+0000] {taskinstance.py:1327} INFO - Marking task as SUCCESS. dag_id=get_cases_data, task_id=save_to_warehouse, execution_date=20221231T000000, start_date=20240930T113214, end_date=20240930T113310
[2024-09-30T11:33:11.079+0000] {local_task_job.py:159} INFO - Task exited with return code 0
[2024-09-30T11:33:11.154+0000] {taskinstance.py:2582} INFO - 1 downstream tasks scheduled from follow-on schedule check
