[2024-09-26T09:41:59.356+0000] {taskinstance.py:1087} INFO - Dependencies all met for <TaskInstance: get_cases_data.download_data scheduled__2023-01-05T00:00:00+00:00 [queued]>
[2024-09-26T09:41:59.389+0000] {taskinstance.py:1087} INFO - Dependencies all met for <TaskInstance: get_cases_data.download_data scheduled__2023-01-05T00:00:00+00:00 [queued]>
[2024-09-26T09:41:59.389+0000] {taskinstance.py:1283} INFO - 
--------------------------------------------------------------------------------
[2024-09-26T09:41:59.389+0000] {taskinstance.py:1284} INFO - Starting attempt 1 of 1
[2024-09-26T09:41:59.390+0000] {taskinstance.py:1285} INFO - 
--------------------------------------------------------------------------------
[2024-09-26T09:41:59.430+0000] {taskinstance.py:1304} INFO - Executing <Task(BashOperator): download_data> on 2023-01-05 00:00:00+00:00
[2024-09-26T09:41:59.442+0000] {standard_task_runner.py:55} INFO - Started process 3366 to run task
[2024-09-26T09:41:59.450+0000] {standard_task_runner.py:82} INFO - Running: ['***', 'tasks', 'run', 'get_cases_data', 'download_data', 'scheduled__2023-01-05T00:00:00+00:00', '--job-id', '35', '--raw', '--subdir', 'DAGS_FOLDER/get_cases_data.py', '--cfg-path', '/tmp/tmpjpo2fq8k']
[2024-09-26T09:41:59.452+0000] {standard_task_runner.py:83} INFO - Job 35: Subtask download_data
[2024-09-26T09:41:59.665+0000] {task_command.py:389} INFO - Running <TaskInstance: get_cases_data.download_data scheduled__2023-01-05T00:00:00+00:00 [running]> on host 3d66d2a77c1d
[2024-09-26T09:41:59.886+0000] {logging_mixin.py:137} WARNING - /home/***/.local/lib/python3.7/site-packages/***/utils/context.py:205 AirflowContextDeprecationWarning: Accessing 'execution_date' from the template is deprecated and will be removed in a future version. Please use 'data_interval_start' or 'logical_date' instead.
[2024-09-26T09:41:59.973+0000] {taskinstance.py:1513} INFO - Exporting the following env vars:
AIRFLOW_CTX_DAG_OWNER=***
AIRFLOW_CTX_DAG_ID=get_cases_data
AIRFLOW_CTX_TASK_ID=download_data
AIRFLOW_CTX_EXECUTION_DATE=2023-01-05T00:00:00+00:00
AIRFLOW_CTX_TRY_NUMBER=1
AIRFLOW_CTX_DAG_RUN_ID=scheduled__2023-01-05T00:00:00+00:00
[2024-09-26T09:41:59.974+0000] {subprocess.py:63} INFO - Tmp dir root location: 
 /tmp
[2024-09-26T09:41:59.975+0000] {subprocess.py:75} INFO - Running command: ['/bin/bash', '-c', 'curl -sSL --create-dirs -o /usr/share/covid_data/raw/2023/01/05/ita_cases_20230105.csv https://raw.githubusercontent.com/pcm-dpc/COVID-19/master/dati-andamento-nazionale/dpc-covid19-ita-andamento-nazionale-20230105.csv']
[2024-09-26T09:42:00.032+0000] {subprocess.py:86} INFO - Output:
[2024-09-26T09:42:00.301+0000] {subprocess.py:97} INFO - Command exited with return code 0
[2024-09-26T09:42:00.369+0000] {taskinstance.py:1327} INFO - Marking task as SUCCESS. dag_id=get_cases_data, task_id=download_data, execution_date=20230105T000000, start_date=20240926T094159, end_date=20240926T094200
[2024-09-26T09:42:00.453+0000] {local_task_job.py:159} INFO - Task exited with return code 0
[2024-09-26T09:42:00.523+0000] {taskinstance.py:2582} INFO - 1 downstream tasks scheduled from follow-on schedule check
[2024-09-30T11:34:45.070+0000] {taskinstance.py:1087} INFO - Dependencies all met for <TaskInstance: get_cases_data.download_data scheduled__2023-01-05T00:00:00+00:00 [queued]>
[2024-09-30T11:34:45.110+0000] {taskinstance.py:1087} INFO - Dependencies all met for <TaskInstance: get_cases_data.download_data scheduled__2023-01-05T00:00:00+00:00 [queued]>
[2024-09-30T11:34:45.110+0000] {taskinstance.py:1283} INFO - 
--------------------------------------------------------------------------------
[2024-09-30T11:34:45.111+0000] {taskinstance.py:1284} INFO - Starting attempt 1 of 1
[2024-09-30T11:34:45.111+0000] {taskinstance.py:1285} INFO - 
--------------------------------------------------------------------------------
[2024-09-30T11:34:45.148+0000] {taskinstance.py:1304} INFO - Executing <Task(BashOperator): download_data> on 2023-01-05 00:00:00+00:00
[2024-09-30T11:34:45.162+0000] {standard_task_runner.py:55} INFO - Started process 5745 to run task
[2024-09-30T11:34:45.167+0000] {standard_task_runner.py:82} INFO - Running: ['***', 'tasks', 'run', 'get_cases_data', 'download_data', 'scheduled__2023-01-05T00:00:00+00:00', '--job-id', '50', '--raw', '--subdir', 'DAGS_FOLDER/get_cases_data.py', '--cfg-path', '/tmp/tmp0exd7d95']
[2024-09-30T11:34:45.170+0000] {standard_task_runner.py:83} INFO - Job 50: Subtask download_data
[2024-09-30T11:34:45.306+0000] {task_command.py:389} INFO - Running <TaskInstance: get_cases_data.download_data scheduled__2023-01-05T00:00:00+00:00 [running]> on host 774e6edce74f
[2024-09-30T11:34:45.404+0000] {logging_mixin.py:137} WARNING - /home/***/.local/lib/python3.7/site-packages/***/utils/context.py:205 AirflowContextDeprecationWarning: Accessing 'execution_date' from the template is deprecated and will be removed in a future version. Please use 'data_interval_start' or 'logical_date' instead.
[2024-09-30T11:34:45.502+0000] {taskinstance.py:1513} INFO - Exporting the following env vars:
AIRFLOW_CTX_DAG_OWNER=***
AIRFLOW_CTX_DAG_ID=get_cases_data
AIRFLOW_CTX_TASK_ID=download_data
AIRFLOW_CTX_EXECUTION_DATE=2023-01-05T00:00:00+00:00
AIRFLOW_CTX_TRY_NUMBER=1
AIRFLOW_CTX_DAG_RUN_ID=scheduled__2023-01-05T00:00:00+00:00
[2024-09-30T11:34:45.503+0000] {subprocess.py:63} INFO - Tmp dir root location: 
 /tmp
[2024-09-30T11:34:45.504+0000] {subprocess.py:75} INFO - Running command: ['/bin/bash', '-c', 'curl -sSL --create-dirs -o /usr/share/covid_data/raw/2023/01/05/ita_cases_20230105.csv https://raw.githubusercontent.com/pcm-dpc/COVID-19/master/dati-andamento-nazionale/dpc-covid19-ita-andamento-nazionale-20230105.csv']
[2024-09-30T11:34:45.540+0000] {subprocess.py:86} INFO - Output:
[2024-09-30T11:34:45.794+0000] {subprocess.py:97} INFO - Command exited with return code 0
[2024-09-30T11:34:45.851+0000] {taskinstance.py:1327} INFO - Marking task as SUCCESS. dag_id=get_cases_data, task_id=download_data, execution_date=20230105T000000, start_date=20240930T113445, end_date=20240930T113445
[2024-09-30T11:34:45.908+0000] {local_task_job.py:159} INFO - Task exited with return code 0
[2024-09-30T11:34:46.012+0000] {taskinstance.py:2582} INFO - 0 downstream tasks scheduled from follow-on schedule check
