[2024-09-26T09:40:59.678+0000] {taskinstance.py:1087} INFO - Dependencies all met for <TaskInstance: get_cases_data.download_data scheduled__2023-01-01T00:00:00+00:00 [queued]>
[2024-09-26T09:40:59.697+0000] {taskinstance.py:1087} INFO - Dependencies all met for <TaskInstance: get_cases_data.download_data scheduled__2023-01-01T00:00:00+00:00 [queued]>
[2024-09-26T09:40:59.698+0000] {taskinstance.py:1283} INFO - 
--------------------------------------------------------------------------------
[2024-09-26T09:40:59.698+0000] {taskinstance.py:1284} INFO - Starting attempt 1 of 1
[2024-09-26T09:40:59.698+0000] {taskinstance.py:1285} INFO - 
--------------------------------------------------------------------------------
[2024-09-26T09:40:59.723+0000] {taskinstance.py:1304} INFO - Executing <Task(BashOperator): download_data> on 2023-01-01 00:00:00+00:00
[2024-09-26T09:40:59.742+0000] {standard_task_runner.py:55} INFO - Started process 2619 to run task
[2024-09-26T09:40:59.751+0000] {standard_task_runner.py:82} INFO - Running: ['***', 'tasks', 'run', 'get_cases_data', 'download_data', 'scheduled__2023-01-01T00:00:00+00:00', '--job-id', '27', '--raw', '--subdir', 'DAGS_FOLDER/get_cases_data.py', '--cfg-path', '/tmp/tmpal_7q9iz']
[2024-09-26T09:40:59.754+0000] {standard_task_runner.py:83} INFO - Job 27: Subtask download_data
[2024-09-26T09:40:59.877+0000] {task_command.py:389} INFO - Running <TaskInstance: get_cases_data.download_data scheduled__2023-01-01T00:00:00+00:00 [running]> on host 3d66d2a77c1d
[2024-09-26T09:40:59.950+0000] {logging_mixin.py:137} WARNING - /home/***/.local/lib/python3.7/site-packages/***/utils/context.py:205 AirflowContextDeprecationWarning: Accessing 'execution_date' from the template is deprecated and will be removed in a future version. Please use 'data_interval_start' or 'logical_date' instead.
[2024-09-26T09:41:00.006+0000] {taskinstance.py:1513} INFO - Exporting the following env vars:
AIRFLOW_CTX_DAG_OWNER=***
AIRFLOW_CTX_DAG_ID=get_cases_data
AIRFLOW_CTX_TASK_ID=download_data
AIRFLOW_CTX_EXECUTION_DATE=2023-01-01T00:00:00+00:00
AIRFLOW_CTX_TRY_NUMBER=1
AIRFLOW_CTX_DAG_RUN_ID=scheduled__2023-01-01T00:00:00+00:00
[2024-09-26T09:41:00.009+0000] {subprocess.py:63} INFO - Tmp dir root location: 
 /tmp
[2024-09-26T09:41:00.009+0000] {subprocess.py:75} INFO - Running command: ['/bin/bash', '-c', 'curl -sSL --create-dirs -o /usr/share/covid_data/raw/2023/01/01/ita_cases_20230101.csv https://raw.githubusercontent.com/pcm-dpc/COVID-19/master/dati-andamento-nazionale/dpc-covid19-ita-andamento-nazionale-20230101.csv']
[2024-09-26T09:41:00.037+0000] {subprocess.py:86} INFO - Output:
[2024-09-26T09:41:00.271+0000] {subprocess.py:97} INFO - Command exited with return code 0
[2024-09-26T09:41:00.320+0000] {taskinstance.py:1327} INFO - Marking task as SUCCESS. dag_id=get_cases_data, task_id=download_data, execution_date=20230101T000000, start_date=20240926T094059, end_date=20240926T094100
[2024-09-26T09:41:00.372+0000] {local_task_job.py:159} INFO - Task exited with return code 0
[2024-09-26T09:41:00.423+0000] {taskinstance.py:2582} INFO - 1 downstream tasks scheduled from follow-on schedule check
[2024-09-30T11:32:37.132+0000] {taskinstance.py:1087} INFO - Dependencies all met for <TaskInstance: get_cases_data.download_data scheduled__2023-01-01T00:00:00+00:00 [queued]>
[2024-09-30T11:32:37.152+0000] {taskinstance.py:1087} INFO - Dependencies all met for <TaskInstance: get_cases_data.download_data scheduled__2023-01-01T00:00:00+00:00 [queued]>
[2024-09-30T11:32:37.152+0000] {taskinstance.py:1283} INFO - 
--------------------------------------------------------------------------------
[2024-09-30T11:32:37.152+0000] {taskinstance.py:1284} INFO - Starting attempt 1 of 1
[2024-09-30T11:32:37.152+0000] {taskinstance.py:1285} INFO - 
--------------------------------------------------------------------------------
[2024-09-30T11:32:37.185+0000] {taskinstance.py:1304} INFO - Executing <Task(BashOperator): download_data> on 2023-01-01 00:00:00+00:00
[2024-09-30T11:32:37.199+0000] {standard_task_runner.py:55} INFO - Started process 4440 to run task
[2024-09-30T11:32:37.207+0000] {standard_task_runner.py:82} INFO - Running: ['***', 'tasks', 'run', 'get_cases_data', 'download_data', 'scheduled__2023-01-01T00:00:00+00:00', '--job-id', '39', '--raw', '--subdir', 'DAGS_FOLDER/get_cases_data.py', '--cfg-path', '/tmp/tmpww0zar9s']
[2024-09-30T11:32:37.210+0000] {standard_task_runner.py:83} INFO - Job 39: Subtask download_data
[2024-09-30T11:32:37.335+0000] {task_command.py:389} INFO - Running <TaskInstance: get_cases_data.download_data scheduled__2023-01-01T00:00:00+00:00 [running]> on host 774e6edce74f
[2024-09-30T11:32:37.420+0000] {logging_mixin.py:137} WARNING - /home/***/.local/lib/python3.7/site-packages/***/utils/context.py:205 AirflowContextDeprecationWarning: Accessing 'execution_date' from the template is deprecated and will be removed in a future version. Please use 'data_interval_start' or 'logical_date' instead.
[2024-09-30T11:32:37.491+0000] {taskinstance.py:1513} INFO - Exporting the following env vars:
AIRFLOW_CTX_DAG_OWNER=***
AIRFLOW_CTX_DAG_ID=get_cases_data
AIRFLOW_CTX_TASK_ID=download_data
AIRFLOW_CTX_EXECUTION_DATE=2023-01-01T00:00:00+00:00
AIRFLOW_CTX_TRY_NUMBER=1
AIRFLOW_CTX_DAG_RUN_ID=scheduled__2023-01-01T00:00:00+00:00
[2024-09-30T11:32:37.492+0000] {subprocess.py:63} INFO - Tmp dir root location: 
 /tmp
[2024-09-30T11:32:37.493+0000] {subprocess.py:75} INFO - Running command: ['/bin/bash', '-c', 'curl -sSL --create-dirs -o /usr/share/covid_data/raw/2023/01/01/ita_cases_20230101.csv https://raw.githubusercontent.com/pcm-dpc/COVID-19/master/dati-andamento-nazionale/dpc-covid19-ita-andamento-nazionale-20230101.csv']
[2024-09-30T11:32:37.527+0000] {subprocess.py:86} INFO - Output:
[2024-09-30T11:32:37.789+0000] {subprocess.py:97} INFO - Command exited with return code 0
[2024-09-30T11:32:37.852+0000] {taskinstance.py:1327} INFO - Marking task as SUCCESS. dag_id=get_cases_data, task_id=download_data, execution_date=20230101T000000, start_date=20240930T113237, end_date=20240930T113237
[2024-09-30T11:32:37.907+0000] {local_task_job.py:159} INFO - Task exited with return code 0
[2024-09-30T11:32:37.966+0000] {taskinstance.py:2582} INFO - 1 downstream tasks scheduled from follow-on schedule check
