[2024-09-30T11:30:23.916+0000] {taskinstance.py:1087} INFO - Dependencies all met for <TaskInstance: get_cases_data.save_to_warehouse scheduled__2022-12-28T00:00:00+00:00 [queued]>
[2024-09-30T11:30:23.934+0000] {taskinstance.py:1087} INFO - Dependencies all met for <TaskInstance: get_cases_data.save_to_warehouse scheduled__2022-12-28T00:00:00+00:00 [queued]>
[2024-09-30T11:30:23.935+0000] {taskinstance.py:1283} INFO - 
--------------------------------------------------------------------------------
[2024-09-30T11:30:23.935+0000] {taskinstance.py:1284} INFO - Starting attempt 1 of 1
[2024-09-30T11:30:23.935+0000] {taskinstance.py:1285} INFO - 
--------------------------------------------------------------------------------
[2024-09-30T11:30:23.967+0000] {taskinstance.py:1304} INFO - Executing <Task(SparkSubmitOperator): save_to_warehouse> on 2022-12-28 00:00:00+00:00
[2024-09-30T11:30:23.982+0000] {standard_task_runner.py:55} INFO - Started process 3151 to run task
[2024-09-30T11:30:23.989+0000] {standard_task_runner.py:82} INFO - Running: ['***', 'tasks', 'run', 'get_cases_data', 'save_to_warehouse', 'scheduled__2022-12-28T00:00:00+00:00', '--job-id', '29', '--raw', '--subdir', 'DAGS_FOLDER/get_cases_data.py', '--cfg-path', '/tmp/tmpelqerne1']
[2024-09-30T11:30:23.991+0000] {standard_task_runner.py:83} INFO - Job 29: Subtask save_to_warehouse
[2024-09-30T11:30:24.133+0000] {task_command.py:389} INFO - Running <TaskInstance: get_cases_data.save_to_warehouse scheduled__2022-12-28T00:00:00+00:00 [running]> on host 774e6edce74f
[2024-09-30T11:30:24.293+0000] {taskinstance.py:1513} INFO - Exporting the following env vars:
AIRFLOW_CTX_DAG_OWNER=***
AIRFLOW_CTX_DAG_ID=get_cases_data
AIRFLOW_CTX_TASK_ID=save_to_warehouse
AIRFLOW_CTX_EXECUTION_DATE=2022-12-28T00:00:00+00:00
AIRFLOW_CTX_TRY_NUMBER=1
AIRFLOW_CTX_DAG_RUN_ID=scheduled__2022-12-28T00:00:00+00:00
[2024-09-30T11:30:24.296+0000] {base.py:73} INFO - Using connection ID 'spark_connection' for task execution.
[2024-09-30T11:30:24.299+0000] {spark_submit.py:339} INFO - Spark-Submit cmd: spark-submit --master spark://spark-master:7077 --name save_to_warehouse --verbose /usr/local/spark/app/save_to_warehouse.py
[2024-09-30T11:30:26.521+0000] {spark_submit.py:490} INFO - Using properties file: null
[2024-09-30T11:30:26.811+0000] {spark_submit.py:490} INFO - WARNING: An illegal reflective access operation has occurred
[2024-09-30T11:30:26.812+0000] {spark_submit.py:490} INFO - WARNING: Illegal reflective access by org.apache.spark.unsafe.Platform (file:/home/***/.local/lib/python3.7/site-packages/pyspark/jars/spark-unsafe_2.12-3.1.3.jar) to constructor java.nio.DirectByteBuffer(long,int)
[2024-09-30T11:30:26.812+0000] {spark_submit.py:490} INFO - WARNING: Please consider reporting this to the maintainers of org.apache.spark.unsafe.Platform
[2024-09-30T11:30:26.812+0000] {spark_submit.py:490} INFO - WARNING: Use --illegal-access=warn to enable warnings of further illegal reflective access operations
[2024-09-30T11:30:26.812+0000] {spark_submit.py:490} INFO - WARNING: All illegal access operations will be denied in a future release
[2024-09-30T11:30:26.902+0000] {spark_submit.py:490} INFO - Parsed arguments:
[2024-09-30T11:30:26.903+0000] {spark_submit.py:490} INFO - master                  spark://spark-master:7077
[2024-09-30T11:30:26.903+0000] {spark_submit.py:490} INFO - deployMode              null
[2024-09-30T11:30:26.903+0000] {spark_submit.py:490} INFO - executorMemory          null
[2024-09-30T11:30:26.903+0000] {spark_submit.py:490} INFO - executorCores           null
[2024-09-30T11:30:26.903+0000] {spark_submit.py:490} INFO - totalExecutorCores      null
[2024-09-30T11:30:26.903+0000] {spark_submit.py:490} INFO - propertiesFile          null
[2024-09-30T11:30:26.903+0000] {spark_submit.py:490} INFO - driverMemory            null
[2024-09-30T11:30:26.904+0000] {spark_submit.py:490} INFO - driverCores             null
[2024-09-30T11:30:26.904+0000] {spark_submit.py:490} INFO - driverExtraClassPath    null
[2024-09-30T11:30:26.904+0000] {spark_submit.py:490} INFO - driverExtraLibraryPath  null
[2024-09-30T11:30:26.904+0000] {spark_submit.py:490} INFO - driverExtraJavaOptions  null
[2024-09-30T11:30:26.904+0000] {spark_submit.py:490} INFO - supervise               false
[2024-09-30T11:30:26.904+0000] {spark_submit.py:490} INFO - queue                   null
[2024-09-30T11:30:26.904+0000] {spark_submit.py:490} INFO - numExecutors            null
[2024-09-30T11:30:26.904+0000] {spark_submit.py:490} INFO - files                   null
[2024-09-30T11:30:26.904+0000] {spark_submit.py:490} INFO - pyFiles                 null
[2024-09-30T11:30:26.904+0000] {spark_submit.py:490} INFO - archives                null
[2024-09-30T11:30:26.905+0000] {spark_submit.py:490} INFO - mainClass               null
[2024-09-30T11:30:26.905+0000] {spark_submit.py:490} INFO - primaryResource         file:/usr/local/spark/app/save_to_warehouse.py
[2024-09-30T11:30:26.905+0000] {spark_submit.py:490} INFO - name                    save_to_warehouse
[2024-09-30T11:30:26.905+0000] {spark_submit.py:490} INFO - childArgs               []
[2024-09-30T11:30:26.905+0000] {spark_submit.py:490} INFO - jars                    null
[2024-09-30T11:30:26.908+0000] {spark_submit.py:490} INFO - packages                null
[2024-09-30T11:30:26.909+0000] {spark_submit.py:490} INFO - packagesExclusions      null
[2024-09-30T11:30:26.909+0000] {spark_submit.py:490} INFO - repositories            null
[2024-09-30T11:30:26.909+0000] {spark_submit.py:490} INFO - verbose                 true
[2024-09-30T11:30:26.909+0000] {spark_submit.py:490} INFO - 
[2024-09-30T11:30:26.909+0000] {spark_submit.py:490} INFO - Spark properties used, including those specified through
[2024-09-30T11:30:26.909+0000] {spark_submit.py:490} INFO - --conf and those from the properties file null:
[2024-09-30T11:30:26.909+0000] {spark_submit.py:490} INFO - 
[2024-09-30T11:30:26.909+0000] {spark_submit.py:490} INFO - 
[2024-09-30T11:30:26.909+0000] {spark_submit.py:490} INFO - 
[2024-09-30T11:30:27.568+0000] {spark_submit.py:490} INFO - 24/09/30 11:30:27 WARN NativeCodeLoader: Unable to load native-hadoop library for your platform... using builtin-java classes where applicable
[2024-09-30T11:30:27.857+0000] {spark_submit.py:490} INFO - Main class:
[2024-09-30T11:30:27.859+0000] {spark_submit.py:490} INFO - org.apache.spark.deploy.PythonRunner
[2024-09-30T11:30:27.859+0000] {spark_submit.py:490} INFO - Arguments:
[2024-09-30T11:30:27.860+0000] {spark_submit.py:490} INFO - file:/usr/local/spark/app/save_to_warehouse.py
[2024-09-30T11:30:27.860+0000] {spark_submit.py:490} INFO - null
[2024-09-30T11:30:27.873+0000] {spark_submit.py:490} INFO - Spark config:
[2024-09-30T11:30:27.873+0000] {spark_submit.py:490} INFO - (spark.app.name,save_to_warehouse)
[2024-09-30T11:30:27.873+0000] {spark_submit.py:490} INFO - (spark.master,spark://spark-master:7077)
[2024-09-30T11:30:27.874+0000] {spark_submit.py:490} INFO - (spark.submit.pyFiles,)
[2024-09-30T11:30:27.874+0000] {spark_submit.py:490} INFO - (spark.submit.deployMode,client)
[2024-09-30T11:30:27.879+0000] {spark_submit.py:490} INFO - Classpath elements:
[2024-09-30T11:30:27.879+0000] {spark_submit.py:490} INFO - 
[2024-09-30T11:30:27.889+0000] {spark_submit.py:490} INFO - 
[2024-09-30T11:30:27.890+0000] {spark_submit.py:490} INFO - 
[2024-09-30T11:30:29.121+0000] {spark_submit.py:490} INFO - Using Spark's default log4j profile: org/apache/spark/log4j-defaults.properties
[2024-09-30T11:30:29.135+0000] {spark_submit.py:490} INFO - 24/09/30 11:30:29 INFO SparkContext: Running Spark version 3.1.3
[2024-09-30T11:30:29.203+0000] {spark_submit.py:490} INFO - 24/09/30 11:30:29 INFO ResourceUtils: ==============================================================
[2024-09-30T11:30:29.206+0000] {spark_submit.py:490} INFO - 24/09/30 11:30:29 INFO ResourceUtils: No custom resources configured for spark.driver.
[2024-09-30T11:30:29.207+0000] {spark_submit.py:490} INFO - 24/09/30 11:30:29 INFO ResourceUtils: ==============================================================
[2024-09-30T11:30:29.207+0000] {spark_submit.py:490} INFO - 24/09/30 11:30:29 INFO SparkContext: Submitted application: save_to_warehouse
[2024-09-30T11:30:29.240+0000] {spark_submit.py:490} INFO - 24/09/30 11:30:29 INFO ResourceProfile: Default ResourceProfile created, executor resources: Map(cores -> name: cores, amount: 1, script: , vendor: , memory -> name: memory, amount: 1024, script: , vendor: , offHeap -> name: offHeap, amount: 0, script: , vendor: ), task resources: Map(cpus -> name: cpus, amount: 1.0)
[2024-09-30T11:30:29.261+0000] {spark_submit.py:490} INFO - 24/09/30 11:30:29 INFO ResourceProfile: Limiting resource is cpu
[2024-09-30T11:30:29.262+0000] {spark_submit.py:490} INFO - 24/09/30 11:30:29 INFO ResourceProfileManager: Added ResourceProfile id: 0
[2024-09-30T11:30:29.368+0000] {spark_submit.py:490} INFO - 24/09/30 11:30:29 INFO SecurityManager: Changing view acls to: default
[2024-09-30T11:30:29.369+0000] {spark_submit.py:490} INFO - 24/09/30 11:30:29 INFO SecurityManager: Changing modify acls to: default
[2024-09-30T11:30:29.370+0000] {spark_submit.py:490} INFO - 24/09/30 11:30:29 INFO SecurityManager: Changing view acls groups to:
[2024-09-30T11:30:29.371+0000] {spark_submit.py:490} INFO - 24/09/30 11:30:29 INFO SecurityManager: Changing modify acls groups to:
[2024-09-30T11:30:29.372+0000] {spark_submit.py:490} INFO - 24/09/30 11:30:29 INFO SecurityManager: SecurityManager: authentication disabled; ui acls disabled; users  with view permissions: Set(default); groups with view permissions: Set(); users  with modify permissions: Set(default); groups with modify permissions: Set()
[2024-09-30T11:30:29.800+0000] {spark_submit.py:490} INFO - 24/09/30 11:30:29 INFO Utils: Successfully started service 'sparkDriver' on port 39229.
[2024-09-30T11:30:29.844+0000] {spark_submit.py:490} INFO - 24/09/30 11:30:29 INFO SparkEnv: Registering MapOutputTracker
[2024-09-30T11:30:29.890+0000] {spark_submit.py:490} INFO - 24/09/30 11:30:29 INFO SparkEnv: Registering BlockManagerMaster
[2024-09-30T11:30:29.923+0000] {spark_submit.py:490} INFO - 24/09/30 11:30:29 INFO BlockManagerMasterEndpoint: Using org.apache.spark.storage.DefaultTopologyMapper for getting topology information
[2024-09-30T11:30:29.925+0000] {spark_submit.py:490} INFO - 24/09/30 11:30:29 INFO BlockManagerMasterEndpoint: BlockManagerMasterEndpoint up
[2024-09-30T11:30:29.937+0000] {spark_submit.py:490} INFO - 24/09/30 11:30:29 INFO SparkEnv: Registering BlockManagerMasterHeartbeat
[2024-09-30T11:30:29.958+0000] {spark_submit.py:490} INFO - 24/09/30 11:30:29 INFO DiskBlockManager: Created local directory at /tmp/blockmgr-7f29ff17-03aa-48b1-821e-9045dc678433
[2024-09-30T11:30:29.993+0000] {spark_submit.py:490} INFO - 24/09/30 11:30:29 INFO MemoryStore: MemoryStore started with capacity 434.4 MiB
[2024-09-30T11:30:30.028+0000] {spark_submit.py:490} INFO - 24/09/30 11:30:30 INFO SparkEnv: Registering OutputCommitCoordinator
[2024-09-30T11:30:30.423+0000] {spark_submit.py:490} INFO - 24/09/30 11:30:30 WARN Utils: Service 'SparkUI' could not bind on port 4040. Attempting port 4041.
[2024-09-30T11:30:30.441+0000] {spark_submit.py:490} INFO - 24/09/30 11:30:30 INFO Utils: Successfully started service 'SparkUI' on port 4041.
[2024-09-30T11:30:30.564+0000] {spark_submit.py:490} INFO - 24/09/30 11:30:30 INFO SparkUI: Bound SparkUI to 0.0.0.0, and started at http://774e6edce74f:4041
[2024-09-30T11:30:31.019+0000] {spark_submit.py:490} INFO - 24/09/30 11:30:31 INFO StandaloneAppClient$ClientEndpoint: Connecting to master spark://spark-master:7077...
[2024-09-30T11:30:31.120+0000] {spark_submit.py:490} INFO - 24/09/30 11:30:31 INFO TransportClientFactory: Successfully created connection to spark-master/172.18.0.5:7077 after 58 ms (0 ms spent in bootstraps)
[2024-09-30T11:30:31.314+0000] {spark_submit.py:490} INFO - 24/09/30 11:30:31 INFO StandaloneSchedulerBackend: Connected to Spark cluster with app ID app-20240930113031-0017
[2024-09-30T11:30:31.343+0000] {spark_submit.py:490} INFO - 24/09/30 11:30:31 INFO Utils: Successfully started service 'org.apache.spark.network.netty.NettyBlockTransferService' on port 45349.
[2024-09-30T11:30:31.344+0000] {spark_submit.py:490} INFO - 24/09/30 11:30:31 INFO NettyBlockTransferService: Server created on 774e6edce74f:45349
[2024-09-30T11:30:31.348+0000] {spark_submit.py:490} INFO - 24/09/30 11:30:31 INFO BlockManager: Using org.apache.spark.storage.RandomBlockReplicationPolicy for block replication policy
[2024-09-30T11:30:31.362+0000] {spark_submit.py:490} INFO - 24/09/30 11:30:31 INFO BlockManagerMaster: Registering BlockManager BlockManagerId(driver, 774e6edce74f, 45349, None)
[2024-09-30T11:30:31.372+0000] {spark_submit.py:490} INFO - 24/09/30 11:30:31 INFO BlockManagerMasterEndpoint: Registering block manager 774e6edce74f:45349 with 434.4 MiB RAM, BlockManagerId(driver, 774e6edce74f, 45349, None)
[2024-09-30T11:30:31.375+0000] {spark_submit.py:490} INFO - 24/09/30 11:30:31 INFO BlockManagerMaster: Registered BlockManager BlockManagerId(driver, 774e6edce74f, 45349, None)
[2024-09-30T11:30:31.377+0000] {spark_submit.py:490} INFO - 24/09/30 11:30:31 INFO BlockManager: Initialized BlockManager: BlockManagerId(driver, 774e6edce74f, 45349, None)
[2024-09-30T11:30:31.663+0000] {spark_submit.py:490} INFO - 24/09/30 11:30:31 INFO StandaloneSchedulerBackend: SchedulerBackend is ready for scheduling beginning after reached minRegisteredResourcesRatio: 0.0
[2024-09-30T11:30:32.173+0000] {spark_submit.py:490} INFO - 24/09/30 11:30:32 INFO SharedState: Setting hive.metastore.warehouse.dir ('null') to the value of spark.sql.warehouse.dir ('/user/hive/warehouse').
[2024-09-30T11:30:32.174+0000] {spark_submit.py:490} INFO - 24/09/30 11:30:32 INFO SharedState: Warehouse path is '/user/hive/warehouse'.
[2024-09-30T11:30:34.288+0000] {spark_submit.py:490} INFO - 24/09/30 11:30:34 INFO InMemoryFileIndex: It took 166 ms to list leaf files for 1 paths.
[2024-09-30T11:30:35.251+0000] {spark_submit.py:490} INFO - 24/09/30 11:30:35 INFO SparkContext: Starting job: parquet at NativeMethodAccessorImpl.java:0
[2024-09-30T11:30:35.292+0000] {spark_submit.py:490} INFO - 24/09/30 11:30:35 INFO DAGScheduler: Got job 0 (parquet at NativeMethodAccessorImpl.java:0) with 1 output partitions
[2024-09-30T11:30:35.295+0000] {spark_submit.py:490} INFO - 24/09/30 11:30:35 INFO DAGScheduler: Final stage: ResultStage 0 (parquet at NativeMethodAccessorImpl.java:0)
[2024-09-30T11:30:35.295+0000] {spark_submit.py:490} INFO - 24/09/30 11:30:35 INFO DAGScheduler: Parents of final stage: List()
[2024-09-30T11:30:35.298+0000] {spark_submit.py:490} INFO - 24/09/30 11:30:35 INFO DAGScheduler: Missing parents: List()
[2024-09-30T11:30:35.313+0000] {spark_submit.py:490} INFO - 24/09/30 11:30:35 INFO DAGScheduler: Submitting ResultStage 0 (MapPartitionsRDD[1] at parquet at NativeMethodAccessorImpl.java:0), which has no missing parents
[2024-09-30T11:30:35.459+0000] {spark_submit.py:490} INFO - 24/09/30 11:30:35 INFO MemoryStore: Block broadcast_0 stored as values in memory (estimated size 84.0 KiB, free 434.3 MiB)
[2024-09-30T11:30:35.511+0000] {spark_submit.py:490} INFO - 24/09/30 11:30:35 INFO MemoryStore: Block broadcast_0_piece0 stored as bytes in memory (estimated size 29.8 KiB, free 434.3 MiB)
[2024-09-30T11:30:35.517+0000] {spark_submit.py:490} INFO - 24/09/30 11:30:35 INFO BlockManagerInfo: Added broadcast_0_piece0 in memory on 774e6edce74f:45349 (size: 29.8 KiB, free: 434.4 MiB)
[2024-09-30T11:30:35.528+0000] {spark_submit.py:490} INFO - 24/09/30 11:30:35 INFO SparkContext: Created broadcast 0 from broadcast at DAGScheduler.scala:1433
[2024-09-30T11:30:35.558+0000] {spark_submit.py:490} INFO - 24/09/30 11:30:35 INFO DAGScheduler: Submitting 1 missing tasks from ResultStage 0 (MapPartitionsRDD[1] at parquet at NativeMethodAccessorImpl.java:0) (first 15 tasks are for partitions Vector(0))
[2024-09-30T11:30:35.560+0000] {spark_submit.py:490} INFO - 24/09/30 11:30:35 INFO TaskSchedulerImpl: Adding task set 0.0 with 1 tasks resource profile 0
[2024-09-30T11:30:50.592+0000] {spark_submit.py:490} INFO - 24/09/30 11:30:50 WARN TaskSchedulerImpl: Initial job has not accepted any resources; check your cluster UI to ensure that workers are registered and have sufficient resources
[2024-09-30T11:31:01.311+0000] {spark_submit.py:490} INFO - 24/09/30 11:31:01 INFO StandaloneAppClient$ClientEndpoint: Executor added: app-20240930113031-0017/0 on worker-20240930112313-172.18.0.7-33165 (172.18.0.7:33165) with 4 core(s)
[2024-09-30T11:31:01.327+0000] {spark_submit.py:490} INFO - 24/09/30 11:31:01 INFO StandaloneSchedulerBackend: Granted executor ID app-20240930113031-0017/0 on hostPort 172.18.0.7:33165 with 4 core(s), 1024.0 MiB RAM
[2024-09-30T11:31:01.443+0000] {spark_submit.py:490} INFO - 24/09/30 11:31:01 INFO StandaloneAppClient$ClientEndpoint: Executor updated: app-20240930113031-0017/0 is now RUNNING
[2024-09-30T11:31:05.589+0000] {spark_submit.py:490} INFO - 24/09/30 11:31:05 WARN TaskSchedulerImpl: Initial job has not accepted any resources; check your cluster UI to ensure that workers are registered and have sufficient resources
[2024-09-30T11:31:05.644+0000] {spark_submit.py:490} INFO - 24/09/30 11:31:05 INFO CoarseGrainedSchedulerBackend$DriverEndpoint: Registered executor NettyRpcEndpointRef(spark-client://Executor) (172.18.0.7:47224) with ID 0,  ResourceProfileId 0
[2024-09-30T11:31:05.944+0000] {spark_submit.py:490} INFO - 24/09/30 11:31:05 INFO BlockManagerMasterEndpoint: Registering block manager 172.18.0.7:45325 with 434.4 MiB RAM, BlockManagerId(0, 172.18.0.7, 45325, None)
[2024-09-30T11:31:06.041+0000] {spark_submit.py:490} INFO - 24/09/30 11:31:06 INFO TaskSetManager: Starting task 0.0 in stage 0.0 (TID 0) (172.18.0.7, executor 0, partition 0, PROCESS_LOCAL, 4732 bytes) taskResourceAssignments Map()
[2024-09-30T11:31:06.478+0000] {spark_submit.py:490} INFO - 24/09/30 11:31:06 INFO BlockManagerInfo: Added broadcast_0_piece0 in memory on 172.18.0.7:45325 (size: 29.8 KiB, free: 434.4 MiB)
[2024-09-30T11:31:08.131+0000] {spark_submit.py:490} INFO - 24/09/30 11:31:08 INFO TaskSetManager: Finished task 0.0 in stage 0.0 (TID 0) in 2108 ms on 172.18.0.7 (executor 0) (1/1)
[2024-09-30T11:31:08.134+0000] {spark_submit.py:490} INFO - 24/09/30 11:31:08 INFO TaskSchedulerImpl: Removed TaskSet 0.0, whose tasks have all completed, from pool
[2024-09-30T11:31:08.143+0000] {spark_submit.py:490} INFO - 24/09/30 11:31:08 INFO DAGScheduler: ResultStage 0 (parquet at NativeMethodAccessorImpl.java:0) finished in 32.803 s
[2024-09-30T11:31:08.147+0000] {spark_submit.py:490} INFO - 24/09/30 11:31:08 INFO DAGScheduler: Job 0 is finished. Cancelling potential speculative or zombie tasks for this job
[2024-09-30T11:31:08.149+0000] {spark_submit.py:490} INFO - 24/09/30 11:31:08 INFO TaskSchedulerImpl: Killing all running tasks in stage 0: Stage finished
[2024-09-30T11:31:08.153+0000] {spark_submit.py:490} INFO - 24/09/30 11:31:08 INFO DAGScheduler: Job 0 finished: parquet at NativeMethodAccessorImpl.java:0, took 32.898932 s
[2024-09-30T11:31:08.645+0000] {spark_submit.py:490} INFO - 24/09/30 11:31:08 INFO BlockManagerInfo: Removed broadcast_0_piece0 on 774e6edce74f:45349 in memory (size: 29.8 KiB, free: 434.4 MiB)
[2024-09-30T11:31:08.658+0000] {spark_submit.py:490} INFO - 24/09/30 11:31:08 INFO BlockManagerInfo: Removed broadcast_0_piece0 on 172.18.0.7:45325 in memory (size: 29.8 KiB, free: 434.4 MiB)
[2024-09-30T11:31:10.458+0000] {spark_submit.py:490} INFO - 24/09/30 11:31:10 INFO HiveConf: Found configuration file null
[2024-09-30T11:31:10.477+0000] {spark_submit.py:490} INFO - 24/09/30 11:31:10 INFO HiveUtils: Initializing HiveMetastoreConnection version 2.3.7 using Spark classes.
[2024-09-30T11:31:11.365+0000] {spark_submit.py:490} INFO - 24/09/30 11:31:11 INFO SessionState: Created HDFS directory: hdfs://namenode:8020/opt/hive/scratch_dir/default/5a03dc56-1142-4711-ac83-d6fdf08a7b96
[2024-09-30T11:31:11.388+0000] {spark_submit.py:490} INFO - 24/09/30 11:31:11 INFO SessionState: Created local directory: /tmp/default/5a03dc56-1142-4711-ac83-d6fdf08a7b96
[2024-09-30T11:31:11.410+0000] {spark_submit.py:490} INFO - 24/09/30 11:31:11 INFO SessionState: Created HDFS directory: hdfs://namenode:8020/opt/hive/scratch_dir/default/5a03dc56-1142-4711-ac83-d6fdf08a7b96/_tmp_space.db
[2024-09-30T11:31:11.423+0000] {spark_submit.py:490} INFO - 24/09/30 11:31:11 INFO HiveClientImpl: Warehouse location for Hive client (version 2.3.7) is /user/hive/warehouse
[2024-09-30T11:31:12.074+0000] {spark_submit.py:490} INFO - 24/09/30 11:31:12 INFO metastore: Trying to connect to metastore with URI thrift://hive-metastore:9083
[2024-09-30T11:31:12.105+0000] {spark_submit.py:490} INFO - 24/09/30 11:31:12 INFO metastore: Opened a connection to metastore, current connections: 1
[2024-09-30T11:31:12.141+0000] {spark_submit.py:490} INFO - 24/09/30 11:31:12 INFO metastore: Connected to metastore.
[2024-09-30T11:31:13.661+0000] {spark_submit.py:490} INFO - 24/09/30 11:31:13 INFO CodeGenerator: Code generated in 387.482171 ms
[2024-09-30T11:31:14.374+0000] {spark_submit.py:490} INFO - 24/09/30 11:31:14 INFO CodeGenerator: Code generated in 25.436978 ms
[2024-09-30T11:31:14.440+0000] {spark_submit.py:490} INFO - 24/09/30 11:31:14 INFO SparkContext: Starting job: hasNext at NativeMethodAccessorImpl.java:0
[2024-09-30T11:31:14.445+0000] {spark_submit.py:490} INFO - 24/09/30 11:31:14 INFO DAGScheduler: Got job 1 (hasNext at NativeMethodAccessorImpl.java:0) with 1 output partitions
[2024-09-30T11:31:14.446+0000] {spark_submit.py:490} INFO - 24/09/30 11:31:14 INFO DAGScheduler: Final stage: ResultStage 1 (hasNext at NativeMethodAccessorImpl.java:0)
[2024-09-30T11:31:14.446+0000] {spark_submit.py:490} INFO - 24/09/30 11:31:14 INFO DAGScheduler: Parents of final stage: List()
[2024-09-30T11:31:14.446+0000] {spark_submit.py:490} INFO - 24/09/30 11:31:14 INFO DAGScheduler: Missing parents: List()
[2024-09-30T11:31:14.446+0000] {spark_submit.py:490} INFO - 24/09/30 11:31:14 INFO DAGScheduler: Submitting ResultStage 1 (MapPartitionsRDD[5] at toLocalIterator at NativeMethodAccessorImpl.java:0), which has no missing parents
[2024-09-30T11:31:14.471+0000] {spark_submit.py:490} INFO - 24/09/30 11:31:14 INFO MemoryStore: Block broadcast_1 stored as values in memory (estimated size 4.6 KiB, free 434.4 MiB)
[2024-09-30T11:31:14.487+0000] {spark_submit.py:490} INFO - 24/09/30 11:31:14 INFO MemoryStore: Block broadcast_1_piece0 stored as bytes in memory (estimated size 2.5 KiB, free 434.4 MiB)
[2024-09-30T11:31:14.489+0000] {spark_submit.py:490} INFO - 24/09/30 11:31:14 INFO BlockManagerInfo: Added broadcast_1_piece0 in memory on 774e6edce74f:45349 (size: 2.5 KiB, free: 434.4 MiB)
[2024-09-30T11:31:14.492+0000] {spark_submit.py:490} INFO - 24/09/30 11:31:14 INFO SparkContext: Created broadcast 1 from broadcast at DAGScheduler.scala:1433
[2024-09-30T11:31:14.495+0000] {spark_submit.py:490} INFO - 24/09/30 11:31:14 INFO DAGScheduler: Submitting 1 missing tasks from ResultStage 1 (MapPartitionsRDD[5] at toLocalIterator at NativeMethodAccessorImpl.java:0) (first 15 tasks are for partitions Vector(0))
[2024-09-30T11:31:14.495+0000] {spark_submit.py:490} INFO - 24/09/30 11:31:14 INFO TaskSchedulerImpl: Adding task set 1.0 with 1 tasks resource profile 0
[2024-09-30T11:31:14.504+0000] {spark_submit.py:490} INFO - 24/09/30 11:31:14 INFO TaskSetManager: Starting task 0.0 in stage 1.0 (TID 1) (172.18.0.7, executor 0, partition 0, PROCESS_LOCAL, 4713 bytes) taskResourceAssignments Map()
[2024-09-30T11:31:14.606+0000] {spark_submit.py:490} INFO - 24/09/30 11:31:14 INFO BlockManagerInfo: Added broadcast_1_piece0 in memory on 172.18.0.7:45325 (size: 2.5 KiB, free: 434.4 MiB)
[2024-09-30T11:31:14.800+0000] {spark_submit.py:490} INFO - 24/09/30 11:31:14 INFO TaskSetManager: Finished task 0.0 in stage 1.0 (TID 1) in 296 ms on 172.18.0.7 (executor 0) (1/1)
[2024-09-30T11:31:14.801+0000] {spark_submit.py:490} INFO - 24/09/30 11:31:14 INFO TaskSchedulerImpl: Removed TaskSet 1.0, whose tasks have all completed, from pool
[2024-09-30T11:31:14.804+0000] {spark_submit.py:490} INFO - 24/09/30 11:31:14 INFO DAGScheduler: ResultStage 1 (hasNext at NativeMethodAccessorImpl.java:0) finished in 0.355 s
[2024-09-30T11:31:14.804+0000] {spark_submit.py:490} INFO - 24/09/30 11:31:14 INFO DAGScheduler: Job 1 is finished. Cancelling potential speculative or zombie tasks for this job
[2024-09-30T11:31:14.804+0000] {spark_submit.py:490} INFO - 24/09/30 11:31:14 INFO TaskSchedulerImpl: Killing all running tasks in stage 1: Stage finished
[2024-09-30T11:31:14.805+0000] {spark_submit.py:490} INFO - 24/09/30 11:31:14 INFO DAGScheduler: Job 1 finished: hasNext at NativeMethodAccessorImpl.java:0, took 0.363641 s
[2024-09-30T11:31:14.869+0000] {spark_submit.py:490} INFO - 24/09/30 11:31:14 INFO CodeGenerator: Code generated in 28.135154 ms
[2024-09-30T11:31:15.350+0000] {spark_submit.py:490} INFO - 24/09/30 11:31:15 INFO DataSourceStrategy: Pruning directories with:
[2024-09-30T11:31:15.352+0000] {spark_submit.py:490} INFO - 24/09/30 11:31:15 INFO FileSourceStrategy: Pushed Filters:
[2024-09-30T11:31:15.354+0000] {spark_submit.py:490} INFO - 24/09/30 11:31:15 INFO FileSourceStrategy: Post-Scan Filters:
[2024-09-30T11:31:15.357+0000] {spark_submit.py:490} INFO - 24/09/30 11:31:15 INFO FileSourceStrategy: Output Data Schema: struct<collection_id: string, new_positive_cases: int, collection_date: timestamp ... 1 more fields>
[2024-09-30T11:31:15.511+0000] {spark_submit.py:490} INFO - 24/09/30 11:31:15 INFO ParquetFileFormat: Using default output committer for Parquet: org.apache.parquet.hadoop.ParquetOutputCommitter
[2024-09-30T11:31:15.563+0000] {spark_submit.py:490} INFO - 24/09/30 11:31:15 INFO BlockManagerInfo: Removed broadcast_1_piece0 on 774e6edce74f:45349 in memory (size: 2.5 KiB, free: 434.4 MiB)
[2024-09-30T11:31:15.572+0000] {spark_submit.py:490} INFO - 24/09/30 11:31:15 INFO BlockManagerInfo: Removed broadcast_1_piece0 on 172.18.0.7:45325 in memory (size: 2.5 KiB, free: 434.4 MiB)
[2024-09-30T11:31:15.584+0000] {spark_submit.py:490} INFO - 24/09/30 11:31:15 INFO FileOutputCommitter: File Output Committer Algorithm version is 1
[2024-09-30T11:31:15.585+0000] {spark_submit.py:490} INFO - 24/09/30 11:31:15 INFO FileOutputCommitter: FileOutputCommitter skip cleanup _temporary folders under output directory:false, ignore cleanup failures: false
[2024-09-30T11:31:15.588+0000] {spark_submit.py:490} INFO - 24/09/30 11:31:15 INFO SQLHadoopMapReduceCommitProtocol: Using user defined output committer class org.apache.parquet.hadoop.ParquetOutputCommitter
[2024-09-30T11:31:15.588+0000] {spark_submit.py:490} INFO - 24/09/30 11:31:15 INFO FileOutputCommitter: File Output Committer Algorithm version is 1
[2024-09-30T11:31:15.589+0000] {spark_submit.py:490} INFO - 24/09/30 11:31:15 INFO FileOutputCommitter: FileOutputCommitter skip cleanup _temporary folders under output directory:false, ignore cleanup failures: false
[2024-09-30T11:31:15.592+0000] {spark_submit.py:490} INFO - 24/09/30 11:31:15 INFO SQLHadoopMapReduceCommitProtocol: Using output committer class org.apache.parquet.hadoop.ParquetOutputCommitter
[2024-09-30T11:31:15.702+0000] {spark_submit.py:490} INFO - 24/09/30 11:31:15 INFO CodeGenerator: Code generated in 50.743268 ms
[2024-09-30T11:31:15.745+0000] {spark_submit.py:490} INFO - 24/09/30 11:31:15 INFO MemoryStore: Block broadcast_2 stored as values in memory (estimated size 177.0 KiB, free 434.2 MiB)
[2024-09-30T11:31:15.765+0000] {spark_submit.py:490} INFO - 24/09/30 11:31:15 INFO MemoryStore: Block broadcast_2_piece0 stored as bytes in memory (estimated size 28.3 KiB, free 434.2 MiB)
[2024-09-30T11:31:15.767+0000] {spark_submit.py:490} INFO - 24/09/30 11:31:15 INFO BlockManagerInfo: Added broadcast_2_piece0 in memory on 774e6edce74f:45349 (size: 28.3 KiB, free: 434.4 MiB)
[2024-09-30T11:31:15.773+0000] {spark_submit.py:490} INFO - 24/09/30 11:31:15 INFO SparkContext: Created broadcast 2 from saveAsTable at NativeMethodAccessorImpl.java:0
[2024-09-30T11:31:15.795+0000] {spark_submit.py:490} INFO - 24/09/30 11:31:15 INFO FileSourceScanExec: Planning scan with bin packing, max size: 4194304 bytes, open cost is considered as scanning 4194304 bytes.
[2024-09-30T11:31:15.908+0000] {spark_submit.py:490} INFO - 24/09/30 11:31:15 INFO SparkContext: Starting job: saveAsTable at NativeMethodAccessorImpl.java:0
[2024-09-30T11:31:15.919+0000] {spark_submit.py:490} INFO - 24/09/30 11:31:15 INFO DAGScheduler: Got job 2 (saveAsTable at NativeMethodAccessorImpl.java:0) with 1 output partitions
[2024-09-30T11:31:15.920+0000] {spark_submit.py:490} INFO - 24/09/30 11:31:15 INFO DAGScheduler: Final stage: ResultStage 2 (saveAsTable at NativeMethodAccessorImpl.java:0)
[2024-09-30T11:31:15.922+0000] {spark_submit.py:490} INFO - 24/09/30 11:31:15 INFO DAGScheduler: Parents of final stage: List()
[2024-09-30T11:31:15.923+0000] {spark_submit.py:490} INFO - 24/09/30 11:31:15 INFO DAGScheduler: Missing parents: List()
[2024-09-30T11:31:15.923+0000] {spark_submit.py:490} INFO - 24/09/30 11:31:15 INFO DAGScheduler: Submitting ResultStage 2 (MapPartitionsRDD[10] at saveAsTable at NativeMethodAccessorImpl.java:0), which has no missing parents
[2024-09-30T11:31:16.123+0000] {spark_submit.py:490} INFO - 24/09/30 11:31:16 INFO MemoryStore: Block broadcast_3 stored as values in memory (estimated size 182.8 KiB, free 434.0 MiB)
[2024-09-30T11:31:16.136+0000] {spark_submit.py:490} INFO - 24/09/30 11:31:16 INFO MemoryStore: Block broadcast_3_piece0 stored as bytes in memory (estimated size 65.6 KiB, free 434.0 MiB)
[2024-09-30T11:31:16.137+0000] {spark_submit.py:490} INFO - 24/09/30 11:31:16 INFO BlockManagerInfo: Added broadcast_3_piece0 in memory on 774e6edce74f:45349 (size: 65.6 KiB, free: 434.3 MiB)
[2024-09-30T11:31:16.137+0000] {spark_submit.py:490} INFO - 24/09/30 11:31:16 INFO SparkContext: Created broadcast 3 from broadcast at DAGScheduler.scala:1433
[2024-09-30T11:31:16.137+0000] {spark_submit.py:490} INFO - 24/09/30 11:31:16 INFO DAGScheduler: Submitting 1 missing tasks from ResultStage 2 (MapPartitionsRDD[10] at saveAsTable at NativeMethodAccessorImpl.java:0) (first 15 tasks are for partitions Vector(0))
[2024-09-30T11:31:16.137+0000] {spark_submit.py:490} INFO - 24/09/30 11:31:16 INFO TaskSchedulerImpl: Adding task set 2.0 with 1 tasks resource profile 0
[2024-09-30T11:31:16.167+0000] {spark_submit.py:490} INFO - 24/09/30 11:31:16 INFO TaskSetManager: Starting task 0.0 in stage 2.0 (TID 2) (172.18.0.7, executor 0, partition 0, ANY, 5048 bytes) taskResourceAssignments Map()
[2024-09-30T11:31:16.257+0000] {spark_submit.py:490} INFO - 24/09/30 11:31:16 INFO BlockManagerInfo: Added broadcast_3_piece0 in memory on 172.18.0.7:45325 (size: 65.6 KiB, free: 434.3 MiB)
[2024-09-30T11:31:18.519+0000] {spark_submit.py:490} INFO - 24/09/30 11:31:18 INFO BlockManagerInfo: Added broadcast_2_piece0 in memory on 172.18.0.7:45325 (size: 28.3 KiB, free: 434.3 MiB)
[2024-09-30T11:31:20.450+0000] {spark_submit.py:490} INFO - 24/09/30 11:31:20 INFO TaskSetManager: Finished task 0.0 in stage 2.0 (TID 2) in 4296 ms on 172.18.0.7 (executor 0) (1/1)
[2024-09-30T11:31:20.454+0000] {spark_submit.py:490} INFO - 24/09/30 11:31:20 INFO TaskSchedulerImpl: Removed TaskSet 2.0, whose tasks have all completed, from pool
[2024-09-30T11:31:20.455+0000] {spark_submit.py:490} INFO - 24/09/30 11:31:20 INFO DAGScheduler: ResultStage 2 (saveAsTable at NativeMethodAccessorImpl.java:0) finished in 4.513 s
[2024-09-30T11:31:20.455+0000] {spark_submit.py:490} INFO - 24/09/30 11:31:20 INFO DAGScheduler: Job 2 is finished. Cancelling potential speculative or zombie tasks for this job
[2024-09-30T11:31:20.455+0000] {spark_submit.py:490} INFO - 24/09/30 11:31:20 INFO TaskSchedulerImpl: Killing all running tasks in stage 2: Stage finished
[2024-09-30T11:31:20.461+0000] {spark_submit.py:490} INFO - 24/09/30 11:31:20 INFO DAGScheduler: Job 2 finished: saveAsTable at NativeMethodAccessorImpl.java:0, took 4.551597 s
[2024-09-30T11:31:20.691+0000] {spark_submit.py:490} INFO - 24/09/30 11:31:20 INFO FileFormatWriter: Write Job 01e0656f-b045-4e96-8e02-419e72d2b012 committed.
[2024-09-30T11:31:20.706+0000] {spark_submit.py:490} INFO - 24/09/30 11:31:20 INFO FileFormatWriter: Finished processing stats for write job 01e0656f-b045-4e96-8e02-419e72d2b012.
[2024-09-30T11:31:20.787+0000] {spark_submit.py:490} INFO - 24/09/30 11:31:20 INFO InMemoryFileIndex: It took 26 ms to list leaf files for 1 paths.
[2024-09-30T11:31:20.884+0000] {spark_submit.py:490} INFO - 24/09/30 11:31:20 INFO HiveExternalCatalog: Persisting file based data source table `default`.`cases` into Hive metastore in Hive compatible format.
[2024-09-30T11:31:20.931+0000] {spark_submit.py:490} INFO - 24/09/30 11:31:20 INFO SQLStdHiveAccessController: Created SQLStdHiveAccessController for session context : HiveAuthzSessionContext [sessionString=5a03dc56-1142-4711-ac83-d6fdf08a7b96, clientType=HIVECLI]
[2024-09-30T11:31:20.936+0000] {spark_submit.py:490} INFO - 24/09/30 11:31:20 WARN SessionState: METASTORE_FILTER_HOOK will be ignored, since hive.security.authorization.manager is set to instance of HiveAuthorizerFactory.
[2024-09-30T11:31:20.936+0000] {spark_submit.py:490} INFO - 24/09/30 11:31:20 INFO metastore: Mestastore configuration hive.metastore.filter.hook changed from org.apache.hadoop.hive.metastore.DefaultMetaStoreFilterHookImpl to org.apache.hadoop.hive.ql.security.authorization.plugin.AuthorizationMetaStoreFilterHook
[2024-09-30T11:31:20.967+0000] {spark_submit.py:490} INFO - 24/09/30 11:31:20 INFO metastore: Closed a connection to metastore, current connections: 0
[2024-09-30T11:31:20.971+0000] {spark_submit.py:490} INFO - 24/09/30 11:31:20 INFO metastore: Trying to connect to metastore with URI thrift://hive-metastore:9083
[2024-09-30T11:31:20.972+0000] {spark_submit.py:490} INFO - 24/09/30 11:31:20 INFO metastore: Opened a connection to metastore, current connections: 1
[2024-09-30T11:31:20.976+0000] {spark_submit.py:490} INFO - 24/09/30 11:31:20 INFO metastore: Connected to metastore.
[2024-09-30T11:31:21.060+0000] {spark_submit.py:490} INFO - 24/09/30 11:31:21 INFO metastore: Trying to connect to metastore with URI thrift://hive-metastore:9083
[2024-09-30T11:31:21.063+0000] {spark_submit.py:490} INFO - 24/09/30 11:31:21 INFO metastore: Opened a connection to metastore, current connections: 2
[2024-09-30T11:31:21.066+0000] {spark_submit.py:490} INFO - 24/09/30 11:31:21 INFO metastore: Connected to metastore.
[2024-09-30T11:31:21.206+0000] {spark_submit.py:490} INFO - 24/09/30 11:31:21 INFO AlterTableRecoverPartitionsCommand: Recover all the partitions in hdfs://namenode:8020/opt/hive/data/warehouse/cases
[2024-09-30T11:31:21.230+0000] {spark_submit.py:490} INFO - 24/09/30 11:31:21 INFO AlterTableRecoverPartitionsCommand: Found 1 partitions in hdfs://namenode:8020/opt/hive/data/warehouse/cases
[2024-09-30T11:31:21.235+0000] {spark_submit.py:490} INFO - 24/09/30 11:31:21 INFO AlterTableRecoverPartitionsCommand: Finished to gather the fast stats for all 1 partitions.
[2024-09-30T11:31:21.750+0000] {spark_submit.py:490} INFO - 24/09/30 11:31:21 INFO AlterTableRecoverPartitionsCommand: Recovered all partitions (1).
[2024-09-30T11:31:21.884+0000] {spark_submit.py:490} INFO - 24/09/30 11:31:21 INFO SparkContext: Invoking stop() from shutdown hook
[2024-09-30T11:31:21.903+0000] {spark_submit.py:490} INFO - 24/09/30 11:31:21 INFO SparkUI: Stopped Spark web UI at http://774e6edce74f:4041
[2024-09-30T11:31:21.909+0000] {spark_submit.py:490} INFO - 24/09/30 11:31:21 INFO StandaloneSchedulerBackend: Shutting down all executors
[2024-09-30T11:31:21.912+0000] {spark_submit.py:490} INFO - 24/09/30 11:31:21 INFO CoarseGrainedSchedulerBackend$DriverEndpoint: Asking each executor to shut down
[2024-09-30T11:31:21.980+0000] {spark_submit.py:490} INFO - 24/09/30 11:31:21 INFO MapOutputTrackerMasterEndpoint: MapOutputTrackerMasterEndpoint stopped!
[2024-09-30T11:31:22.017+0000] {spark_submit.py:490} INFO - 24/09/30 11:31:22 INFO MemoryStore: MemoryStore cleared
[2024-09-30T11:31:22.023+0000] {spark_submit.py:490} INFO - 24/09/30 11:31:22 INFO BlockManager: BlockManager stopped
[2024-09-30T11:31:22.043+0000] {spark_submit.py:490} INFO - 24/09/30 11:31:22 INFO BlockManagerMaster: BlockManagerMaster stopped
[2024-09-30T11:31:22.050+0000] {spark_submit.py:490} INFO - 24/09/30 11:31:22 INFO OutputCommitCoordinator$OutputCommitCoordinatorEndpoint: OutputCommitCoordinator stopped!
[2024-09-30T11:31:22.088+0000] {spark_submit.py:490} INFO - 24/09/30 11:31:22 INFO SparkContext: Successfully stopped SparkContext
[2024-09-30T11:31:22.089+0000] {spark_submit.py:490} INFO - 24/09/30 11:31:22 INFO ShutdownHookManager: Shutdown hook called
[2024-09-30T11:31:22.089+0000] {spark_submit.py:490} INFO - 24/09/30 11:31:22 INFO ShutdownHookManager: Deleting directory /tmp/spark-689f5987-1885-4604-9b63-cc347df9160a
[2024-09-30T11:31:22.099+0000] {spark_submit.py:490} INFO - 24/09/30 11:31:22 INFO ShutdownHookManager: Deleting directory /tmp/spark-828bcb55-70ca-4487-8dc9-55f032b12133
[2024-09-30T11:31:22.107+0000] {spark_submit.py:490} INFO - 24/09/30 11:31:22 INFO ShutdownHookManager: Deleting directory /tmp/spark-689f5987-1885-4604-9b63-cc347df9160a/pyspark-28fcd967-9517-4d1a-a557-4ff78d176e8f
[2024-09-30T11:31:22.484+0000] {taskinstance.py:1327} INFO - Marking task as SUCCESS. dag_id=get_cases_data, task_id=save_to_warehouse, execution_date=20221228T000000, start_date=20240930T113023, end_date=20240930T113122
[2024-09-30T11:31:22.593+0000] {local_task_job.py:159} INFO - Task exited with return code 0
[2024-09-30T11:31:22.659+0000] {taskinstance.py:2582} INFO - 1 downstream tasks scheduled from follow-on schedule check
