[2024-09-30T11:33:29.074+0000] {taskinstance.py:1087} INFO - Dependencies all met for <TaskInstance: get_cases_data.save_to_warehouse scheduled__2023-01-01T00:00:00+00:00 [queued]>
[2024-09-30T11:33:29.113+0000] {taskinstance.py:1087} INFO - Dependencies all met for <TaskInstance: get_cases_data.save_to_warehouse scheduled__2023-01-01T00:00:00+00:00 [queued]>
[2024-09-30T11:33:29.114+0000] {taskinstance.py:1283} INFO - 
--------------------------------------------------------------------------------
[2024-09-30T11:33:29.114+0000] {taskinstance.py:1284} INFO - Starting attempt 1 of 1
[2024-09-30T11:33:29.114+0000] {taskinstance.py:1285} INFO - 
--------------------------------------------------------------------------------
[2024-09-30T11:33:29.170+0000] {taskinstance.py:1304} INFO - Executing <Task(SparkSubmitOperator): save_to_warehouse> on 2023-01-01 00:00:00+00:00
[2024-09-30T11:33:29.187+0000] {standard_task_runner.py:55} INFO - Started process 4998 to run task
[2024-09-30T11:33:29.196+0000] {standard_task_runner.py:82} INFO - Running: ['***', 'tasks', 'run', 'get_cases_data', 'save_to_warehouse', 'scheduled__2023-01-01T00:00:00+00:00', '--job-id', '45', '--raw', '--subdir', 'DAGS_FOLDER/get_cases_data.py', '--cfg-path', '/tmp/tmp32yzjw4p']
[2024-09-30T11:33:29.199+0000] {standard_task_runner.py:83} INFO - Job 45: Subtask save_to_warehouse
[2024-09-30T11:33:29.335+0000] {task_command.py:389} INFO - Running <TaskInstance: get_cases_data.save_to_warehouse scheduled__2023-01-01T00:00:00+00:00 [running]> on host 774e6edce74f
[2024-09-30T11:33:29.534+0000] {taskinstance.py:1513} INFO - Exporting the following env vars:
AIRFLOW_CTX_DAG_OWNER=***
AIRFLOW_CTX_DAG_ID=get_cases_data
AIRFLOW_CTX_TASK_ID=save_to_warehouse
AIRFLOW_CTX_EXECUTION_DATE=2023-01-01T00:00:00+00:00
AIRFLOW_CTX_TRY_NUMBER=1
AIRFLOW_CTX_DAG_RUN_ID=scheduled__2023-01-01T00:00:00+00:00
[2024-09-30T11:33:29.538+0000] {base.py:73} INFO - Using connection ID 'spark_connection' for task execution.
[2024-09-30T11:33:29.540+0000] {spark_submit.py:339} INFO - Spark-Submit cmd: spark-submit --master spark://spark-master:7077 --name save_to_warehouse --verbose /usr/local/spark/app/save_to_warehouse.py
[2024-09-30T11:33:32.993+0000] {spark_submit.py:490} INFO - Using properties file: null
[2024-09-30T11:33:33.263+0000] {spark_submit.py:490} INFO - WARNING: An illegal reflective access operation has occurred
[2024-09-30T11:33:33.263+0000] {spark_submit.py:490} INFO - WARNING: Illegal reflective access by org.apache.spark.unsafe.Platform (file:/home/***/.local/lib/python3.7/site-packages/pyspark/jars/spark-unsafe_2.12-3.1.3.jar) to constructor java.nio.DirectByteBuffer(long,int)
[2024-09-30T11:33:33.263+0000] {spark_submit.py:490} INFO - WARNING: Please consider reporting this to the maintainers of org.apache.spark.unsafe.Platform
[2024-09-30T11:33:33.264+0000] {spark_submit.py:490} INFO - WARNING: Use --illegal-access=warn to enable warnings of further illegal reflective access operations
[2024-09-30T11:33:33.264+0000] {spark_submit.py:490} INFO - WARNING: All illegal access operations will be denied in a future release
[2024-09-30T11:33:33.419+0000] {spark_submit.py:490} INFO - Parsed arguments:
[2024-09-30T11:33:33.421+0000] {spark_submit.py:490} INFO - master                  spark://spark-master:7077
[2024-09-30T11:33:33.421+0000] {spark_submit.py:490} INFO - deployMode              null
[2024-09-30T11:33:33.421+0000] {spark_submit.py:490} INFO - executorMemory          null
[2024-09-30T11:33:33.421+0000] {spark_submit.py:490} INFO - executorCores           null
[2024-09-30T11:33:33.421+0000] {spark_submit.py:490} INFO - totalExecutorCores      null
[2024-09-30T11:33:33.421+0000] {spark_submit.py:490} INFO - propertiesFile          null
[2024-09-30T11:33:33.421+0000] {spark_submit.py:490} INFO - driverMemory            null
[2024-09-30T11:33:33.421+0000] {spark_submit.py:490} INFO - driverCores             null
[2024-09-30T11:33:33.422+0000] {spark_submit.py:490} INFO - driverExtraClassPath    null
[2024-09-30T11:33:33.422+0000] {spark_submit.py:490} INFO - driverExtraLibraryPath  null
[2024-09-30T11:33:33.422+0000] {spark_submit.py:490} INFO - driverExtraJavaOptions  null
[2024-09-30T11:33:33.422+0000] {spark_submit.py:490} INFO - supervise               false
[2024-09-30T11:33:33.422+0000] {spark_submit.py:490} INFO - queue                   null
[2024-09-30T11:33:33.422+0000] {spark_submit.py:490} INFO - numExecutors            null
[2024-09-30T11:33:33.423+0000] {spark_submit.py:490} INFO - files                   null
[2024-09-30T11:33:33.424+0000] {spark_submit.py:490} INFO - pyFiles                 null
[2024-09-30T11:33:33.424+0000] {spark_submit.py:490} INFO - archives                null
[2024-09-30T11:33:33.424+0000] {spark_submit.py:490} INFO - mainClass               null
[2024-09-30T11:33:33.424+0000] {spark_submit.py:490} INFO - primaryResource         file:/usr/local/spark/app/save_to_warehouse.py
[2024-09-30T11:33:33.424+0000] {spark_submit.py:490} INFO - name                    save_to_warehouse
[2024-09-30T11:33:33.431+0000] {spark_submit.py:490} INFO - childArgs               []
[2024-09-30T11:33:33.431+0000] {spark_submit.py:490} INFO - jars                    null
[2024-09-30T11:33:33.431+0000] {spark_submit.py:490} INFO - packages                null
[2024-09-30T11:33:33.431+0000] {spark_submit.py:490} INFO - packagesExclusions      null
[2024-09-30T11:33:33.432+0000] {spark_submit.py:490} INFO - repositories            null
[2024-09-30T11:33:33.432+0000] {spark_submit.py:490} INFO - verbose                 true
[2024-09-30T11:33:33.432+0000] {spark_submit.py:490} INFO - 
[2024-09-30T11:33:33.432+0000] {spark_submit.py:490} INFO - Spark properties used, including those specified through
[2024-09-30T11:33:33.432+0000] {spark_submit.py:490} INFO - --conf and those from the properties file null:
[2024-09-30T11:33:33.432+0000] {spark_submit.py:490} INFO - 
[2024-09-30T11:33:33.432+0000] {spark_submit.py:490} INFO - 
[2024-09-30T11:33:33.432+0000] {spark_submit.py:490} INFO - 
[2024-09-30T11:33:34.172+0000] {spark_submit.py:490} INFO - 24/09/30 11:33:34 WARN NativeCodeLoader: Unable to load native-hadoop library for your platform... using builtin-java classes where applicable
[2024-09-30T11:33:34.910+0000] {spark_submit.py:490} INFO - Main class:
[2024-09-30T11:33:34.911+0000] {spark_submit.py:490} INFO - org.apache.spark.deploy.PythonRunner
[2024-09-30T11:33:34.917+0000] {spark_submit.py:490} INFO - Arguments:
[2024-09-30T11:33:34.919+0000] {spark_submit.py:490} INFO - file:/usr/local/spark/app/save_to_warehouse.py
[2024-09-30T11:33:34.919+0000] {spark_submit.py:490} INFO - null
[2024-09-30T11:33:34.929+0000] {spark_submit.py:490} INFO - Spark config:
[2024-09-30T11:33:34.929+0000] {spark_submit.py:490} INFO - (spark.app.name,save_to_warehouse)
[2024-09-30T11:33:34.929+0000] {spark_submit.py:490} INFO - (spark.master,spark://spark-master:7077)
[2024-09-30T11:33:34.929+0000] {spark_submit.py:490} INFO - (spark.submit.pyFiles,)
[2024-09-30T11:33:34.929+0000] {spark_submit.py:490} INFO - (spark.submit.deployMode,client)
[2024-09-30T11:33:34.929+0000] {spark_submit.py:490} INFO - Classpath elements:
[2024-09-30T11:33:34.929+0000] {spark_submit.py:490} INFO - 
[2024-09-30T11:33:34.935+0000] {spark_submit.py:490} INFO - 
[2024-09-30T11:33:34.935+0000] {spark_submit.py:490} INFO - 
[2024-09-30T11:33:36.664+0000] {spark_submit.py:490} INFO - Using Spark's default log4j profile: org/apache/spark/log4j-defaults.properties
[2024-09-30T11:33:36.678+0000] {spark_submit.py:490} INFO - 24/09/30 11:33:36 INFO SparkContext: Running Spark version 3.1.3
[2024-09-30T11:33:36.786+0000] {spark_submit.py:490} INFO - 24/09/30 11:33:36 INFO ResourceUtils: ==============================================================
[2024-09-30T11:33:36.787+0000] {spark_submit.py:490} INFO - 24/09/30 11:33:36 INFO ResourceUtils: No custom resources configured for spark.driver.
[2024-09-30T11:33:36.787+0000] {spark_submit.py:490} INFO - 24/09/30 11:33:36 INFO ResourceUtils: ==============================================================
[2024-09-30T11:33:36.787+0000] {spark_submit.py:490} INFO - 24/09/30 11:33:36 INFO SparkContext: Submitted application: save_to_warehouse
[2024-09-30T11:33:36.839+0000] {spark_submit.py:490} INFO - 24/09/30 11:33:36 INFO ResourceProfile: Default ResourceProfile created, executor resources: Map(cores -> name: cores, amount: 1, script: , vendor: , memory -> name: memory, amount: 1024, script: , vendor: , offHeap -> name: offHeap, amount: 0, script: , vendor: ), task resources: Map(cpus -> name: cpus, amount: 1.0)
[2024-09-30T11:33:36.863+0000] {spark_submit.py:490} INFO - 24/09/30 11:33:36 INFO ResourceProfile: Limiting resource is cpu
[2024-09-30T11:33:36.864+0000] {spark_submit.py:490} INFO - 24/09/30 11:33:36 INFO ResourceProfileManager: Added ResourceProfile id: 0
[2024-09-30T11:33:36.947+0000] {spark_submit.py:490} INFO - 24/09/30 11:33:36 INFO SecurityManager: Changing view acls to: default
[2024-09-30T11:33:36.948+0000] {spark_submit.py:490} INFO - 24/09/30 11:33:36 INFO SecurityManager: Changing modify acls to: default
[2024-09-30T11:33:36.948+0000] {spark_submit.py:490} INFO - 24/09/30 11:33:36 INFO SecurityManager: Changing view acls groups to:
[2024-09-30T11:33:36.948+0000] {spark_submit.py:490} INFO - 24/09/30 11:33:36 INFO SecurityManager: Changing modify acls groups to:
[2024-09-30T11:33:36.948+0000] {spark_submit.py:490} INFO - 24/09/30 11:33:36 INFO SecurityManager: SecurityManager: authentication disabled; ui acls disabled; users  with view permissions: Set(default); groups with view permissions: Set(); users  with modify permissions: Set(default); groups with modify permissions: Set()
[2024-09-30T11:33:37.410+0000] {spark_submit.py:490} INFO - 24/09/30 11:33:37 INFO Utils: Successfully started service 'sparkDriver' on port 46217.
[2024-09-30T11:33:37.446+0000] {spark_submit.py:490} INFO - 24/09/30 11:33:37 INFO SparkEnv: Registering MapOutputTracker
[2024-09-30T11:33:37.500+0000] {spark_submit.py:490} INFO - 24/09/30 11:33:37 INFO SparkEnv: Registering BlockManagerMaster
[2024-09-30T11:33:37.532+0000] {spark_submit.py:490} INFO - 24/09/30 11:33:37 INFO BlockManagerMasterEndpoint: Using org.apache.spark.storage.DefaultTopologyMapper for getting topology information
[2024-09-30T11:33:37.533+0000] {spark_submit.py:490} INFO - 24/09/30 11:33:37 INFO BlockManagerMasterEndpoint: BlockManagerMasterEndpoint up
[2024-09-30T11:33:37.540+0000] {spark_submit.py:490} INFO - 24/09/30 11:33:37 INFO SparkEnv: Registering BlockManagerMasterHeartbeat
[2024-09-30T11:33:37.564+0000] {spark_submit.py:490} INFO - 24/09/30 11:33:37 INFO DiskBlockManager: Created local directory at /tmp/blockmgr-d2f6e899-0b3d-424c-b06a-74933de15046
[2024-09-30T11:33:37.600+0000] {spark_submit.py:490} INFO - 24/09/30 11:33:37 INFO MemoryStore: MemoryStore started with capacity 434.4 MiB
[2024-09-30T11:33:37.627+0000] {spark_submit.py:490} INFO - 24/09/30 11:33:37 INFO SparkEnv: Registering OutputCommitCoordinator
[2024-09-30T11:33:38.120+0000] {spark_submit.py:490} INFO - 24/09/30 11:33:38 INFO Utils: Successfully started service 'SparkUI' on port 4040.
[2024-09-30T11:33:38.233+0000] {spark_submit.py:490} INFO - 24/09/30 11:33:38 INFO SparkUI: Bound SparkUI to 0.0.0.0, and started at http://774e6edce74f:4040
[2024-09-30T11:33:38.864+0000] {spark_submit.py:490} INFO - 24/09/30 11:33:38 INFO StandaloneAppClient$ClientEndpoint: Connecting to master spark://spark-master:7077...
[2024-09-30T11:33:38.944+0000] {spark_submit.py:490} INFO - 24/09/30 11:33:38 INFO TransportClientFactory: Successfully created connection to spark-master/172.18.0.5:7077 after 50 ms (0 ms spent in bootstraps)
[2024-09-30T11:33:39.202+0000] {spark_submit.py:490} INFO - 24/09/30 11:33:39 INFO StandaloneSchedulerBackend: Connected to Spark cluster with app ID app-20240930113339-0027
[2024-09-30T11:33:39.231+0000] {spark_submit.py:490} INFO - 24/09/30 11:33:39 INFO Utils: Successfully started service 'org.apache.spark.network.netty.NettyBlockTransferService' on port 42825.
[2024-09-30T11:33:39.231+0000] {spark_submit.py:490} INFO - 24/09/30 11:33:39 INFO NettyBlockTransferService: Server created on 774e6edce74f:42825
[2024-09-30T11:33:39.239+0000] {spark_submit.py:490} INFO - 24/09/30 11:33:39 INFO BlockManager: Using org.apache.spark.storage.RandomBlockReplicationPolicy for block replication policy
[2024-09-30T11:33:39.252+0000] {spark_submit.py:490} INFO - 24/09/30 11:33:39 INFO BlockManagerMaster: Registering BlockManager BlockManagerId(driver, 774e6edce74f, 42825, None)
[2024-09-30T11:33:39.266+0000] {spark_submit.py:490} INFO - 24/09/30 11:33:39 INFO BlockManagerMasterEndpoint: Registering block manager 774e6edce74f:42825 with 434.4 MiB RAM, BlockManagerId(driver, 774e6edce74f, 42825, None)
[2024-09-30T11:33:39.270+0000] {spark_submit.py:490} INFO - 24/09/30 11:33:39 INFO BlockManagerMaster: Registered BlockManager BlockManagerId(driver, 774e6edce74f, 42825, None)
[2024-09-30T11:33:39.276+0000] {spark_submit.py:490} INFO - 24/09/30 11:33:39 INFO BlockManager: Initialized BlockManager: BlockManagerId(driver, 774e6edce74f, 42825, None)
[2024-09-30T11:33:39.815+0000] {spark_submit.py:490} INFO - 24/09/30 11:33:39 INFO StandaloneSchedulerBackend: SchedulerBackend is ready for scheduling beginning after reached minRegisteredResourcesRatio: 0.0
[2024-09-30T11:33:40.264+0000] {spark_submit.py:490} INFO - 24/09/30 11:33:40 INFO SharedState: Setting hive.metastore.warehouse.dir ('null') to the value of spark.sql.warehouse.dir ('/user/hive/warehouse').
[2024-09-30T11:33:40.265+0000] {spark_submit.py:490} INFO - 24/09/30 11:33:40 INFO SharedState: Warehouse path is '/user/hive/warehouse'.
[2024-09-30T11:33:42.859+0000] {spark_submit.py:490} INFO - 24/09/30 11:33:42 INFO InMemoryFileIndex: It took 132 ms to list leaf files for 1 paths.
[2024-09-30T11:33:43.730+0000] {spark_submit.py:490} INFO - 24/09/30 11:33:43 INFO SparkContext: Starting job: parquet at NativeMethodAccessorImpl.java:0
[2024-09-30T11:33:43.764+0000] {spark_submit.py:490} INFO - 24/09/30 11:33:43 INFO DAGScheduler: Got job 0 (parquet at NativeMethodAccessorImpl.java:0) with 1 output partitions
[2024-09-30T11:33:43.764+0000] {spark_submit.py:490} INFO - 24/09/30 11:33:43 INFO DAGScheduler: Final stage: ResultStage 0 (parquet at NativeMethodAccessorImpl.java:0)
[2024-09-30T11:33:43.765+0000] {spark_submit.py:490} INFO - 24/09/30 11:33:43 INFO DAGScheduler: Parents of final stage: List()
[2024-09-30T11:33:43.767+0000] {spark_submit.py:490} INFO - 24/09/30 11:33:43 INFO DAGScheduler: Missing parents: List()
[2024-09-30T11:33:43.788+0000] {spark_submit.py:490} INFO - 24/09/30 11:33:43 INFO DAGScheduler: Submitting ResultStage 0 (MapPartitionsRDD[1] at parquet at NativeMethodAccessorImpl.java:0), which has no missing parents
[2024-09-30T11:33:43.945+0000] {spark_submit.py:490} INFO - 24/09/30 11:33:43 INFO MemoryStore: Block broadcast_0 stored as values in memory (estimated size 84.0 KiB, free 434.3 MiB)
[2024-09-30T11:33:44.029+0000] {spark_submit.py:490} INFO - 24/09/30 11:33:44 INFO MemoryStore: Block broadcast_0_piece0 stored as bytes in memory (estimated size 29.8 KiB, free 434.3 MiB)
[2024-09-30T11:33:44.034+0000] {spark_submit.py:490} INFO - 24/09/30 11:33:44 INFO BlockManagerInfo: Added broadcast_0_piece0 in memory on 774e6edce74f:42825 (size: 29.8 KiB, free: 434.4 MiB)
[2024-09-30T11:33:44.043+0000] {spark_submit.py:490} INFO - 24/09/30 11:33:44 INFO SparkContext: Created broadcast 0 from broadcast at DAGScheduler.scala:1433
[2024-09-30T11:33:44.070+0000] {spark_submit.py:490} INFO - 24/09/30 11:33:44 INFO DAGScheduler: Submitting 1 missing tasks from ResultStage 0 (MapPartitionsRDD[1] at parquet at NativeMethodAccessorImpl.java:0) (first 15 tasks are for partitions Vector(0))
[2024-09-30T11:33:44.072+0000] {spark_submit.py:490} INFO - 24/09/30 11:33:44 INFO TaskSchedulerImpl: Adding task set 0.0 with 1 tasks resource profile 0
[2024-09-30T11:33:59.113+0000] {spark_submit.py:490} INFO - 24/09/30 11:33:59 WARN TaskSchedulerImpl: Initial job has not accepted any resources; check your cluster UI to ensure that workers are registered and have sufficient resources
[2024-09-30T11:34:01.336+0000] {spark_submit.py:490} INFO - 24/09/30 11:34:01 INFO StandaloneAppClient$ClientEndpoint: Executor added: app-20240930113339-0027/0 on worker-20240930112313-172.18.0.7-33165 (172.18.0.7:33165) with 4 core(s)
[2024-09-30T11:34:01.347+0000] {spark_submit.py:490} INFO - 24/09/30 11:34:01 INFO StandaloneSchedulerBackend: Granted executor ID app-20240930113339-0027/0 on hostPort 172.18.0.7:33165 with 4 core(s), 1024.0 MiB RAM
[2024-09-30T11:34:01.501+0000] {spark_submit.py:490} INFO - 24/09/30 11:34:01 INFO StandaloneAppClient$ClientEndpoint: Executor updated: app-20240930113339-0027/0 is now RUNNING
[2024-09-30T11:34:05.302+0000] {spark_submit.py:490} INFO - 24/09/30 11:34:05 INFO CoarseGrainedSchedulerBackend$DriverEndpoint: Registered executor NettyRpcEndpointRef(spark-client://Executor) (172.18.0.7:60212) with ID 0,  ResourceProfileId 0
[2024-09-30T11:34:05.657+0000] {spark_submit.py:490} INFO - 24/09/30 11:34:05 INFO BlockManagerMasterEndpoint: Registering block manager 172.18.0.7:39137 with 434.4 MiB RAM, BlockManagerId(0, 172.18.0.7, 39137, None)
[2024-09-30T11:34:05.892+0000] {spark_submit.py:490} INFO - 24/09/30 11:34:05 INFO TaskSetManager: Starting task 0.0 in stage 0.0 (TID 0) (172.18.0.7, executor 0, partition 0, PROCESS_LOCAL, 4732 bytes) taskResourceAssignments Map()
[2024-09-30T11:34:06.522+0000] {spark_submit.py:490} INFO - 24/09/30 11:34:06 INFO BlockManagerInfo: Added broadcast_0_piece0 in memory on 172.18.0.7:39137 (size: 29.8 KiB, free: 434.4 MiB)
[2024-09-30T11:34:08.625+0000] {spark_submit.py:490} INFO - 24/09/30 11:34:08 INFO TaskSetManager: Finished task 0.0 in stage 0.0 (TID 0) in 2774 ms on 172.18.0.7 (executor 0) (1/1)
[2024-09-30T11:34:08.628+0000] {spark_submit.py:490} INFO - 24/09/30 11:34:08 INFO TaskSchedulerImpl: Removed TaskSet 0.0, whose tasks have all completed, from pool
[2024-09-30T11:34:08.639+0000] {spark_submit.py:490} INFO - 24/09/30 11:34:08 INFO DAGScheduler: ResultStage 0 (parquet at NativeMethodAccessorImpl.java:0) finished in 24.800 s
[2024-09-30T11:34:08.644+0000] {spark_submit.py:490} INFO - 24/09/30 11:34:08 INFO DAGScheduler: Job 0 is finished. Cancelling potential speculative or zombie tasks for this job
[2024-09-30T11:34:08.645+0000] {spark_submit.py:490} INFO - 24/09/30 11:34:08 INFO TaskSchedulerImpl: Killing all running tasks in stage 0: Stage finished
[2024-09-30T11:34:08.649+0000] {spark_submit.py:490} INFO - 24/09/30 11:34:08 INFO DAGScheduler: Job 0 finished: parquet at NativeMethodAccessorImpl.java:0, took 24.917325 s
[2024-09-30T11:34:09.457+0000] {spark_submit.py:490} INFO - 24/09/30 11:34:09 INFO BlockManagerInfo: Removed broadcast_0_piece0 on 774e6edce74f:42825 in memory (size: 29.8 KiB, free: 434.4 MiB)
[2024-09-30T11:34:09.487+0000] {spark_submit.py:490} INFO - 24/09/30 11:34:09 INFO BlockManagerInfo: Removed broadcast_0_piece0 on 172.18.0.7:39137 in memory (size: 29.8 KiB, free: 434.4 MiB)
[2024-09-30T11:34:10.963+0000] {spark_submit.py:490} INFO - 24/09/30 11:34:10 INFO HiveConf: Found configuration file null
[2024-09-30T11:34:10.985+0000] {spark_submit.py:490} INFO - 24/09/30 11:34:10 INFO HiveUtils: Initializing HiveMetastoreConnection version 2.3.7 using Spark classes.
[2024-09-30T11:34:11.711+0000] {spark_submit.py:490} INFO - 24/09/30 11:34:11 INFO SessionState: Created HDFS directory: hdfs://namenode:8020/opt/hive/scratch_dir/default/e6fb6e6d-ee26-413f-a931-082e6b5e5efc
[2024-09-30T11:34:11.741+0000] {spark_submit.py:490} INFO - 24/09/30 11:34:11 INFO SessionState: Created local directory: /tmp/default/e6fb6e6d-ee26-413f-a931-082e6b5e5efc
[2024-09-30T11:34:11.759+0000] {spark_submit.py:490} INFO - 24/09/30 11:34:11 INFO SessionState: Created HDFS directory: hdfs://namenode:8020/opt/hive/scratch_dir/default/e6fb6e6d-ee26-413f-a931-082e6b5e5efc/_tmp_space.db
[2024-09-30T11:34:11.793+0000] {spark_submit.py:490} INFO - 24/09/30 11:34:11 INFO HiveClientImpl: Warehouse location for Hive client (version 2.3.7) is /user/hive/warehouse
[2024-09-30T11:34:12.506+0000] {spark_submit.py:490} INFO - 24/09/30 11:34:12 INFO metastore: Trying to connect to metastore with URI thrift://hive-metastore:9083
[2024-09-30T11:34:12.534+0000] {spark_submit.py:490} INFO - 24/09/30 11:34:12 INFO metastore: Opened a connection to metastore, current connections: 1
[2024-09-30T11:34:12.571+0000] {spark_submit.py:490} INFO - 24/09/30 11:34:12 INFO metastore: Connected to metastore.
[2024-09-30T11:34:14.683+0000] {spark_submit.py:490} INFO - 24/09/30 11:34:14 INFO CodeGenerator: Code generated in 554.873042 ms
[2024-09-30T11:34:15.569+0000] {spark_submit.py:490} INFO - 24/09/30 11:34:15 INFO CodeGenerator: Code generated in 33.992597 ms
[2024-09-30T11:34:15.652+0000] {spark_submit.py:490} INFO - 24/09/30 11:34:15 INFO SparkContext: Starting job: hasNext at NativeMethodAccessorImpl.java:0
[2024-09-30T11:34:15.655+0000] {spark_submit.py:490} INFO - 24/09/30 11:34:15 INFO DAGScheduler: Got job 1 (hasNext at NativeMethodAccessorImpl.java:0) with 1 output partitions
[2024-09-30T11:34:15.657+0000] {spark_submit.py:490} INFO - 24/09/30 11:34:15 INFO DAGScheduler: Final stage: ResultStage 1 (hasNext at NativeMethodAccessorImpl.java:0)
[2024-09-30T11:34:15.658+0000] {spark_submit.py:490} INFO - 24/09/30 11:34:15 INFO DAGScheduler: Parents of final stage: List()
[2024-09-30T11:34:15.658+0000] {spark_submit.py:490} INFO - 24/09/30 11:34:15 INFO DAGScheduler: Missing parents: List()
[2024-09-30T11:34:15.660+0000] {spark_submit.py:490} INFO - 24/09/30 11:34:15 INFO DAGScheduler: Submitting ResultStage 1 (MapPartitionsRDD[5] at toLocalIterator at NativeMethodAccessorImpl.java:0), which has no missing parents
[2024-09-30T11:34:15.672+0000] {spark_submit.py:490} INFO - 24/09/30 11:34:15 INFO MemoryStore: Block broadcast_1 stored as values in memory (estimated size 4.6 KiB, free 434.4 MiB)
[2024-09-30T11:34:15.680+0000] {spark_submit.py:490} INFO - 24/09/30 11:34:15 INFO MemoryStore: Block broadcast_1_piece0 stored as bytes in memory (estimated size 2.5 KiB, free 434.4 MiB)
[2024-09-30T11:34:15.687+0000] {spark_submit.py:490} INFO - 24/09/30 11:34:15 INFO BlockManagerInfo: Added broadcast_1_piece0 in memory on 774e6edce74f:42825 (size: 2.5 KiB, free: 434.4 MiB)
[2024-09-30T11:34:15.688+0000] {spark_submit.py:490} INFO - 24/09/30 11:34:15 INFO SparkContext: Created broadcast 1 from broadcast at DAGScheduler.scala:1433
[2024-09-30T11:34:15.692+0000] {spark_submit.py:490} INFO - 24/09/30 11:34:15 INFO DAGScheduler: Submitting 1 missing tasks from ResultStage 1 (MapPartitionsRDD[5] at toLocalIterator at NativeMethodAccessorImpl.java:0) (first 15 tasks are for partitions Vector(0))
[2024-09-30T11:34:15.692+0000] {spark_submit.py:490} INFO - 24/09/30 11:34:15 INFO TaskSchedulerImpl: Adding task set 1.0 with 1 tasks resource profile 0
[2024-09-30T11:34:15.716+0000] {spark_submit.py:490} INFO - 24/09/30 11:34:15 INFO TaskSetManager: Starting task 0.0 in stage 1.0 (TID 1) (172.18.0.7, executor 0, partition 0, PROCESS_LOCAL, 4713 bytes) taskResourceAssignments Map()
[2024-09-30T11:34:15.830+0000] {spark_submit.py:490} INFO - 24/09/30 11:34:15 INFO BlockManagerInfo: Added broadcast_1_piece0 in memory on 172.18.0.7:39137 (size: 2.5 KiB, free: 434.4 MiB)
[2024-09-30T11:34:15.971+0000] {spark_submit.py:490} INFO - 24/09/30 11:34:15 INFO TaskSetManager: Finished task 0.0 in stage 1.0 (TID 1) in 266 ms on 172.18.0.7 (executor 0) (1/1)
[2024-09-30T11:34:15.975+0000] {spark_submit.py:490} INFO - 24/09/30 11:34:15 INFO DAGScheduler: ResultStage 1 (hasNext at NativeMethodAccessorImpl.java:0) finished in 0.311 s
[2024-09-30T11:34:15.976+0000] {spark_submit.py:490} INFO - 24/09/30 11:34:15 INFO DAGScheduler: Job 1 is finished. Cancelling potential speculative or zombie tasks for this job
[2024-09-30T11:34:15.976+0000] {spark_submit.py:490} INFO - 24/09/30 11:34:15 INFO TaskSchedulerImpl: Removed TaskSet 1.0, whose tasks have all completed, from pool
[2024-09-30T11:34:15.977+0000] {spark_submit.py:490} INFO - 24/09/30 11:34:15 INFO TaskSchedulerImpl: Killing all running tasks in stage 1: Stage finished
[2024-09-30T11:34:15.982+0000] {spark_submit.py:490} INFO - 24/09/30 11:34:15 INFO DAGScheduler: Job 1 finished: hasNext at NativeMethodAccessorImpl.java:0, took 0.325447 s
[2024-09-30T11:34:16.033+0000] {spark_submit.py:490} INFO - 24/09/30 11:34:16 INFO CodeGenerator: Code generated in 24.271808 ms
[2024-09-30T11:34:16.405+0000] {spark_submit.py:490} INFO - 24/09/30 11:34:16 INFO DataSourceStrategy: Pruning directories with:
[2024-09-30T11:34:16.409+0000] {spark_submit.py:490} INFO - 24/09/30 11:34:16 INFO FileSourceStrategy: Pushed Filters:
[2024-09-30T11:34:16.410+0000] {spark_submit.py:490} INFO - 24/09/30 11:34:16 INFO FileSourceStrategy: Post-Scan Filters:
[2024-09-30T11:34:16.414+0000] {spark_submit.py:490} INFO - 24/09/30 11:34:16 INFO FileSourceStrategy: Output Data Schema: struct<collection_id: string, new_positive_cases: int, collection_date: timestamp ... 1 more fields>
[2024-09-30T11:34:16.546+0000] {spark_submit.py:490} INFO - 24/09/30 11:34:16 INFO ParquetFileFormat: Using default output committer for Parquet: org.apache.parquet.hadoop.ParquetOutputCommitter
[2024-09-30T11:34:16.576+0000] {spark_submit.py:490} INFO - 24/09/30 11:34:16 INFO FileOutputCommitter: File Output Committer Algorithm version is 1
[2024-09-30T11:34:16.576+0000] {spark_submit.py:490} INFO - 24/09/30 11:34:16 INFO FileOutputCommitter: FileOutputCommitter skip cleanup _temporary folders under output directory:false, ignore cleanup failures: false
[2024-09-30T11:34:16.577+0000] {spark_submit.py:490} INFO - 24/09/30 11:34:16 INFO SQLHadoopMapReduceCommitProtocol: Using user defined output committer class org.apache.parquet.hadoop.ParquetOutputCommitter
[2024-09-30T11:34:16.578+0000] {spark_submit.py:490} INFO - 24/09/30 11:34:16 INFO FileOutputCommitter: File Output Committer Algorithm version is 1
[2024-09-30T11:34:16.581+0000] {spark_submit.py:490} INFO - 24/09/30 11:34:16 INFO FileOutputCommitter: FileOutputCommitter skip cleanup _temporary folders under output directory:false, ignore cleanup failures: false
[2024-09-30T11:34:16.581+0000] {spark_submit.py:490} INFO - 24/09/30 11:34:16 INFO SQLHadoopMapReduceCommitProtocol: Using output committer class org.apache.parquet.hadoop.ParquetOutputCommitter
[2024-09-30T11:34:16.671+0000] {spark_submit.py:490} INFO - 24/09/30 11:34:16 INFO CodeGenerator: Code generated in 42.09549 ms
[2024-09-30T11:34:16.697+0000] {spark_submit.py:490} INFO - 24/09/30 11:34:16 INFO MemoryStore: Block broadcast_2 stored as values in memory (estimated size 177.0 KiB, free 434.2 MiB)
[2024-09-30T11:34:16.714+0000] {spark_submit.py:490} INFO - 24/09/30 11:34:16 INFO MemoryStore: Block broadcast_2_piece0 stored as bytes in memory (estimated size 28.3 KiB, free 434.2 MiB)
[2024-09-30T11:34:16.720+0000] {spark_submit.py:490} INFO - 24/09/30 11:34:16 INFO BlockManagerInfo: Added broadcast_2_piece0 in memory on 774e6edce74f:42825 (size: 28.3 KiB, free: 434.4 MiB)
[2024-09-30T11:34:16.730+0000] {spark_submit.py:490} INFO - 24/09/30 11:34:16 INFO SparkContext: Created broadcast 2 from saveAsTable at NativeMethodAccessorImpl.java:0
[2024-09-30T11:34:16.751+0000] {spark_submit.py:490} INFO - 24/09/30 11:34:16 INFO FileSourceScanExec: Planning scan with bin packing, max size: 4194304 bytes, open cost is considered as scanning 4194304 bytes.
[2024-09-30T11:34:16.926+0000] {spark_submit.py:490} INFO - 24/09/30 11:34:16 INFO BlockManagerInfo: Removed broadcast_1_piece0 on 774e6edce74f:42825 in memory (size: 2.5 KiB, free: 434.4 MiB)
[2024-09-30T11:34:16.932+0000] {spark_submit.py:490} INFO - 24/09/30 11:34:16 INFO BlockManagerInfo: Removed broadcast_1_piece0 on 172.18.0.7:39137 in memory (size: 2.5 KiB, free: 434.4 MiB)
[2024-09-30T11:34:16.978+0000] {spark_submit.py:490} INFO - 24/09/30 11:34:16 INFO SparkContext: Starting job: saveAsTable at NativeMethodAccessorImpl.java:0
[2024-09-30T11:34:16.978+0000] {spark_submit.py:490} INFO - 24/09/30 11:34:16 INFO DAGScheduler: Got job 2 (saveAsTable at NativeMethodAccessorImpl.java:0) with 1 output partitions
[2024-09-30T11:34:16.978+0000] {spark_submit.py:490} INFO - 24/09/30 11:34:16 INFO DAGScheduler: Final stage: ResultStage 2 (saveAsTable at NativeMethodAccessorImpl.java:0)
[2024-09-30T11:34:16.978+0000] {spark_submit.py:490} INFO - 24/09/30 11:34:16 INFO DAGScheduler: Parents of final stage: List()
[2024-09-30T11:34:16.979+0000] {spark_submit.py:490} INFO - 24/09/30 11:34:16 INFO DAGScheduler: Missing parents: List()
[2024-09-30T11:34:16.982+0000] {spark_submit.py:490} INFO - 24/09/30 11:34:16 INFO DAGScheduler: Submitting ResultStage 2 (MapPartitionsRDD[10] at saveAsTable at NativeMethodAccessorImpl.java:0), which has no missing parents
[2024-09-30T11:34:17.066+0000] {spark_submit.py:490} INFO - 24/09/30 11:34:17 INFO MemoryStore: Block broadcast_3 stored as values in memory (estimated size 182.8 KiB, free 434.0 MiB)
[2024-09-30T11:34:17.069+0000] {spark_submit.py:490} INFO - 24/09/30 11:34:17 INFO MemoryStore: Block broadcast_3_piece0 stored as bytes in memory (estimated size 65.6 KiB, free 434.0 MiB)
[2024-09-30T11:34:17.071+0000] {spark_submit.py:490} INFO - 24/09/30 11:34:17 INFO BlockManagerInfo: Added broadcast_3_piece0 in memory on 774e6edce74f:42825 (size: 65.6 KiB, free: 434.3 MiB)
[2024-09-30T11:34:17.072+0000] {spark_submit.py:490} INFO - 24/09/30 11:34:17 INFO SparkContext: Created broadcast 3 from broadcast at DAGScheduler.scala:1433
[2024-09-30T11:34:17.073+0000] {spark_submit.py:490} INFO - 24/09/30 11:34:17 INFO DAGScheduler: Submitting 1 missing tasks from ResultStage 2 (MapPartitionsRDD[10] at saveAsTable at NativeMethodAccessorImpl.java:0) (first 15 tasks are for partitions Vector(0))
[2024-09-30T11:34:17.073+0000] {spark_submit.py:490} INFO - 24/09/30 11:34:17 INFO TaskSchedulerImpl: Adding task set 2.0 with 1 tasks resource profile 0
[2024-09-30T11:34:17.082+0000] {spark_submit.py:490} INFO - 24/09/30 11:34:17 INFO TaskSetManager: Starting task 0.0 in stage 2.0 (TID 2) (172.18.0.7, executor 0, partition 0, ANY, 5048 bytes) taskResourceAssignments Map()
[2024-09-30T11:34:17.140+0000] {spark_submit.py:490} INFO - 24/09/30 11:34:17 INFO BlockManagerInfo: Added broadcast_3_piece0 in memory on 172.18.0.7:39137 (size: 65.6 KiB, free: 434.3 MiB)
[2024-09-30T11:34:18.277+0000] {spark_submit.py:490} INFO - 24/09/30 11:34:18 INFO BlockManagerInfo: Added broadcast_2_piece0 in memory on 172.18.0.7:39137 (size: 28.3 KiB, free: 434.3 MiB)
[2024-09-30T11:34:19.799+0000] {spark_submit.py:490} INFO - 24/09/30 11:34:19 INFO TaskSetManager: Finished task 0.0 in stage 2.0 (TID 2) in 2721 ms on 172.18.0.7 (executor 0) (1/1)
[2024-09-30T11:34:19.800+0000] {spark_submit.py:490} INFO - 24/09/30 11:34:19 INFO TaskSchedulerImpl: Removed TaskSet 2.0, whose tasks have all completed, from pool
[2024-09-30T11:34:19.801+0000] {spark_submit.py:490} INFO - 24/09/30 11:34:19 INFO DAGScheduler: ResultStage 2 (saveAsTable at NativeMethodAccessorImpl.java:0) finished in 2.811 s
[2024-09-30T11:34:19.803+0000] {spark_submit.py:490} INFO - 24/09/30 11:34:19 INFO DAGScheduler: Job 2 is finished. Cancelling potential speculative or zombie tasks for this job
[2024-09-30T11:34:19.803+0000] {spark_submit.py:490} INFO - 24/09/30 11:34:19 INFO TaskSchedulerImpl: Killing all running tasks in stage 2: Stage finished
[2024-09-30T11:34:19.805+0000] {spark_submit.py:490} INFO - 24/09/30 11:34:19 INFO DAGScheduler: Job 2 finished: saveAsTable at NativeMethodAccessorImpl.java:0, took 2.828728 s
[2024-09-30T11:34:19.901+0000] {spark_submit.py:490} INFO - 24/09/30 11:34:19 INFO FileFormatWriter: Write Job df410607-5ad3-4b40-be8c-193aa7d38a3f committed.
[2024-09-30T11:34:19.905+0000] {spark_submit.py:490} INFO - 24/09/30 11:34:19 INFO FileFormatWriter: Finished processing stats for write job df410607-5ad3-4b40-be8c-193aa7d38a3f.
[2024-09-30T11:34:19.942+0000] {spark_submit.py:490} INFO - 24/09/30 11:34:19 INFO InMemoryFileIndex: It took 14 ms to list leaf files for 1 paths.
[2024-09-30T11:34:19.976+0000] {spark_submit.py:490} INFO - 24/09/30 11:34:19 INFO HiveExternalCatalog: Persisting file based data source table `default`.`cases` into Hive metastore in Hive compatible format.
[2024-09-30T11:34:19.991+0000] {spark_submit.py:490} INFO - 24/09/30 11:34:19 INFO SQLStdHiveAccessController: Created SQLStdHiveAccessController for session context : HiveAuthzSessionContext [sessionString=e6fb6e6d-ee26-413f-a931-082e6b5e5efc, clientType=HIVECLI]
[2024-09-30T11:34:19.994+0000] {spark_submit.py:490} INFO - 24/09/30 11:34:19 WARN SessionState: METASTORE_FILTER_HOOK will be ignored, since hive.security.authorization.manager is set to instance of HiveAuthorizerFactory.
[2024-09-30T11:34:19.995+0000] {spark_submit.py:490} INFO - 24/09/30 11:34:19 INFO metastore: Mestastore configuration hive.metastore.filter.hook changed from org.apache.hadoop.hive.metastore.DefaultMetaStoreFilterHookImpl to org.apache.hadoop.hive.ql.security.authorization.plugin.AuthorizationMetaStoreFilterHook
[2024-09-30T11:34:20.000+0000] {spark_submit.py:490} INFO - 24/09/30 11:34:19 INFO metastore: Closed a connection to metastore, current connections: 0
[2024-09-30T11:34:20.003+0000] {spark_submit.py:490} INFO - 24/09/30 11:34:20 INFO metastore: Trying to connect to metastore with URI thrift://hive-metastore:9083
[2024-09-30T11:34:20.003+0000] {spark_submit.py:490} INFO - 24/09/30 11:34:20 INFO metastore: Opened a connection to metastore, current connections: 1
[2024-09-30T11:34:20.005+0000] {spark_submit.py:490} INFO - 24/09/30 11:34:20 INFO metastore: Connected to metastore.
[2024-09-30T11:34:20.042+0000] {spark_submit.py:490} INFO - 24/09/30 11:34:20 INFO metastore: Trying to connect to metastore with URI thrift://hive-metastore:9083
[2024-09-30T11:34:20.042+0000] {spark_submit.py:490} INFO - 24/09/30 11:34:20 INFO metastore: Opened a connection to metastore, current connections: 2
[2024-09-30T11:34:20.044+0000] {spark_submit.py:490} INFO - 24/09/30 11:34:20 INFO metastore: Connected to metastore.
[2024-09-30T11:34:20.137+0000] {spark_submit.py:490} INFO - 24/09/30 11:34:20 INFO AlterTableRecoverPartitionsCommand: Recover all the partitions in hdfs://namenode:8020/opt/hive/data/warehouse/cases
[2024-09-30T11:34:20.156+0000] {spark_submit.py:490} INFO - 24/09/30 11:34:20 INFO AlterTableRecoverPartitionsCommand: Found 1 partitions in hdfs://namenode:8020/opt/hive/data/warehouse/cases
[2024-09-30T11:34:20.162+0000] {spark_submit.py:490} INFO - 24/09/30 11:34:20 INFO AlterTableRecoverPartitionsCommand: Finished to gather the fast stats for all 1 partitions.
[2024-09-30T11:34:20.508+0000] {spark_submit.py:490} INFO - 24/09/30 11:34:20 INFO AlterTableRecoverPartitionsCommand: Recovered all partitions (1).
[2024-09-30T11:34:20.596+0000] {spark_submit.py:490} INFO - 24/09/30 11:34:20 INFO SparkContext: Invoking stop() from shutdown hook
[2024-09-30T11:34:20.612+0000] {spark_submit.py:490} INFO - 24/09/30 11:34:20 INFO SparkUI: Stopped Spark web UI at http://774e6edce74f:4040
[2024-09-30T11:34:20.620+0000] {spark_submit.py:490} INFO - 24/09/30 11:34:20 INFO StandaloneSchedulerBackend: Shutting down all executors
[2024-09-30T11:34:20.621+0000] {spark_submit.py:490} INFO - 24/09/30 11:34:20 INFO CoarseGrainedSchedulerBackend$DriverEndpoint: Asking each executor to shut down
[2024-09-30T11:34:20.659+0000] {spark_submit.py:490} INFO - 24/09/30 11:34:20 INFO MapOutputTrackerMasterEndpoint: MapOutputTrackerMasterEndpoint stopped!
[2024-09-30T11:34:20.699+0000] {spark_submit.py:490} INFO - 24/09/30 11:34:20 INFO MemoryStore: MemoryStore cleared
[2024-09-30T11:34:20.701+0000] {spark_submit.py:490} INFO - 24/09/30 11:34:20 INFO BlockManager: BlockManager stopped
[2024-09-30T11:34:20.709+0000] {spark_submit.py:490} INFO - 24/09/30 11:34:20 INFO BlockManagerMaster: BlockManagerMaster stopped
[2024-09-30T11:34:20.717+0000] {spark_submit.py:490} INFO - 24/09/30 11:34:20 INFO OutputCommitCoordinator$OutputCommitCoordinatorEndpoint: OutputCommitCoordinator stopped!
[2024-09-30T11:34:20.747+0000] {spark_submit.py:490} INFO - 24/09/30 11:34:20 INFO SparkContext: Successfully stopped SparkContext
[2024-09-30T11:34:20.747+0000] {spark_submit.py:490} INFO - 24/09/30 11:34:20 INFO ShutdownHookManager: Shutdown hook called
[2024-09-30T11:34:20.748+0000] {spark_submit.py:490} INFO - 24/09/30 11:34:20 INFO ShutdownHookManager: Deleting directory /tmp/spark-6cf95b29-52cc-4c4a-b7e0-c5658281eec1/pyspark-dde4b55e-ef19-4638-b6e4-7bf9215bca08
[2024-09-30T11:34:20.756+0000] {spark_submit.py:490} INFO - 24/09/30 11:34:20 INFO ShutdownHookManager: Deleting directory /tmp/spark-f9c81216-2625-4854-8fbc-335066210e05
[2024-09-30T11:34:20.766+0000] {spark_submit.py:490} INFO - 24/09/30 11:34:20 INFO ShutdownHookManager: Deleting directory /tmp/spark-6cf95b29-52cc-4c4a-b7e0-c5658281eec1
[2024-09-30T11:34:20.960+0000] {taskinstance.py:1327} INFO - Marking task as SUCCESS. dag_id=get_cases_data, task_id=save_to_warehouse, execution_date=20230101T000000, start_date=20240930T113329, end_date=20240930T113420
[2024-09-30T11:34:21.042+0000] {local_task_job.py:159} INFO - Task exited with return code 0
[2024-09-30T11:34:21.083+0000] {taskinstance.py:2582} INFO - 1 downstream tasks scheduled from follow-on schedule check
