[2024-09-26T09:39:16.375+0000] {taskinstance.py:1087} INFO - Dependencies all met for <TaskInstance: get_cases_data.download_data scheduled__2022-12-25T00:00:00+00:00 [queued]>
[2024-09-26T09:39:16.391+0000] {taskinstance.py:1087} INFO - Dependencies all met for <TaskInstance: get_cases_data.download_data scheduled__2022-12-25T00:00:00+00:00 [queued]>
[2024-09-26T09:39:16.392+0000] {taskinstance.py:1283} INFO - 
--------------------------------------------------------------------------------
[2024-09-26T09:39:16.392+0000] {taskinstance.py:1284} INFO - Starting attempt 1 of 1
[2024-09-26T09:39:16.392+0000] {taskinstance.py:1285} INFO - 
--------------------------------------------------------------------------------
[2024-09-26T09:39:16.417+0000] {taskinstance.py:1304} INFO - Executing <Task(BashOperator): download_data> on 2022-12-25 00:00:00+00:00
[2024-09-26T09:39:16.432+0000] {standard_task_runner.py:55} INFO - Started process 1324 to run task
[2024-09-26T09:39:16.439+0000] {standard_task_runner.py:82} INFO - Running: ['***', 'tasks', 'run', 'get_cases_data', 'download_data', 'scheduled__2022-12-25T00:00:00+00:00', '--job-id', '13', '--raw', '--subdir', 'DAGS_FOLDER/get_cases_data.py', '--cfg-path', '/tmp/tmp_1431jbo']
[2024-09-26T09:39:16.442+0000] {standard_task_runner.py:83} INFO - Job 13: Subtask download_data
[2024-09-26T09:39:16.626+0000] {task_command.py:389} INFO - Running <TaskInstance: get_cases_data.download_data scheduled__2022-12-25T00:00:00+00:00 [running]> on host 3d66d2a77c1d
[2024-09-26T09:39:16.735+0000] {logging_mixin.py:137} WARNING - /home/***/.local/lib/python3.7/site-packages/***/utils/context.py:205 AirflowContextDeprecationWarning: Accessing 'execution_date' from the template is deprecated and will be removed in a future version. Please use 'data_interval_start' or 'logical_date' instead.
[2024-09-26T09:39:16.818+0000] {taskinstance.py:1513} INFO - Exporting the following env vars:
AIRFLOW_CTX_DAG_OWNER=***
AIRFLOW_CTX_DAG_ID=get_cases_data
AIRFLOW_CTX_TASK_ID=download_data
AIRFLOW_CTX_EXECUTION_DATE=2022-12-25T00:00:00+00:00
AIRFLOW_CTX_TRY_NUMBER=1
AIRFLOW_CTX_DAG_RUN_ID=scheduled__2022-12-25T00:00:00+00:00
[2024-09-26T09:39:16.820+0000] {subprocess.py:63} INFO - Tmp dir root location: 
 /tmp
[2024-09-26T09:39:16.822+0000] {subprocess.py:75} INFO - Running command: ['/bin/bash', '-c', 'curl -sSL --create-dirs -o /usr/share/covid_data/raw/2022/12/25/ita_cases_20221225.csv https://raw.githubusercontent.com/pcm-dpc/COVID-19/master/dati-andamento-nazionale/dpc-covid19-ita-andamento-nazionale-20221225.csv']
[2024-09-26T09:39:16.850+0000] {subprocess.py:86} INFO - Output:
[2024-09-26T09:39:17.102+0000] {subprocess.py:97} INFO - Command exited with return code 0
[2024-09-26T09:39:17.185+0000] {taskinstance.py:1327} INFO - Marking task as SUCCESS. dag_id=get_cases_data, task_id=download_data, execution_date=20221225T000000, start_date=20240926T093916, end_date=20240926T093917
[2024-09-26T09:39:17.260+0000] {local_task_job.py:159} INFO - Task exited with return code 0
[2024-09-26T09:39:17.315+0000] {taskinstance.py:2582} INFO - 1 downstream tasks scheduled from follow-on schedule check
[2024-09-30T11:27:44.394+0000] {taskinstance.py:1087} INFO - Dependencies all met for <TaskInstance: get_cases_data.download_data scheduled__2022-12-25T00:00:00+00:00 [queued]>
[2024-09-30T11:27:44.414+0000] {taskinstance.py:1087} INFO - Dependencies all met for <TaskInstance: get_cases_data.download_data scheduled__2022-12-25T00:00:00+00:00 [queued]>
[2024-09-30T11:27:44.414+0000] {taskinstance.py:1283} INFO - 
--------------------------------------------------------------------------------
[2024-09-30T11:27:44.414+0000] {taskinstance.py:1284} INFO - Starting attempt 1 of 1
[2024-09-30T11:27:44.414+0000] {taskinstance.py:1285} INFO - 
--------------------------------------------------------------------------------
[2024-09-30T11:27:44.447+0000] {taskinstance.py:1304} INFO - Executing <Task(BashOperator): download_data> on 2022-12-25 00:00:00+00:00
[2024-09-30T11:27:44.464+0000] {standard_task_runner.py:55} INFO - Started process 1504 to run task
[2024-09-30T11:27:44.469+0000] {standard_task_runner.py:82} INFO - Running: ['***', 'tasks', 'run', 'get_cases_data', 'download_data', 'scheduled__2022-12-25T00:00:00+00:00', '--job-id', '16', '--raw', '--subdir', 'DAGS_FOLDER/get_cases_data.py', '--cfg-path', '/tmp/tmpk8f4wvpm']
[2024-09-30T11:27:44.471+0000] {standard_task_runner.py:83} INFO - Job 16: Subtask download_data
[2024-09-30T11:27:44.604+0000] {task_command.py:389} INFO - Running <TaskInstance: get_cases_data.download_data scheduled__2022-12-25T00:00:00+00:00 [running]> on host 774e6edce74f
[2024-09-30T11:27:44.690+0000] {logging_mixin.py:137} WARNING - /home/***/.local/lib/python3.7/site-packages/***/utils/context.py:205 AirflowContextDeprecationWarning: Accessing 'execution_date' from the template is deprecated and will be removed in a future version. Please use 'data_interval_start' or 'logical_date' instead.
[2024-09-30T11:27:44.801+0000] {taskinstance.py:1513} INFO - Exporting the following env vars:
AIRFLOW_CTX_DAG_OWNER=***
AIRFLOW_CTX_DAG_ID=get_cases_data
AIRFLOW_CTX_TASK_ID=download_data
AIRFLOW_CTX_EXECUTION_DATE=2022-12-25T00:00:00+00:00
AIRFLOW_CTX_TRY_NUMBER=1
AIRFLOW_CTX_DAG_RUN_ID=scheduled__2022-12-25T00:00:00+00:00
[2024-09-30T11:27:44.802+0000] {subprocess.py:63} INFO - Tmp dir root location: 
 /tmp
[2024-09-30T11:27:44.803+0000] {subprocess.py:75} INFO - Running command: ['/bin/bash', '-c', 'curl -sSL --create-dirs -o /usr/share/covid_data/raw/2022/12/25/ita_cases_20221225.csv https://raw.githubusercontent.com/pcm-dpc/COVID-19/master/dati-andamento-nazionale/dpc-covid19-ita-andamento-nazionale-20221225.csv']
[2024-09-30T11:27:44.851+0000] {subprocess.py:86} INFO - Output:
[2024-09-30T11:27:45.125+0000] {subprocess.py:97} INFO - Command exited with return code 0
[2024-09-30T11:27:45.188+0000] {taskinstance.py:1327} INFO - Marking task as SUCCESS. dag_id=get_cases_data, task_id=download_data, execution_date=20221225T000000, start_date=20240930T112744, end_date=20240930T112745
[2024-09-30T11:27:45.255+0000] {local_task_job.py:159} INFO - Task exited with return code 0
[2024-09-30T11:27:45.332+0000] {taskinstance.py:2582} INFO - 0 downstream tasks scheduled from follow-on schedule check
