[2024-09-30T11:35:19.188+0000] {taskinstance.py:1087} INFO - Dependencies all met for <TaskInstance: get_cases_data.save_to_warehouse scheduled__2023-01-04T00:00:00+00:00 [queued]>
[2024-09-30T11:35:19.213+0000] {taskinstance.py:1087} INFO - Dependencies all met for <TaskInstance: get_cases_data.save_to_warehouse scheduled__2023-01-04T00:00:00+00:00 [queued]>
[2024-09-30T11:35:19.213+0000] {taskinstance.py:1283} INFO - 
--------------------------------------------------------------------------------
[2024-09-30T11:35:19.214+0000] {taskinstance.py:1284} INFO - Starting attempt 1 of 1
[2024-09-30T11:35:19.214+0000] {taskinstance.py:1285} INFO - 
--------------------------------------------------------------------------------
[2024-09-30T11:35:19.283+0000] {taskinstance.py:1304} INFO - Executing <Task(SparkSubmitOperator): save_to_warehouse> on 2023-01-04 00:00:00+00:00
[2024-09-30T11:35:19.302+0000] {standard_task_runner.py:55} INFO - Started process 6109 to run task
[2024-09-30T11:35:19.311+0000] {standard_task_runner.py:82} INFO - Running: ['***', 'tasks', 'run', 'get_cases_data', 'save_to_warehouse', 'scheduled__2023-01-04T00:00:00+00:00', '--job-id', '54', '--raw', '--subdir', 'DAGS_FOLDER/get_cases_data.py', '--cfg-path', '/tmp/tmp58nrgxe6']
[2024-09-30T11:35:19.314+0000] {standard_task_runner.py:83} INFO - Job 54: Subtask save_to_warehouse
[2024-09-30T11:35:19.509+0000] {task_command.py:389} INFO - Running <TaskInstance: get_cases_data.save_to_warehouse scheduled__2023-01-04T00:00:00+00:00 [running]> on host 774e6edce74f
[2024-09-30T11:35:19.859+0000] {taskinstance.py:1513} INFO - Exporting the following env vars:
AIRFLOW_CTX_DAG_OWNER=***
AIRFLOW_CTX_DAG_ID=get_cases_data
AIRFLOW_CTX_TASK_ID=save_to_warehouse
AIRFLOW_CTX_EXECUTION_DATE=2023-01-04T00:00:00+00:00
AIRFLOW_CTX_TRY_NUMBER=1
AIRFLOW_CTX_DAG_RUN_ID=scheduled__2023-01-04T00:00:00+00:00
[2024-09-30T11:35:19.871+0000] {base.py:73} INFO - Using connection ID 'spark_connection' for task execution.
[2024-09-30T11:35:19.873+0000] {spark_submit.py:339} INFO - Spark-Submit cmd: spark-submit --master spark://spark-master:7077 --name save_to_warehouse --verbose /usr/local/spark/app/save_to_warehouse.py
[2024-09-30T11:35:23.629+0000] {spark_submit.py:490} INFO - Using properties file: null
[2024-09-30T11:35:23.977+0000] {spark_submit.py:490} INFO - WARNING: An illegal reflective access operation has occurred
[2024-09-30T11:35:23.977+0000] {spark_submit.py:490} INFO - WARNING: Illegal reflective access by org.apache.spark.unsafe.Platform (file:/home/***/.local/lib/python3.7/site-packages/pyspark/jars/spark-unsafe_2.12-3.1.3.jar) to constructor java.nio.DirectByteBuffer(long,int)
[2024-09-30T11:35:23.977+0000] {spark_submit.py:490} INFO - WARNING: Please consider reporting this to the maintainers of org.apache.spark.unsafe.Platform
[2024-09-30T11:35:23.978+0000] {spark_submit.py:490} INFO - WARNING: Use --illegal-access=warn to enable warnings of further illegal reflective access operations
[2024-09-30T11:35:23.988+0000] {spark_submit.py:490} INFO - WARNING: All illegal access operations will be denied in a future release
[2024-09-30T11:35:24.299+0000] {spark_submit.py:490} INFO - Parsed arguments:
[2024-09-30T11:35:24.299+0000] {spark_submit.py:490} INFO - master                  spark://spark-master:7077
[2024-09-30T11:35:24.303+0000] {spark_submit.py:490} INFO - deployMode              null
[2024-09-30T11:35:24.303+0000] {spark_submit.py:490} INFO - executorMemory          null
[2024-09-30T11:35:24.303+0000] {spark_submit.py:490} INFO - executorCores           null
[2024-09-30T11:35:24.303+0000] {spark_submit.py:490} INFO - totalExecutorCores      null
[2024-09-30T11:35:24.303+0000] {spark_submit.py:490} INFO - propertiesFile          null
[2024-09-30T11:35:24.303+0000] {spark_submit.py:490} INFO - driverMemory            null
[2024-09-30T11:35:24.304+0000] {spark_submit.py:490} INFO - driverCores             null
[2024-09-30T11:35:24.304+0000] {spark_submit.py:490} INFO - driverExtraClassPath    null
[2024-09-30T11:35:24.304+0000] {spark_submit.py:490} INFO - driverExtraLibraryPath  null
[2024-09-30T11:35:24.310+0000] {spark_submit.py:490} INFO - driverExtraJavaOptions  null
[2024-09-30T11:35:24.310+0000] {spark_submit.py:490} INFO - supervise               false
[2024-09-30T11:35:24.311+0000] {spark_submit.py:490} INFO - queue                   null
[2024-09-30T11:35:24.311+0000] {spark_submit.py:490} INFO - numExecutors            null
[2024-09-30T11:35:24.311+0000] {spark_submit.py:490} INFO - files                   null
[2024-09-30T11:35:24.311+0000] {spark_submit.py:490} INFO - pyFiles                 null
[2024-09-30T11:35:24.311+0000] {spark_submit.py:490} INFO - archives                null
[2024-09-30T11:35:24.311+0000] {spark_submit.py:490} INFO - mainClass               null
[2024-09-30T11:35:24.311+0000] {spark_submit.py:490} INFO - primaryResource         file:/usr/local/spark/app/save_to_warehouse.py
[2024-09-30T11:35:24.311+0000] {spark_submit.py:490} INFO - name                    save_to_warehouse
[2024-09-30T11:35:24.311+0000] {spark_submit.py:490} INFO - childArgs               []
[2024-09-30T11:35:24.312+0000] {spark_submit.py:490} INFO - jars                    null
[2024-09-30T11:35:24.312+0000] {spark_submit.py:490} INFO - packages                null
[2024-09-30T11:35:24.312+0000] {spark_submit.py:490} INFO - packagesExclusions      null
[2024-09-30T11:35:24.312+0000] {spark_submit.py:490} INFO - repositories            null
[2024-09-30T11:35:24.312+0000] {spark_submit.py:490} INFO - verbose                 true
[2024-09-30T11:35:24.319+0000] {spark_submit.py:490} INFO - 
[2024-09-30T11:35:24.319+0000] {spark_submit.py:490} INFO - Spark properties used, including those specified through
[2024-09-30T11:35:24.319+0000] {spark_submit.py:490} INFO - --conf and those from the properties file null:
[2024-09-30T11:35:24.319+0000] {spark_submit.py:490} INFO - 
[2024-09-30T11:35:24.319+0000] {spark_submit.py:490} INFO - 
[2024-09-30T11:35:24.320+0000] {spark_submit.py:490} INFO - 
[2024-09-30T11:35:25.179+0000] {spark_submit.py:490} INFO - 24/09/30 11:35:25 WARN NativeCodeLoader: Unable to load native-hadoop library for your platform... using builtin-java classes where applicable
[2024-09-30T11:35:25.962+0000] {spark_submit.py:490} INFO - Main class:
[2024-09-30T11:35:25.962+0000] {spark_submit.py:490} INFO - org.apache.spark.deploy.PythonRunner
[2024-09-30T11:35:25.979+0000] {spark_submit.py:490} INFO - Arguments:
[2024-09-30T11:35:25.979+0000] {spark_submit.py:490} INFO - file:/usr/local/spark/app/save_to_warehouse.py
[2024-09-30T11:35:25.979+0000] {spark_submit.py:490} INFO - null
[2024-09-30T11:35:26.007+0000] {spark_submit.py:490} INFO - Spark config:
[2024-09-30T11:35:26.008+0000] {spark_submit.py:490} INFO - (spark.app.name,save_to_warehouse)
[2024-09-30T11:35:26.008+0000] {spark_submit.py:490} INFO - (spark.master,spark://spark-master:7077)
[2024-09-30T11:35:26.008+0000] {spark_submit.py:490} INFO - (spark.submit.pyFiles,)
[2024-09-30T11:35:26.008+0000] {spark_submit.py:490} INFO - (spark.submit.deployMode,client)
[2024-09-30T11:35:26.008+0000] {spark_submit.py:490} INFO - Classpath elements:
[2024-09-30T11:35:26.008+0000] {spark_submit.py:490} INFO - 
[2024-09-30T11:35:26.009+0000] {spark_submit.py:490} INFO - 
[2024-09-30T11:35:26.009+0000] {spark_submit.py:490} INFO - 
[2024-09-30T11:35:28.026+0000] {spark_submit.py:490} INFO - Using Spark's default log4j profile: org/apache/spark/log4j-defaults.properties
[2024-09-30T11:35:28.054+0000] {spark_submit.py:490} INFO - 24/09/30 11:35:28 INFO SparkContext: Running Spark version 3.1.3
[2024-09-30T11:35:28.162+0000] {spark_submit.py:490} INFO - 24/09/30 11:35:28 INFO ResourceUtils: ==============================================================
[2024-09-30T11:35:28.163+0000] {spark_submit.py:490} INFO - 24/09/30 11:35:28 INFO ResourceUtils: No custom resources configured for spark.driver.
[2024-09-30T11:35:28.163+0000] {spark_submit.py:490} INFO - 24/09/30 11:35:28 INFO ResourceUtils: ==============================================================
[2024-09-30T11:35:28.165+0000] {spark_submit.py:490} INFO - 24/09/30 11:35:28 INFO SparkContext: Submitted application: save_to_warehouse
[2024-09-30T11:35:28.209+0000] {spark_submit.py:490} INFO - 24/09/30 11:35:28 INFO ResourceProfile: Default ResourceProfile created, executor resources: Map(cores -> name: cores, amount: 1, script: , vendor: , memory -> name: memory, amount: 1024, script: , vendor: , offHeap -> name: offHeap, amount: 0, script: , vendor: ), task resources: Map(cpus -> name: cpus, amount: 1.0)
[2024-09-30T11:35:28.232+0000] {spark_submit.py:490} INFO - 24/09/30 11:35:28 INFO ResourceProfile: Limiting resource is cpu
[2024-09-30T11:35:28.233+0000] {spark_submit.py:490} INFO - 24/09/30 11:35:28 INFO ResourceProfileManager: Added ResourceProfile id: 0
[2024-09-30T11:35:28.316+0000] {spark_submit.py:490} INFO - 24/09/30 11:35:28 INFO SecurityManager: Changing view acls to: default
[2024-09-30T11:35:28.317+0000] {spark_submit.py:490} INFO - 24/09/30 11:35:28 INFO SecurityManager: Changing modify acls to: default
[2024-09-30T11:35:28.317+0000] {spark_submit.py:490} INFO - 24/09/30 11:35:28 INFO SecurityManager: Changing view acls groups to:
[2024-09-30T11:35:28.317+0000] {spark_submit.py:490} INFO - 24/09/30 11:35:28 INFO SecurityManager: Changing modify acls groups to:
[2024-09-30T11:35:28.317+0000] {spark_submit.py:490} INFO - 24/09/30 11:35:28 INFO SecurityManager: SecurityManager: authentication disabled; ui acls disabled; users  with view permissions: Set(default); groups with view permissions: Set(); users  with modify permissions: Set(default); groups with modify permissions: Set()
[2024-09-30T11:35:28.694+0000] {spark_submit.py:490} INFO - 24/09/30 11:35:28 INFO Utils: Successfully started service 'sparkDriver' on port 44677.
[2024-09-30T11:35:28.736+0000] {spark_submit.py:490} INFO - 24/09/30 11:35:28 INFO SparkEnv: Registering MapOutputTracker
[2024-09-30T11:35:28.802+0000] {spark_submit.py:490} INFO - 24/09/30 11:35:28 INFO SparkEnv: Registering BlockManagerMaster
[2024-09-30T11:35:28.838+0000] {spark_submit.py:490} INFO - 24/09/30 11:35:28 INFO BlockManagerMasterEndpoint: Using org.apache.spark.storage.DefaultTopologyMapper for getting topology information
[2024-09-30T11:35:28.840+0000] {spark_submit.py:490} INFO - 24/09/30 11:35:28 INFO BlockManagerMasterEndpoint: BlockManagerMasterEndpoint up
[2024-09-30T11:35:28.848+0000] {spark_submit.py:490} INFO - 24/09/30 11:35:28 INFO SparkEnv: Registering BlockManagerMasterHeartbeat
[2024-09-30T11:35:28.872+0000] {spark_submit.py:490} INFO - 24/09/30 11:35:28 INFO DiskBlockManager: Created local directory at /tmp/blockmgr-509abc68-c76b-4565-96dd-a5e7ed098351
[2024-09-30T11:35:28.910+0000] {spark_submit.py:490} INFO - 24/09/30 11:35:28 INFO MemoryStore: MemoryStore started with capacity 434.4 MiB
[2024-09-30T11:35:28.938+0000] {spark_submit.py:490} INFO - 24/09/30 11:35:28 INFO SparkEnv: Registering OutputCommitCoordinator
[2024-09-30T11:35:29.254+0000] {spark_submit.py:490} INFO - 24/09/30 11:35:29 INFO Utils: Successfully started service 'SparkUI' on port 4040.
[2024-09-30T11:35:29.492+0000] {spark_submit.py:490} INFO - 24/09/30 11:35:29 INFO SparkUI: Bound SparkUI to 0.0.0.0, and started at http://774e6edce74f:4040
[2024-09-30T11:35:30.045+0000] {spark_submit.py:490} INFO - 24/09/30 11:35:30 INFO StandaloneAppClient$ClientEndpoint: Connecting to master spark://spark-master:7077...
[2024-09-30T11:35:30.215+0000] {spark_submit.py:490} INFO - 24/09/30 11:35:30 INFO TransportClientFactory: Successfully created connection to spark-master/172.18.0.5:7077 after 84 ms (0 ms spent in bootstraps)
[2024-09-30T11:35:30.483+0000] {spark_submit.py:490} INFO - 24/09/30 11:35:30 INFO StandaloneSchedulerBackend: Connected to Spark cluster with app ID app-20240930113530-0033
[2024-09-30T11:35:30.509+0000] {spark_submit.py:490} INFO - 24/09/30 11:35:30 INFO Utils: Successfully started service 'org.apache.spark.network.netty.NettyBlockTransferService' on port 40271.
[2024-09-30T11:35:30.510+0000] {spark_submit.py:490} INFO - 24/09/30 11:35:30 INFO NettyBlockTransferService: Server created on 774e6edce74f:40271
[2024-09-30T11:35:30.518+0000] {spark_submit.py:490} INFO - 24/09/30 11:35:30 INFO BlockManager: Using org.apache.spark.storage.RandomBlockReplicationPolicy for block replication policy
[2024-09-30T11:35:30.534+0000] {spark_submit.py:490} INFO - 24/09/30 11:35:30 INFO BlockManagerMaster: Registering BlockManager BlockManagerId(driver, 774e6edce74f, 40271, None)
[2024-09-30T11:35:30.548+0000] {spark_submit.py:490} INFO - 24/09/30 11:35:30 INFO BlockManagerMasterEndpoint: Registering block manager 774e6edce74f:40271 with 434.4 MiB RAM, BlockManagerId(driver, 774e6edce74f, 40271, None)
[2024-09-30T11:35:30.554+0000] {spark_submit.py:490} INFO - 24/09/30 11:35:30 INFO BlockManagerMaster: Registered BlockManager BlockManagerId(driver, 774e6edce74f, 40271, None)
[2024-09-30T11:35:30.556+0000] {spark_submit.py:490} INFO - 24/09/30 11:35:30 INFO BlockManager: Initialized BlockManager: BlockManagerId(driver, 774e6edce74f, 40271, None)
[2024-09-30T11:35:31.052+0000] {spark_submit.py:490} INFO - 24/09/30 11:35:31 INFO StandaloneSchedulerBackend: SchedulerBackend is ready for scheduling beginning after reached minRegisteredResourcesRatio: 0.0
[2024-09-30T11:35:31.514+0000] {spark_submit.py:490} INFO - 24/09/30 11:35:31 INFO SharedState: Setting hive.metastore.warehouse.dir ('null') to the value of spark.sql.warehouse.dir ('/user/hive/warehouse').
[2024-09-30T11:35:31.515+0000] {spark_submit.py:490} INFO - 24/09/30 11:35:31 INFO SharedState: Warehouse path is '/user/hive/warehouse'.
[2024-09-30T11:35:33.800+0000] {spark_submit.py:490} INFO - 24/09/30 11:35:33 INFO InMemoryFileIndex: It took 157 ms to list leaf files for 1 paths.
[2024-09-30T11:35:34.609+0000] {spark_submit.py:490} INFO - 24/09/30 11:35:34 INFO SparkContext: Starting job: parquet at NativeMethodAccessorImpl.java:0
[2024-09-30T11:35:34.718+0000] {spark_submit.py:490} INFO - 24/09/30 11:35:34 INFO DAGScheduler: Got job 0 (parquet at NativeMethodAccessorImpl.java:0) with 1 output partitions
[2024-09-30T11:35:34.720+0000] {spark_submit.py:490} INFO - 24/09/30 11:35:34 INFO DAGScheduler: Final stage: ResultStage 0 (parquet at NativeMethodAccessorImpl.java:0)
[2024-09-30T11:35:34.720+0000] {spark_submit.py:490} INFO - 24/09/30 11:35:34 INFO DAGScheduler: Parents of final stage: List()
[2024-09-30T11:35:34.739+0000] {spark_submit.py:490} INFO - 24/09/30 11:35:34 INFO DAGScheduler: Missing parents: List()
[2024-09-30T11:35:34.778+0000] {spark_submit.py:490} INFO - 24/09/30 11:35:34 INFO DAGScheduler: Submitting ResultStage 0 (MapPartitionsRDD[1] at parquet at NativeMethodAccessorImpl.java:0), which has no missing parents
[2024-09-30T11:35:34.939+0000] {spark_submit.py:490} INFO - 24/09/30 11:35:34 INFO MemoryStore: Block broadcast_0 stored as values in memory (estimated size 84.0 KiB, free 434.3 MiB)
[2024-09-30T11:35:34.995+0000] {spark_submit.py:490} INFO - 24/09/30 11:35:34 INFO MemoryStore: Block broadcast_0_piece0 stored as bytes in memory (estimated size 29.8 KiB, free 434.3 MiB)
[2024-09-30T11:35:35.002+0000] {spark_submit.py:490} INFO - 24/09/30 11:35:35 INFO BlockManagerInfo: Added broadcast_0_piece0 in memory on 774e6edce74f:40271 (size: 29.8 KiB, free: 434.4 MiB)
[2024-09-30T11:35:35.013+0000] {spark_submit.py:490} INFO - 24/09/30 11:35:35 INFO SparkContext: Created broadcast 0 from broadcast at DAGScheduler.scala:1433
[2024-09-30T11:35:35.047+0000] {spark_submit.py:490} INFO - 24/09/30 11:35:35 INFO DAGScheduler: Submitting 1 missing tasks from ResultStage 0 (MapPartitionsRDD[1] at parquet at NativeMethodAccessorImpl.java:0) (first 15 tasks are for partitions Vector(0))
[2024-09-30T11:35:35.049+0000] {spark_submit.py:490} INFO - 24/09/30 11:35:35 INFO TaskSchedulerImpl: Adding task set 0.0 with 1 tasks resource profile 0
[2024-09-30T11:35:50.093+0000] {spark_submit.py:490} INFO - 24/09/30 11:35:50 WARN TaskSchedulerImpl: Initial job has not accepted any resources; check your cluster UI to ensure that workers are registered and have sufficient resources
[2024-09-30T11:35:52.012+0000] {spark_submit.py:490} INFO - 24/09/30 11:35:52 INFO StandaloneAppClient$ClientEndpoint: Executor added: app-20240930113530-0033/0 on worker-20240930112313-172.18.0.7-33165 (172.18.0.7:33165) with 4 core(s)
[2024-09-30T11:35:52.015+0000] {spark_submit.py:490} INFO - 24/09/30 11:35:52 INFO StandaloneSchedulerBackend: Granted executor ID app-20240930113530-0033/0 on hostPort 172.18.0.7:33165 with 4 core(s), 1024.0 MiB RAM
[2024-09-30T11:35:52.100+0000] {spark_submit.py:490} INFO - 24/09/30 11:35:52 INFO StandaloneAppClient$ClientEndpoint: Executor updated: app-20240930113530-0033/0 is now RUNNING
[2024-09-30T11:35:56.136+0000] {spark_submit.py:490} INFO - 24/09/30 11:35:56 INFO CoarseGrainedSchedulerBackend$DriverEndpoint: Registered executor NettyRpcEndpointRef(spark-client://Executor) (172.18.0.7:47702) with ID 0,  ResourceProfileId 0
[2024-09-30T11:35:56.509+0000] {spark_submit.py:490} INFO - 24/09/30 11:35:56 INFO BlockManagerMasterEndpoint: Registering block manager 172.18.0.7:43861 with 434.4 MiB RAM, BlockManagerId(0, 172.18.0.7, 43861, None)
[2024-09-30T11:35:56.689+0000] {spark_submit.py:490} INFO - 24/09/30 11:35:56 INFO TaskSetManager: Starting task 0.0 in stage 0.0 (TID 0) (172.18.0.7, executor 0, partition 0, PROCESS_LOCAL, 4732 bytes) taskResourceAssignments Map()
[2024-09-30T11:35:57.352+0000] {spark_submit.py:490} INFO - 24/09/30 11:35:57 INFO BlockManagerInfo: Added broadcast_0_piece0 in memory on 172.18.0.7:43861 (size: 29.8 KiB, free: 434.4 MiB)
[2024-09-30T11:35:59.454+0000] {spark_submit.py:490} INFO - 24/09/30 11:35:59 INFO TaskSetManager: Finished task 0.0 in stage 0.0 (TID 0) in 2803 ms on 172.18.0.7 (executor 0) (1/1)
[2024-09-30T11:35:59.458+0000] {spark_submit.py:490} INFO - 24/09/30 11:35:59 INFO TaskSchedulerImpl: Removed TaskSet 0.0, whose tasks have all completed, from pool
[2024-09-30T11:35:59.470+0000] {spark_submit.py:490} INFO - 24/09/30 11:35:59 INFO DAGScheduler: ResultStage 0 (parquet at NativeMethodAccessorImpl.java:0) finished in 24.649 s
[2024-09-30T11:35:59.477+0000] {spark_submit.py:490} INFO - 24/09/30 11:35:59 INFO DAGScheduler: Job 0 is finished. Cancelling potential speculative or zombie tasks for this job
[2024-09-30T11:35:59.478+0000] {spark_submit.py:490} INFO - 24/09/30 11:35:59 INFO TaskSchedulerImpl: Killing all running tasks in stage 0: Stage finished
[2024-09-30T11:35:59.488+0000] {spark_submit.py:490} INFO - 24/09/30 11:35:59 INFO DAGScheduler: Job 0 finished: parquet at NativeMethodAccessorImpl.java:0, took 24.875595 s
[2024-09-30T11:35:59.978+0000] {spark_submit.py:490} INFO - 24/09/30 11:35:59 INFO BlockManagerInfo: Removed broadcast_0_piece0 on 172.18.0.7:43861 in memory (size: 29.8 KiB, free: 434.4 MiB)
[2024-09-30T11:35:59.990+0000] {spark_submit.py:490} INFO - 24/09/30 11:35:59 INFO BlockManagerInfo: Removed broadcast_0_piece0 on 774e6edce74f:40271 in memory (size: 29.8 KiB, free: 434.4 MiB)
[2024-09-30T11:36:02.587+0000] {spark_submit.py:490} INFO - 24/09/30 11:36:02 INFO HiveConf: Found configuration file null
[2024-09-30T11:36:02.612+0000] {spark_submit.py:490} INFO - 24/09/30 11:36:02 INFO HiveUtils: Initializing HiveMetastoreConnection version 2.3.7 using Spark classes.
[2024-09-30T11:36:03.318+0000] {spark_submit.py:490} INFO - 24/09/30 11:36:03 INFO SessionState: Created HDFS directory: hdfs://namenode:8020/opt/hive/scratch_dir/default/a81aca0f-2844-4702-888d-7c9a751e5be2
[2024-09-30T11:36:03.342+0000] {spark_submit.py:490} INFO - 24/09/30 11:36:03 INFO SessionState: Created local directory: /tmp/default/a81aca0f-2844-4702-888d-7c9a751e5be2
[2024-09-30T11:36:03.354+0000] {spark_submit.py:490} INFO - 24/09/30 11:36:03 INFO SessionState: Created HDFS directory: hdfs://namenode:8020/opt/hive/scratch_dir/default/a81aca0f-2844-4702-888d-7c9a751e5be2/_tmp_space.db
[2024-09-30T11:36:03.373+0000] {spark_submit.py:490} INFO - 24/09/30 11:36:03 INFO HiveClientImpl: Warehouse location for Hive client (version 2.3.7) is /user/hive/warehouse
[2024-09-30T11:36:04.171+0000] {spark_submit.py:490} INFO - 24/09/30 11:36:04 INFO metastore: Trying to connect to metastore with URI thrift://hive-metastore:9083
[2024-09-30T11:36:04.206+0000] {spark_submit.py:490} INFO - 24/09/30 11:36:04 INFO metastore: Opened a connection to metastore, current connections: 1
[2024-09-30T11:36:04.243+0000] {spark_submit.py:490} INFO - 24/09/30 11:36:04 INFO metastore: Connected to metastore.
[2024-09-30T11:36:05.823+0000] {spark_submit.py:490} INFO - 24/09/30 11:36:05 INFO CodeGenerator: Code generated in 385.542001 ms
[2024-09-30T11:36:06.681+0000] {spark_submit.py:490} INFO - 24/09/30 11:36:06 INFO CodeGenerator: Code generated in 23.522058 ms
[2024-09-30T11:36:06.737+0000] {spark_submit.py:490} INFO - 24/09/30 11:36:06 INFO SparkContext: Starting job: hasNext at NativeMethodAccessorImpl.java:0
[2024-09-30T11:36:06.740+0000] {spark_submit.py:490} INFO - 24/09/30 11:36:06 INFO DAGScheduler: Got job 1 (hasNext at NativeMethodAccessorImpl.java:0) with 1 output partitions
[2024-09-30T11:36:06.742+0000] {spark_submit.py:490} INFO - 24/09/30 11:36:06 INFO DAGScheduler: Final stage: ResultStage 1 (hasNext at NativeMethodAccessorImpl.java:0)
[2024-09-30T11:36:06.742+0000] {spark_submit.py:490} INFO - 24/09/30 11:36:06 INFO DAGScheduler: Parents of final stage: List()
[2024-09-30T11:36:06.742+0000] {spark_submit.py:490} INFO - 24/09/30 11:36:06 INFO DAGScheduler: Missing parents: List()
[2024-09-30T11:36:06.745+0000] {spark_submit.py:490} INFO - 24/09/30 11:36:06 INFO DAGScheduler: Submitting ResultStage 1 (MapPartitionsRDD[5] at toLocalIterator at NativeMethodAccessorImpl.java:0), which has no missing parents
[2024-09-30T11:36:06.751+0000] {spark_submit.py:490} INFO - 24/09/30 11:36:06 INFO MemoryStore: Block broadcast_1 stored as values in memory (estimated size 4.6 KiB, free 434.4 MiB)
[2024-09-30T11:36:06.760+0000] {spark_submit.py:490} INFO - 24/09/30 11:36:06 INFO MemoryStore: Block broadcast_1_piece0 stored as bytes in memory (estimated size 2.5 KiB, free 434.4 MiB)
[2024-09-30T11:36:06.760+0000] {spark_submit.py:490} INFO - 24/09/30 11:36:06 INFO BlockManagerInfo: Added broadcast_1_piece0 in memory on 774e6edce74f:40271 (size: 2.5 KiB, free: 434.4 MiB)
[2024-09-30T11:36:06.763+0000] {spark_submit.py:490} INFO - 24/09/30 11:36:06 INFO SparkContext: Created broadcast 1 from broadcast at DAGScheduler.scala:1433
[2024-09-30T11:36:06.765+0000] {spark_submit.py:490} INFO - 24/09/30 11:36:06 INFO DAGScheduler: Submitting 1 missing tasks from ResultStage 1 (MapPartitionsRDD[5] at toLocalIterator at NativeMethodAccessorImpl.java:0) (first 15 tasks are for partitions Vector(0))
[2024-09-30T11:36:06.765+0000] {spark_submit.py:490} INFO - 24/09/30 11:36:06 INFO TaskSchedulerImpl: Adding task set 1.0 with 1 tasks resource profile 0
[2024-09-30T11:36:06.775+0000] {spark_submit.py:490} INFO - 24/09/30 11:36:06 INFO TaskSetManager: Starting task 0.0 in stage 1.0 (TID 1) (172.18.0.7, executor 0, partition 0, PROCESS_LOCAL, 4713 bytes) taskResourceAssignments Map()
[2024-09-30T11:36:06.843+0000] {spark_submit.py:490} INFO - 24/09/30 11:36:06 INFO BlockManagerInfo: Added broadcast_1_piece0 in memory on 172.18.0.7:43861 (size: 2.5 KiB, free: 434.4 MiB)
[2024-09-30T11:36:06.960+0000] {spark_submit.py:490} INFO - 24/09/30 11:36:06 INFO TaskSetManager: Finished task 0.0 in stage 1.0 (TID 1) in 190 ms on 172.18.0.7 (executor 0) (1/1)
[2024-09-30T11:36:06.960+0000] {spark_submit.py:490} INFO - 24/09/30 11:36:06 INFO TaskSchedulerImpl: Removed TaskSet 1.0, whose tasks have all completed, from pool
[2024-09-30T11:36:06.963+0000] {spark_submit.py:490} INFO - 24/09/30 11:36:06 INFO DAGScheduler: ResultStage 1 (hasNext at NativeMethodAccessorImpl.java:0) finished in 0.215 s
[2024-09-30T11:36:06.963+0000] {spark_submit.py:490} INFO - 24/09/30 11:36:06 INFO DAGScheduler: Job 1 is finished. Cancelling potential speculative or zombie tasks for this job
[2024-09-30T11:36:06.963+0000] {spark_submit.py:490} INFO - 24/09/30 11:36:06 INFO TaskSchedulerImpl: Killing all running tasks in stage 1: Stage finished
[2024-09-30T11:36:06.964+0000] {spark_submit.py:490} INFO - 24/09/30 11:36:06 INFO DAGScheduler: Job 1 finished: hasNext at NativeMethodAccessorImpl.java:0, took 0.225659 s
[2024-09-30T11:36:07.038+0000] {spark_submit.py:490} INFO - 24/09/30 11:36:07 INFO CodeGenerator: Code generated in 40.64213 ms
[2024-09-30T11:36:07.491+0000] {spark_submit.py:490} INFO - 24/09/30 11:36:07 INFO DataSourceStrategy: Pruning directories with:
[2024-09-30T11:36:07.495+0000] {spark_submit.py:490} INFO - 24/09/30 11:36:07 INFO FileSourceStrategy: Pushed Filters:
[2024-09-30T11:36:07.496+0000] {spark_submit.py:490} INFO - 24/09/30 11:36:07 INFO FileSourceStrategy: Post-Scan Filters:
[2024-09-30T11:36:07.501+0000] {spark_submit.py:490} INFO - 24/09/30 11:36:07 INFO FileSourceStrategy: Output Data Schema: struct<collection_id: string, new_positive_cases: int, collection_date: timestamp ... 1 more fields>
[2024-09-30T11:36:07.562+0000] {spark_submit.py:490} INFO - 24/09/30 11:36:07 INFO BlockManagerInfo: Removed broadcast_1_piece0 on 774e6edce74f:40271 in memory (size: 2.5 KiB, free: 434.4 MiB)
[2024-09-30T11:36:07.572+0000] {spark_submit.py:490} INFO - 24/09/30 11:36:07 INFO BlockManagerInfo: Removed broadcast_1_piece0 on 172.18.0.7:43861 in memory (size: 2.5 KiB, free: 434.4 MiB)
[2024-09-30T11:36:07.657+0000] {spark_submit.py:490} INFO - 24/09/30 11:36:07 INFO ParquetFileFormat: Using default output committer for Parquet: org.apache.parquet.hadoop.ParquetOutputCommitter
[2024-09-30T11:36:07.691+0000] {spark_submit.py:490} INFO - 24/09/30 11:36:07 INFO FileOutputCommitter: File Output Committer Algorithm version is 1
[2024-09-30T11:36:07.692+0000] {spark_submit.py:490} INFO - 24/09/30 11:36:07 INFO FileOutputCommitter: FileOutputCommitter skip cleanup _temporary folders under output directory:false, ignore cleanup failures: false
[2024-09-30T11:36:07.693+0000] {spark_submit.py:490} INFO - 24/09/30 11:36:07 INFO SQLHadoopMapReduceCommitProtocol: Using user defined output committer class org.apache.parquet.hadoop.ParquetOutputCommitter
[2024-09-30T11:36:07.693+0000] {spark_submit.py:490} INFO - 24/09/30 11:36:07 INFO FileOutputCommitter: File Output Committer Algorithm version is 1
[2024-09-30T11:36:07.694+0000] {spark_submit.py:490} INFO - 24/09/30 11:36:07 INFO FileOutputCommitter: FileOutputCommitter skip cleanup _temporary folders under output directory:false, ignore cleanup failures: false
[2024-09-30T11:36:07.695+0000] {spark_submit.py:490} INFO - 24/09/30 11:36:07 INFO SQLHadoopMapReduceCommitProtocol: Using output committer class org.apache.parquet.hadoop.ParquetOutputCommitter
[2024-09-30T11:36:07.802+0000] {spark_submit.py:490} INFO - 24/09/30 11:36:07 INFO CodeGenerator: Code generated in 51.234136 ms
[2024-09-30T11:36:07.827+0000] {spark_submit.py:490} INFO - 24/09/30 11:36:07 INFO MemoryStore: Block broadcast_2 stored as values in memory (estimated size 177.0 KiB, free 434.2 MiB)
[2024-09-30T11:36:07.841+0000] {spark_submit.py:490} INFO - 24/09/30 11:36:07 INFO MemoryStore: Block broadcast_2_piece0 stored as bytes in memory (estimated size 28.4 KiB, free 434.2 MiB)
[2024-09-30T11:36:07.843+0000] {spark_submit.py:490} INFO - 24/09/30 11:36:07 INFO BlockManagerInfo: Added broadcast_2_piece0 in memory on 774e6edce74f:40271 (size: 28.4 KiB, free: 434.4 MiB)
[2024-09-30T11:36:07.848+0000] {spark_submit.py:490} INFO - 24/09/30 11:36:07 INFO SparkContext: Created broadcast 2 from saveAsTable at NativeMethodAccessorImpl.java:0
[2024-09-30T11:36:07.864+0000] {spark_submit.py:490} INFO - 24/09/30 11:36:07 INFO FileSourceScanExec: Planning scan with bin packing, max size: 4194304 bytes, open cost is considered as scanning 4194304 bytes.
[2024-09-30T11:36:07.960+0000] {spark_submit.py:490} INFO - 24/09/30 11:36:07 INFO SparkContext: Starting job: saveAsTable at NativeMethodAccessorImpl.java:0
[2024-09-30T11:36:07.962+0000] {spark_submit.py:490} INFO - 24/09/30 11:36:07 INFO DAGScheduler: Got job 2 (saveAsTable at NativeMethodAccessorImpl.java:0) with 1 output partitions
[2024-09-30T11:36:07.963+0000] {spark_submit.py:490} INFO - 24/09/30 11:36:07 INFO DAGScheduler: Final stage: ResultStage 2 (saveAsTable at NativeMethodAccessorImpl.java:0)
[2024-09-30T11:36:07.963+0000] {spark_submit.py:490} INFO - 24/09/30 11:36:07 INFO DAGScheduler: Parents of final stage: List()
[2024-09-30T11:36:07.963+0000] {spark_submit.py:490} INFO - 24/09/30 11:36:07 INFO DAGScheduler: Missing parents: List()
[2024-09-30T11:36:07.965+0000] {spark_submit.py:490} INFO - 24/09/30 11:36:07 INFO DAGScheduler: Submitting ResultStage 2 (MapPartitionsRDD[10] at saveAsTable at NativeMethodAccessorImpl.java:0), which has no missing parents
[2024-09-30T11:36:08.073+0000] {spark_submit.py:490} INFO - 24/09/30 11:36:08 INFO MemoryStore: Block broadcast_3 stored as values in memory (estimated size 182.8 KiB, free 434.0 MiB)
[2024-09-30T11:36:08.084+0000] {spark_submit.py:490} INFO - 24/09/30 11:36:08 INFO MemoryStore: Block broadcast_3_piece0 stored as bytes in memory (estimated size 65.6 KiB, free 434.0 MiB)
[2024-09-30T11:36:08.094+0000] {spark_submit.py:490} INFO - 24/09/30 11:36:08 INFO BlockManagerInfo: Added broadcast_3_piece0 in memory on 774e6edce74f:40271 (size: 65.6 KiB, free: 434.3 MiB)
[2024-09-30T11:36:08.095+0000] {spark_submit.py:490} INFO - 24/09/30 11:36:08 INFO SparkContext: Created broadcast 3 from broadcast at DAGScheduler.scala:1433
[2024-09-30T11:36:08.095+0000] {spark_submit.py:490} INFO - 24/09/30 11:36:08 INFO DAGScheduler: Submitting 1 missing tasks from ResultStage 2 (MapPartitionsRDD[10] at saveAsTable at NativeMethodAccessorImpl.java:0) (first 15 tasks are for partitions Vector(0))
[2024-09-30T11:36:08.095+0000] {spark_submit.py:490} INFO - 24/09/30 11:36:08 INFO TaskSchedulerImpl: Adding task set 2.0 with 1 tasks resource profile 0
[2024-09-30T11:36:08.118+0000] {spark_submit.py:490} INFO - 24/09/30 11:36:08 INFO TaskSetManager: Starting task 0.0 in stage 2.0 (TID 2) (172.18.0.7, executor 0, partition 0, ANY, 5048 bytes) taskResourceAssignments Map()
[2024-09-30T11:36:08.193+0000] {spark_submit.py:490} INFO - 24/09/30 11:36:08 INFO BlockManagerInfo: Added broadcast_3_piece0 in memory on 172.18.0.7:43861 (size: 65.6 KiB, free: 434.3 MiB)
[2024-09-30T11:36:09.588+0000] {spark_submit.py:490} INFO - 24/09/30 11:36:09 INFO BlockManagerInfo: Added broadcast_2_piece0 in memory on 172.18.0.7:43861 (size: 28.4 KiB, free: 434.3 MiB)
[2024-09-30T11:36:10.825+0000] {spark_submit.py:490} INFO - 24/09/30 11:36:10 INFO TaskSetManager: Finished task 0.0 in stage 2.0 (TID 2) in 2723 ms on 172.18.0.7 (executor 0) (1/1)
[2024-09-30T11:36:10.826+0000] {spark_submit.py:490} INFO - 24/09/30 11:36:10 INFO TaskSchedulerImpl: Removed TaskSet 2.0, whose tasks have all completed, from pool
[2024-09-30T11:36:10.835+0000] {spark_submit.py:490} INFO - 24/09/30 11:36:10 INFO DAGScheduler: ResultStage 2 (saveAsTable at NativeMethodAccessorImpl.java:0) finished in 2.860 s
[2024-09-30T11:36:10.835+0000] {spark_submit.py:490} INFO - 24/09/30 11:36:10 INFO DAGScheduler: Job 2 is finished. Cancelling potential speculative or zombie tasks for this job
[2024-09-30T11:36:10.835+0000] {spark_submit.py:490} INFO - 24/09/30 11:36:10 INFO TaskSchedulerImpl: Killing all running tasks in stage 2: Stage finished
[2024-09-30T11:36:10.835+0000] {spark_submit.py:490} INFO - 24/09/30 11:36:10 INFO DAGScheduler: Job 2 finished: saveAsTable at NativeMethodAccessorImpl.java:0, took 2.874330 s
[2024-09-30T11:36:11.034+0000] {spark_submit.py:490} INFO - 24/09/30 11:36:11 INFO FileFormatWriter: Write Job 0194c75a-25f9-4d84-b46c-5af9324693b6 committed.
[2024-09-30T11:36:11.040+0000] {spark_submit.py:490} INFO - 24/09/30 11:36:11 INFO FileFormatWriter: Finished processing stats for write job 0194c75a-25f9-4d84-b46c-5af9324693b6.
[2024-09-30T11:36:11.091+0000] {spark_submit.py:490} INFO - 24/09/30 11:36:11 INFO InMemoryFileIndex: It took 16 ms to list leaf files for 1 paths.
[2024-09-30T11:36:11.129+0000] {spark_submit.py:490} INFO - 24/09/30 11:36:11 INFO HiveExternalCatalog: Persisting file based data source table `default`.`cases` into Hive metastore in Hive compatible format.
[2024-09-30T11:36:11.147+0000] {spark_submit.py:490} INFO - 24/09/30 11:36:11 INFO SQLStdHiveAccessController: Created SQLStdHiveAccessController for session context : HiveAuthzSessionContext [sessionString=a81aca0f-2844-4702-888d-7c9a751e5be2, clientType=HIVECLI]
[2024-09-30T11:36:11.149+0000] {spark_submit.py:490} INFO - 24/09/30 11:36:11 WARN SessionState: METASTORE_FILTER_HOOK will be ignored, since hive.security.authorization.manager is set to instance of HiveAuthorizerFactory.
[2024-09-30T11:36:11.150+0000] {spark_submit.py:490} INFO - 24/09/30 11:36:11 INFO metastore: Mestastore configuration hive.metastore.filter.hook changed from org.apache.hadoop.hive.metastore.DefaultMetaStoreFilterHookImpl to org.apache.hadoop.hive.ql.security.authorization.plugin.AuthorizationMetaStoreFilterHook
[2024-09-30T11:36:11.155+0000] {spark_submit.py:490} INFO - 24/09/30 11:36:11 INFO metastore: Closed a connection to metastore, current connections: 0
[2024-09-30T11:36:11.158+0000] {spark_submit.py:490} INFO - 24/09/30 11:36:11 INFO metastore: Trying to connect to metastore with URI thrift://hive-metastore:9083
[2024-09-30T11:36:11.158+0000] {spark_submit.py:490} INFO - 24/09/30 11:36:11 INFO metastore: Opened a connection to metastore, current connections: 1
[2024-09-30T11:36:11.161+0000] {spark_submit.py:490} INFO - 24/09/30 11:36:11 INFO metastore: Connected to metastore.
[2024-09-30T11:36:11.204+0000] {spark_submit.py:490} INFO - 24/09/30 11:36:11 INFO metastore: Trying to connect to metastore with URI thrift://hive-metastore:9083
[2024-09-30T11:36:11.205+0000] {spark_submit.py:490} INFO - 24/09/30 11:36:11 INFO metastore: Opened a connection to metastore, current connections: 2
[2024-09-30T11:36:11.209+0000] {spark_submit.py:490} INFO - 24/09/30 11:36:11 INFO metastore: Connected to metastore.
[2024-09-30T11:36:11.368+0000] {spark_submit.py:490} INFO - 24/09/30 11:36:11 INFO AlterTableRecoverPartitionsCommand: Recover all the partitions in hdfs://namenode:8020/opt/hive/data/warehouse/cases
[2024-09-30T11:36:11.390+0000] {spark_submit.py:490} INFO - 24/09/30 11:36:11 INFO AlterTableRecoverPartitionsCommand: Found 1 partitions in hdfs://namenode:8020/opt/hive/data/warehouse/cases
[2024-09-30T11:36:11.397+0000] {spark_submit.py:490} INFO - 24/09/30 11:36:11 INFO AlterTableRecoverPartitionsCommand: Finished to gather the fast stats for all 1 partitions.
[2024-09-30T11:36:11.770+0000] {spark_submit.py:490} INFO - 24/09/30 11:36:11 INFO AlterTableRecoverPartitionsCommand: Recovered all partitions (1).
[2024-09-30T11:36:11.899+0000] {spark_submit.py:490} INFO - 24/09/30 11:36:11 INFO SparkContext: Invoking stop() from shutdown hook
[2024-09-30T11:36:11.914+0000] {spark_submit.py:490} INFO - 24/09/30 11:36:11 INFO SparkUI: Stopped Spark web UI at http://774e6edce74f:4040
[2024-09-30T11:36:11.922+0000] {spark_submit.py:490} INFO - 24/09/30 11:36:11 INFO StandaloneSchedulerBackend: Shutting down all executors
[2024-09-30T11:36:11.922+0000] {spark_submit.py:490} INFO - 24/09/30 11:36:11 INFO CoarseGrainedSchedulerBackend$DriverEndpoint: Asking each executor to shut down
[2024-09-30T11:36:11.976+0000] {spark_submit.py:490} INFO - 24/09/30 11:36:11 INFO MapOutputTrackerMasterEndpoint: MapOutputTrackerMasterEndpoint stopped!
[2024-09-30T11:36:12.037+0000] {spark_submit.py:490} INFO - 24/09/30 11:36:12 INFO MemoryStore: MemoryStore cleared
[2024-09-30T11:36:12.041+0000] {spark_submit.py:490} INFO - 24/09/30 11:36:12 INFO BlockManager: BlockManager stopped
[2024-09-30T11:36:12.060+0000] {spark_submit.py:490} INFO - 24/09/30 11:36:12 INFO BlockManagerMaster: BlockManagerMaster stopped
[2024-09-30T11:36:12.081+0000] {spark_submit.py:490} INFO - 24/09/30 11:36:12 INFO OutputCommitCoordinator$OutputCommitCoordinatorEndpoint: OutputCommitCoordinator stopped!
[2024-09-30T11:36:12.109+0000] {spark_submit.py:490} INFO - 24/09/30 11:36:12 INFO SparkContext: Successfully stopped SparkContext
[2024-09-30T11:36:12.109+0000] {spark_submit.py:490} INFO - 24/09/30 11:36:12 INFO ShutdownHookManager: Shutdown hook called
[2024-09-30T11:36:12.110+0000] {spark_submit.py:490} INFO - 24/09/30 11:36:12 INFO ShutdownHookManager: Deleting directory /tmp/spark-b23ebb7c-fe26-4d01-b9f4-d52fb0930f2f
[2024-09-30T11:36:12.121+0000] {spark_submit.py:490} INFO - 24/09/30 11:36:12 INFO ShutdownHookManager: Deleting directory /tmp/spark-b23ebb7c-fe26-4d01-b9f4-d52fb0930f2f/pyspark-7e1971c4-f227-4240-ba11-f32f0a15ab65
[2024-09-30T11:36:12.132+0000] {spark_submit.py:490} INFO - 24/09/30 11:36:12 INFO ShutdownHookManager: Deleting directory /tmp/spark-1ca01c38-2ffd-477d-aa3f-ad219852ce34
[2024-09-30T11:36:12.428+0000] {taskinstance.py:1327} INFO - Marking task as SUCCESS. dag_id=get_cases_data, task_id=save_to_warehouse, execution_date=20230104T000000, start_date=20240930T113519, end_date=20240930T113612
[2024-09-30T11:36:12.494+0000] {local_task_job.py:159} INFO - Task exited with return code 0
[2024-09-30T11:36:12.538+0000] {taskinstance.py:2582} INFO - 1 downstream tasks scheduled from follow-on schedule check
